2025-03-31 18:54:03+0900: Running with following config:
allowResignation = true
lagBuffer = 1.0
logAllGTPCommunication = true
logDir = gtp_logs
logSearchInfo = true
logSearchInfoForChosenMove = false
logToStderr = false
maxTimePondering = 60.0
maxVisits = 500
numSearchThreads = 6
ponderingEnabled = false
resignConsecTurns = 3
resignThreshold = -0.90
rules = tromp-taylor
searchFactorAfterOnePass = 0.50
searchFactorAfterTwoPass = 0.25
searchFactorWhenWinning = 0.40
searchFactorWhenWinningThreshold = 0.95

2025-03-31 18:54:03+0900: GTP Engine starting...
2025-03-31 18:54:03+0900: KataGo v1.15.3
2025-03-31 18:54:03+0900: Using TrompTaylor rules initially, unless GTP/GUI overrides this
2025-03-31 18:54:03+0900: Using 6 CPU thread(s) for search
2025-03-31 18:54:03+0900: nnRandSeed0 = 8536878890359869922
2025-03-31 18:54:03+0900: After dedups: nnModelFile0 = /home/rsb/graduate/KataGo/models/kata1-b28c512nbt-s8476434688-d4668249792.bin.gz useFP16 auto useNHWC auto
2025-03-31 18:54:03+0900: Initializing neural net buffer to be size 19 * 19 exactly
2025-03-31 18:54:08+0900: Cuda backend thread 0: Found GPU NVIDIA RTX A5000 memory 25425608704 compute capability major 8 minor 6
2025-03-31 18:54:08+0900: Cuda backend thread 0: Model version 15 useFP16 = true useNHWC = true
2025-03-31 18:54:08+0900: Cuda backend thread 0: Model name: kata1-b28c512nbt-s8476434688-d4668249792
2025-03-31 18:54:09+0900: Loaded neural net with nnXLen 19 nnYLen 19
2025-03-31 18:54:09+0900: Initializing board with boardXSize 19 boardYSize 19
2025-03-31 18:54:09+0900: Loaded config /home/rsb/graduate/KataGo/configs/gtp_config.cfg
2025-03-31 18:54:09+0900: Loaded model /home/rsb/graduate/KataGo/models/kata1-b28c512nbt-s8476434688-d4668249792.bin.gz
2025-03-31 18:54:09+0900: Model name: kata1-b28c512nbt-s8476434688-d4668249792
2025-03-31 18:54:09+0900: GTP ready, beginning main protocol loop
2025-03-31 19:02:29+0900: Controller: (grad) rsb@csesu:~/graduate/KataGo/cpp$ ./katago gtp \>   -model ~/graduate/KataGo/models/kata1-b28c512nbt-s8476434688-d4668249792.bin.gz \>   -config ~/graduate/KataGo/configs/gtp_config.cfgKataGo v1.15.3Using TrompTaylor rules initially, unless GTP/GUI overrides thisInitializing board with boardXSize 19 boardYSize 19Loaded config /home/rsb/graduate/KataGo/configs/gtp_config.cfgLoaded model /home/rsb/graduate/KataGo/models/kata1-b28c512nbt-s8476434688-d4668249792.bin.gzModel name: kata1-b28c512nbt-s8476434688-d4668249792GTP ready, beginning ma
2025-03-31 19:02:29+0900: ? unknown command
2025-03-31 19:02:47+0900: Controller: clear_board
2025-03-31 19:02:47+0900: = 
2025-03-31 19:02:51+0900: Controller: genmove b
2025-03-31 19:02:52+0900: MoveNum: 0 HASH: CDCBC1F514D7E680FACD226074256633
   A B C D E F G H J K L M N O P Q R S T
19 . . . . . . . . . . . . . . . . . . .
18 . . . . . . . . . . . . . . . . . . .
17 . . . . . . . . . . . . . . . . . . .
16 . . . . . . . . . . . . . . . @ . . .
15 . . . . . . . . . . . . . . . . . . .
14 . . . . . . . . . . . . . . . . . . .
13 . . . . . . . . . . . . . . . . . . .
12 . . . . . . . . . . . . . . . . . . .
11 . . . . . . . . . . . . . . . . . . .
10 . . . . . . . . . . . . . . . . . . .
 9 . . . . . . . . . . . . . . . . . . .
 8 . . . . . . . . . . . . . . . . . . .
 7 . . . . . . . . . . . . . . . . . . .
 6 . . . . . . . . . . . . . . . . . . .
 5 . . . . . . . . . . . . . . . . . . .
 4 . . . . . . . . . . . . . . . . . . .
 3 . . . . . . . . . . . . . . . . . . .
 2 . . . . . . . . . . . . . . . . . . .
 1 . . . . . . . . . . . . . . . . . . .

koPOSITIONALscoreAREAtaxNONEsui1komi7.5
Time taken: 1.3169
Root visits: 505
New playouts: 505
NN rows: 452
NN batches: 152
NN avg batch size: 2.97368
PV: R16 D16 D3 Q4 O17 C5 E4 C8 F17 D14 R6
Tree:
: T -29.11c W -28.51c S  -0.53c ( -1.6 L  -0.9) N     505  --  R16 D16 D3 Q4 O17 C5 E4
---Black(^)---
R16 : T -28.55c W -28.01c S  -0.49c ( -1.5 L  -0.9) LCB  -29.10c P  7.56% WF 883.9 PSV     880 N     282  --  R16 D16 D3 Q4 O17 C5 E4 C8
Q16 : T -28.95c W -28.26c S  -0.50c ( -1.5 L  -0.9) LCB  -29.77c P  3.51% WF 483.4 PSV      95 N     158  --  Q16 D16 Q4 D4 F3 R17 Q17 R16
Q15 : T -29.27c W -28.92c S  -0.52c ( -1.6 L  -0.9) LCB  -30.48c P  2.05% WF 145.7 PSV      34 N      47  --  Q15 D16 Q17 Q4 C4 E3 D5 H3
R15 : T -34.56c W -33.18c S  -0.98c ( -2.0 L  -1.2) LCB  -54.93c P  0.62% WF  17.1 PSV       1 N       6  --  R15 D16 Q3
R17 : T -34.74c W -33.71c S  -1.04c ( -2.1 L  -1.1) LCB -384.74c P  0.46% WF   3.2 PSV       1 N       1  --  R17
R14 : T -45.11c W -43.13c S  -1.98c ( -3.0 L  -1.6) LCB -395.11c P  0.03% WF   2.8 PSV       0 N       1  --  R14
Q10 : T -45.91c W -44.02c S  -1.90c ( -2.9 L  -1.6) LCB -395.91c P  0.02% WF   2.8 PSV       0 N       1  --  Q10
Q11 : T -45.13c W -43.31c S  -1.82c ( -2.8 L  -1.6) LCB -395.13c P  0.02% WF   2.8 PSV       0 N       1  --  Q11
Q14 : T -41.80c W -40.07c S  -1.73c ( -2.7 L  -1.6) LCB -391.80c P  0.02% WF   2.8 PSV       0 N       1  --  Q14
R12 : T -44.26c W -42.42c S  -1.83c ( -2.8 L  -1.5) LCB -394.26c P  0.02% WF   2.9 PSV       0 N       1  --  R12

2025-03-31 19:02:52+0900: = Q16
2025-03-31 19:02:59+0900: Controller: show board
2025-03-31 19:02:59+0900: ? unknown command
2025-03-31 19:03:01+0900: Controller: showboard
2025-03-31 19:03:01+0900: = MoveNum: 1 HASH: D787FAD66281F76731DCD9C1B3387463
   A B C D E F G H J K L M N O P Q R S T
19 . . . . . . . . . . . . . . . . . . .
18 . . . . . . . . . . . . . . . . . . .
17 . . . . . . . . . . . . . . . . . . .
16 . . . . . . . . . . . . . . . X1. . .
15 . . . . . . . . . . . . . . . . . . .
14 . . . . . . . . . . . . . . . . . . .
13 . . . . . . . . . . . . . . . . . . .
12 . . . . . . . . . . . . . . . . . . .
11 . . . . . . . . . . . . . . . . . . .
10 . . . . . . . . . . . . . . . . . . .
 9 . . . . . . . . . . . . . . . . . . .
 8 . . . . . . . . . . . . . . . . . . .
 7 . . . . . . . . . . . . . . . . . . .
 6 . . . . . . . . . . . . . . . . . . .
 5 . . . . . . . . . . . . . . . . . . .
 4 . . . . . . . . . . . . . . . . . . .
 3 . . . . . . . . . . . . . . . . . . .
 2 . . . . . . . . . . . . . . . . . . .
 1 . . . . . . . . . . . . . . . . . . .
Next player: White
Rules: {"friendlyPassOk":false,"hasButton":false,"ko":"POSITIONAL","komi":7.5,"scoring":"AREA","suicide":true,"tax":"NONE","whiteHandicapBonus":"0"}
B stones captured: 0
W stones captured: 0
2025-03-31 19:03:20+0900: Controller: play b Q16
2025-03-31 19:03:20+0900: ? illegal move
2025-03-31 19:03:29+0900: Controller: play w D4
2025-03-31 19:03:29+0900: = 
2025-03-31 19:03:33+0900: Controller: genmove b
2025-03-31 19:03:34+0900: MoveNum: 2 HASH: B248EA89FABF13234D0CA990126373BE
   A B C D E F G H J K L M N O P Q R S T
19 . . . . . . . . . . . . . . . . . . .
18 . . . . . . . . . . . . . . . . . . .
17 . . . . . . . . . . . . . . . . . . .
16 . . . . . . . . . . . . . . . X1. . .
15 . . . . . . . . . . . . . . . . . . .
14 . . . . . . . . . . . . . . . . . . .
13 . . . . . . . . . . . . . . . . . . .
12 . . . . . . . . . . . . . . . . . . .
11 . . . . . . . . . . . . . . . . . . .
10 . . . . . . . . . . . . . . . . . . .
 9 . . . . . . . . . . . . . . . . . . .
 8 . . . . . . . . . . . . . . . . . . .
 7 . . . . . . . . . . . . . . . . . . .
 6 . . . . . . . . . . . . . . . . . . .
 5 . . . . . . . . . . . . . . . . . . .
 4 . . . O2. . . . . . . . . . . @ . . .
 3 . . . . . . . . . . . . . . . . . . .
 2 . . . . . . . . . . . . . . . . . . .
 1 . . . . . . . . . . . . . . . . . . .

koPOSITIONALscoreAREAtaxNONEsui1komi7.5
Time taken: 1.04737
Root visits: 505
New playouts: 484
NN rows: 441
NN batches: 148
NN avg batch size: 2.97973
PV: Q4 D16 F3 R17 Q17 R16 Q15 S14 C6 D6 D7 E6 C4 C3 C5 D3 J3 H4 H3 F4 C9 G4 L4 R3 Q3
Tree:
: T -28.05c W -27.65c S  -0.48c ( -1.5 L  -0.9) N     505  --  Q4 D16 F3 R17 Q17 R16 Q15
---Black(^)---
Q4  : T -27.63c W -27.35c S  -0.46c ( -1.5 L  -0.9) LCB  -28.26c P 26.69% WF 1210.4 PSV    1207 N     410  --  Q4 D16 F3 R17 Q17 R16 Q15 S14
F3  : T -30.03c W -29.03c S  -0.54c ( -1.6 L  -1.0) LCB  -32.25c P  6.79% WF  65.7 PSV      34 N      22  --  F3 Q4 D16 E3 F4 D6 K4 R17
Q3  : T -29.20c W -28.35c S  -0.58c ( -1.6 L  -0.9) LCB  -30.56c P  2.57% WF 132.1 PSV      18 N      43  --  Q3 D16 O17 R5 P4 R8 F17 D14
R14 : T -29.99c W -29.26c S  -0.67c ( -1.7 L  -1.0) LCB  -39.06c P  2.14% WF  28.2 PSV      10 N       9  --  R14 D17 Q3
C3  : T -34.14c W -32.79c S  -0.90c ( -1.9 L  -1.1) LCB  -77.70c P  5.05% WF  11.2 PSV      10 N       4  --  C3 C4 D3
R4  : T -29.75c W -28.67c S  -0.58c ( -1.6 L  -1.0) LCB  -40.86c P  1.65% WF  25.2 PSV       9 N       8  --  R4 D16 P4 R17 R16
Q5  : T -29.52c W -28.45c S  -0.49c ( -1.5 L  -0.9) LCB  -49.36c P  0.94% WF  18.6 PSV       5 N       6  --  Q5 D16 Q3 R17 R16
P4  : T -33.91c W -32.83c S  -1.08c ( -2.1 L  -1.3) LCB -383.91c P  1.78% WF   2.9 PSV       3 N       1  --  P4
Q14 : T -32.33c W -31.18c S  -1.16c ( -2.2 L  -1.3) LCB -382.33c P  1.03% WF   2.9 PSV       2 N       1  --  Q14

2025-03-31 19:03:34+0900: = Q4
2025-03-31 19:03:39+0900: Controller: showboard
2025-03-31 19:03:39+0900: = MoveNum: 3 HASH: F2FB6A1B9EADCB69B51B5BF34560E526
   A B C D E F G H J K L M N O P Q R S T
19 . . . . . . . . . . . . . . . . . . .
18 . . . . . . . . . . . . . . . . . . .
17 . . . . . . . . . . . . . . . . . . .
16 . . . . . . . . . . . . . . . X1. . .
15 . . . . . . . . . . . . . . . . . . .
14 . . . . . . . . . . . . . . . . . . .
13 . . . . . . . . . . . . . . . . . . .
12 . . . . . . . . . . . . . . . . . . .
11 . . . . . . . . . . . . . . . . . . .
10 . . . . . . . . . . . . . . . . . . .
 9 . . . . . . . . . . . . . . . . . . .
 8 . . . . . . . . . . . . . . . . . . .
 7 . . . . . . . . . . . . . . . . . . .
 6 . . . . . . . . . . . . . . . . . . .
 5 . . . . . . . . . . . . . . . . . . .
 4 . . . O2. . . . . . . . . . . X3. . .
 3 . . . . . . . . . . . . . . . . . . .
 2 . . . . . . . . . . . . . . . . . . .
 1 . . . . . . . . . . . . . . . . . . .
Next player: White
Rules: {"friendlyPassOk":false,"hasButton":false,"ko":"POSITIONAL","komi":7.5,"scoring":"AREA","suicide":true,"tax":"NONE","whiteHandicapBonus":"0"}
B stones captured: 0
W stones captured: 0
2025-03-31 19:03:46+0900: Controller: genmove w
2025-03-31 19:03:46+0900: MoveNum: 3 HASH: F2FB6A1B9EADCB69B51B5BF34560E526
   A B C D E F G H J K L M N O P Q R S T
19 . . . . . . . . . . . . . . . . . . .
18 . . . . . . . . . . . . . . . . . . .
17 . . . . . . . . . . . . . . . . . . .
16 . . . @ . . . . . . . . . . . X1. . .
15 . . . . . . . . . . . . . . . . . . .
14 . . . . . . . . . . . . . . . . . . .
13 . . . . . . . . . . . . . . . . . . .
12 . . . . . . . . . . . . . . . . . . .
11 . . . . . . . . . . . . . . . . . . .
10 . . . . . . . . . . . . . . . . . . .
 9 . . . . . . . . . . . . . . . . . . .
 8 . . . . . . . . . . . . . . . . . . .
 7 . . . . . . . . . . . . . . . . . . .
 6 . . . . . . . . . . . . . . . . . . .
 5 . . . . . . . . . . . . . . . . . . .
 4 . . . O2. . . . . . . . . . . X3. . .
 3 . . . . . . . . . . . . . . . . . . .
 2 . . . . . . . . . . . . . . . . . . .
 1 . . . . . . . . . . . . . . . . . . .

koPOSITIONALscoreAREAtaxNONEsui1komi7.5
Time taken: 0.239684
Root visits: 505
New playouts: 95
NN rows: 93
NN batches: 32
NN avg batch size: 2.90625
PV: D16 F3 R17 Q17 R16 Q15 S14 C6 D6 D7 E6 C4 C3 C5 D3 J3 H4 H3 F4 C9 G4 L4 R3 Q3 R4
Tree:
: T  27.76c W  27.41c S   0.50c ( +1.5 L  +0.9) N     505  --  D16 F3 R17 Q17 R16 Q15 S14
---White(^)---
D16 : T  27.87c W  27.50c S   0.51c ( +1.5 L  +0.9) LCB   27.30c P 82.41% WF 1392.8 PSV    1392 N     479  --  D16 F3 R17 Q17 R16 Q15 S14 C6
D17 : T  26.26c W  26.04c S   0.26c ( +1.3 L  +0.7) LCB   23.54c P  7.40% WF  61.0 PSV      40 N      20  --  D17 C3 C4 D3 E4 F3 R17 Q17
C16 : T  24.55c W  24.89c S   0.03c ( +1.0 L  +0.6) LCB  -18.60c P  3.17% WF  12.0 PSV      10 N       4  --  C16 E17 R3
C17 : T  17.69c W  18.23c S  -0.54c ( +0.5 L  +0.2) LCB -332.31c P  1.20% WF   3.0 PSV       1 N       1  --  C17

2025-03-31 19:03:46+0900: = D16
2025-03-31 19:03:53+0900: Controller: showboard
2025-03-31 19:03:53+0900: = MoveNum: 4 HASH: 4EC1C1D04B1A05D40A6606F557089ADF
   A B C D E F G H J K L M N O P Q R S T
19 . . . . . . . . . . . . . . . . . . .
18 . . . . . . . . . . . . . . . . . . .
17 . . . . . . . . . . . . . . . . . . .
16 . . . O3. . . . . . . . . . . X . . .
15 . . . . . . . . . . . . . . . . . . .
14 . . . . . . . . . . . . . . . . . . .
13 . . . . . . . . . . . . . . . . . . .
12 . . . . . . . . . . . . . . . . . . .
11 . . . . . . . . . . . . . . . . . . .
10 . . . . . . . . . . . . . . . . . . .
 9 . . . . . . . . . . . . . . . . . . .
 8 . . . . . . . . . . . . . . . . . . .
 7 . . . . . . . . . . . . . . . . . . .
 6 . . . . . . . . . . . . . . . . . . .
 5 . . . . . . . . . . . . . . . . . . .
 4 . . . O1. . . . . . . . . . . X2. . .
 3 . . . . . . . . . . . . . . . . . . .
 2 . . . . . . . . . . . . . . . . . . .
 1 . . . . . . . . . . . . . . . . . . .
Next player: Black
Rules: {"friendlyPassOk":false,"hasButton":false,"ko":"POSITIONAL","komi":7.5,"scoring":"AREA","suicide":true,"tax":"NONE","whiteHandicapBonus":"0"}
B stones captured: 0
W stones captured: 0
2025-03-31 19:20:29+0900: Controller: exit
2025-03-31 19:20:29+0900: ? unknown command
2025-03-31 19:20:30+0900: Controller: quit
2025-03-31 19:20:30+0900: Quit requested by controller
2025-03-31 19:20:30+0900: = 
2025-03-31 19:20:30+0900: GPU -1 finishing, processed 986 rows 332 batches
2025-03-31 19:20:30+0900: All cleaned up, quitting
