2025-06-07 00:41:10+0900: Running with following config:
analysisIgnorePreRootHistory = false
chosenMovePrune = 0
chosenMoveSubtract = 0
chosenMoveTemperature = 1.0
chosenMoveTemperatureEarly = 1.0
chosenMoveTemperatureOnlyBelowProb = 0.0
humanSLChosenMoveIgnorePass = true
humanSLChosenMovePiklLambda = 100000000
humanSLChosenMoveProp = 1.0
humanSLOppExploreProbWeightful = 0.0
humanSLOppExploreProbWeightless = 0.0
humanSLPlaExploreProbWeightful = 0.0
humanSLPlaExploreProbWeightless = 0.0
humanSLProfile = rank_5k
humanSLRootExploreProbWeightful = 0.0
humanSLRootExploreProbWeightless = 0.0
ignorePreRootHistory = false
logDir = analysis_logs
logSearchInfo = true
logToStderr = true
maxVisits = 1
nnCacheSizePowerOfTwo = 17
nnMaxBatchSize = 8
nnMutexPoolSizePowerOfTwo = 14
nnRandomize = false
numAnalysisThreads = 1
numSearchThreads = 4
reportAnalysisWinratesAs = BLACK
rootNumSymmetriesToSample = 1
rules = japanese
subtreeValueBiasFactor = 0.0
useLcbForSelection = false
useNoisePruning = false
useUncertainty = false

2025-06-07 00:41:10+0900: Analysis Engine starting...
2025-06-07 00:41:10+0900: KataGo v1.15.3
2025-06-07 00:41:10+0900: nnRandSeed0 = 2627907339185874260
2025-06-07 00:41:10+0900: After dedups: nnModelFile0 = ../../models/kata1-b28c512nbt-s8476434688-d4668249792.bin useFP16 auto useNHWC auto
2025-06-07 00:41:10+0900: Initializing neural net buffer to be size 19 * 19 allowing smaller boards
2025-06-07 00:41:12+0900: Cuda backend thread 0: Found GPU NVIDIA RTX A5000 memory 25425608704 compute capability major 8 minor 6
2025-06-07 00:41:12+0900: Cuda backend thread 0: Model version 15 useFP16 = true useNHWC = true
2025-06-07 00:41:12+0900: Cuda backend thread 0: Model name: kata1-b28c512nbt-s8476434688-d4668249792
2025-06-07 00:41:14+0900: nnRandSeed0 = 2267283253756236321
2025-06-07 00:41:14+0900: After dedups: nnModelFile0 = ../../models/b18c384nbt-humanv0.bin.gz useFP16 auto useNHWC auto
2025-06-07 00:41:14+0900: Initializing neural net buffer to be size 19 * 19 allowing smaller boards
2025-06-07 00:41:15+0900: Cuda backend thread 0: Found GPU NVIDIA RTX A5000 memory 25425608704 compute capability major 8 minor 6
2025-06-07 00:41:15+0900: Cuda backend thread 0: Model version 15 useFP16 = true useNHWC = true
2025-06-07 00:41:15+0900: Cuda backend thread 0: Model name: b18c384nbt-humanv0
2025-06-07 00:41:15+0900: --------------
2025-06-07 00:41:15+0900: WARNING: Config had unused keys! You may have a typo, an option you specified is being unused from human5k_pure.cfg
2025-06-07 00:41:15+0900: WARNING: Unused key 'analysisIgnorePreRootHistory' in human5k_pure.cfg
2025-06-07 00:41:15+0900: WARNING: Unused key 'rules' in human5k_pure.cfg
2025-06-07 00:41:15+0900: --------------
2025-06-07 00:41:15+0900: Loaded config human5k_pure.cfg
2025-06-07 00:41:15+0900: Loaded model ../../models/kata1-b28c512nbt-s8476434688-d4668249792.bin
2025-06-07 00:41:15+0900: Analyzing up to 1 positions at a time in parallel
2025-06-07 00:41:15+0900: Started, ready to begin handling requests
2025-06-07 00:41:16+0900: MoveNum: 9 HASH: BE0757C36DFEC5B07961ED018CFB2951
   A B C D E F G H J K L M N O P Q R S T
19 . . . . . . . . . . . . . . . . . . .
18 . . . . . . . . . . . . . . . . . . .
17 . O2X1X3. . . . . . . . . . . . . . .
16 . . O . X . . . . . . . . . . O . . .
15 . . . . . . . . . . . . . . . . . . .
14 . . . . . . . . . . . . . . . . . . .
13 . . . O . . . . . . . . . . . . . . .
12 . . . . . . . . . . . . . . . . . . .
11 . . . . . . . . . . . . . . . . . . .
10 . . . . . . . . . . . . . . . . . . .
 9 . . . . . . . . . . . . . . . . . . .
 8 . . . . . . . . . . . . . . . . . . .
 7 . . . . . . . . . . . . . . . . . . .
 6 . . . . . . . . . . . . . . . . . . .
 5 . . . . . . . . . . . . . . . . . . .
 4 . . . X . . . . . . . . . . . . X . .
 3 . . . . . . . . . . . . . . . . . . .
 2 . . . . . . . . . . . . . . . . . . .
 1 . . . . . . . . . . . . . . . . . . .

koSIMPLEscoreTERRITORYtaxSEKIsui0komi6.5
Root visits: 53
New playouts: 53
NN rows: 53
NN batches: 28
NN avg batch size: 1.89286
PV: B15 H17 C3 D3 C4 D5 C5 D6
Tree:
: T   7.64c W   7.38c S   0.25c ( +0.6 L  +0.2) N      53  --  B15 H17 C3 D3 C4 D5 C5
---White(v)---
B15 : T   2.95c W   3.06c S  -0.11c ( +0.3 L  +0.0) LCB    4.56c P 88.11% WF  32.6 PSV      31 N      32  --  B15 H17 C3 D3 C4 D5 C5 D6
C6  : T  23.95c W  22.49c S   1.45c ( +1.7 L  +1.0) LCB   75.64c P  1.12% WF   3.8 PSV       1 N       4  --  C6 C15 D15 D16
H17 : T  12.19c W  11.52c S   0.67c ( +1.0 L  +0.4) LCB  161.16c P  0.76% WF   2.0 PSV       0 N       2  --  H17 C15
P3  : T  20.82c W  19.58c S   1.24c ( +1.5 L  +0.8) LCB   72.71c P  2.00% WF   3.8 PSV       0 N       4  --  P3 C15 D15 D16
C3  : T  11.09c W  10.56c S   0.52c ( +0.9 L  +0.3) LCB   20.38c P  3.65% WF   9.8 PSV       0 N      10  --  C3 D3 C4 D5 C5 C6 B6

2025-06-07 00:41:16+0900: ../../models/kata1-b28c512nbt-s8476434688-d4668249792.bin
2025-06-07 00:41:16+0900: NN rows: 53
2025-06-07 00:41:16+0900: NN batches: 28
2025-06-07 00:41:16+0900: NN avg batch size: 1.89286
2025-06-07 00:41:16+0900: ../../models/b18c384nbt-humanv0.bin.gz
2025-06-07 00:41:16+0900: NN rows: 4
2025-06-07 00:41:16+0900: NN batches: 2
2025-06-07 00:41:16+0900: NN avg batch size: 2
2025-06-07 00:41:16+0900: GPU -1 finishing, processed 53 rows 28 batches
2025-06-07 00:41:16+0900: GPU -1 finishing, processed 4 rows 2 batches
2025-06-07 00:41:16+0900: All cleaned up, quitting
