2025-06-07 02:29:06+0900: Running with following config:
analysisIgnorePreRootHistory = false
chosenMovePrune = 0
chosenMoveSubtract = 0
chosenMoveTemperature = 1.0
chosenMoveTemperatureEarly = 1.0
chosenMoveTemperatureOnlyBelowProb = 0.0
ignorePreRootHistory = false
logDir = analysis_logs
logSearchInfo = true
logToStderr = true
maxVisits = 500
nnCacheSizePowerOfTwo = 17
nnMaxBatchSize = 8
nnMutexPoolSizePowerOfTwo = 14
nnRandomize = false
numAnalysisThreads = 1
numSearchThreads = 4
reportAnalysisWinratesAs = BLACK
rootNumSymmetriesToSample = 1
rules = japanese
subtreeValueBiasFactor = 0.0
useLcbForSelection = false
useNoisePruning = false
useUncertainty = false

2025-06-07 02:29:06+0900: Analysis Engine starting...
2025-06-07 02:29:06+0900: KataGo v1.15.3
2025-06-07 02:29:06+0900: nnRandSeed0 = 13471121147559290597
2025-06-07 02:29:06+0900: After dedups: nnModelFile0 = ../../models/kata1-b28c512nbt-s8476434688-d4668249792.bin useFP16 auto useNHWC auto
2025-06-07 02:29:06+0900: Initializing neural net buffer to be size 19 * 19 allowing smaller boards
2025-06-07 02:29:09+0900: Cuda backend thread 0: Found GPU NVIDIA RTX A5000 memory 25425608704 compute capability major 8 minor 6
2025-06-07 02:29:09+0900: Cuda backend thread 0: Model version 15 useFP16 = true useNHWC = true
2025-06-07 02:29:09+0900: Cuda backend thread 0: Model name: kata1-b28c512nbt-s8476434688-d4668249792
2025-06-07 02:29:10+0900: --------------
2025-06-07 02:29:10+0900: WARNING: Config had unused keys! You may have a typo, an option you specified is being unused from analysis.cfg
2025-06-07 02:29:10+0900: WARNING: Unused key 'analysisIgnorePreRootHistory' in analysis.cfg
2025-06-07 02:29:10+0900: WARNING: Unused key 'rules' in analysis.cfg
2025-06-07 02:29:10+0900: --------------
2025-06-07 02:29:10+0900: Loaded config analysis.cfg
2025-06-07 02:29:10+0900: Loaded model ../../models/kata1-b28c512nbt-s8476434688-d4668249792.bin
2025-06-07 02:29:10+0900: Analyzing up to 1 positions at a time in parallel
2025-06-07 02:29:10+0900: Started, ready to begin handling requests
2025-06-07 02:29:10+0900: Warning: {"field":"includeMoves","id":"humanspot_winrate","warning":"Unexpected or unused field, do you have a typo? (set warnUnusedFields=false in the config to disable this warning)"}
2025-06-07 02:29:11+0900: MoveNum: 2 HASH: EB5B48764F3CF87F19236A45508C4ACB
   A B C D E F G H J K L M N O P Q R S T
19 . . . . . . . . . . . . . . . . . . .
18 . . . . . . . . . . . . . . . . . . .
17 . . . . . . . . . . . . . . . . . . .
16 . . . . . . . . . . . . . . . O2. . .
15 . . . . . . . . . . . . . . . . . . .
14 . . . . . . . . . . . . . . . . . . .
13 . . . . . . . . . . . . . . . . . . .
12 . . . . . . . . . . . . . . . . . . .
11 . . . . . . . . . . . . . . . . . . .
10 . . . . . . . . . . . . . . . . . . .
 9 . . . . . . . . . . . . . . . . . . .
 8 . . . . . . . . . . . . . . . . . . .
 7 . . . . . . . . . . . . . . . . . . .
 6 . . . . . . . . . . . . . . . . . . .
 5 . . . . . . . . . . . . . . . . . . .
 4 . . . X1. . . . . . . . . . . . . . .
 3 . . . . . . . . . . . . . . . . . . .
 2 . . . . . . . . . . . . . . . . . . .
 1 . . . . . . . . . . . . . . . . . . .

koSIMPLEscoreTERRITORYtaxSEKIsui0komi6.5
Root visits: 103
New playouts: 103
NN rows: 103
NN batches: 53
NN avg batch size: 1.9434
PV: Q4 D16 C14 R3 R4 Q3 P4 O2 O17 C15 D14
Tree:
: T  -6.71c W  -6.58c S  -0.13c ( -0.5 L  -0.4) N     103  --  Q4 D16 C14 R3 R4 Q3 P4
---Black(^)---
Q4  : T  -6.17c W  -6.12c S  -0.06c ( -0.4 L  -0.3) LCB   -8.29c P 27.60% WF  28.1 PSV      28 N      28  --  Q4 D16 C14 R3 R4 Q3 P4 O2
R4  : T  -5.54c W  -5.39c S  -0.15c ( -0.5 L  -0.4) LCB   -8.34c P  3.12% WF  21.1 PSV       4 N      21  --  R4 D16 C6 P3 Q5 M3 C17 D17
R14 : T  -7.19c W  -7.14c S  -0.05c ( -0.4 L  -0.4) LCB  -11.09c P  5.73% WF  15.0 PSV       4 N      15  --  R14 Q4 D16 R15 Q14 O16 Q10 C3
R17 : T  -8.30c W  -8.07c S  -0.23c ( -0.6 L  -0.5) LCB  -13.82c P  8.02% WF  11.9 PSV       4 N      12  --  R17 R16 Q17 P16 O18 D16 Q4
Q3  : T  -7.48c W  -7.35c S  -0.13c ( -0.5 L  -0.4) LCB  -16.57c P  1.77% WF   9.0 PSV       1 N       9  --  Q3 D16 C17 C16 D17 E16
F3  : T  -6.73c W  -6.46c S  -0.27c ( -0.6 L  -0.5) LCB  -17.95c P  1.55% WF   8.0 PSV       1 N       8  --  F3 D16 R4 P3
Q5  : T  -7.40c W  -7.21c S  -0.19c ( -0.5 L  -0.4) LCB  -26.87c P  1.54% WF   6.0 PSV       1 N       6  --  Q5 D16 Q3 C3 D3
P4  : T  -7.14c W  -6.97c S  -0.17c ( -0.5 L  -0.4) LCB  -81.06c P  0.94% WF   3.0 PSV       0 N       3  --  P4 D16 R4

2025-06-07 02:29:11+0900: ../../models/kata1-b28c512nbt-s8476434688-d4668249792.bin
2025-06-07 02:29:11+0900: NN rows: 103
2025-06-07 02:29:11+0900: NN batches: 53
2025-06-07 02:29:11+0900: NN avg batch size: 1.9434
2025-06-07 02:29:11+0900: GPU -1 finishing, processed 103 rows 53 batches
2025-06-07 02:29:11+0900: All cleaned up, quitting
