2025-06-07 02:43:27+0900: Running with following config:
analysisIgnorePreRootHistory = false
chosenMovePrune = 0
chosenMoveSubtract = 0
chosenMoveTemperature = 1.0
chosenMoveTemperatureEarly = 1.0
chosenMoveTemperatureOnlyBelowProb = 0.0
ignorePreRootHistory = false
logDir = analysis_logs
logSearchInfo = true
logToStderr = true
maxVisits = 500
nnCacheSizePowerOfTwo = 17
nnMaxBatchSize = 8
nnMutexPoolSizePowerOfTwo = 14
nnRandomize = false
numAnalysisThreads = 1
numSearchThreads = 4
reportAnalysisWinratesAs = BLACK
rootNumSymmetriesToSample = 1
rules = japanese
subtreeValueBiasFactor = 0.0
useLcbForSelection = false
useNoisePruning = false
useUncertainty = false

2025-06-07 02:43:27+0900: Analysis Engine starting...
2025-06-07 02:43:27+0900: KataGo v1.15.3
2025-06-07 02:43:27+0900: nnRandSeed0 = 9341643807994505720
2025-06-07 02:43:27+0900: After dedups: nnModelFile0 = ../../models/kata1-b28c512nbt-s8476434688-d4668249792.bin useFP16 auto useNHWC auto
2025-06-07 02:43:27+0900: Initializing neural net buffer to be size 19 * 19 allowing smaller boards
2025-06-07 02:43:30+0900: Cuda backend thread 0: Found GPU NVIDIA RTX A5000 memory 25425608704 compute capability major 8 minor 6
2025-06-07 02:43:30+0900: Cuda backend thread 0: Model version 15 useFP16 = true useNHWC = true
2025-06-07 02:43:30+0900: Cuda backend thread 0: Model name: kata1-b28c512nbt-s8476434688-d4668249792
2025-06-07 02:43:31+0900: --------------
2025-06-07 02:43:31+0900: WARNING: Config had unused keys! You may have a typo, an option you specified is being unused from analysis.cfg
2025-06-07 02:43:31+0900: WARNING: Unused key 'analysisIgnorePreRootHistory' in analysis.cfg
2025-06-07 02:43:31+0900: WARNING: Unused key 'rules' in analysis.cfg
2025-06-07 02:43:31+0900: --------------
2025-06-07 02:43:31+0900: Loaded config analysis.cfg
2025-06-07 02:43:31+0900: Loaded model ../../models/kata1-b28c512nbt-s8476434688-d4668249792.bin
2025-06-07 02:43:31+0900: Analyzing up to 1 positions at a time in parallel
2025-06-07 02:43:31+0900: Started, ready to begin handling requests
2025-06-07 02:43:34+0900: MoveNum: 2 HASH: EB5B48764F3CF87F19236A45508C4ACB
   A B C D E F G H J K L M N O P Q R S T
19 . . . . . . . . . . . . . . . . . . .
18 . . . . . . . . . . . . . . . . . . .
17 . . . . . . . . . . . . . . . . . . .
16 . . . . . . . . . . . . . . . O2. . .
15 . . . . . . . . . . . . . . . . . . .
14 . . . . . . . . . . . . . . . . . . .
13 . . . . . . . . . . . . . . . . . . .
12 . . . . . . . . . . . . . . . . . . .
11 . . . . . . . . . . . . . . . . . . .
10 . . . . . . . . . . . . . . . . . . .
 9 . . . . . . . . . . . . . . . . . . .
 8 . . . . . . . . . . . . . . . . . . .
 7 . . . . . . . . . . . . . . . . . . .
 6 . . . . . . . . . . . . . . . . . . .
 5 . . . . . . . . . . . . . . . . . . .
 4 . . . X1. . . . . . . . . . . . . . .
 3 . . . . . . . . . . . . . . . . . . .
 2 . . . . . . . . . . . . . . . . . . .
 1 . . . . . . . . . . . . . . . . . . .

koSIMPLEscoreTERRITORYtaxSEKIsui0komi6.5
Root visits: 1003
New playouts: 1003
NN rows: 966
NN batches: 484
NN avg batch size: 1.99587
PV: Q4 D16 C14 R3 R4 Q3 P4 O2 F17 F16 G16 F15 D17 C17 E17 C16 C11 D12 C12 D14 J17 D13 D9
Tree:
: T  -7.22c W  -7.07c S  -0.15c ( -0.5 L  -0.4) N    1003  --  Q4 D16 C14 R3 R4 Q3 P4
---Black(^)---
Q4  : T  -5.77c W  -5.76c S  -0.01c ( -0.3 L  -0.3) LCB   -6.54c P 27.60% WF 256.7 PSV     254 N     254  --  Q4 D16 C14 R3 R4 Q3 P4 O2
R17 : T  -6.81c W  -6.70c S  -0.11c ( -0.4 L  -0.4) LCB   -7.78c P  8.02% WF 128.1 PSV      38 N     128  --  R17 R16 Q17 P16 O18 D16 Q4 C3
R14 : T  -6.50c W  -6.46c S  -0.04c ( -0.4 L  -0.3) LCB   -7.60c P  5.73% WF 120.4 PSV      32 N     120  --  R14 Q4 D16 R15 Q14 O16 Q10 C3
R4  : T  -5.94c W  -5.85c S  -0.09c ( -0.4 L  -0.4) LCB   -6.92c P  3.12% WF 152.2 PSV      25 N     151  --  R4 D16 C6 P3 Q5 M3 C17 D17
F3  : T  -7.77c W  -7.48c S  -0.29c ( -0.6 L  -0.5) LCB   -8.98c P  1.55% WF  76.6 PSV       5 N      77  --  F3 D16 R4 P3 Q5 M3 R17 R16
Q3  : T  -7.98c W  -7.78c S  -0.20c ( -0.5 L  -0.4) LCB   -9.51c P  1.77% WF  67.5 PSV       5 N      68  --  Q3 D16 C17 C16 D17 E16 F18 C3
Q5  : T  -9.21c W  -8.93c S  -0.28c ( -0.6 L  -0.5) LCB  -11.46c P  1.54% WF  53.2 PSV       3 N      54  --  Q5 D16 Q3 C3 D3 C4 D5 C6
P4  : T  -9.27c W  -8.99c S  -0.28c ( -0.6 L  -0.5) LCB  -11.23c P  0.94% WF  37.5 PSV       2 N      38  --  P4 D16 R4 C3 D3 C4 D5 C6
F4  : T -10.31c W  -9.89c S  -0.43c ( -0.7 L  -0.6) LCB  -12.49c P  0.70% WF  27.5 PSV       1 N      28  --  F4 D16 R4 P3 Q5 M3 R17 R16
G3  : T -10.31c W  -9.89c S  -0.42c ( -0.7 L  -0.6) LCB  -12.51c P  0.41% WF  22.6 PSV       0 N      23  --  G3 Q4 D17 C15 E16 C12 R17

2025-06-07 02:43:34+0900: ../../models/kata1-b28c512nbt-s8476434688-d4668249792.bin
2025-06-07 02:43:34+0900: NN rows: 966
2025-06-07 02:43:34+0900: NN batches: 484
2025-06-07 02:43:34+0900: NN avg batch size: 1.99587
2025-06-07 02:43:34+0900: GPU -1 finishing, processed 966 rows 484 batches
2025-06-07 02:43:34+0900: All cleaned up, quitting
