2025-06-11 20:06:23+0900: Running with following config:
analysisIgnorePreRootHistory = false
chosenMovePrune = 0
chosenMoveSubtract = 0
chosenMoveTemperature = 1.0
chosenMoveTemperatureEarly = 1.0
chosenMoveTemperatureOnlyBelowProb = 0.0
ignorePreRootHistory = false
logDir = analysis_logs
logSearchInfo = true
logToStderr = true
maxVisits = 2000
nnCacheSizePowerOfTwo = 17
nnMaxBatchSize = 8
nnMutexPoolSizePowerOfTwo = 14
nnRandomize = false
numAnalysisThreads = 1
numSearchThreads = 4
reportAnalysisWinratesAs = BLACK
rootNumSymmetriesToSample = 1
rules = japanese
subtreeValueBiasFactor = 0.0
useLcbForSelection = false
useNoisePruning = false
useUncertainty = false

2025-06-11 20:06:23+0900: Analysis Engine starting...
2025-06-11 20:06:23+0900: KataGo v1.15.3
2025-06-11 20:06:23+0900: nnRandSeed0 = 9566297679969547891
2025-06-11 20:06:23+0900: After dedups: nnModelFile0 = ../../models/kata1-b28c512nbt-s8476434688-d4668249792.bin useFP16 auto useNHWC auto
2025-06-11 20:06:23+0900: Initializing neural net buffer to be size 19 * 19 allowing smaller boards
2025-06-11 20:06:26+0900: Cuda backend thread 0: Found GPU NVIDIA RTX A5000 memory 25425608704 compute capability major 8 minor 6
2025-06-11 20:06:26+0900: Cuda backend thread 0: Model version 15 useFP16 = true useNHWC = true
2025-06-11 20:06:26+0900: Cuda backend thread 0: Model name: kata1-b28c512nbt-s8476434688-d4668249792
2025-06-11 20:06:27+0900: --------------
2025-06-11 20:06:27+0900: WARNING: Config had unused keys! You may have a typo, an option you specified is being unused from analysis.cfg
2025-06-11 20:06:27+0900: WARNING: Unused key 'analysisIgnorePreRootHistory' in analysis.cfg
2025-06-11 20:06:27+0900: WARNING: Unused key 'rules' in analysis.cfg
2025-06-11 20:06:27+0900: --------------
2025-06-11 20:06:27+0900: Loaded config analysis.cfg
2025-06-11 20:06:27+0900: Loaded model ../../models/kata1-b28c512nbt-s8476434688-d4668249792.bin
2025-06-11 20:06:27+0900: Analyzing up to 1 positions at a time in parallel
2025-06-11 20:06:27+0900: Started, ready to begin handling requests
2025-06-11 20:06:36+0900: MoveNum: 46 HASH: B0B73D6AA822412CB97AADE816CAECF3
   A B C D E F G H J K L M N O P Q R S T
19 . . . . . . . . . . . . . . . . . . .
18 . . . . . . . . . . . . . . . . . . .
17 . . . . . . . . . . . . . . . O X . .
16 . . . O . . . . . O3. . . . . O X . .
15 . . . . . . . . . . . . . . . O . . .
14 . . . . . . . . . . . . . . . . O1X .
13 . . . . . . . . . . . . . . . O X X2.
12 . . . . . . . . . . . . . . O X . . .
11 . . . . . . . . . . . . . . O X . . .
10 . . . . . . . . . . . . O O X . . . .
 9 . . . . . . . . . . . . . X X . . . .
 8 . . . . . . . . . . . . . . . . . . .
 7 . . . . . . . . . . . . . . . . . . .
 6 . . O . . . . . . . . . . . . . . . .
 5 . . . O . . . . . . . . . . . . . . .
 4 . O O X . . . . . . . . X X X X X . .
 3 . O X X . X . . X . . O X O . O O . .
 2 . X . . . . . . . . . O X O . . . . .
 1 . . . . . . . . . . . . O . . . . . .

koSIMPLEscoreTERRITORYtaxSEKIsui0komi6.5
Root visits: 5003
New playouts: 5003
NN rows: 3035
NN batches: 1519
NN avg batch size: 1.99803
PV: P3 P2 Q2 R2 Q1 R1 S3 S2 T2 P1 S5 K3 K2 K4 P13 O13 Q14 O14 D7 C8 E5 M4 D6 C5 C17
Tree:
: T  86.19c W  82.73c S   3.47c ( +7.7 L  +5.5) N    5003  --  P3 P2 Q2 R2 Q1 R1 S3
---Black(^)---
P3  : T  88.09c W  84.43c S   3.67c ( +8.0 L  +5.7) LCB   87.24c P 20.15% WF 2795.5 PSV    2737 N    2737  --  P3 P2 Q2 R2 Q1 R1 S3 S2
P13 : T  86.49c W  82.95c S   3.55c ( +7.8 L  +5.6) LCB   85.45c P 27.78% WF 1840.8 PSV     789 N    1847  --  P13 O13 Q14 O14 P3 P2 Q2 R2
S3  : T  72.56c W  70.90c S   1.66c ( +6.0 L  +4.1) LCB   68.20c P 28.45% WF 178.5 PSV     102 N     207  --  S3 S2 P3 P2 Q2 R2 Q1 S4
C17 : T  70.26c W  68.90c S   1.36c ( +5.7 L  +3.6) LCB   64.00c P  6.70% WF  51.2 PSV      21 N      58  --  C17 D17 C16 C14 C15 D15 B14 C13
C8  : T  62.99c W  62.00c S   0.99c ( +5.4 L  +3.3) LCB   57.66c P  8.20% WF  35.4 PSV      18 N      42  --  C8 C10 P3 P2 S3 S2 Q2
D7  : T  74.94c W  73.03c S   1.92c ( +6.2 L  +4.2) LCB   70.51c P  3.26% WF  63.8 PSV      13 N      70  --  D7 C8 D6 C5 S3 S2 P3 P2
C14 : T  62.54c W  61.89c S   0.65c ( +5.0 L  +3.1) LCB   51.72c P  1.66% WF  10.6 PSV       3 N      12  --  C14 D14 D13 E14 B15 C17 C10
O1  : T  51.82c W  51.88c S  -0.07c ( +4.4 L  +2.6) LCB  -24.33c P  0.69% WF   2.6 PSV       1 N       3  --  O1 P1 P3
J16 : T  62.13c W  61.74c S   0.39c ( +4.8 L  +2.9) LCB   15.61c P  0.37% WF   3.6 PSV       0 N       4  --  J16 J17 H17
S4  : T  50.28c W  50.55c S  -0.26c ( +4.2 L  +2.3) LCB  -99.32c P  0.55% WF   1.8 PSV       0 N       2  --  S4 S3

2025-06-11 20:06:36+0900: ../../models/kata1-b28c512nbt-s8476434688-d4668249792.bin
2025-06-11 20:06:36+0900: NN rows: 3035
2025-06-11 20:06:36+0900: NN batches: 1519
2025-06-11 20:06:36+0900: NN avg batch size: 1.99803
2025-06-11 20:06:36+0900: GPU -1 finishing, processed 3035 rows 1519 batches
2025-06-11 20:06:36+0900: All cleaned up, quitting
