2025-06-07 00:38:45+0900: Running with following config:
analysisIgnorePreRootHistory = false
chosenMovePrune = 0
chosenMoveSubtract = 0
chosenMoveTemperature = 1.0
chosenMoveTemperatureEarly = 1.0
chosenMoveTemperatureOnlyBelowProb = 0.0
humanSLChosenMoveIgnorePass = true
humanSLChosenMovePiklLambda = 100000000
humanSLChosenMoveProp = 1.0
humanSLOppExploreProbWeightful = 0.0
humanSLOppExploreProbWeightless = 0.0
humanSLPlaExploreProbWeightful = 0.0
humanSLPlaExploreProbWeightless = 0.0
humanSLProfile = rank_5k
humanSLRootExploreProbWeightful = 0.0
humanSLRootExploreProbWeightless = 0.0
ignorePreRootHistory = false
logDir = analysis_logs
logSearchInfo = true
logToStderr = true
maxVisits = 1
nnCacheSizePowerOfTwo = 17
nnMaxBatchSize = 8
nnMutexPoolSizePowerOfTwo = 14
nnRandomize = false
numAnalysisThreads = 1
numSearchThreads = 4
reportAnalysisWinratesAs = BLACK
rootNumSymmetriesToSample = 1
rules = japanese
subtreeValueBiasFactor = 0.0
useLcbForSelection = false
useNoisePruning = false
useUncertainty = false

2025-06-07 00:38:45+0900: Analysis Engine starting...
2025-06-07 00:38:45+0900: KataGo v1.15.3
2025-06-07 00:38:45+0900: nnRandSeed0 = 13904059131590672639
2025-06-07 00:38:45+0900: After dedups: nnModelFile0 = ../../models/kata1-b28c512nbt-s8476434688-d4668249792.bin useFP16 auto useNHWC auto
2025-06-07 00:38:45+0900: Initializing neural net buffer to be size 19 * 19 allowing smaller boards
2025-06-07 00:38:47+0900: Cuda backend thread 0: Found GPU NVIDIA RTX A5000 memory 25425608704 compute capability major 8 minor 6
2025-06-07 00:38:47+0900: Cuda backend thread 0: Model version 15 useFP16 = true useNHWC = true
2025-06-07 00:38:47+0900: Cuda backend thread 0: Model name: kata1-b28c512nbt-s8476434688-d4668249792
2025-06-07 00:38:48+0900: nnRandSeed0 = 13084650950835867219
2025-06-07 00:38:48+0900: After dedups: nnModelFile0 = ../../models/b18c384nbt-humanv0.bin.gz useFP16 auto useNHWC auto
2025-06-07 00:38:48+0900: Initializing neural net buffer to be size 19 * 19 allowing smaller boards
2025-06-07 00:38:49+0900: Cuda backend thread 0: Found GPU NVIDIA RTX A5000 memory 25425608704 compute capability major 8 minor 6
2025-06-07 00:38:49+0900: Cuda backend thread 0: Model version 15 useFP16 = true useNHWC = true
2025-06-07 00:38:49+0900: Cuda backend thread 0: Model name: b18c384nbt-humanv0
2025-06-07 00:38:49+0900: --------------
2025-06-07 00:38:49+0900: WARNING: Config had unused keys! You may have a typo, an option you specified is being unused from human5k_pure.cfg
2025-06-07 00:38:49+0900: WARNING: Unused key 'analysisIgnorePreRootHistory' in human5k_pure.cfg
2025-06-07 00:38:49+0900: WARNING: Unused key 'rules' in human5k_pure.cfg
2025-06-07 00:38:49+0900: --------------
2025-06-07 00:38:49+0900: Loaded config human5k_pure.cfg
2025-06-07 00:38:49+0900: Loaded model ../../models/kata1-b28c512nbt-s8476434688-d4668249792.bin
2025-06-07 00:38:50+0900: Analyzing up to 1 positions at a time in parallel
2025-06-07 00:38:50+0900: Started, ready to begin handling requests
2025-06-07 00:38:50+0900: MoveNum: 4 HASH: F7EA759AE21BCB46EEF06A0A48E7CAAD
   A B C D E F G H J K L M N O P Q R S T
19 . . . . . . . . . . . . . . . . . . .
18 . . . . . . . . . . . . . . . . . . .
17 . . . O3. . . . . . . . . . . . . . .
16 . . . . . . . . . . . . . . . O1. . .
15 . . . . . . . . . . . . . . . . . . .
14 . . . . . . . . . . . . . . . . . . .
13 . . . . . . . . . . . . . . . . . . .
12 . . . . . . . . . . . . . . . . . . .
11 . . . . . . . . . . . . . . . . . . .
10 . . . . . . . . . . . . . . . . . . .
 9 . . . . . . . . . . . . . . . . . . .
 8 . . . . . . . . . . . . . . . . . . .
 7 . . . . . . . . . . . . . . . . . . .
 6 . . . . . . . . . . . . . . . . . . .
 5 . . . . . . . . . . . . . . . . . . .
 4 . . . X . . . . . . . . . . . . X2. .
 3 . . . . . . . . . . . . . . . . . . .
 2 . . . . . . . . . . . . . . . . . . .
 1 . . . . . . . . . . . . . . . . . . .

koSIMPLEscoreTERRITORYtaxSEKIsui0komi6.5
Root visits: 53
New playouts: 53
NN rows: 53
NN batches: 27
NN avg batch size: 1.96296
PV: L3
Tree:
: T  -4.05c W  -4.13c S   0.08c ( -0.2 L  -0.2) N      53  --  L3
---Black(^)---
D15 : T  -4.10c W  -4.16c S   0.06c ( -0.2 L  -0.3) LCB  -12.24c P  5.28% WF  10.0 PSV      13 N      10  --  D15 C15 C14 C16 D14 F17
R14 : T  -4.55c W  -4.54c S  -0.01c ( -0.3 L  -0.2) LCB  -15.60c P  5.38% WF   8.0 PSV       7 N       8  --  R14 C3 D3 C4 D5 C5
C15 : T  -3.30c W  -3.49c S   0.19c ( -0.1 L  -0.2) LCB   -8.58c P 36.78% WF  13.0 PSV       6 N      13  --  C15 C3 D3 C4 C6 C5
O17 : T  -5.30c W  -5.26c S  -0.04c ( -0.3 L  -0.3) LCB  -24.96c P  3.03% WF   6.0 PSV       1 N       6  --  O17 P3 Q5 P17
P4  : T  -3.52c W  -3.68c S   0.17c ( -0.1 L  -0.2) LCB -152.48c P  2.73% WF   2.0 PSV       0 N       2  --  P4 C3
R17 : T  -3.73c W  -3.84c S   0.11c ( -0.2 L  -0.2) LCB   -9.17c P 33.10% WF  13.0 PSV       0 N      13  --  R17 R16 Q17 P16 O18 C3 D3 C4

2025-06-07 00:38:50+0900: ../../models/kata1-b28c512nbt-s8476434688-d4668249792.bin
2025-06-07 00:38:50+0900: NN rows: 53
2025-06-07 00:38:50+0900: NN batches: 27
2025-06-07 00:38:50+0900: NN avg batch size: 1.96296
2025-06-07 00:38:50+0900: ../../models/b18c384nbt-humanv0.bin.gz
2025-06-07 00:38:50+0900: NN rows: 4
2025-06-07 00:38:50+0900: NN batches: 2
2025-06-07 00:38:50+0900: NN avg batch size: 2
2025-06-07 00:38:50+0900: GPU -1 finishing, processed 53 rows 27 batches
2025-06-07 00:38:50+0900: GPU -1 finishing, processed 4 rows 2 batches
2025-06-07 00:38:50+0900: All cleaned up, quitting
