2025-06-07 00:37:49+0900: Running with following config:
analysisIgnorePreRootHistory = false
chosenMovePrune = 0
chosenMoveSubtract = 0
chosenMoveTemperature = 1.0
chosenMoveTemperatureEarly = 1.0
chosenMoveTemperatureOnlyBelowProb = 0.0
humanSLChosenMoveIgnorePass = true
humanSLChosenMovePiklLambda = 100000000
humanSLChosenMoveProp = 1.0
humanSLOppExploreProbWeightful = 0.0
humanSLOppExploreProbWeightless = 0.0
humanSLPlaExploreProbWeightful = 0.0
humanSLPlaExploreProbWeightless = 0.0
humanSLProfile = rank_5k
humanSLRootExploreProbWeightful = 0.0
humanSLRootExploreProbWeightless = 0.0
ignorePreRootHistory = false
logDir = analysis_logs
logSearchInfo = true
logToStderr = true
maxVisits = 1
nnCacheSizePowerOfTwo = 17
nnMaxBatchSize = 8
nnMutexPoolSizePowerOfTwo = 14
nnRandomize = false
numAnalysisThreads = 1
numSearchThreads = 4
reportAnalysisWinratesAs = BLACK
rootNumSymmetriesToSample = 1
rules = japanese
subtreeValueBiasFactor = 0.0
useLcbForSelection = false
useNoisePruning = false
useUncertainty = false

2025-06-07 00:37:49+0900: Analysis Engine starting...
2025-06-07 00:37:49+0900: KataGo v1.15.3
2025-06-07 00:37:49+0900: nnRandSeed0 = 11638497763121222691
2025-06-07 00:37:49+0900: After dedups: nnModelFile0 = ../../models/kata1-b28c512nbt-s8476434688-d4668249792.bin useFP16 auto useNHWC auto
2025-06-07 00:37:49+0900: Initializing neural net buffer to be size 19 * 19 allowing smaller boards
