2025-06-06 21:05:55+0900: Running with following config:
analysisIgnorePreRootHistory = false
chosenMovePrune = 0
chosenMoveSubtract = 0
chosenMoveTemperature = 1.0
chosenMoveTemperatureEarly = 1.0
chosenMoveTemperatureOnlyBelowProb = 0.0
ignorePreRootHistory = false
logDir = analysis_logs
logSearchInfo = true
logToStderr = true
maxVisits = 500
nnCacheSizePowerOfTwo = 17
nnMaxBatchSize = 8
nnMutexPoolSizePowerOfTwo = 14
nnRandomize = false
numAnalysisThreads = 1
numSearchThreads = 4
reportAnalysisWinratesAs = BLACK
rootNumSymmetriesToSample = 1
rules = japanese
subtreeValueBiasFactor = 0.0
useLcbForSelection = false
useNoisePruning = false
useUncertainty = false

2025-06-06 21:05:55+0900: Analysis Engine starting...
2025-06-06 21:05:55+0900: KataGo v1.15.3
2025-06-06 21:05:55+0900: nnRandSeed0 = 15690130066711500586
2025-06-06 21:05:55+0900: After dedups: nnModelFile0 = ../../models/kata1-b28c512nbt-s8476434688-d4668249792.bin useFP16 auto useNHWC auto
2025-06-06 21:05:55+0900: Initializing neural net buffer to be size 19 * 19 allowing smaller boards
2025-06-06 21:05:58+0900: Cuda backend thread 0: Found GPU NVIDIA RTX A5000 memory 25425608704 compute capability major 8 minor 6
2025-06-06 21:05:58+0900: Cuda backend thread 0: Model version 15 useFP16 = true useNHWC = true
2025-06-06 21:05:58+0900: Cuda backend thread 0: Model name: kata1-b28c512nbt-s8476434688-d4668249792
2025-06-06 21:06:00+0900: --------------
2025-06-06 21:06:00+0900: WARNING: Config had unused keys! You may have a typo, an option you specified is being unused from analysis.cfg
2025-06-06 21:06:00+0900: WARNING: Unused key 'analysisIgnorePreRootHistory' in analysis.cfg
2025-06-06 21:06:00+0900: WARNING: Unused key 'rules' in analysis.cfg
2025-06-06 21:06:00+0900: --------------
2025-06-06 21:06:00+0900: Loaded config analysis.cfg
2025-06-06 21:06:00+0900: Loaded model ../../models/kata1-b28c512nbt-s8476434688-d4668249792.bin
2025-06-06 21:06:00+0900: Analyzing up to 1 positions at a time in parallel
2025-06-06 21:06:00+0900: Started, ready to begin handling requests
2025-06-06 21:06:02+0900: MoveNum: 7 HASH: E2793380D3E138651462110FCE009E00
   A B C D E F G H J K L M N O P Q R S T
19 . . . . . . . . . . . . . . . . . . .
18 . . . . . . . . . . . . . . . . . . .
17 . . . . . . . . . . . . . . . . . . .
16 . . . O . . . . . . . . . . . O . . .
15 . . . . . . . . . . . . . . . . . . .
14 . . . . . . . . . . . . . . . . . . .
13 . . . . . . . . . . . . . . . . . . .
12 . . . . . . . . . . . . . . . . . . .
11 . . . . . . . . . . . . . . . . . . .
10 . . . . . . . . . . . . . . . . . . .
 9 . . . X3. . . . . . . . . . . . . . .
 8 . . . . . . . . . . . . . . . . . . .
 7 . . . . . . . . . . . . . . . . . . .
 6 . . O2. . . . . . . . . . . . . . . .
 5 . . . . . . . . . . . . . . . . . . .
 4 . . . X . . . . . . . . . . . . X . .
 3 . . . . . . . . . . X1. . . . . . . .
 2 . . . . . . . . . . . . . . . . . . .
 1 . . . . . . . . . . . . . . . . . . .

koSIMPLEscoreTERRITORYtaxSEKIsui0komi6.5
Root visits: 1003
New playouts: 1003
NN rows: 528
NN batches: 265
NN avg batch size: 1.99245
PV: C3 C4 D3 E4 B4 R17 R16 Q17 P17 B5 B3 P18 O18 O17 P16 N18 Q18 O19 R18 C14 F17 C5 F3 C16 C17
Tree:
: T -26.40c W -25.67c S  -0.73c ( -1.8 L  -1.2) N    1003  --  C3 C4 D3 E4 B4 R17 R16
---White(v)---
C3  : T -27.25c W -26.46c S  -0.78c ( -1.8 L  -1.2) LCB  -25.71c P 91.09% WF 933.3 PSV     929 N     929  --  C3 C4 D3 E4 B4 R17 R16 Q17
Q4  : T -16.26c W -16.12c S  -0.14c ( -1.2 L  -0.9) LCB  -10.66c P  2.53% WF  28.1 PSV       3 N      30  --  Q4 Q3 R5 Q5 P4 R6 S5 R3
F3  : T -16.02c W -15.91c S  -0.11c ( -1.2 L  -0.8) LCB   -9.86c P  1.00% WF  17.9 PSV       1 N      19  --  F3 E3 F4 D6 D7 E6 C5 D5
P4  : T -12.21c W -12.43c S   0.22c ( -0.9 L  -0.7) LCB   -2.68c P  1.71% WF   8.4 PSV       1 N       9  --  P4 C5 D6 F4 R3 S3 Q3
P3  : T -12.23c W -12.51c S   0.28c ( -0.8 L  -0.7) LCB   30.83c P  0.56% WF   3.8 PSV       0 N       4  --  P3 Q3 P4
O4  : T -14.24c W -14.41c S   0.17c ( -0.9 L  -0.8) LCB   28.88c P  0.25% WF   3.8 PSV       0 N       4  --  O4 Q6 C3 C4
F4  : T -11.21c W -11.52c S   0.31c ( -0.8 L  -0.7) LCB  138.14c P  0.18% WF   1.9 PSV       0 N       2  --  F4 D6
Q3  : T -10.98c W -11.37c S   0.39c ( -0.7 L  -0.7) LCB  339.02c P  0.16% WF   1.0 PSV       0 N       1  --  Q3
C13 : T -12.72c W -12.78c S   0.06c ( -1.0 L  -1.0) LCB  337.28c P  0.15% WF   1.0 PSV       0 N       1  --  C13
M4  : T -15.14c W -15.30c S   0.16c ( -0.9 L  -1.0) LCB  334.86c P  0.13% WF   1.0 PSV       0 N       1  --  M4

2025-06-06 21:06:02+0900: ../../models/kata1-b28c512nbt-s8476434688-d4668249792.bin
2025-06-06 21:06:02+0900: NN rows: 528
2025-06-06 21:06:02+0900: NN batches: 265
2025-06-06 21:06:02+0900: NN avg batch size: 1.99245
2025-06-06 21:06:02+0900: GPU -1 finishing, processed 528 rows 265 batches
2025-06-06 21:06:02+0900: All cleaned up, quitting
