2025-06-07 00:51:10+0900: Running with following config:
analysisIgnorePreRootHistory = false
chosenMovePrune = 0
chosenMoveSubtract = 0
chosenMoveTemperature = 1.0
chosenMoveTemperatureEarly = 1.0
chosenMoveTemperatureOnlyBelowProb = 0.0
humanSLChosenMoveIgnorePass = true
humanSLChosenMovePiklLambda = 100000000
humanSLChosenMoveProp = 1.0
humanSLOppExploreProbWeightful = 0.0
humanSLOppExploreProbWeightless = 0.0
humanSLPlaExploreProbWeightful = 0.0
humanSLPlaExploreProbWeightless = 0.0
humanSLProfile = rank_5k
humanSLRootExploreProbWeightful = 0.0
humanSLRootExploreProbWeightless = 0.0
ignorePreRootHistory = false
logDir = analysis_logs
logSearchInfo = true
logToStderr = true
maxVisits = 1
nnCacheSizePowerOfTwo = 17
nnMaxBatchSize = 8
nnMutexPoolSizePowerOfTwo = 14
nnRandomize = false
numAnalysisThreads = 1
numSearchThreads = 4
reportAnalysisWinratesAs = BLACK
rootNumSymmetriesToSample = 1
rules = japanese
subtreeValueBiasFactor = 0.0
useLcbForSelection = false
useNoisePruning = false
useUncertainty = false

2025-06-07 00:51:10+0900: Analysis Engine starting...
2025-06-07 00:51:10+0900: KataGo v1.15.3
2025-06-07 00:51:10+0900: nnRandSeed0 = 5480488337728123913
2025-06-07 00:51:10+0900: After dedups: nnModelFile0 = ../../models/kata1-b28c512nbt-s8476434688-d4668249792.bin useFP16 auto useNHWC auto
2025-06-07 00:51:10+0900: Initializing neural net buffer to be size 19 * 19 allowing smaller boards
2025-06-07 00:51:13+0900: Cuda backend thread 0: Found GPU NVIDIA RTX A5000 memory 25425608704 compute capability major 8 minor 6
2025-06-07 00:51:13+0900: Cuda backend thread 0: Model version 15 useFP16 = true useNHWC = true
2025-06-07 00:51:13+0900: Cuda backend thread 0: Model name: kata1-b28c512nbt-s8476434688-d4668249792
2025-06-07 00:51:14+0900: nnRandSeed0 = 14334019719242337149
2025-06-07 00:51:14+0900: After dedups: nnModelFile0 = ../../models/b18c384nbt-humanv0.bin.gz useFP16 auto useNHWC auto
2025-06-07 00:51:14+0900: Initializing neural net buffer to be size 19 * 19 allowing smaller boards
2025-06-07 00:51:15+0900: Cuda backend thread 0: Found GPU NVIDIA RTX A5000 memory 25425608704 compute capability major 8 minor 6
2025-06-07 00:51:15+0900: Cuda backend thread 0: Model version 15 useFP16 = true useNHWC = true
2025-06-07 00:51:15+0900: Cuda backend thread 0: Model name: b18c384nbt-humanv0
2025-06-07 00:51:16+0900: --------------
2025-06-07 00:51:16+0900: WARNING: Config had unused keys! You may have a typo, an option you specified is being unused from human5k_pure.cfg
2025-06-07 00:51:16+0900: WARNING: Unused key 'analysisIgnorePreRootHistory' in human5k_pure.cfg
2025-06-07 00:51:16+0900: WARNING: Unused key 'rules' in human5k_pure.cfg
2025-06-07 00:51:16+0900: --------------
2025-06-07 00:51:16+0900: Loaded config human5k_pure.cfg
2025-06-07 00:51:16+0900: Loaded model ../../models/kata1-b28c512nbt-s8476434688-d4668249792.bin
2025-06-07 00:51:16+0900: Analyzing up to 1 positions at a time in parallel
2025-06-07 00:51:16+0900: Started, ready to begin handling requests
2025-06-07 00:51:20+0900: MoveNum: 2 HASH: EB5B48764F3CF87F19236A45508C4ACB
   A B C D E F G H J K L M N O P Q R S T
19 . . . . . . . . . . . . . . . . . . .
18 . . . . . . . . . . . . . . . . . . .
17 . . . . . . . . . . . . . . . . . . .
16 . . . . . . . . . . . . . . . O2. . .
15 . . . . . . . . . . . . . . . . . . .
14 . . . . . . . . . . . . . . . . . . .
13 . . . . . . . . . . . . . . . . . . .
12 . . . . . . . . . . . . . . . . . . .
11 . . . . . . . . . . . . . . . . . . .
10 . . . . . . . . . . . . . . . . . . .
 9 . . . . . . . . . . . . . . . . . . .
 8 . . . . . . . . . . . . . . . . . . .
 7 . . . . . . . . . . . . . . . . . . .
 6 . . . . . . . . . . . . . . . . . . .
 5 . . . . . . . . . . . . . . . . . . .
 4 . . . X1. . . . . . . . . . . . . . .
 3 . . . . . . . . . . . . . . . . . . .
 2 . . . . . . . . . . . . . . . . . . .
 1 . . . . . . . . . . . . . . . . . . .

koSIMPLEscoreTERRITORYtaxSEKIsui0komi6.5
Root visits: 1003
New playouts: 1003
NN rows: 964
NN batches: 483
NN avg batch size: 1.99586
PV: Q4 D16 C14 R3 R4 Q3 P4 O2 F17 F16 G16 F15 D17 C17 E17 C16 C11 D12 C12 D14 J17 D13 D9
Tree:
: T  -7.14c W  -7.00c S  -0.14c ( -0.5 L  -0.4) N    1003  --  Q4 D16 C14 R3 R4 Q3 P4
---Black(^)---
Q4  : T  -5.73c W  -5.72c S  -0.01c ( -0.3 L  -0.3) LCB   -6.48c P 27.60% WF 267.8 PSV     175 N     265  --  Q4 D16 C14 R3 R4 Q3 P4 O2
R4  : T  -5.88c W  -5.79c S  -0.09c ( -0.4 L  -0.4) LCB   -6.88c P  3.12% WF 151.1 PSV     125 N     150  --  R4 D16 C6 P3 Q5 M3 C17 D17
Q3  : T  -8.19c W  -7.96c S  -0.22c ( -0.5 L  -0.4) LCB   -9.65c P  1.77% WF  69.4 PSV      66 N      70  --  Q3 D16 C17 C16 D17 E16 F18 C3
Q5  : T  -9.27c W  -8.99c S  -0.28c ( -0.6 L  -0.5) LCB  -11.56c P  1.54% WF  49.2 PSV       4 N      50  --  Q5 D16 Q3 C3 D3 C4 D5 C6
R3  : T -10.03c W  -9.67c S  -0.35c ( -0.7 L  -0.5) LCB  -13.33c P  0.49% WF  16.7 PSV       4 N      17  --  R3 D16 C6 R14 C17 D17
R5  : T -11.88c W -11.35c S  -0.53c ( -0.8 L  -0.6) LCB  -16.33c P  0.62% WF  14.6 PSV       3 N      15  --  R5 D16 Q3 C3 D3 C4 D5 C6
R14 : T  -6.34c W  -6.31c S  -0.03c ( -0.4 L  -0.3) LCB   -7.43c P  5.73% WF 128.5 PSV       2 N     128  --  R14 Q4 D16 R15 Q14 O16 Q10 C3
P4  : T  -9.09c W  -8.83c S  -0.26c ( -0.6 L  -0.5) LCB  -10.92c P  0.94% WF  45.4 PSV       1 N      46  --  P4 D16 R4 C3 D3 C4 D5 C6
R17 : T  -6.81c W  -6.70c S  -0.11c ( -0.4 L  -0.4) LCB   -7.80c P  8.02% WF 125.0 PSV       1 N     125  --  R17 Q17 R16 Q15 R14 Q4 D16 C17
P3  : T -11.80c W -11.33c S  -0.48c ( -0.8 L  -0.6) LCB  -17.06c P  0.49% WF  11.7 PSV       1 N      12  --  P3 D16 R4 C3 D3 C4 D5

2025-06-07 00:51:20+0900: ../../models/kata1-b28c512nbt-s8476434688-d4668249792.bin
2025-06-07 00:51:20+0900: NN rows: 964
2025-06-07 00:51:20+0900: NN batches: 483
2025-06-07 00:51:20+0900: NN avg batch size: 1.99586
2025-06-07 00:51:20+0900: ../../models/b18c384nbt-humanv0.bin.gz
2025-06-07 00:51:20+0900: NN rows: 4
2025-06-07 00:51:20+0900: NN batches: 2
2025-06-07 00:51:20+0900: NN avg batch size: 2
2025-06-07 00:51:20+0900: GPU -1 finishing, processed 964 rows 483 batches
2025-06-07 00:51:20+0900: GPU -1 finishing, processed 4 rows 2 batches
2025-06-07 00:51:20+0900: All cleaned up, quitting
