2025-06-07 00:40:42+0900: Running with following config:
analysisIgnorePreRootHistory = false
chosenMovePrune = 0
chosenMoveSubtract = 0
chosenMoveTemperature = 1.0
chosenMoveTemperatureEarly = 1.0
chosenMoveTemperatureOnlyBelowProb = 0.0
humanSLChosenMoveIgnorePass = true
humanSLChosenMovePiklLambda = 100000000
humanSLChosenMoveProp = 1.0
humanSLOppExploreProbWeightful = 0.0
humanSLOppExploreProbWeightless = 0.0
humanSLPlaExploreProbWeightful = 0.0
humanSLPlaExploreProbWeightless = 0.0
humanSLProfile = rank_5k
humanSLRootExploreProbWeightful = 0.0
humanSLRootExploreProbWeightless = 0.0
ignorePreRootHistory = false
logDir = analysis_logs
logSearchInfo = true
logToStderr = true
maxVisits = 1
nnCacheSizePowerOfTwo = 17
nnMaxBatchSize = 8
nnMutexPoolSizePowerOfTwo = 14
nnRandomize = false
numAnalysisThreads = 1
numSearchThreads = 4
reportAnalysisWinratesAs = BLACK
rootNumSymmetriesToSample = 1
rules = japanese
subtreeValueBiasFactor = 0.0
useLcbForSelection = false
useNoisePruning = false
useUncertainty = false

2025-06-07 00:40:42+0900: Analysis Engine starting...
2025-06-07 00:40:42+0900: KataGo v1.15.3
2025-06-07 00:40:42+0900: nnRandSeed0 = 6591729488942085842
2025-06-07 00:40:42+0900: After dedups: nnModelFile0 = ../../models/kata1-b28c512nbt-s8476434688-d4668249792.bin useFP16 auto useNHWC auto
2025-06-07 00:40:42+0900: Initializing neural net buffer to be size 19 * 19 allowing smaller boards
2025-06-07 00:40:44+0900: Cuda backend thread 0: Found GPU NVIDIA RTX A5000 memory 25425608704 compute capability major 8 minor 6
2025-06-07 00:40:44+0900: Cuda backend thread 0: Model version 15 useFP16 = true useNHWC = true
2025-06-07 00:40:44+0900: Cuda backend thread 0: Model name: kata1-b28c512nbt-s8476434688-d4668249792
2025-06-07 00:40:45+0900: nnRandSeed0 = 5138546063385760166
2025-06-07 00:40:45+0900: After dedups: nnModelFile0 = ../../models/b18c384nbt-humanv0.bin.gz useFP16 auto useNHWC auto
2025-06-07 00:40:45+0900: Initializing neural net buffer to be size 19 * 19 allowing smaller boards
2025-06-07 00:40:47+0900: Cuda backend thread 0: Found GPU NVIDIA RTX A5000 memory 25425608704 compute capability major 8 minor 6
2025-06-07 00:40:47+0900: Cuda backend thread 0: Model version 15 useFP16 = true useNHWC = true
2025-06-07 00:40:47+0900: Cuda backend thread 0: Model name: b18c384nbt-humanv0
2025-06-07 00:40:47+0900: --------------
2025-06-07 00:40:47+0900: WARNING: Config had unused keys! You may have a typo, an option you specified is being unused from human5k_pure.cfg
2025-06-07 00:40:47+0900: WARNING: Unused key 'analysisIgnorePreRootHistory' in human5k_pure.cfg
2025-06-07 00:40:47+0900: WARNING: Unused key 'rules' in human5k_pure.cfg
2025-06-07 00:40:47+0900: --------------
2025-06-07 00:40:47+0900: Loaded config human5k_pure.cfg
2025-06-07 00:40:47+0900: Loaded model ../../models/kata1-b28c512nbt-s8476434688-d4668249792.bin
2025-06-07 00:40:47+0900: Analyzing up to 1 positions at a time in parallel
2025-06-07 00:40:47+0900: Started, ready to begin handling requests
2025-06-07 00:40:47+0900: MoveNum: 4 HASH: 403168F6449644091EA7BC5B3722C73A
   A B C D E F G H J K L M N O P Q R S T
19 . . . . . . . . . . . . . . . . . . .
18 . . . . . . . . . . . . . . . . . . .
17 . . . . . . . . . . . . . . . . . . .
16 . . O3. . . . . . . . . . . . O1. . .
15 . . . . . . . . . . . . . . . . . . .
14 . . . . . . . . . . . . . . . . . . .
13 . . . . . . . . . . . . . . . . . . .
12 . . . . . . . . . . . . . . . . . . .
11 . . . . . . . . . . . . . . . . . . .
10 . . . . . . . . . . . . . . . . . . .
 9 . . . . . . . . . . . . . . . . . . .
 8 . . . . . . . . . . . . . . . . . . .
 7 . . . . . . . . . . . . . . . . . . .
 6 . . . . . . . . . . . . . . . . . . .
 5 . . . . . . . . . . . . . . . . . . .
 4 . . . X . . . . . . . . . . . . X2. .
 3 . . . . . . . . . . . . . . . . . . .
 2 . . . . . . . . . . . . . . . . . . .
 1 . . . . . . . . . . . . . . . . . . .

koSIMPLEscoreTERRITORYtaxSEKIsui0komi6.5
Root visits: 53
New playouts: 53
NN rows: 53
NN batches: 28
NN avg batch size: 1.89286
PV: L3
Tree:
: T  -4.97c W  -4.98c S   0.02c ( -0.3 L  -0.2) N      53  --  L3
---Black(^)---
R14 : T  -5.24c W  -5.18c S  -0.06c ( -0.3 L  -0.3) LCB  -12.51c P  8.67% WF  10.0 PSV      14 N      10  --  R14 C3 D3 C4 D5 C5
E16 : T  -6.16c W  -6.08c S  -0.08c ( -0.4 L  -0.3) LCB  -26.36c P  3.19% WF   6.0 PSV      10 N       6  --  E16 E17 F17 D17 F16
E17 : T  -4.12c W  -4.25c S   0.13c ( -0.2 L  -0.2) LCB   -8.57c P 31.87% WF  13.0 PSV       5 N      13  --  E17 D15 R14 C3 D3
O17 : T  -6.03c W  -5.95c S  -0.08c ( -0.4 L  -0.3) LCB  -20.65c P  4.54% WF   7.0 PSV       2 N       7  --  O17 P3 Q5 R14 E17
P4  : T  -5.68c W  -5.68c S  -0.00c ( -0.3 L  -0.3) LCB -154.75c P  2.77% WF   2.0 PSV       1 N       2  --  P4 C3
R17 : T  -4.28c W  -4.35c S   0.07c ( -0.2 L  -0.2) LCB   -8.88c P 36.00% WF  14.0 PSV       0 N      14  --  R17 Q17 R16 Q15 R14 C3 D3 C4

2025-06-07 00:40:47+0900: ../../models/kata1-b28c512nbt-s8476434688-d4668249792.bin
2025-06-07 00:40:47+0900: NN rows: 53
2025-06-07 00:40:47+0900: NN batches: 28
2025-06-07 00:40:47+0900: NN avg batch size: 1.89286
2025-06-07 00:40:47+0900: ../../models/b18c384nbt-humanv0.bin.gz
2025-06-07 00:40:47+0900: NN rows: 4
2025-06-07 00:40:47+0900: NN batches: 2
2025-06-07 00:40:47+0900: NN avg batch size: 2
2025-06-07 00:40:47+0900: GPU -1 finishing, processed 53 rows 28 batches
2025-06-07 00:40:47+0900: GPU -1 finishing, processed 4 rows 2 batches
2025-06-07 00:40:47+0900: All cleaned up, quitting
