2025-06-07 00:39:48+0900: Running with following config:
analysisIgnorePreRootHistory = false
chosenMovePrune = 0
chosenMoveSubtract = 0
chosenMoveTemperature = 1.0
chosenMoveTemperatureEarly = 1.0
chosenMoveTemperatureOnlyBelowProb = 0.0
humanSLChosenMoveIgnorePass = true
humanSLChosenMovePiklLambda = 100000000
humanSLChosenMoveProp = 1.0
humanSLOppExploreProbWeightful = 0.0
humanSLOppExploreProbWeightless = 0.0
humanSLPlaExploreProbWeightful = 0.0
humanSLPlaExploreProbWeightless = 0.0
humanSLProfile = rank_5k
humanSLRootExploreProbWeightful = 0.0
humanSLRootExploreProbWeightless = 0.0
ignorePreRootHistory = false
logDir = analysis_logs
logSearchInfo = true
logToStderr = true
maxVisits = 1
nnCacheSizePowerOfTwo = 17
nnMaxBatchSize = 8
nnMutexPoolSizePowerOfTwo = 14
nnRandomize = false
numAnalysisThreads = 1
numSearchThreads = 4
reportAnalysisWinratesAs = BLACK
rootNumSymmetriesToSample = 1
rules = japanese
subtreeValueBiasFactor = 0.0
useLcbForSelection = false
useNoisePruning = false
useUncertainty = false

2025-06-07 00:39:48+0900: Analysis Engine starting...
2025-06-07 00:39:48+0900: KataGo v1.15.3
2025-06-07 00:39:48+0900: nnRandSeed0 = 2658204415747290669
2025-06-07 00:39:48+0900: After dedups: nnModelFile0 = ../../models/kata1-b28c512nbt-s8476434688-d4668249792.bin useFP16 auto useNHWC auto
2025-06-07 00:39:48+0900: Initializing neural net buffer to be size 19 * 19 allowing smaller boards
2025-06-07 00:39:50+0900: Cuda backend thread 0: Found GPU NVIDIA RTX A5000 memory 25425608704 compute capability major 8 minor 6
2025-06-07 00:39:50+0900: Cuda backend thread 0: Model version 15 useFP16 = true useNHWC = true
2025-06-07 00:39:50+0900: Cuda backend thread 0: Model name: kata1-b28c512nbt-s8476434688-d4668249792
2025-06-07 00:39:52+0900: nnRandSeed0 = 10047555712014020837
2025-06-07 00:39:52+0900: After dedups: nnModelFile0 = ../../models/b18c384nbt-humanv0.bin.gz useFP16 auto useNHWC auto
2025-06-07 00:39:52+0900: Initializing neural net buffer to be size 19 * 19 allowing smaller boards
2025-06-07 00:39:53+0900: Cuda backend thread 0: Found GPU NVIDIA RTX A5000 memory 25425608704 compute capability major 8 minor 6
2025-06-07 00:39:53+0900: Cuda backend thread 0: Model version 15 useFP16 = true useNHWC = true
2025-06-07 00:39:53+0900: Cuda backend thread 0: Model name: b18c384nbt-humanv0
2025-06-07 00:39:53+0900: --------------
2025-06-07 00:39:53+0900: WARNING: Config had unused keys! You may have a typo, an option you specified is being unused from human5k_pure.cfg
2025-06-07 00:39:53+0900: WARNING: Unused key 'analysisIgnorePreRootHistory' in human5k_pure.cfg
2025-06-07 00:39:53+0900: WARNING: Unused key 'rules' in human5k_pure.cfg
2025-06-07 00:39:53+0900: --------------
2025-06-07 00:39:53+0900: Loaded config human5k_pure.cfg
2025-06-07 00:39:53+0900: Loaded model ../../models/kata1-b28c512nbt-s8476434688-d4668249792.bin
2025-06-07 00:39:53+0900: Analyzing up to 1 positions at a time in parallel
2025-06-07 00:39:53+0900: Started, ready to begin handling requests
2025-06-07 00:39:53+0900: MoveNum: 5 HASH: 98A05E868E7DEBF54BAF1300FCF87021
   A B C D E F G H J K L M N O P Q R S T
19 . . . . . . . . . . . . . . . . . . .
18 . . . . . . . . . . . . . . . . . . .
17 . . . . . . . . . . . . . X3. . . . .
16 . . . O2. . . . . . . . . . . O . . .
15 . . . . . . . . . . . . . . . . . . .
14 . . . . . . . . . . . . . . . . . . .
13 . . . . . . . . . . . . . . . . . . .
12 . . . . . . . . . . . . . . . . . . .
11 . . . . . . . . . . . . . . . . . . .
10 . . . . . . . . . . . . . . . . . . .
 9 . . . . . . . . . . . . . . . . . . .
 8 . . . . . . . . . . . . . . . . . . .
 7 . . . . . . . . . . . . . . . . . . .
 6 . . . . . . . . . . . . . . . . . . .
 5 . . . . . . . . . . . . . . . . . . .
 4 . . . X . . . . . . . . . . . . X1. .
 3 . . . . . . . . . . . . . . . . . . .
 2 . . . . . . . . . . . . . . . . . . .
 1 . . . . . . . . . . . . . . . . . . .

koSIMPLEscoreTERRITORYtaxSEKIsui0komi6.5
Root visits: 53
New playouts: 53
NN rows: 52
NN batches: 27
NN avg batch size: 1.92593
PV: R14
Tree:
: T  -8.32c W  -8.13c S  -0.18c ( -0.5 L  -0.4) N      53  --  R14
---White(v)---
P17 : T  -8.40c W  -8.27c S  -0.13c ( -0.5 L  -0.4) LCB   -4.49c P 22.49% WF  15.0 PSV      24 N      15  --  P17 O16 Q14 K16 C3 D3 C4 C6
Q14 : T  -7.83c W  -7.71c S  -0.12c ( -0.5 L  -0.3) LCB    7.31c P  3.05% WF   7.0 PSV      10 N       7  --  Q14 C17 D17 C16 D15 C14
P3  : T  -7.85c W  -7.68c S  -0.17c ( -0.5 L  -0.4) LCB    0.13c P 11.09% WF   9.0 PSV       2 N       9  --  P3 Q5 P17 O16 Q14 K16 R11
C6  : T  -9.70c W  -9.38c S  -0.33c ( -0.7 L  -0.5) LCB    5.83c P  3.33% WF   7.0 PSV       1 N       7  --  C6 R14 O16 N16 O15
F3  : T  -5.23c W  -4.99c S  -0.24c ( -0.6 L  -0.5) LCB  344.77c P  2.32% WF   1.0 PSV       1 N       1  --  F3
C3  : T  -8.29c W  -8.08c S  -0.21c ( -0.5 L  -0.4) LCB   -4.05c P 41.23% WF  13.0 PSV       0 N      13  --  C3 D3 C4 D5 C5 C6 B6 P4

2025-06-07 00:39:53+0900: ../../models/kata1-b28c512nbt-s8476434688-d4668249792.bin
2025-06-07 00:39:53+0900: NN rows: 52
2025-06-07 00:39:53+0900: NN batches: 27
2025-06-07 00:39:53+0900: NN avg batch size: 1.92593
2025-06-07 00:39:53+0900: ../../models/b18c384nbt-humanv0.bin.gz
2025-06-07 00:39:53+0900: NN rows: 4
2025-06-07 00:39:53+0900: NN batches: 2
2025-06-07 00:39:53+0900: NN avg batch size: 2
2025-06-07 00:39:53+0900: GPU -1 finishing, processed 52 rows 27 batches
2025-06-07 00:39:54+0900: GPU -1 finishing, processed 4 rows 2 batches
2025-06-07 00:39:54+0900: All cleaned up, quitting
