2025-06-11 23:52:46+0900: Running with following config:
analysisIgnorePreRootHistory = false
chosenMovePrune = 0
chosenMoveSubtract = 0
chosenMoveTemperature = 0
chosenMoveTemperatureEarly = 1.0
chosenMoveTemperatureOnlyBelowProb = 0.0
ignorePreRootHistory = false
includePolicy = true
logDir = analysis_logs
logSearchInfo = true
logToStderr = true
maxVisits = 2000
nnCacheSizePowerOfTwo = 17
nnMaxBatchSize = 8
nnMutexPoolSizePowerOfTwo = 14
nnRandomize = false
numAnalysisThreads = 1
numSearchThreads = 4
reportAnalysisWinratesAs = BLACK
rootNumSymmetriesToSample = 8
rules = japanese
subtreeValueBiasFactor = 0.0
useLcbForSelection = false
useNoisePruning = false
useUncertainty = false

2025-06-11 23:52:46+0900: Analysis Engine starting...
2025-06-11 23:52:46+0900: KataGo v1.15.3
2025-06-11 23:52:46+0900: nnRandSeed0 = 17062427725849460862
2025-06-11 23:52:46+0900: After dedups: nnModelFile0 = ../../models/kata1-b28c512nbt-s8476434688-d4668249792.bin useFP16 auto useNHWC auto
2025-06-11 23:52:46+0900: Initializing neural net buffer to be size 19 * 19 allowing smaller boards
2025-06-11 23:52:48+0900: Cuda backend thread 0: Found GPU NVIDIA RTX A5000 memory 25425608704 compute capability major 8 minor 6
2025-06-11 23:52:48+0900: Cuda backend thread 0: Model version 15 useFP16 = true useNHWC = true
2025-06-11 23:52:48+0900: Cuda backend thread 0: Model name: kata1-b28c512nbt-s8476434688-d4668249792
2025-06-11 23:52:49+0900: --------------
2025-06-11 23:52:49+0900: WARNING: Config had unused keys! You may have a typo, an option you specified is being unused from analysis.cfg
2025-06-11 23:52:49+0900: WARNING: Unused key 'analysisIgnorePreRootHistory' in analysis.cfg
2025-06-11 23:52:49+0900: WARNING: Unused key 'includePolicy' in analysis.cfg
2025-06-11 23:52:49+0900: WARNING: Unused key 'rules' in analysis.cfg
2025-06-11 23:52:49+0900: --------------
2025-06-11 23:52:49+0900: Loaded config analysis.cfg
2025-06-11 23:52:49+0900: Loaded model ../../models/kata1-b28c512nbt-s8476434688-d4668249792.bin
2025-06-11 23:52:49+0900: Analyzing up to 1 positions at a time in parallel
2025-06-11 23:52:49+0900: Started, ready to begin handling requests
2025-06-11 23:53:03+0900: MoveNum: 26 HASH: 16BC948ACCAC21D5CDCC2C99D547C5A2
   A B C D E F G H J K L M N O P Q R S T
19 . . . . . . . . . . . . . . . . . . .
18 . . . . . . . . . . . . . . . . . . .
17 . X O . . O . . . . . . . . . O X . .
16 . X X O . . . . . . . . . . . O X . .
15 . X O O . . . . . . . . . . . O . . .
14 . . X O1. . . . . . . . . . . . . X .
13 . . X2O3. . . . . . . . . . . . . . .
12 . . . . . . . . . . . . . . . . . . .
11 . . . . . . . . . . . . . . . . . . .
10 . . . . . . . . . . . . . . . . . . .
 9 . . . . . . . . . . . . . . . . . . .
 8 . . . . . . . . . . . . . . . . . . .
 7 . . . . . . . . . . . . . . . . . . .
 6 . . . . . . . . . . . . . . . . . . .
 5 . . . . . . . . . . . . . . . . . . .
 4 . . . X . . . . . . . . . . X X X . .
 3 . . . . . . . . . . . . . . . O O . .
 2 . . . . . . . . . . . . . O . . . . .
 1 . . . . . . . . . . . . . . . . . . .

koSIMPLEscoreTERRITORYtaxSEKIsui0komi6.5
Root visits: 5003
New playouts: 5003
NN rows: 4469
NN batches: 2235
NN avg batch size: 1.99955
PV: M17 K17 M15 P12 J16 K16 K15 L15 L14 L16 M14 J17 O15 R18 S18 S15 R15 R14 S16 S13
Tree:
: T  -2.49c W  -2.28c S  -0.21c ( -0.2 L  -0.2) N    5003  --  M17 K17 M15 P12 J16 K16 K15
---Black(^)---
M17 : T  -0.25c W  -0.20c S  -0.06c ( -0.0 L  -0.1) LCB   -1.43c P 18.79% WF 1664.4 PSV    1622 N    1622  --  M17 K17 M15 P12 J16 K16 K15 L15
M16 : T  -2.47c W  -2.25c S  -0.21c ( -0.2 L  -0.2) LCB   -3.84c P 35.53% WF 1030.1 PSV     632 N    1034  --  M16 R18 S18 S15 Q18 R15 R11 P18
L16 : T  -2.49c W  -2.29c S  -0.20c ( -0.2 L  -0.2) LCB   -3.74c P 33.13% WF 880.4 PSV     585 N     884  --  L16 R18 S18 S15 R11 R15 Q18 P18
L17 : T  -2.90c W  -2.66c S  -0.23c ( -0.2 L  -0.2) LCB   -4.92c P  3.51% WF 364.0 PSV      54 N     367  --  L17 R18 S18 S15 R10 R15 Q18 P18
D12 : T  -6.09c W  -5.65c S  -0.43c ( -0.4 L  -0.3) LCB   -9.01c P  3.02% WF 190.9 PSV      23 N     198  --  D12 C12 B12 C11 D11 C10 D10 C9
D17 : T  -6.43c W  -5.93c S  -0.49c ( -0.4 L  -0.3) LCB   -9.21c P  2.03% WF 115.8 PSV      14 N     120  --  D17 C18 D18 E18 B18 L16 R13 D11
N17 : T  -4.22c W  -3.85c S  -0.37c ( -0.3 L  -0.2) LCB   -6.51c P  1.15% WF 288.9 PSV      12 N     295  --  N17 R18 S18 S15 R15 R14 Q18 S13
R13 : T  -6.54c W  -6.06c S  -0.48c ( -0.4 L  -0.3) LCB   -9.40c P  0.31% WF  70.7 PSV       2 N      73  --  R13 L16 N3 S4 S5 S3 R6 O3
K16 : T  -5.45c W  -5.04c S  -0.41c ( -0.4 L  -0.3) LCB   -7.86c P  0.15% WF 110.0 PSV       1 N     113  --  K16 R18 S18 S15 Q18 R15 P18 R11
O3  : T  -6.98c W  -6.46c S  -0.51c ( -0.5 L  -0.4) LCB  -10.77c P  0.16% WF  56.1 PSV       1 N      58  --  O3 N2 M16 K16 R13 R18 S18 P18

2025-06-11 23:53:03+0900: ../../models/kata1-b28c512nbt-s8476434688-d4668249792.bin
2025-06-11 23:53:03+0900: NN rows: 4469
2025-06-11 23:53:03+0900: NN batches: 2235
2025-06-11 23:53:03+0900: NN avg batch size: 1.99955
2025-06-11 23:53:03+0900: GPU -1 finishing, processed 4469 rows 2235 batches
2025-06-11 23:53:03+0900: All cleaned up, quitting
