2025-06-12 00:36:32+0900: Running with following config:
analysisIgnorePreRootHistory = false
chosenMovePrune = 0
chosenMoveSubtract = 0
chosenMoveTemperature = 0
chosenMoveTemperatureEarly = 1.0
chosenMoveTemperatureOnlyBelowProb = 0.0
ignorePreRootHistory = false
includePolicy = true
logDir = analysis_logs
logSearchInfo = true
logToStderr = true
maxVisits = 2000
nnCacheSizePowerOfTwo = 17
nnMaxBatchSize = 8
nnMutexPoolSizePowerOfTwo = 14
nnRandomize = false
numAnalysisThreads = 1
numSearchThreads = 4
reportAnalysisWinratesAs = BLACK
rootNumSymmetriesToSample = 8
rules = japanese
subtreeValueBiasFactor = 0.0
useLcbForSelection = false
useNoisePruning = false
useUncertainty = false

2025-06-12 00:36:32+0900: Analysis Engine starting...
2025-06-12 00:36:32+0900: KataGo v1.15.3
2025-06-12 00:36:32+0900: nnRandSeed0 = 5568785396008718633
2025-06-12 00:36:32+0900: After dedups: nnModelFile0 = ../../models/kata1-b28c512nbt-s8476434688-d4668249792.bin useFP16 auto useNHWC auto
2025-06-12 00:36:32+0900: Initializing neural net buffer to be size 19 * 19 allowing smaller boards
2025-06-12 00:36:35+0900: Cuda backend thread 0: Found GPU NVIDIA RTX A5000 memory 25425608704 compute capability major 8 minor 6
2025-06-12 00:36:35+0900: Cuda backend thread 0: Model version 15 useFP16 = true useNHWC = true
2025-06-12 00:36:35+0900: Cuda backend thread 0: Model name: kata1-b28c512nbt-s8476434688-d4668249792
2025-06-12 00:36:36+0900: --------------
2025-06-12 00:36:36+0900: WARNING: Config had unused keys! You may have a typo, an option you specified is being unused from analysis.cfg
2025-06-12 00:36:36+0900: WARNING: Unused key 'analysisIgnorePreRootHistory' in analysis.cfg
2025-06-12 00:36:36+0900: WARNING: Unused key 'includePolicy' in analysis.cfg
2025-06-12 00:36:36+0900: WARNING: Unused key 'rules' in analysis.cfg
2025-06-12 00:36:36+0900: --------------
2025-06-12 00:36:36+0900: Loaded config analysis.cfg
2025-06-12 00:36:36+0900: Loaded model ../../models/kata1-b28c512nbt-s8476434688-d4668249792.bin
2025-06-12 00:36:36+0900: Analyzing up to 1 positions at a time in parallel
2025-06-12 00:36:36+0900: Started, ready to begin handling requests
2025-06-12 00:36:49+0900: MoveNum: 26 HASH: 16BC948ACCAC21D5CDCC2C99D547C5A2
   A B C D E F G H J K L M N O P Q R S T
19 . . . . . . . . . . . . . . . . . . .
18 . . . . . . . . . . . . . . . . . . .
17 . X O . . O . . . . . . . . . O X . .
16 . X X O . . . . . . . . . . . O X . .
15 . X O O . . . . . . . . . . . O . . .
14 . . X O1. . . . . . . . . . . . . X .
13 . . X2O3. . . . . . . . . . . . . . .
12 . . . . . . . . . . . . . . . . . . .
11 . . . . . . . . . . . . . . . . . . .
10 . . . . . . . . . . . . . . . . . . .
 9 . . . . . . . . . . . . . . . . . . .
 8 . . . . . . . . . . . . . . . . . . .
 7 . . . . . . . . . . . . . . . . . . .
 6 . . . . . . . . . . . . . . . . . . .
 5 . . . . . . . . . . . . . . . . . . .
 4 . . . X . . . . . . . . . . X X X . .
 3 . . . . . . . . . . . . . . . O O . .
 2 . . . . . . . . . . . . . O . . . . .
 1 . . . . . . . . . . . . . . . . . . .

koSIMPLEscoreTERRITORYtaxSEKIsui0komi6.5
Root visits: 5003
New playouts: 5003
NN rows: 4487
NN batches: 2245
NN avg batch size: 1.99866
PV: M17 K17 M15 P12 J16 K16 K15 L15 L14 L16 M14 J17 O15 R18 S18 S15 R15 R14 S16 S13
Tree:
: T  -2.50c W  -2.29c S  -0.21c ( -0.2 L  -0.2) N    5003  --  M17 K17 M15 P12 J16 K16 K15
---Black(^)---
M17 : T  -0.30c W  -0.24c S  -0.06c ( -0.0 L  -0.1) LCB   -1.49c P 18.79% WF 1606.0 PSV    1566 N    1566  --  M17 K17 M15 P12 J16 K16 K15 L15
M16 : T  -2.19c W  -1.99c S  -0.20c ( -0.2 L  -0.2) LCB   -3.55c P 35.53% WF 1070.0 PSV     709 N    1070  --  M16 R18 S18 S15 Q18 R15 R11 P18
L16 : T  -2.55c W  -2.34c S  -0.20c ( -0.2 L  -0.2) LCB   -3.77c P 33.13% WF 914.8 PSV     577 N     919  --  L16 R18 S18 S15 R11 R15 Q18 P18
L17 : T  -2.93c W  -2.70c S  -0.24c ( -0.2 L  -0.2) LCB   -4.93c P  3.51% WF 362.9 PSV      54 N     366  --  L17 R18 S18 S15 R10 R15 Q18 P18
D12 : T  -6.73c W  -6.25c S  -0.48c ( -0.4 L  -0.3) LCB   -9.65c P  3.02% WF 206.9 PSV      21 N     216  --  D12 C12 B12 C11 D11 C10 D10 C9
D17 : T  -6.44c W  -5.94c S  -0.49c ( -0.4 L  -0.3) LCB   -9.21c P  2.03% WF 115.9 PSV      14 N     120  --  D17 C18 D18 E18 B18 L16 R13 D11
N17 : T  -4.29c W  -3.91c S  -0.37c ( -0.3 L  -0.2) LCB   -6.53c P  1.15% WF 289.8 PSV      12 N     296  --  N17 R18 S18 S15 R15 R14 Q18 S13
R13 : T  -6.71c W  -6.21c S  -0.50c ( -0.5 L  -0.3) LCB   -9.74c P  0.31% WF  62.9 PSV       2 N      65  --  R13 L16 N3 S4 S5 S3 R6 O3
K16 : T  -5.62c W  -5.21c S  -0.42c ( -0.4 L  -0.3) LCB   -7.97c P  0.15% WF 116.6 PSV       1 N     120  --  K16 R18 S18 S15 Q18 R15 P18 R11
O3  : T  -6.71c W  -6.21c S  -0.50c ( -0.4 L  -0.4) LCB  -10.49c P  0.16% WF  59.1 PSV       1 N      61  --  O3 N2 M16 K16 R13 R18 S18 P18

2025-06-12 00:36:49+0900: ../../models/kata1-b28c512nbt-s8476434688-d4668249792.bin
2025-06-12 00:36:49+0900: NN rows: 4487
2025-06-12 00:36:49+0900: NN batches: 2245
2025-06-12 00:36:49+0900: NN avg batch size: 1.99866
2025-06-12 00:36:49+0900: GPU -1 finishing, processed 4487 rows 2245 batches
2025-06-12 00:36:49+0900: All cleaned up, quitting
