2025-06-11 17:41:11+0900: Running with following config:
analysisIgnorePreRootHistory = false
chosenMovePrune = 0
chosenMoveSubtract = 0
chosenMoveTemperature = 1.0
chosenMoveTemperatureEarly = 1.0
chosenMoveTemperatureOnlyBelowProb = 0.0
ignorePreRootHistory = false
logDir = analysis_logs
logSearchInfo = true
logToStderr = true
maxVisits = 2000
nnCacheSizePowerOfTwo = 17
nnMaxBatchSize = 8
nnMutexPoolSizePowerOfTwo = 14
nnRandomize = false
numAnalysisThreads = 1
numSearchThreads = 4
reportAnalysisWinratesAs = BLACK
rootNumSymmetriesToSample = 1
rules = japanese
subtreeValueBiasFactor = 0.0
useLcbForSelection = false
useNoisePruning = false
useUncertainty = false

2025-06-11 17:41:11+0900: Analysis Engine starting...
2025-06-11 17:41:11+0900: KataGo v1.15.3
2025-06-11 17:41:11+0900: nnRandSeed0 = 1028350827452766283
2025-06-11 17:41:11+0900: After dedups: nnModelFile0 = ../../models/kata1-b28c512nbt-s8476434688-d4668249792.bin useFP16 auto useNHWC auto
2025-06-11 17:41:11+0900: Initializing neural net buffer to be size 19 * 19 allowing smaller boards
2025-06-11 17:41:13+0900: Cuda backend thread 0: Found GPU NVIDIA RTX A5000 memory 25425608704 compute capability major 8 minor 6
2025-06-11 17:41:13+0900: Cuda backend thread 0: Model version 15 useFP16 = true useNHWC = true
2025-06-11 17:41:13+0900: Cuda backend thread 0: Model name: kata1-b28c512nbt-s8476434688-d4668249792
2025-06-11 17:41:14+0900: --------------
2025-06-11 17:41:14+0900: WARNING: Config had unused keys! You may have a typo, an option you specified is being unused from analysis.cfg
2025-06-11 17:41:14+0900: WARNING: Unused key 'analysisIgnorePreRootHistory' in analysis.cfg
2025-06-11 17:41:14+0900: WARNING: Unused key 'rules' in analysis.cfg
2025-06-11 17:41:14+0900: --------------
2025-06-11 17:41:14+0900: Loaded config analysis.cfg
2025-06-11 17:41:14+0900: Loaded model ../../models/kata1-b28c512nbt-s8476434688-d4668249792.bin
2025-06-11 17:41:14+0900: Analyzing up to 1 positions at a time in parallel
2025-06-11 17:41:14+0900: Started, ready to begin handling requests
2025-06-11 17:41:20+0900: MoveNum: 78 HASH: A829674885A38382E79E60D634DD7A00
   A B C D E F G H J K L M N O P Q R S T
19 . . . . . . . . . . . . . . . . . . .
18 . . . . . . . . . . . . . . . . . . .
17 . . O O . . . . . . . . . . . O X . .
16 . . X O . . . . . O . . . . . O X . .
15 . . X . . . . . . . . . . . . O . . .
14 . . X O O . . . . . . . . . . . O X .
13 . . . X X O O . O1O3. . . . . O X X .
12 . . X . O X . O X . . . . . O X . . .
11 . . . O . X X X X2. . . . . O X . . .
10 . . X O . . O . . . . . O O X . . . .
 9 . . X O . . . . . . . . . X X . . . .
 8 . . X X . O . . . . . . . . . . . . .
 7 . . . . O . . . . . . . . . . . . . .
 6 . . O . . . . . . . . . . . . . . . .
 5 . . . O . . . . . . . . . . . . . . .
 4 . O O X . . . . . . . . X X X X X . .
 3 . O X X . X . . X . . O X O . O O . .
 2 . X . . . . . . . . . O X O . . . . .
 1 . . . . . . . . . . . . O . . . . . .

koSIMPLEscoreTERRITORYtaxSEKIsui0komi6.5
Root visits: 2003
New playouts: 2003
NN rows: 1723
NN batches: 863
NN avg batch size: 1.99652
PV: E8 F5 P3 P2 Q2 R2 Q1 R1 S3 S2 T2 P1 S5 K3 K4 K2 J2 L4 F9 J4
Tree:
: T  95.49c W  92.30c S   3.21c (+10.0 L  +8.1) N    2003  --  E8 F5 P3 P2 Q2 R2 Q1
---Black(^)---
E8  : T  96.51c W  93.15c S   3.38c (+10.2 L  +8.3) LCB   95.27c P 37.61% WF 521.9 PSV     517 N     517  --  E8 F5 P3 P2 Q2 R2 Q1 R1
P3  : T  97.69c W  93.55c S   4.17c (+11.1 L  +9.2) LCB   95.95c P  4.97% WF 356.8 PSV     238 N     350  --  P3 P2 Q2 R2 Q1 R1 S3 S2
E9  : T  94.09c W  91.38c S   2.74c ( +9.6 L  +7.6) LCB   92.31c P 26.02% WF 274.0 PSV     145 N     278  --  E9 S3 P13 O13 Q14 O14 O12 O11
E6  : T  95.18c W  91.85c S   3.33c (+10.1 L  +8.3) LCB   93.41c P 11.58% WF 248.9 PSV      88 N     250  --  E6 E5 F6 D7 E9 G4 F5 F4
S3  : T  95.10c W  92.13c S   3.00c ( +9.9 L  +7.9) LCB   92.90c P  8.65% WF 237.8 PSV      64 N     239  --  S3 S2 E9 S4 S5 O13 T4 T2
K17 : T  92.88c W  90.41c S   2.49c ( +9.3 L  +7.3) LCB   90.37c P  4.93% WF 112.6 PSV      21 N     115  --  K17 L17 S3 S2 E9 S4 S5 T3
P13 : T  95.37c W  92.74c S   2.64c ( +9.5 L  +7.3) LCB   93.64c P  1.82% WF 164.6 PSV      14 N     165  --  P13 O13 Q14 O14 E8 F5 F9 G8
F9  : T  89.38c W  87.55c S   1.83c ( +8.7 L  +6.9) LCB   81.26c P  2.35% WF  35.6 PSV       6 N      37  --  F9 E8 E9 S3 E6 D7 F6
H14 : T  92.56c W  90.25c S   2.32c ( +9.2 L  +7.1) LCB   88.81c P  0.28% WF  29.5 PSV       1 N      30  --  H14 H13 E9 O13 P3 P2
D7  : T  90.01c W  88.29c S   1.73c ( +8.6 L  +6.5) LCB   84.92c P  0.49% WF  17.5 PSV       1 N      18  --  D7 E5 E8 G4

2025-06-11 17:41:20+0900: ../../models/kata1-b28c512nbt-s8476434688-d4668249792.bin
2025-06-11 17:41:20+0900: NN rows: 1723
2025-06-11 17:41:20+0900: NN batches: 863
2025-06-11 17:41:20+0900: NN avg batch size: 1.99652
2025-06-11 17:41:20+0900: GPU -1 finishing, processed 1723 rows 863 batches
2025-06-11 17:41:20+0900: All cleaned up, quitting
