2025-06-07 00:39:02+0900: Running with following config:
analysisIgnorePreRootHistory = false
chosenMovePrune = 0
chosenMoveSubtract = 0
chosenMoveTemperature = 1.0
chosenMoveTemperatureEarly = 1.0
chosenMoveTemperatureOnlyBelowProb = 0.0
humanSLChosenMoveIgnorePass = true
humanSLChosenMovePiklLambda = 100000000
humanSLChosenMoveProp = 1.0
humanSLOppExploreProbWeightful = 0.0
humanSLOppExploreProbWeightless = 0.0
humanSLPlaExploreProbWeightful = 0.0
humanSLPlaExploreProbWeightless = 0.0
humanSLProfile = rank_5k
humanSLRootExploreProbWeightful = 0.0
humanSLRootExploreProbWeightless = 0.0
ignorePreRootHistory = false
logDir = analysis_logs
logSearchInfo = true
logToStderr = true
maxVisits = 1
nnCacheSizePowerOfTwo = 17
nnMaxBatchSize = 8
nnMutexPoolSizePowerOfTwo = 14
nnRandomize = false
numAnalysisThreads = 1
numSearchThreads = 4
reportAnalysisWinratesAs = BLACK
rootNumSymmetriesToSample = 1
rules = japanese
subtreeValueBiasFactor = 0.0
useLcbForSelection = false
useNoisePruning = false
useUncertainty = false

2025-06-07 00:39:02+0900: Analysis Engine starting...
2025-06-07 00:39:02+0900: KataGo v1.15.3
2025-06-07 00:39:02+0900: nnRandSeed0 = 13538491459466562771
2025-06-07 00:39:02+0900: After dedups: nnModelFile0 = ../../models/kata1-b28c512nbt-s8476434688-d4668249792.bin useFP16 auto useNHWC auto
2025-06-07 00:39:02+0900: Initializing neural net buffer to be size 19 * 19 allowing smaller boards
2025-06-07 00:39:04+0900: Cuda backend thread 0: Found GPU NVIDIA RTX A5000 memory 25425608704 compute capability major 8 minor 6
2025-06-07 00:39:04+0900: Cuda backend thread 0: Model version 15 useFP16 = true useNHWC = true
2025-06-07 00:39:04+0900: Cuda backend thread 0: Model name: kata1-b28c512nbt-s8476434688-d4668249792
2025-06-07 00:39:05+0900: nnRandSeed0 = 3840069531919241329
2025-06-07 00:39:05+0900: After dedups: nnModelFile0 = ../../models/b18c384nbt-humanv0.bin.gz useFP16 auto useNHWC auto
2025-06-07 00:39:05+0900: Initializing neural net buffer to be size 19 * 19 allowing smaller boards
2025-06-07 00:39:06+0900: Cuda backend thread 0: Found GPU NVIDIA RTX A5000 memory 25425608704 compute capability major 8 minor 6
2025-06-07 00:39:06+0900: Cuda backend thread 0: Model version 15 useFP16 = true useNHWC = true
2025-06-07 00:39:06+0900: Cuda backend thread 0: Model name: b18c384nbt-humanv0
2025-06-07 00:39:06+0900: --------------
2025-06-07 00:39:06+0900: WARNING: Config had unused keys! You may have a typo, an option you specified is being unused from human5k_pure.cfg
2025-06-07 00:39:06+0900: WARNING: Unused key 'analysisIgnorePreRootHistory' in human5k_pure.cfg
2025-06-07 00:39:06+0900: WARNING: Unused key 'rules' in human5k_pure.cfg
2025-06-07 00:39:06+0900: --------------
2025-06-07 00:39:06+0900: Loaded config human5k_pure.cfg
2025-06-07 00:39:06+0900: Loaded model ../../models/kata1-b28c512nbt-s8476434688-d4668249792.bin
2025-06-07 00:39:06+0900: Analyzing up to 1 positions at a time in parallel
2025-06-07 00:39:06+0900: Started, ready to begin handling requests
2025-06-07 00:39:07+0900: MoveNum: 7 HASH: B66D1387E9D74DC7B394D0769D5B4711
   A B C D E F G H J K L M N O P Q R S T
19 . . . . . . . . . . . . . . . . . . .
18 . . . . . . . . . . . . . . . . . . .
17 . . . O . . . . . . . . . . . . . . .
16 . . . . . . . . . . . . . . . O . . .
15 . . O2. . . . . . . . . . . . . . . .
14 . . . . . . . . . . . . . . . . . . .
13 . . . . . . . . . . . . . . . . . . .
12 . . . . . . . . . . . . . . . . . . .
11 . . . . . . . . . . . . . . . . . . .
10 . . . . . . . . . . . . . . . . . . .
 9 . . . . . . . . . . . . . . . . . . .
 8 . . . . . . . . . . . . . . . . . . .
 7 . . . . . . . . . . . . . . . . . . .
 6 . . . . . . . . . . . . . . . . . . .
 5 . . . . . . . . . . . . . . . . . . .
 4 . . . X . . . . . . . . . . X3. X . .
 3 . . . . . . . . . . X1. . . . . . . .
 2 . . . . . . . . . . . . . . . . . . .
 1 . . . . . . . . . . . . . . . . . . .

koSIMPLEscoreTERRITORYtaxSEKIsui0komi6.5
Root visits: 53
New playouts: 53
NN rows: 53
NN batches: 27
NN avg batch size: 1.96296
PV: K16
Tree:
: T  -5.51c W  -5.48c S  -0.03c ( -0.4 L  -0.3) N      53  --  K16
---White(v)---
C6  : T  -7.86c W  -7.69c S  -0.17c ( -0.5 L  -0.4) LCB   -3.34c P 37.69% WF  14.1 PSV      18 N      14  --  C6 R17 Q17 R16 R14 S14 R13
R14 : T  -3.05c W  -3.17c S   0.12c ( -0.2 L  -0.2) LCB    4.17c P 14.93% WF  11.9 PSV       5 N      12  --  R14 C6 D7 D14 D15 Q13
C3  : T  -6.01c W  -5.96c S  -0.06c ( -0.4 L  -0.3) LCB    0.15c P 27.38% WF  14.0 PSV       2 N      14  --  C3 D3 C4 C6 C5 D5 B6 R17
O17 : T  -4.87c W  -4.87c S   0.00c ( -0.3 L  -0.3) LCB    4.12c P  4.01% WF   9.0 PSV       1 N       9  --  O17 C6 R10 D14
Q14 : T  -3.28c W  -3.39c S   0.11c ( -0.2 L  -0.2) LCB   70.72c P  2.04% WF   3.0 PSV       0 N       3  --  Q14 C6 Q10

2025-06-07 00:39:07+0900: ../../models/kata1-b28c512nbt-s8476434688-d4668249792.bin
2025-06-07 00:39:07+0900: NN rows: 53
2025-06-07 00:39:07+0900: NN batches: 27
2025-06-07 00:39:07+0900: NN avg batch size: 1.96296
2025-06-07 00:39:07+0900: ../../models/b18c384nbt-humanv0.bin.gz
2025-06-07 00:39:07+0900: NN rows: 4
2025-06-07 00:39:07+0900: NN batches: 2
2025-06-07 00:39:07+0900: NN avg batch size: 2
2025-06-07 00:39:07+0900: GPU -1 finishing, processed 53 rows 27 batches
2025-06-07 00:39:07+0900: GPU -1 finishing, processed 4 rows 2 batches
2025-06-07 00:39:07+0900: All cleaned up, quitting
