2025-06-07 00:39:24+0900: Running with following config:
analysisIgnorePreRootHistory = false
chosenMovePrune = 0
chosenMoveSubtract = 0
chosenMoveTemperature = 1.0
chosenMoveTemperatureEarly = 1.0
chosenMoveTemperatureOnlyBelowProb = 0.0
humanSLChosenMoveIgnorePass = true
humanSLChosenMovePiklLambda = 100000000
humanSLChosenMoveProp = 1.0
humanSLOppExploreProbWeightful = 0.0
humanSLOppExploreProbWeightless = 0.0
humanSLPlaExploreProbWeightful = 0.0
humanSLPlaExploreProbWeightless = 0.0
humanSLProfile = rank_5k
humanSLRootExploreProbWeightful = 0.0
humanSLRootExploreProbWeightless = 0.0
ignorePreRootHistory = false
logDir = analysis_logs
logSearchInfo = true
logToStderr = true
maxVisits = 1
nnCacheSizePowerOfTwo = 17
nnMaxBatchSize = 8
nnMutexPoolSizePowerOfTwo = 14
nnRandomize = false
numAnalysisThreads = 1
numSearchThreads = 4
reportAnalysisWinratesAs = BLACK
rootNumSymmetriesToSample = 1
rules = japanese
subtreeValueBiasFactor = 0.0
useLcbForSelection = false
useNoisePruning = false
useUncertainty = false

2025-06-07 00:39:24+0900: Analysis Engine starting...
2025-06-07 00:39:24+0900: KataGo v1.15.3
2025-06-07 00:39:24+0900: nnRandSeed0 = 117625251411703636
2025-06-07 00:39:24+0900: After dedups: nnModelFile0 = ../../models/kata1-b28c512nbt-s8476434688-d4668249792.bin useFP16 auto useNHWC auto
2025-06-07 00:39:24+0900: Initializing neural net buffer to be size 19 * 19 allowing smaller boards
2025-06-07 00:39:27+0900: Cuda backend thread 0: Found GPU NVIDIA RTX A5000 memory 25425608704 compute capability major 8 minor 6
2025-06-07 00:39:27+0900: Cuda backend thread 0: Model version 15 useFP16 = true useNHWC = true
2025-06-07 00:39:27+0900: Cuda backend thread 0: Model name: kata1-b28c512nbt-s8476434688-d4668249792
2025-06-07 00:39:28+0900: nnRandSeed0 = 14415807959357193739
2025-06-07 00:39:28+0900: After dedups: nnModelFile0 = ../../models/b18c384nbt-humanv0.bin.gz useFP16 auto useNHWC auto
2025-06-07 00:39:28+0900: Initializing neural net buffer to be size 19 * 19 allowing smaller boards
2025-06-07 00:39:29+0900: Cuda backend thread 0: Found GPU NVIDIA RTX A5000 memory 25425608704 compute capability major 8 minor 6
2025-06-07 00:39:29+0900: Cuda backend thread 0: Model version 15 useFP16 = true useNHWC = true
2025-06-07 00:39:29+0900: Cuda backend thread 0: Model name: b18c384nbt-humanv0
2025-06-07 00:39:30+0900: --------------
2025-06-07 00:39:30+0900: WARNING: Config had unused keys! You may have a typo, an option you specified is being unused from human5k_pure.cfg
2025-06-07 00:39:30+0900: WARNING: Unused key 'analysisIgnorePreRootHistory' in human5k_pure.cfg
2025-06-07 00:39:30+0900: WARNING: Unused key 'rules' in human5k_pure.cfg
2025-06-07 00:39:30+0900: --------------
2025-06-07 00:39:30+0900: Loaded config human5k_pure.cfg
2025-06-07 00:39:30+0900: Loaded model ../../models/kata1-b28c512nbt-s8476434688-d4668249792.bin
2025-06-07 00:39:30+0900: Analyzing up to 1 positions at a time in parallel
2025-06-07 00:39:30+0900: Started, ready to begin handling requests
2025-06-07 00:39:30+0900: MoveNum: 11 HASH: 401F2C4DB9C9CB6C3B587833AE509F48
   A B C D E F G H J K L M N O P Q R S T
19 . . . . . . . . . . . . . . . . . . .
18 . . . . . . . . . . . . . . . . . . .
17 . . . O . . . . . . . . . . . . . . .
16 . . . . . . . . . . . . . . . O . . .
15 . . O . . . . . . . . . . . . . . . .
14 . . . . . . . . . . . . . . . . . . .
13 . . . . . . . . . . . . . . . . . . .
12 . . . . . . . . . . . . . . . . . . .
11 . . . . . . . . . . . . . . . . . . .
10 . . . . . . . . . . . . . . . . . . .
 9 . . . . . . . . . . . . . . . . . . .
 8 . . . . . . . . . . . . . . . . . . .
 7 . . . . . . . . . . . . . . . . . . .
 6 . . . . . . . . . . . . . . . . . . .
 5 . . . . . . . . . . . . . . . . . . .
 4 . . . X . . . . . . . . . . X . X . .
 3 . . O2X3. O . X1. . X . . . . . . . .
 2 . . . . . . . . . . . . . . . . . . .
 1 . . . . . . . . . . . . . . . . . . .

koSIMPLEscoreTERRITORYtaxSEKIsui0komi6.5
Root visits: 52
New playouts: 52
NN rows: 53
NN batches: 27
NN avg batch size: 1.96296
PV: C4 D5 D2 E2 C2 F2 C6 R14 R10 R8
Tree:
: T  -6.60c W  -6.78c S   0.18c ( -0.5 L  -0.4) N      52  --  C4 D5 D2 E2 C2 F2 C6
---White(v)---
C4  : T -10.56c W -10.46c S  -0.10c ( -0.7 L  -0.5) LCB   -5.33c P 98.46% WF  35.6 PSV      30 N      35  --  C4 D5 D2 E2 C2 F2 C6 R14
D2  : T   1.09c W   0.31c S   0.78c ( +0.1 L  -0.2) LCB   29.88c P  0.57% WF   4.8 PSV       5 N       5  --  D2 C4 B2 B3 C2
Q3  : T  11.69c W  10.14c S   1.55c ( +0.8 L  +0.5) LCB  361.69c P  0.07% WF   1.0 PSV       0 N       1  --  Q3
Q5  : T   0.24c W  -0.37c S   0.61c ( -0.1 L  -0.1) LCB   13.90c P  0.15% WF   7.7 PSV       0 N       8  --  Q5 Q4 C4 D5 D2 E2
S4  : T  17.62c W  15.62c S   1.99c ( +1.2 L  +0.8) LCB  367.62c P  0.07% WF   0.9 PSV       0 N       1  --  S4
R3  : T  10.43c W   8.95c S   1.48c ( +0.7 L  +0.3) LCB  360.43c P  0.11% WF   1.0 PSV       0 N       1  --  R3

2025-06-07 00:39:30+0900: ../../models/kata1-b28c512nbt-s8476434688-d4668249792.bin
2025-06-07 00:39:30+0900: NN rows: 53
2025-06-07 00:39:30+0900: NN batches: 27
2025-06-07 00:39:30+0900: NN avg batch size: 1.96296
2025-06-07 00:39:30+0900: ../../models/b18c384nbt-humanv0.bin.gz
2025-06-07 00:39:30+0900: NN rows: 4
2025-06-07 00:39:30+0900: NN batches: 2
2025-06-07 00:39:30+0900: NN avg batch size: 2
2025-06-07 00:39:30+0900: GPU -1 finishing, processed 53 rows 27 batches
2025-06-07 00:39:30+0900: GPU -1 finishing, processed 4 rows 2 batches
2025-06-07 00:39:30+0900: All cleaned up, quitting
