2025-06-11 17:40:49+0900: Running with following config:
analysisIgnorePreRootHistory = false
chosenMovePrune = 0
chosenMoveSubtract = 0
chosenMoveTemperature = 1.0
chosenMoveTemperatureEarly = 1.0
chosenMoveTemperatureOnlyBelowProb = 0.0
ignorePreRootHistory = false
logDir = analysis_logs
logSearchInfo = true
logToStderr = true
maxVisits = 2000
nnCacheSizePowerOfTwo = 17
nnMaxBatchSize = 8
nnMutexPoolSizePowerOfTwo = 14
nnRandomize = false
numAnalysisThreads = 1
numSearchThreads = 4
reportAnalysisWinratesAs = BLACK
rootNumSymmetriesToSample = 1
rules = japanese
subtreeValueBiasFactor = 0.0
useLcbForSelection = false
useNoisePruning = false
useUncertainty = false

2025-06-11 17:40:49+0900: Analysis Engine starting...
2025-06-11 17:40:49+0900: KataGo v1.15.3
2025-06-11 17:40:50+0900: nnRandSeed0 = 1134521460225203302
2025-06-11 17:40:50+0900: After dedups: nnModelFile0 = ../../models/kata1-b28c512nbt-s8476434688-d4668249792.bin useFP16 auto useNHWC auto
2025-06-11 17:40:50+0900: Initializing neural net buffer to be size 19 * 19 allowing smaller boards
2025-06-11 17:40:52+0900: Cuda backend thread 0: Found GPU NVIDIA RTX A5000 memory 25425608704 compute capability major 8 minor 6
2025-06-11 17:40:52+0900: Cuda backend thread 0: Model version 15 useFP16 = true useNHWC = true
2025-06-11 17:40:52+0900: Cuda backend thread 0: Model name: kata1-b28c512nbt-s8476434688-d4668249792
2025-06-11 17:40:53+0900: --------------
2025-06-11 17:40:53+0900: WARNING: Config had unused keys! You may have a typo, an option you specified is being unused from analysis.cfg
2025-06-11 17:40:53+0900: WARNING: Unused key 'analysisIgnorePreRootHistory' in analysis.cfg
2025-06-11 17:40:53+0900: WARNING: Unused key 'rules' in analysis.cfg
2025-06-11 17:40:53+0900: --------------
2025-06-11 17:40:53+0900: Loaded config analysis.cfg
2025-06-11 17:40:53+0900: Loaded model ../../models/kata1-b28c512nbt-s8476434688-d4668249792.bin
2025-06-11 17:40:53+0900: Analyzing up to 1 positions at a time in parallel
2025-06-11 17:40:53+0900: Started, ready to begin handling requests
2025-06-11 17:40:55+0900: MoveNum: 78 HASH: A829674885A38382E79E60D634DD7A00
   A B C D E F G H J K L M N O P Q R S T
19 . . . . . . . . . . . . . . . . . . .
18 . . . . . . . . . . . . . . . . . . .
17 . . O O . . . . . . . . . . . O X . .
16 . . X O . . . . . O . . . . . O X . .
15 . . X . . . . . . . . . . . . O . . .
14 . . X O O . . . . . . . . . . . O X .
13 . . . X X O O . O1O3. . . . . O X X .
12 . . X . O X . O X . . . . . O X . . .
11 . . . O . X X X X2. . . . . O X . . .
10 . . X O . . O . . . . . O O X . . . .
 9 . . X O . . . . . . . . . X X . . . .
 8 . . X X . O . . . . . . . . . . . . .
 7 . . . . O . . . . . . . . . . . . . .
 6 . . O . . . . . . . . . . . . . . . .
 5 . . . O . . . . . . . . . . . . . . .
 4 . O O X . . . . . . . . X X X X X . .
 3 . O X X . X . . X . . O X O . O O . .
 2 . X . . . . . . . . . O X O . . . . .
 1 . . . . . . . . . . . . O . . . . . .

koSIMPLEscoreTERRITORYtaxSEKIsui0komi6.5
Root visits: 503
New playouts: 503
NN rows: 465
NN batches: 233
NN avg batch size: 1.99571
PV: E8 F5 F9 G8 P3 P2 Q2 R2
Tree:
: T  95.63c W  92.48c S   3.17c (+10.0 L  +8.0) N     503  --  E8 F5 F9 G8 P3 P2 Q2
---Black(^)---
E8  : T  96.92c W  93.55c S   3.38c (+10.1 L  +8.1) LCB   94.99c P 37.61% WF 133.2 PSV     132 N     132  --  E8 F5 F9 G8 P3 P2 Q2 R2
E9  : T  95.35c W  92.29c S   3.08c ( +9.9 L  +7.9) LCB   92.80c P 26.02% WF  97.7 PSV      56 N      98  --  E9 S3 E6 E5 F6 F5 G6 G5
E6  : T  95.83c W  92.58c S   3.25c (+10.1 L  +8.2) LCB   93.26c P 11.58% WF  61.0 PSV      28 N      61  --  E6 E5 F6 D7 E9 G4 F5 F4
S3  : T  95.26c W  92.12c S   3.15c (+10.0 L  +8.0) LCB   91.36c P  8.65% WF  67.8 PSV      18 N      68  --  S3 S2 E9 S4 S5 O13 T4 T2
P3  : T  95.95c W  92.09c S   3.88c (+10.8 L  +8.8) LCB   91.12c P  4.97% WF  55.1 PSV      12 N      55  --  P3 P2 Q2 R2 Q1 R1 S3 S2
K17 : T  92.83c W  90.44c S   2.40c ( +9.2 L  +7.3) LCB   89.70c P  4.93% WF  28.5 PSV       6 N      29  --  K17 L17 L16 L18 E9 S3
P13 : T  96.20c W  93.43c S   2.78c ( +9.6 L  +7.3) LCB   93.30c P  1.82% WF  43.1 PSV       5 N      43  --  P13 O13 Q14 O14 E8 F5 P3 P2
F9  : T  89.32c W  87.64c S   1.68c ( +8.5 L  +6.5) LCB   77.05c P  2.35% WF  10.7 PSV       2 N      11  --  F9 E8 E9 S3 E6
D7  : T  89.01c W  87.67c S   1.35c ( +8.2 L  +6.0) LCB   14.85c P  0.49% WF   2.9 PSV       0 N       3  --  D7 E6
H14 : T  91.79c W  89.88c S   1.90c ( +8.8 L  +6.7) LCB  -57.14c P  0.28% WF   2.0 PSV       0 N       2  --  H14 H13

2025-06-11 17:40:55+0900: ../../models/kata1-b28c512nbt-s8476434688-d4668249792.bin
2025-06-11 17:40:55+0900: NN rows: 465
2025-06-11 17:40:55+0900: NN batches: 233
2025-06-11 17:40:55+0900: NN avg batch size: 1.99571
2025-06-11 17:40:55+0900: GPU -1 finishing, processed 465 rows 233 batches
2025-06-11 17:40:55+0900: All cleaned up, quitting
