2025-06-07 03:01:35+0900: Running with following config:
analysisIgnorePreRootHistory = false
chosenMovePrune = 0
chosenMoveSubtract = 0
chosenMoveTemperature = 1.0
chosenMoveTemperatureEarly = 1.0
chosenMoveTemperatureOnlyBelowProb = 0.0
ignorePreRootHistory = false
logDir = analysis_logs
logSearchInfo = true
logToStderr = true
maxVisits = 500
nnCacheSizePowerOfTwo = 17
nnMaxBatchSize = 8
nnMutexPoolSizePowerOfTwo = 14
nnRandomize = false
numAnalysisThreads = 1
numSearchThreads = 4
reportAnalysisWinratesAs = BLACK
rootNumSymmetriesToSample = 1
rules = japanese
subtreeValueBiasFactor = 0.0
useLcbForSelection = false
useNoisePruning = false
useUncertainty = false

2025-06-07 03:01:35+0900: Analysis Engine starting...
2025-06-07 03:01:35+0900: KataGo v1.15.3
2025-06-07 03:01:35+0900: nnRandSeed0 = 15048213454781900347
2025-06-07 03:01:35+0900: After dedups: nnModelFile0 = ../../models/kata1-b28c512nbt-s8476434688-d4668249792.bin useFP16 auto useNHWC auto
2025-06-07 03:01:35+0900: Initializing neural net buffer to be size 19 * 19 allowing smaller boards
2025-06-07 03:01:38+0900: Cuda backend thread 0: Found GPU NVIDIA RTX A5000 memory 25425608704 compute capability major 8 minor 6
2025-06-07 03:01:38+0900: Cuda backend thread 0: Model version 15 useFP16 = true useNHWC = true
2025-06-07 03:01:38+0900: Cuda backend thread 0: Model name: kata1-b28c512nbt-s8476434688-d4668249792
2025-06-07 03:01:39+0900: --------------
2025-06-07 03:01:39+0900: WARNING: Config had unused keys! You may have a typo, an option you specified is being unused from analysis.cfg
2025-06-07 03:01:39+0900: WARNING: Unused key 'analysisIgnorePreRootHistory' in analysis.cfg
2025-06-07 03:01:39+0900: WARNING: Unused key 'rules' in analysis.cfg
2025-06-07 03:01:39+0900: --------------
2025-06-07 03:01:39+0900: Loaded config analysis.cfg
2025-06-07 03:01:39+0900: Loaded model ../../models/kata1-b28c512nbt-s8476434688-d4668249792.bin
2025-06-07 03:01:39+0900: Analyzing up to 1 positions at a time in parallel
2025-06-07 03:01:39+0900: Started, ready to begin handling requests
2025-06-07 03:01:41+0900: MoveNum: 2 HASH: EB5B48764F3CF87F19236A45508C4ACB
   A B C D E F G H J K L M N O P Q R S T
19 . . . . . . . . . . . . . . . . . . .
18 . . . . . . . . . . . . . . . . . . .
17 . . . . . . . . . . . . . . . . . . .
16 . . . . . . . . . . . . . . . O2. . .
15 . . . . . . . . . . . . . . . . . . .
14 . . . . . . . . . . . . . . . . . . .
13 . . . . . . . . . . . . . . . . . . .
12 . . . . . . . . . . . . . . . . . . .
11 . . . . . . . . . . . . . . . . . . .
10 . . . . . . . . . . . . . . . . . . .
 9 . . . . . . . . . . . . . . . . . . .
 8 . . . . . . . . . . . . . . . . . . .
 7 . . . . . . . . . . . . . . . . . . .
 6 . . . . . . . . . . . . . . . . . . .
 5 . . . . . . . . . . . . . . . . . . .
 4 . . . X1. . . . . . . . . . . . . . .
 3 . . . . . . . . . . . . . . . . . . .
 2 . . . . . . . . . . . . . . . . . . .
 1 . . . . . . . . . . . . . . . . . . .

koSIMPLEscoreTERRITORYtaxSEKIsui0komi6.5
Root visits: 503
New playouts: 503
NN rows: 486
NN batches: 244
NN avg batch size: 1.9918
PV: Q4 D16 C14 R3 R4 Q3 P4 O2 F17 F16 G16 F15 D17 C17 E17 C16 C11 D12 C12 D14
Tree:
: T  -7.30c W  -7.14c S  -0.16c ( -0.5 L  -0.4) N     503  --  Q4 D16 C14 R3 R4 Q3 P4
---Black(^)---
Q4  : T  -6.04c W  -6.00c S  -0.04c ( -0.4 L  -0.3) LCB   -7.62c P 27.60% WF 116.9 PSV     116 N     116  --  Q4 D16 C14 R3 R4 Q3 P4 O2
R17 : T  -7.22c W  -7.07c S  -0.15c ( -0.5 L  -0.4) LCB   -8.69c P  8.02% WF  57.0 PSV      19 N      57  --  R17 R16 Q17 P16 O18 D16 Q4 C3
R14 : T  -6.52c W  -6.48c S  -0.04c ( -0.4 L  -0.3) LCB   -7.90c P  5.73% WF  70.3 PSV      18 N      70  --  R14 Q4 D16 R15 Q14 O16 Q10 C3
R4  : T  -5.99c W  -5.88c S  -0.12c ( -0.5 L  -0.4) LCB   -7.42c P  3.12% WF  74.5 PSV      13 N      74  --  R4 D16 C6 P3 Q5 M3 C17 D17
F3  : T  -7.49c W  -7.21c S  -0.28c ( -0.6 L  -0.5) LCB   -8.96c P  1.55% WF  42.9 PSV       3 N      43  --  F3 D16 R4 P3 Q5 M3 R17 R16
Q3  : T  -8.24c W  -8.01c S  -0.24c ( -0.6 L  -0.4) LCB  -10.04c P  1.77% WF  35.8 PSV       3 N      36  --  Q3 D16 C17 C16 D17 E16 F18 C3
Q5  : T  -8.76c W  -8.52c S  -0.24c ( -0.6 L  -0.4) LCB  -11.45c P  1.54% WF  37.6 PSV       2 N      38  --  Q5 D16 Q3 C3 D3 C4 D5 C6
P4  : T  -9.68c W  -9.35c S  -0.33c ( -0.7 L  -0.5) LCB  -12.91c P  0.94% WF  17.8 PSV       1 N      18  --  P4 D16 R4 C3 D3 C4 D5 C6
F4  : T  -9.57c W  -9.18c S  -0.39c ( -0.7 L  -0.5) LCB  -13.15c P  0.70% WF  15.8 PSV       0 N      16  --  F4 D16 R4 P3 Q5
R5  : T -11.49c W -11.01c S  -0.48c ( -0.8 L  -0.6) LCB  -17.58c P  0.62% WF  11.8 PSV       0 N      12  --  R5 D16 Q3 C3 D3 C4 D5 C6

2025-06-07 03:01:41+0900: ../../models/kata1-b28c512nbt-s8476434688-d4668249792.bin
2025-06-07 03:01:41+0900: NN rows: 486
2025-06-07 03:01:41+0900: NN batches: 244
2025-06-07 03:01:41+0900: NN avg batch size: 1.9918
2025-06-07 03:01:41+0900: GPU -1 finishing, processed 486 rows 244 batches
2025-06-07 03:01:41+0900: All cleaned up, quitting
