2025-06-07 00:40:25+0900: Running with following config:
analysisIgnorePreRootHistory = false
chosenMovePrune = 0
chosenMoveSubtract = 0
chosenMoveTemperature = 1.0
chosenMoveTemperatureEarly = 1.0
chosenMoveTemperatureOnlyBelowProb = 0.0
humanSLChosenMoveIgnorePass = true
humanSLChosenMovePiklLambda = 100000000
humanSLChosenMoveProp = 1.0
humanSLOppExploreProbWeightful = 0.0
humanSLOppExploreProbWeightless = 0.0
humanSLPlaExploreProbWeightful = 0.0
humanSLPlaExploreProbWeightless = 0.0
humanSLProfile = rank_5k
humanSLRootExploreProbWeightful = 0.0
humanSLRootExploreProbWeightless = 0.0
ignorePreRootHistory = false
logDir = analysis_logs
logSearchInfo = true
logToStderr = true
maxVisits = 1
nnCacheSizePowerOfTwo = 17
nnMaxBatchSize = 8
nnMutexPoolSizePowerOfTwo = 14
nnRandomize = false
numAnalysisThreads = 1
numSearchThreads = 4
reportAnalysisWinratesAs = BLACK
rootNumSymmetriesToSample = 1
rules = japanese
subtreeValueBiasFactor = 0.0
useLcbForSelection = false
useNoisePruning = false
useUncertainty = false

2025-06-07 00:40:25+0900: Analysis Engine starting...
2025-06-07 00:40:25+0900: KataGo v1.15.3
2025-06-07 00:40:25+0900: nnRandSeed0 = 11737089413476703075
2025-06-07 00:40:25+0900: After dedups: nnModelFile0 = ../../models/kata1-b28c512nbt-s8476434688-d4668249792.bin useFP16 auto useNHWC auto
2025-06-07 00:40:25+0900: Initializing neural net buffer to be size 19 * 19 allowing smaller boards
2025-06-07 00:40:27+0900: Cuda backend thread 0: Found GPU NVIDIA RTX A5000 memory 25425608704 compute capability major 8 minor 6
2025-06-07 00:40:27+0900: Cuda backend thread 0: Model version 15 useFP16 = true useNHWC = true
2025-06-07 00:40:27+0900: Cuda backend thread 0: Model name: kata1-b28c512nbt-s8476434688-d4668249792
2025-06-07 00:40:29+0900: nnRandSeed0 = 11832921553734593066
2025-06-07 00:40:29+0900: After dedups: nnModelFile0 = ../../models/b18c384nbt-humanv0.bin.gz useFP16 auto useNHWC auto
2025-06-07 00:40:29+0900: Initializing neural net buffer to be size 19 * 19 allowing smaller boards
2025-06-07 00:40:30+0900: Cuda backend thread 0: Found GPU NVIDIA RTX A5000 memory 25425608704 compute capability major 8 minor 6
2025-06-07 00:40:30+0900: Cuda backend thread 0: Model version 15 useFP16 = true useNHWC = true
2025-06-07 00:40:30+0900: Cuda backend thread 0: Model name: b18c384nbt-humanv0
2025-06-07 00:40:30+0900: --------------
2025-06-07 00:40:30+0900: WARNING: Config had unused keys! You may have a typo, an option you specified is being unused from human5k_pure.cfg
2025-06-07 00:40:30+0900: WARNING: Unused key 'analysisIgnorePreRootHistory' in human5k_pure.cfg
2025-06-07 00:40:30+0900: WARNING: Unused key 'rules' in human5k_pure.cfg
2025-06-07 00:40:30+0900: --------------
2025-06-07 00:40:30+0900: Loaded config human5k_pure.cfg
2025-06-07 00:40:30+0900: Loaded model ../../models/kata1-b28c512nbt-s8476434688-d4668249792.bin
2025-06-07 00:40:30+0900: Analyzing up to 1 positions at a time in parallel
2025-06-07 00:40:30+0900: Started, ready to begin handling requests
2025-06-07 00:40:31+0900: MoveNum: 11 HASH: 96D6CFA1B8F57FD480F1E12B04D394F9
   A B C D E F G H J K L M N O P Q R S T
19 . . . . . . . . . . . . . . . . . . .
18 . . . . . . . . . . . . . . . X . . .
17 . . X3. . . O2. . . . . . X . . O . .
16 . . . O . . . . . X1. . . . . O . . .
15 . . . . . . . . . . . . . . . . . . .
14 . . . . . . . . . . . . . . . . O . .
13 . . . . . . . . . . . . . . . . . . .
12 . . . . . . . . . . . . . . . . . . .
11 . . . . . . . . . . . . . . . . . . .
10 . . . . . . . . . . . . . . . . . . .
 9 . . . . . . . . . . . . . . . . . . .
 8 . . . . . . . . . . . . . . . . . . .
 7 . . . . . . . . . . . . . . . . . . .
 6 . . . . . . . . . . . . . . . . . . .
 5 . . . . . . . . . . . . . . . . . . .
 4 . . . X . . . . . . . . . . . . X . .
 3 . . . . . . . . . . . . . . . . . . .
 2 . . . . . . . . . . . . . . . . . . .
 1 . . . . . . . . . . . . . . . . . . .

koSIMPLEscoreTERRITORYtaxSEKIsui0komi6.5
Root visits: 53
New playouts: 53
NN rows: 51
NN batches: 27
NN avg batch size: 1.88889
PV: C16 D17 E17 B16 B15 E18 F16 F18 B17
Tree:
: T -16.68c W -16.16c S  -0.51c ( -1.1 L  -0.7) N      53  --  C16 D17 E17 B16 B15 E18 F16
---White(v)---
C16 : T -21.76c W -20.89c S  -0.87c ( -1.4 L  -0.9) LCB  -16.01c P 90.73% WF  35.7 PSV      35 N      35  --  C16 D17 E17 B16 B15 E18 F16 F18
M17 : T  -3.47c W  -3.80c S   0.34c ( -0.3 L  -0.3) LCB  346.53c P  0.50% WF   1.0 PSV       0 N       1  --  M17
L17 : T  -1.66c W  -2.21c S   0.55c ( -0.1 L  -0.1) LCB   41.36c P  4.03% WF   3.8 PSV       0 N       4  --  L17 C16 N16 N17
M16 : T   1.05c W   0.32c S   0.73c ( +0.1 L  +0.2) LCB  150.07c P  0.64% WF   1.9 PSV       0 N       2  --  M16 C16
N16 : T  -8.80c W  -8.84c S   0.04c ( -0.6 L  -0.3) LCB    4.01c P  2.03% WF   9.6 PSV       0 N      10  --  N16 N17 C16 D17 E17 E18 F18 B16

2025-06-07 00:40:31+0900: ../../models/kata1-b28c512nbt-s8476434688-d4668249792.bin
2025-06-07 00:40:31+0900: NN rows: 51
2025-06-07 00:40:31+0900: NN batches: 27
2025-06-07 00:40:31+0900: NN avg batch size: 1.88889
2025-06-07 00:40:31+0900: ../../models/b18c384nbt-humanv0.bin.gz
2025-06-07 00:40:31+0900: NN rows: 4
2025-06-07 00:40:31+0900: NN batches: 2
2025-06-07 00:40:31+0900: NN avg batch size: 2
2025-06-07 00:40:31+0900: GPU -1 finishing, processed 51 rows 27 batches
2025-06-07 00:40:31+0900: GPU -1 finishing, processed 4 rows 2 batches
2025-06-07 00:40:31+0900: All cleaned up, quitting
