2025-06-07 22:37:48+0900: Running with following config:
analysisIgnorePreRootHistory = false
chosenMovePrune = 0
chosenMoveSubtract = 0
chosenMoveTemperature = 1.0
chosenMoveTemperatureEarly = 1.0
chosenMoveTemperatureOnlyBelowProb = 0.0
ignorePreRootHistory = false
logDir = analysis_logs
logSearchInfo = true
logToStderr = true
maxVisits = 500
nnCacheSizePowerOfTwo = 17
nnMaxBatchSize = 8
nnMutexPoolSizePowerOfTwo = 14
nnRandomize = false
numAnalysisThreads = 1
numSearchThreads = 4
reportAnalysisWinratesAs = BLACK
rootNumSymmetriesToSample = 1
rules = japanese
subtreeValueBiasFactor = 0.0
useLcbForSelection = false
useNoisePruning = false
useUncertainty = false

2025-06-07 22:37:48+0900: Analysis Engine starting...
2025-06-07 22:37:48+0900: KataGo v1.15.3
2025-06-07 22:37:48+0900: nnRandSeed0 = 16251748137034323921
2025-06-07 22:37:48+0900: After dedups: nnModelFile0 = ../../models/kata1-b28c512nbt-s8476434688-d4668249792.bin useFP16 auto useNHWC auto
2025-06-07 22:37:48+0900: Initializing neural net buffer to be size 19 * 19 allowing smaller boards
2025-06-07 22:37:51+0900: Cuda backend thread 0: Found GPU NVIDIA RTX A5000 memory 25425608704 compute capability major 8 minor 6
2025-06-07 22:37:51+0900: Cuda backend thread 0: Model version 15 useFP16 = true useNHWC = true
2025-06-07 22:37:51+0900: Cuda backend thread 0: Model name: kata1-b28c512nbt-s8476434688-d4668249792
2025-06-07 22:37:52+0900: --------------
2025-06-07 22:37:52+0900: WARNING: Config had unused keys! You may have a typo, an option you specified is being unused from analysis.cfg
2025-06-07 22:37:52+0900: WARNING: Unused key 'analysisIgnorePreRootHistory' in analysis.cfg
2025-06-07 22:37:52+0900: WARNING: Unused key 'rules' in analysis.cfg
2025-06-07 22:37:52+0900: --------------
2025-06-07 22:37:52+0900: Loaded config analysis.cfg
2025-06-07 22:37:52+0900: Loaded model ../../models/kata1-b28c512nbt-s8476434688-d4668249792.bin
2025-06-07 22:37:52+0900: Analyzing up to 1 positions at a time in parallel
2025-06-07 22:37:52+0900: Started, ready to begin handling requests
2025-06-07 22:37:54+0900: MoveNum: 2 HASH: EB5B48764F3CF87F19236A45508C4ACB
   A B C D E F G H J K L M N O P Q R S T
19 . . . . . . . . . . . . . . . . . . .
18 . . . . . . . . . . . . . . . . . . .
17 . . . . . . . . . . . . . . . . . . .
16 . . . . . . . . . . . . . . . O2. . .
15 . . . . . . . . . . . . . . . . . . .
14 . . . . . . . . . . . . . . . . . . .
13 . . . . . . . . . . . . . . . . . . .
12 . . . . . . . . . . . . . . . . . . .
11 . . . . . . . . . . . . . . . . . . .
10 . . . . . . . . . . . . . . . . . . .
 9 . . . . . . . . . . . . . . . . . . .
 8 . . . . . . . . . . . . . . . . . . .
 7 . . . . . . . . . . . . . . . . . . .
 6 . . . . . . . . . . . . . . . . . . .
 5 . . . . . . . . . . . . . . . . . . .
 4 . . . X1. . . . . . . . . . . . . . .
 3 . . . . . . . . . . . . . . . . . . .
 2 . . . . . . . . . . . . . . . . . . .
 1 . . . . . . . . . . . . . . . . . . .

koSIMPLEscoreTERRITORYtaxSEKIsui0komi6.5
Root visits: 503
New playouts: 503
NN rows: 489
NN batches: 245
NN avg batch size: 1.99592
PV: Q4 D16 C14 R3 R4 Q3 P4 O2 F17 F16 G16 F15 D17 C17 E17 C16 C11 D12 C12 D14
Tree:
: T  -7.23c W  -7.07c S  -0.16c ( -0.5 L  -0.4) N     503  --  Q4 D16 C14 R3 R4 Q3 P4
---Black(^)---
Q4  : T  -5.79c W  -5.77c S  -0.02c ( -0.4 L  -0.3) LCB   -6.91c P 27.60% WF 129.2 PSV     128 N     128  --  Q4 D16 C14 R3 R4 Q3 P4 O2
R17 : T  -7.14c W  -6.99c S  -0.15c ( -0.5 L  -0.4) LCB   -8.55c P  8.02% WF  58.9 PSV      19 N      59  --  R17 R16 Q17 P16 O18 D16 Q4 C3
R14 : T  -6.60c W  -6.56c S  -0.04c ( -0.4 L  -0.3) LCB   -7.92c P  5.73% WF  62.2 PSV      17 N      62  --  R14 Q4 D16 R15 Q14 O16 Q10 C3
R4  : T  -5.95c W  -5.84c S  -0.11c ( -0.4 L  -0.4) LCB   -7.39c P  3.12% WF  69.5 PSV      13 N      69  --  R4 D16 C6 P3 Q5 M3 C17 D17
F3  : T  -7.65c W  -7.35c S  -0.29c ( -0.6 L  -0.5) LCB   -9.09c P  1.55% WF  46.8 PSV       3 N      47  --  F3 D16 R4 P3 Q5 M3 R17 R16
Q3  : T  -8.23c W  -7.99c S  -0.24c ( -0.6 L  -0.4) LCB  -10.14c P  1.77% WF  33.8 PSV       3 N      34  --  Q3 D16 C17 C16 D17 E16 F18 C3
Q5  : T  -8.60c W  -8.36c S  -0.24c ( -0.6 L  -0.4) LCB  -11.58c P  1.54% WF  29.7 PSV       2 N      30  --  Q5 D16 Q3 C3 D3 C4 D5 C6
P4  : T  -9.37c W  -9.07c S  -0.31c ( -0.6 L  -0.5) LCB  -12.54c P  0.94% WF  19.8 PSV       1 N      20  --  P4 D16 R4 C3 D3 C4 D5 C6
F4  : T -10.08c W  -9.67c S  -0.40c ( -0.7 L  -0.5) LCB  -12.74c P  0.70% WF  20.7 PSV       0 N      21  --  F4 D16 R4 P3 Q5 M3 R17
R5  : T -11.49c W -11.00c S  -0.48c ( -0.8 L  -0.6) LCB  -17.57c P  0.62% WF  11.8 PSV       0 N      12  --  R5 D16 Q3 C3 D3 C4 D5 C6

2025-06-07 22:37:54+0900: ../../models/kata1-b28c512nbt-s8476434688-d4668249792.bin
2025-06-07 22:37:54+0900: NN rows: 489
2025-06-07 22:37:54+0900: NN batches: 245
2025-06-07 22:37:54+0900: NN avg batch size: 1.99592
2025-06-07 22:37:54+0900: GPU -1 finishing, processed 489 rows 245 batches
2025-06-07 22:37:54+0900: All cleaned up, quitting
