2025-06-07 23:53:30+0900: Running with following config:
analysisIgnorePreRootHistory = false
chosenMovePrune = 0
chosenMoveSubtract = 0
chosenMoveTemperature = 1.0
chosenMoveTemperatureEarly = 1.0
chosenMoveTemperatureOnlyBelowProb = 0.0
ignorePreRootHistory = false
logDir = analysis_logs
logSearchInfo = true
logToStderr = true
maxVisits = 2000
nnCacheSizePowerOfTwo = 17
nnMaxBatchSize = 8
nnMutexPoolSizePowerOfTwo = 14
nnRandomize = false
numAnalysisThreads = 1
numSearchThreads = 4
reportAnalysisWinratesAs = BLACK
rootNumSymmetriesToSample = 1
rules = japanese
subtreeValueBiasFactor = 0.0
useLcbForSelection = false
useNoisePruning = false
useUncertainty = false

2025-06-07 23:53:30+0900: Analysis Engine starting...
2025-06-07 23:53:30+0900: KataGo v1.15.3
2025-06-07 23:53:30+0900: nnRandSeed0 = 16433778092871468365
2025-06-07 23:53:30+0900: After dedups: nnModelFile0 = ../../models/kata1-b28c512nbt-s8476434688-d4668249792.bin useFP16 auto useNHWC auto
2025-06-07 23:53:30+0900: Initializing neural net buffer to be size 19 * 19 allowing smaller boards
2025-06-07 23:53:33+0900: Cuda backend thread 0: Found GPU NVIDIA RTX A5000 memory 25425608704 compute capability major 8 minor 6
2025-06-07 23:53:33+0900: Cuda backend thread 0: Model version 15 useFP16 = true useNHWC = true
2025-06-07 23:53:33+0900: Cuda backend thread 0: Model name: kata1-b28c512nbt-s8476434688-d4668249792
2025-06-07 23:53:34+0900: --------------
2025-06-07 23:53:34+0900: WARNING: Config had unused keys! You may have a typo, an option you specified is being unused from analysis.cfg
2025-06-07 23:53:34+0900: WARNING: Unused key 'analysisIgnorePreRootHistory' in analysis.cfg
2025-06-07 23:53:34+0900: WARNING: Unused key 'rules' in analysis.cfg
2025-06-07 23:53:34+0900: --------------
2025-06-07 23:53:34+0900: Loaded config analysis.cfg
2025-06-07 23:53:34+0900: Loaded model ../../models/kata1-b28c512nbt-s8476434688-d4668249792.bin
2025-06-07 23:53:34+0900: Analyzing up to 1 positions at a time in parallel
2025-06-07 23:53:34+0900: Started, ready to begin handling requests
2025-06-07 23:53:36+0900: MoveNum: 22 HASH: 85971339414B1197570D838677D878A9
   A B C D E F G H J K L M N O P Q R S T
19 . . . . . . . . . . . . . . . . . . .
18 . . . . . . . . . . . . . . . . . . .
17 . X O . . O . . . . . . . . . . . . .
16 . X X O . . . . . . . . . . . X . . .
15 . X O O . . . . . . . . . . . . . . .
14 . . X O . . . . . . . . . . . . . . .
13 . . X O3. . . . . . . . . . . . . . .
12 . . . . . . . . . . . . . . . . . . .
11 . . . . . . . . . . . . . . . . . . .
10 . . . . . . . . . . . . . . . . . . .
 9 . . . . . . . . . . . . . . . . . . .
 8 . . . . . . . . . . . . . . . . . . .
 7 . . . . . . . . . . . . . . . . . . .
 6 . . . . . . . . . . . . . . . . . . .
 5 . . . . . . . . . . . . . . . . . . .
 4 . . X X X . . . . . . . . . . O . . .
 3 . . O O . . . . . . . . . X2. . . . .
 2 . . . . . O1. . . . . . . . . . . . .
 1 . . . . . . . . . . . . . . . . . . .

koSIMPLEscoreTERRITORYtaxSEKIsui0komi6.5
Root visits: 503
New playouts: 503
NN rows: 421
NN batches: 211
NN avg batch size: 1.99526
PV: D12 C12 B12 C11 D11 B11 C10 B10 C9 B9 C8 B13 B14 A12 D17 F11 R3 Q3 R4 Q5 Q2 P2
Tree:
: T  -8.43c W  -8.50c S   0.06c ( -0.6 L  -0.4) N     503  --  D12 C12 B12 C11 D11 B11 C10
---Black(^)---
D12 : T  -6.46c W  -6.65c S   0.18c ( -0.5 L  -0.4) LCB  -10.17c P 25.15% WF 181.4 PSV     179 N     179  --  D12 C12 B12 C11 D11 B11 C10 B10
R3  : T  -8.31c W  -8.42c S   0.10c ( -0.6 L  -0.4) LCB  -10.01c P 46.47% WF 174.8 PSV     138 N     175  --  R3 Q3 R4 Q5 Q2 P2 R2 R17
R6  : T  -9.78c W  -9.71c S  -0.07c ( -0.7 L  -0.5) LCB  -11.69c P 13.97% WF  75.1 PSV      28 N      76  --  R6 O4 N4 O5 Q3 R3 P3 R4
D17 : T -10.35c W -10.28c S  -0.07c ( -0.7 L  -0.5) LCB  -14.18c P  5.69% WF  39.5 PSV      10 N      40  --  D17 C12 B12 B11 R3 Q3 R4 Q5
B3  : T -12.86c W -12.58c S  -0.27c ( -0.9 L  -0.6) LCB  -19.46c P  3.41% WF  17.6 PSV       4 N      18  --  B3 B2 E2 B4 E3 B5 J4 L3
N17 : T -17.28c W -16.78c S  -0.50c ( -1.1 L  -0.8) LCB  -46.48c P  0.73% WF   4.8 PSV       0 N       5  --  N17 C12 B12 B11
C12 : T -17.12c W -16.62c S  -0.50c ( -1.1 L  -0.7) LCB  -90.93c P  0.54% WF   2.9 PSV       0 N       3  --  C12 R17 R16
O17 : T -18.05c W -17.45c S  -0.59c ( -1.2 L  -0.8) LCB -167.65c P  0.64% WF   1.9 PSV       0 N       2  --  O17 C12
R14 : T -18.46c W -17.81c S  -0.65c ( -1.3 L  -0.8) LCB -168.18c P  0.54% WF   1.9 PSV       0 N       2  --  R14 C12
Q6  : T -16.09c W -15.74c S  -0.35c ( -1.0 L  -0.7) LCB -366.09c P  0.30% WF   1.0 PSV       0 N       1  --  Q6

2025-06-07 23:53:36+0900: ../../models/kata1-b28c512nbt-s8476434688-d4668249792.bin
2025-06-07 23:53:36+0900: NN rows: 421
2025-06-07 23:53:36+0900: NN batches: 211
2025-06-07 23:53:36+0900: NN avg batch size: 1.99526
2025-06-07 23:53:36+0900: GPU -1 finishing, processed 421 rows 211 batches
2025-06-07 23:53:36+0900: All cleaned up, quitting
