2025-06-07 00:40:47+0900: Running with following config:
analysisIgnorePreRootHistory = false
chosenMovePrune = 0
chosenMoveSubtract = 0
chosenMoveTemperature = 1.0
chosenMoveTemperatureEarly = 1.0
chosenMoveTemperatureOnlyBelowProb = 0.0
humanSLChosenMoveIgnorePass = true
humanSLChosenMovePiklLambda = 100000000
humanSLChosenMoveProp = 1.0
humanSLOppExploreProbWeightful = 0.0
humanSLOppExploreProbWeightless = 0.0
humanSLPlaExploreProbWeightful = 0.0
humanSLPlaExploreProbWeightless = 0.0
humanSLProfile = rank_5k
humanSLRootExploreProbWeightful = 0.0
humanSLRootExploreProbWeightless = 0.0
ignorePreRootHistory = false
logDir = analysis_logs
logSearchInfo = true
logToStderr = true
maxVisits = 1
nnCacheSizePowerOfTwo = 17
nnMaxBatchSize = 8
nnMutexPoolSizePowerOfTwo = 14
nnRandomize = false
numAnalysisThreads = 1
numSearchThreads = 4
reportAnalysisWinratesAs = BLACK
rootNumSymmetriesToSample = 1
rules = japanese
subtreeValueBiasFactor = 0.0
useLcbForSelection = false
useNoisePruning = false
useUncertainty = false

2025-06-07 00:40:47+0900: Analysis Engine starting...
2025-06-07 00:40:47+0900: KataGo v1.15.3
2025-06-07 00:40:47+0900: nnRandSeed0 = 9383901852523130818
2025-06-07 00:40:47+0900: After dedups: nnModelFile0 = ../../models/kata1-b28c512nbt-s8476434688-d4668249792.bin useFP16 auto useNHWC auto
2025-06-07 00:40:47+0900: Initializing neural net buffer to be size 19 * 19 allowing smaller boards
2025-06-07 00:40:50+0900: Cuda backend thread 0: Found GPU NVIDIA RTX A5000 memory 25425608704 compute capability major 8 minor 6
2025-06-07 00:40:50+0900: Cuda backend thread 0: Model version 15 useFP16 = true useNHWC = true
2025-06-07 00:40:50+0900: Cuda backend thread 0: Model name: kata1-b28c512nbt-s8476434688-d4668249792
2025-06-07 00:40:50+0900: nnRandSeed0 = 15621741953195668400
2025-06-07 00:40:50+0900: After dedups: nnModelFile0 = ../../models/b18c384nbt-humanv0.bin.gz useFP16 auto useNHWC auto
2025-06-07 00:40:50+0900: Initializing neural net buffer to be size 19 * 19 allowing smaller boards
2025-06-07 00:40:52+0900: Cuda backend thread 0: Found GPU NVIDIA RTX A5000 memory 25425608704 compute capability major 8 minor 6
2025-06-07 00:40:52+0900: Cuda backend thread 0: Model version 15 useFP16 = true useNHWC = true
2025-06-07 00:40:52+0900: Cuda backend thread 0: Model name: b18c384nbt-humanv0
2025-06-07 00:40:52+0900: --------------
2025-06-07 00:40:52+0900: WARNING: Config had unused keys! You may have a typo, an option you specified is being unused from human5k_pure.cfg
2025-06-07 00:40:52+0900: WARNING: Unused key 'analysisIgnorePreRootHistory' in human5k_pure.cfg
2025-06-07 00:40:52+0900: WARNING: Unused key 'rules' in human5k_pure.cfg
2025-06-07 00:40:52+0900: --------------
2025-06-07 00:40:52+0900: Loaded config human5k_pure.cfg
2025-06-07 00:40:52+0900: Loaded model ../../models/kata1-b28c512nbt-s8476434688-d4668249792.bin
2025-06-07 00:40:52+0900: Analyzing up to 1 positions at a time in parallel
2025-06-07 00:40:52+0900: Started, ready to begin handling requests
2025-06-07 00:40:53+0900: MoveNum: 5 HASH: 04743FFD74876F64BB1AE7CB6908E6A7
   A B C D E F G H J K L M N O P Q R S T
19 . . . . . . . . . . . . . . . . . . .
18 . . . . . . . . . . . . . . . . . . .
17 . . . . . . . . . . . . . . . . . . .
16 . . O2. X3. . . . . . . . . . O . . .
15 . . . . . . . . . . . . . . . . . . .
14 . . . . . . . . . . . . . . . . . . .
13 . . . . . . . . . . . . . . . . . . .
12 . . . . . . . . . . . . . . . . . . .
11 . . . . . . . . . . . . . . . . . . .
10 . . . . . . . . . . . . . . . . . . .
 9 . . . . . . . . . . . . . . . . . . .
 8 . . . . . . . . . . . . . . . . . . .
 7 . . . . . . . . . . . . . . . . . . .
 6 . . . . . . . . . . . . . . . . . . .
 5 . . . . . . . . . . . . . . . . . . .
 4 . . . X . . . . . . . . . . . . X1. .
 3 . . . . . . . . . . . . . . . . . . .
 2 . . . . . . . . . . . . . . . . . . .
 1 . . . . . . . . . . . . . . . . . . .

koSIMPLEscoreTERRITORYtaxSEKIsui0komi6.5
Root visits: 52
New playouts: 52
NN rows: 52
NN batches: 28
NN avg batch size: 1.85714
PV: E17 F17 D17 F16 C14 O17 L17 Q14 O16 N16
Tree:
: T  -5.31c W  -5.11c S  -0.20c ( -0.3 L  -0.3) N      52  --  E17 F17 D17 F16 C14 O17 L17
---White(v)---
E17 : T  -8.69c W  -8.26c S  -0.43c ( -0.5 L  -0.4) LCB   -4.48c P 71.79% WF  20.3 PSV      19 N      20  --  E17 F17 D17 F16 C14 O17 L17 Q14
D17 : T  -0.06c W  -0.23c S   0.17c ( +0.0 L  -0.1) LCB   14.64c P  1.22% WF   6.9 PSV       2 N       7  --  D17 R17 Q17 R16 Q15 R14 C3
P4  : T  -2.22c W  -2.21c S  -0.01c ( -0.1 L  -0.2) LCB  146.81c P  1.17% WF   2.0 PSV       1 N       2  --  P4 P3
P3  : T  -4.02c W  -3.94c S  -0.08c ( -0.2 L  -0.2) LCB    4.32c P  8.25% WF   9.9 PSV       0 N      10  --  P3 C15 Q5 R5
C3  : T  -4.41c W  -4.25c S  -0.16c ( -0.3 L  -0.3) LCB    1.43c P  8.43% WF  11.9 PSV       0 N      12  --  C3 D3 C4 D5 C5 C6

2025-06-07 00:40:53+0900: ../../models/kata1-b28c512nbt-s8476434688-d4668249792.bin
2025-06-07 00:40:53+0900: NN rows: 52
2025-06-07 00:40:53+0900: NN batches: 28
2025-06-07 00:40:53+0900: NN avg batch size: 1.85714
2025-06-07 00:40:53+0900: ../../models/b18c384nbt-humanv0.bin.gz
2025-06-07 00:40:53+0900: NN rows: 4
2025-06-07 00:40:53+0900: NN batches: 2
2025-06-07 00:40:53+0900: NN avg batch size: 2
2025-06-07 00:40:53+0900: GPU -1 finishing, processed 52 rows 28 batches
2025-06-07 00:40:53+0900: GPU -1 finishing, processed 4 rows 2 batches
2025-06-07 00:40:53+0900: All cleaned up, quitting
