2025-06-07 00:48:16+0900: Running with following config:
analysisIgnorePreRootHistory = false
chosenMovePrune = 0
chosenMoveSubtract = 0
chosenMoveTemperature = 1.0
chosenMoveTemperatureEarly = 1.0
chosenMoveTemperatureOnlyBelowProb = 0.0
humanSLChosenMoveIgnorePass = true
humanSLChosenMovePiklLambda = 100000000
humanSLChosenMoveProp = 1.0
humanSLOppExploreProbWeightful = 0.0
humanSLOppExploreProbWeightless = 0.0
humanSLPlaExploreProbWeightful = 0.0
humanSLPlaExploreProbWeightless = 0.0
humanSLProfile = rank_5k
humanSLRootExploreProbWeightful = 0.0
humanSLRootExploreProbWeightless = 0.0
ignorePreRootHistory = false
logDir = analysis_logs
logSearchInfo = true
logToStderr = true
maxVisits = 1
nnCacheSizePowerOfTwo = 17
nnMaxBatchSize = 8
nnMutexPoolSizePowerOfTwo = 14
nnRandomize = false
numAnalysisThreads = 1
numSearchThreads = 4
reportAnalysisWinratesAs = BLACK
rootNumSymmetriesToSample = 1
rules = japanese
subtreeValueBiasFactor = 0.0
useLcbForSelection = false
useNoisePruning = false
useUncertainty = false

2025-06-07 00:48:16+0900: Analysis Engine starting...
2025-06-07 00:48:16+0900: KataGo v1.15.3
2025-06-07 00:48:16+0900: nnRandSeed0 = 3364844686698116647
2025-06-07 00:48:16+0900: After dedups: nnModelFile0 = ../../models/kata1-b28c512nbt-s8476434688-d4668249792.bin useFP16 auto useNHWC auto
2025-06-07 00:48:16+0900: Initializing neural net buffer to be size 19 * 19 allowing smaller boards
2025-06-07 00:48:19+0900: Cuda backend thread 0: Found GPU NVIDIA RTX A5000 memory 25425608704 compute capability major 8 minor 6
2025-06-07 00:48:19+0900: Cuda backend thread 0: Model version 15 useFP16 = true useNHWC = true
2025-06-07 00:48:19+0900: Cuda backend thread 0: Model name: kata1-b28c512nbt-s8476434688-d4668249792
2025-06-07 00:48:20+0900: nnRandSeed0 = 8907829233724538451
2025-06-07 00:48:20+0900: After dedups: nnModelFile0 = ../../models/b18c384nbt-humanv0.bin.gz useFP16 auto useNHWC auto
2025-06-07 00:48:20+0900: Initializing neural net buffer to be size 19 * 19 allowing smaller boards
2025-06-07 00:48:21+0900: Cuda backend thread 0: Found GPU NVIDIA RTX A5000 memory 25425608704 compute capability major 8 minor 6
2025-06-07 00:48:21+0900: Cuda backend thread 0: Model version 15 useFP16 = true useNHWC = true
2025-06-07 00:48:21+0900: Cuda backend thread 0: Model name: b18c384nbt-humanv0
2025-06-07 00:48:22+0900: --------------
2025-06-07 00:48:22+0900: WARNING: Config had unused keys! You may have a typo, an option you specified is being unused from human5k_pure.cfg
2025-06-07 00:48:22+0900: WARNING: Unused key 'analysisIgnorePreRootHistory' in human5k_pure.cfg
2025-06-07 00:48:22+0900: WARNING: Unused key 'rules' in human5k_pure.cfg
2025-06-07 00:48:22+0900: --------------
2025-06-07 00:48:22+0900: Loaded config human5k_pure.cfg
2025-06-07 00:48:22+0900: Loaded model ../../models/kata1-b28c512nbt-s8476434688-d4668249792.bin
2025-06-07 00:48:22+0900: Analyzing up to 1 positions at a time in parallel
2025-06-07 00:48:22+0900: Started, ready to begin handling requests
2025-06-07 00:48:22+0900: Warning: {"field":"includeMoves","id":"candidate_query","warning":"Unexpected or unused field, do you have a typo? (set warnUnusedFields=false in the config to disable this warning)"}
2025-06-07 00:48:22+0900: MoveNum: 2 HASH: EB5B48764F3CF87F19236A45508C4ACB
   A B C D E F G H J K L M N O P Q R S T
19 . . . . . . . . . . . . . . . . . . .
18 . . . . . . . . . . . . . . . . . . .
17 . . . . . . . . . . . . . . . . . . .
16 . . . . . . . . . . . . . . . O2. . .
15 . . . . . . . . . . . . . . . . . . .
14 . . . . . . . . . . . . . . . . . . .
13 . . . . . . . . . . . . . . . . . . .
12 . . . . . . . . . . . . . . . . . . .
11 . . . . . . . . . . . . . . . . . . .
10 . . . . . . . . . . . . . . . . . . .
 9 . . . . . . . . . . . . . . . . . . .
 8 . . . . . . . . . . . . . . . . . . .
 7 . . . . . . . . . . . . . . . . . . .
 6 . . . . . . . . . . . . . . . . . . .
 5 . . . . . . . . . . . . . . . . . . .
 4 . . . X1. . . . . . . . . . . . . . .
 3 . . . . . . . . . . . . . . . . . . .
 2 . . . . . . . . . . . . . . . . . . .
 1 . . . . . . . . . . . . . . . . . . .

koSIMPLEscoreTERRITORYtaxSEKIsui0komi6.5
Root visits: 53
New playouts: 53
NN rows: 53
NN batches: 28
NN avg batch size: 1.89286
PV: Q4 D16 C14 R3 R4 Q3 P4 O2 O17
Tree:
: T  -6.58c W  -6.46c S  -0.12c ( -0.5 L  -0.4) N      53  --  Q4 D16 C14 R3 R4 Q3 P4
---Black(^)---
Q4  : T  -5.16c W  -5.15c S  -0.01c ( -0.3 L  -0.3) LCB   -9.07c P 27.60% WF  15.1 PSV       9 N      15  --  Q4 D16 C14 R3 R4 Q3 P4 O2
R4  : T  -4.93c W  -4.79c S  -0.14c ( -0.5 L  -0.4) LCB  -12.22c P  3.12% WF  10.1 PSV       7 N      10  --  R4 D16 C6 P3 Q5 M3 C17
Q3  : T  -7.53c W  -7.38c S  -0.15c ( -0.5 L  -0.4) LCB  -22.22c P  1.77% WF   7.0 PSV       4 N       7  --  Q3 D16 C17 C16 D17
R14 : T  -7.58c W  -7.55c S  -0.03c ( -0.4 L  -0.4) LCB  -18.81c P  5.73% WF   8.0 PSV       0 N       8  --  R14 Q4 D16 R15 Q14 O16 Q10 C3
R17 : T  -9.16c W  -8.90c S  -0.25c ( -0.6 L  -0.5) LCB  -20.37c P  8.02% WF   7.9 PSV       0 N       8  --  R17 R16 Q17 P16 O18
F3  : T  -6.94c W  -6.63c S  -0.31c ( -0.6 L  -0.5) LCB  -49.87c P  1.55% WF   4.0 PSV       0 N       4  --  F3 D16 R4

