2025-06-07 00:39:42+0900: Running with following config:
analysisIgnorePreRootHistory = false
chosenMovePrune = 0
chosenMoveSubtract = 0
chosenMoveTemperature = 1.0
chosenMoveTemperatureEarly = 1.0
chosenMoveTemperatureOnlyBelowProb = 0.0
humanSLChosenMoveIgnorePass = true
humanSLChosenMovePiklLambda = 100000000
humanSLChosenMoveProp = 1.0
humanSLOppExploreProbWeightful = 0.0
humanSLOppExploreProbWeightless = 0.0
humanSLPlaExploreProbWeightful = 0.0
humanSLPlaExploreProbWeightless = 0.0
humanSLProfile = rank_5k
humanSLRootExploreProbWeightful = 0.0
humanSLRootExploreProbWeightless = 0.0
ignorePreRootHistory = false
logDir = analysis_logs
logSearchInfo = true
logToStderr = true
maxVisits = 1
nnCacheSizePowerOfTwo = 17
nnMaxBatchSize = 8
nnMutexPoolSizePowerOfTwo = 14
nnRandomize = false
numAnalysisThreads = 1
numSearchThreads = 4
reportAnalysisWinratesAs = BLACK
rootNumSymmetriesToSample = 1
rules = japanese
subtreeValueBiasFactor = 0.0
useLcbForSelection = false
useNoisePruning = false
useUncertainty = false

2025-06-07 00:39:42+0900: Analysis Engine starting...
2025-06-07 00:39:42+0900: KataGo v1.15.3
2025-06-07 00:39:42+0900: nnRandSeed0 = 4964240987895881316
2025-06-07 00:39:42+0900: After dedups: nnModelFile0 = ../../models/kata1-b28c512nbt-s8476434688-d4668249792.bin useFP16 auto useNHWC auto
2025-06-07 00:39:42+0900: Initializing neural net buffer to be size 19 * 19 allowing smaller boards
2025-06-07 00:39:45+0900: Cuda backend thread 0: Found GPU NVIDIA RTX A5000 memory 25425608704 compute capability major 8 minor 6
2025-06-07 00:39:45+0900: Cuda backend thread 0: Model version 15 useFP16 = true useNHWC = true
2025-06-07 00:39:45+0900: Cuda backend thread 0: Model name: kata1-b28c512nbt-s8476434688-d4668249792
2025-06-07 00:39:46+0900: nnRandSeed0 = 12747504607918899287
2025-06-07 00:39:46+0900: After dedups: nnModelFile0 = ../../models/b18c384nbt-humanv0.bin.gz useFP16 auto useNHWC auto
2025-06-07 00:39:46+0900: Initializing neural net buffer to be size 19 * 19 allowing smaller boards
2025-06-07 00:39:47+0900: Cuda backend thread 0: Found GPU NVIDIA RTX A5000 memory 25425608704 compute capability major 8 minor 6
2025-06-07 00:39:47+0900: Cuda backend thread 0: Model version 15 useFP16 = true useNHWC = true
2025-06-07 00:39:47+0900: Cuda backend thread 0: Model name: b18c384nbt-humanv0
2025-06-07 00:39:48+0900: --------------
2025-06-07 00:39:48+0900: WARNING: Config had unused keys! You may have a typo, an option you specified is being unused from human5k_pure.cfg
2025-06-07 00:39:48+0900: WARNING: Unused key 'analysisIgnorePreRootHistory' in human5k_pure.cfg
2025-06-07 00:39:48+0900: WARNING: Unused key 'rules' in human5k_pure.cfg
2025-06-07 00:39:48+0900: --------------
2025-06-07 00:39:48+0900: Loaded config human5k_pure.cfg
2025-06-07 00:39:48+0900: Loaded model ../../models/kata1-b28c512nbt-s8476434688-d4668249792.bin
2025-06-07 00:39:48+0900: Analyzing up to 1 positions at a time in parallel
2025-06-07 00:39:48+0900: Started, ready to begin handling requests
2025-06-07 00:39:48+0900: MoveNum: 4 HASH: 6B3275FA2CECDE7EFE556BED86B0CCCB
   A B C D E F G H J K L M N O P Q R S T
19 . . . . . . . . . . . . . . . . . . .
18 . . . . . . . . . . . . . . . . . . .
17 . . . . . . . . . . . . . . . . . . .
16 . . . O3. . . . . . . . . . . O1. . .
15 . . . . . . . . . . . . . . . . . . .
14 . . . . . . . . . . . . . . . . . . .
13 . . . . . . . . . . . . . . . . . . .
12 . . . . . . . . . . . . . . . . . . .
11 . . . . . . . . . . . . . . . . . . .
10 . . . . . . . . . . . . . . . . . . .
 9 . . . . . . . . . . . . . . . . . . .
 8 . . . . . . . . . . . . . . . . . . .
 7 . . . . . . . . . . . . . . . . . . .
 6 . . . . . . . . . . . . . . . . . . .
 5 . . . . . . . . . . . . . . . . . . .
 4 . . . X . . . . . . . . . . . . X2. .
 3 . . . . . . . . . . . . . . . . . . .
 2 . . . . . . . . . . . . . . . . . . .
 1 . . . . . . . . . . . . . . . . . . .

koSIMPLEscoreTERRITORYtaxSEKIsui0komi6.5
Root visits: 52
New playouts: 52
NN rows: 52
NN batches: 28
NN avg batch size: 1.85714
PV: L3
Tree:
: T  -6.71c W  -6.55c S  -0.16c ( -0.5 L  -0.4) N      52  --  L3
---Black(^)---
R14 : T  -8.05c W  -7.84c S  -0.21c ( -0.6 L  -0.4) LCB  -35.73c P  2.64% WF   5.0 PSV      11 N       5  --  R14 C3 D3 C4 D5
C14 : T  -7.93c W  -7.61c S  -0.32c ( -0.7 L  -0.5) LCB  -50.97c P  1.98% WF   4.0 PSV       6 N       4  --  C14 C3 C4 D3
O4  : T  -4.87c W  -4.85c S  -0.02c ( -0.4 L  -0.3) LCB -354.87c P  1.77% WF   1.0 PSV       2 N       1  --  O4
P4  : T  -7.72c W  -7.52c S  -0.20c ( -0.6 L  -0.4) LCB  -35.55c P  2.43% WF   5.0 PSV       1 N       5  --  P4 C3 D3 C4 D5
C6  : T  -5.16c W  -5.09c S  -0.07c ( -0.4 L  -0.4) LCB   -8.48c P 60.72% WF  19.1 PSV       0 N      19  --  C6 P3 Q5 M3 C17 D17
C17 : T  -7.52c W  -7.30c S  -0.22c ( -0.6 L  -0.4) LCB  -16.61c P  7.64% WF   9.0 PSV       0 N       9  --  C17 C16 D17 E16 F18 C3 D3 C4
R17 : T  -7.83c W  -7.66c S  -0.18c ( -0.5 L  -0.4) LCB  -19.52c P  5.70% WF   8.0 PSV       0 N       8  --  R17 R16 Q17 P16 O18 C3 D3 C4

2025-06-07 00:39:48+0900: ../../models/kata1-b28c512nbt-s8476434688-d4668249792.bin
2025-06-07 00:39:48+0900: NN rows: 52
2025-06-07 00:39:48+0900: NN batches: 28
2025-06-07 00:39:48+0900: NN avg batch size: 1.85714
2025-06-07 00:39:48+0900: ../../models/b18c384nbt-humanv0.bin.gz
2025-06-07 00:39:48+0900: NN rows: 4
2025-06-07 00:39:48+0900: NN batches: 2
2025-06-07 00:39:48+0900: NN avg batch size: 2
2025-06-07 00:39:48+0900: GPU -1 finishing, processed 52 rows 28 batches
2025-06-07 00:39:48+0900: GPU -1 finishing, processed 4 rows 2 batches
2025-06-07 00:39:48+0900: All cleaned up, quitting
