2025-06-11 23:23:09+0900: Running with following config:
analysisIgnorePreRootHistory = false
chosenMovePrune = 0
chosenMoveSubtract = 0
chosenMoveTemperature = 0
chosenMoveTemperatureEarly = 1.0
chosenMoveTemperatureOnlyBelowProb = 0.0
ignorePreRootHistory = false
logDir = analysis_logs
logSearchInfo = true
logToStderr = true
maxVisits = 2000
nnCacheSizePowerOfTwo = 17
nnMaxBatchSize = 8
nnMutexPoolSizePowerOfTwo = 14
nnRandomize = false
numAnalysisThreads = 1
numSearchThreads = 4
reportAnalysisWinratesAs = BLACK
rootNumSymmetriesToSample = 8
rules = japanese
subtreeValueBiasFactor = 0.0
useLcbForSelection = false
useNoisePruning = false
useUncertainty = false

2025-06-11 23:23:09+0900: Analysis Engine starting...
2025-06-11 23:23:09+0900: KataGo v1.15.3
2025-06-11 23:23:09+0900: nnRandSeed0 = 1647789461682156935
2025-06-11 23:23:09+0900: After dedups: nnModelFile0 = ../../models/kata1-b28c512nbt-s8476434688-d4668249792.bin useFP16 auto useNHWC auto
2025-06-11 23:23:09+0900: Initializing neural net buffer to be size 19 * 19 allowing smaller boards
2025-06-11 23:23:12+0900: Cuda backend thread 0: Found GPU NVIDIA RTX A5000 memory 25425608704 compute capability major 8 minor 6
2025-06-11 23:23:12+0900: Cuda backend thread 0: Model version 15 useFP16 = true useNHWC = true
2025-06-11 23:23:12+0900: Cuda backend thread 0: Model name: kata1-b28c512nbt-s8476434688-d4668249792
2025-06-11 23:23:13+0900: --------------
2025-06-11 23:23:13+0900: WARNING: Config had unused keys! You may have a typo, an option you specified is being unused from analysis.cfg
2025-06-11 23:23:13+0900: WARNING: Unused key 'analysisIgnorePreRootHistory' in analysis.cfg
2025-06-11 23:23:13+0900: WARNING: Unused key 'rules' in analysis.cfg
2025-06-11 23:23:13+0900: --------------
2025-06-11 23:23:13+0900: Loaded config analysis.cfg
2025-06-11 23:23:13+0900: Loaded model ../../models/kata1-b28c512nbt-s8476434688-d4668249792.bin
2025-06-11 23:23:13+0900: Analyzing up to 1 positions at a time in parallel
2025-06-11 23:23:13+0900: Started, ready to begin handling requests
2025-06-11 23:23:19+0900: MoveNum: 26 HASH: 16BC948ACCAC21D5CDCC2C99D547C5A2
   A B C D E F G H J K L M N O P Q R S T
19 . . . . . . . . . . . . . . . . . . .
18 . . . . . . . . . . . . . . . . . . .
17 . X O . . O . . . . . . . . . O X . .
16 . X X O . . . . . . . . . . . O X . .
15 . X O O . . . . . . . . . . . O . . .
14 . . X O1. . . . . . . . . . . . . X .
13 . . X2O3. . . . . . . . . . . . . . .
12 . . . . . . . . . . . . . . . . . . .
11 . . . . . . . . . . . . . . . . . . .
10 . . . . . . . . . . . . . . . . . . .
 9 . . . . . . . . . . . . . . . . . . .
 8 . . . . . . . . . . . . . . . . . . .
 7 . . . . . . . . . . . . . . . . . . .
 6 . . . . . . . . . . . . . . . . . . .
 5 . . . . . . . . . . . . . . . . . . .
 4 . . . X . . . . . . . . . . X X X . .
 3 . . . . . . . . . . . . . . . O O . .
 2 . . . . . . . . . . . . . O . . . . .
 1 . . . . . . . . . . . . . . . . . . .

koSIMPLEscoreTERRITORYtaxSEKIsui0komi6.5
Root visits: 2003
New playouts: 2003
NN rows: 1848
NN batches: 925
NN avg batch size: 1.99784
PV: M17 K17 N14 P12 K16 J17 O17 R13 R14 Q14 Q13 Q12 P13 O13 P14
Tree:
: T  -2.65c W  -2.42c S  -0.23c ( -0.2 L  -0.2) N    2003  --  M17 K17 N14 P12 K16 J17 O17
---Black(^)---
M17 : T  -0.64c W  -0.55c S  -0.09c ( -0.1 L  -0.1) LCB   -2.18c P 18.79% WF 705.4 PSV     692 N     692  --  M17 K17 N14 P12 K16 J17 O17 R13
M16 : T  -2.42c W  -2.20c S  -0.21c ( -0.2 L  -0.2) LCB   -4.38c P 35.53% WF 534.8 PSV     365 N     535  --  M16 R18 S18 S15 R15 R14 Q14 R13
L16 : T  -3.56c W  -3.28c S  -0.28c ( -0.2 L  -0.3) LCB   -5.55c P 33.13% WF 323.2 PSV     232 N     327  --  L16 R18 S18 S15 R11 R15 Q18 P18
L17 : T  -4.96c W  -4.58c S  -0.38c ( -0.3 L  -0.3) LCB   -8.61c P  3.51% WF  92.2 PSV      17 N      94  --  L17 R18 S18 S15 R15 R14 Q18 S17
D12 : T  -5.40c W  -5.00c S  -0.40c ( -0.4 L  -0.2) LCB   -9.48c P  3.02% WF  73.4 PSV      14 N      75  --  D12 C12 B12 C11 D11 C10 D10 C9
D17 : T  -7.22c W  -6.68c S  -0.54c ( -0.5 L  -0.3) LCB  -10.87c P  2.03% WF  52.3 PSV       7 N      54  --  D17 C18 D18 E18 B18 L16 R13 D11
N17 : T  -4.26c W  -3.89c S  -0.37c ( -0.3 L  -0.2) LCB   -7.41c P  1.15% WF 115.2 PSV       6 N     117  --  N17 R18 S18 S15 R15 R14 Q14 R13
R13 : T  -6.56c W  -6.06c S  -0.50c ( -0.4 L  -0.3) LCB  -11.12c P  0.31% WF  22.5 PSV       1 N      23  --  R13 L16 N3 S4 S5 S3 R6
O3  : T  -7.08c W  -6.58c S  -0.50c ( -0.5 L  -0.4) LCB  -11.83c P  0.16% WF  33.1 PSV       0 N      34  --  O3 N2 M16 K16 R13 R18 S18
K16 : T  -4.57c W  -4.20c S  -0.37c ( -0.3 L  -0.3) LCB   -9.17c P  0.15% WF  24.7 PSV       0 N      25  --  K16 M17 D12 C12 B12 C11 E12

2025-06-11 23:23:19+0900: ../../models/kata1-b28c512nbt-s8476434688-d4668249792.bin
2025-06-11 23:23:19+0900: NN rows: 1848
2025-06-11 23:23:19+0900: NN batches: 925
2025-06-11 23:23:19+0900: NN avg batch size: 1.99784
2025-06-11 23:23:19+0900: GPU -1 finishing, processed 1848 rows 925 batches
2025-06-11 23:23:19+0900: All cleaned up, quitting
