2025-06-07 00:40:06+0900: Running with following config:
analysisIgnorePreRootHistory = false
chosenMovePrune = 0
chosenMoveSubtract = 0
chosenMoveTemperature = 1.0
chosenMoveTemperatureEarly = 1.0
chosenMoveTemperatureOnlyBelowProb = 0.0
humanSLChosenMoveIgnorePass = true
humanSLChosenMovePiklLambda = 100000000
humanSLChosenMoveProp = 1.0
humanSLOppExploreProbWeightful = 0.0
humanSLOppExploreProbWeightless = 0.0
humanSLPlaExploreProbWeightful = 0.0
humanSLPlaExploreProbWeightless = 0.0
humanSLProfile = rank_5k
humanSLRootExploreProbWeightful = 0.0
humanSLRootExploreProbWeightless = 0.0
ignorePreRootHistory = false
logDir = analysis_logs
logSearchInfo = true
logToStderr = true
maxVisits = 1
nnCacheSizePowerOfTwo = 17
nnMaxBatchSize = 8
nnMutexPoolSizePowerOfTwo = 14
nnRandomize = false
numAnalysisThreads = 1
numSearchThreads = 4
reportAnalysisWinratesAs = BLACK
rootNumSymmetriesToSample = 1
rules = japanese
subtreeValueBiasFactor = 0.0
useLcbForSelection = false
useNoisePruning = false
useUncertainty = false

2025-06-07 00:40:06+0900: Analysis Engine starting...
2025-06-07 00:40:06+0900: KataGo v1.15.3
2025-06-07 00:40:06+0900: nnRandSeed0 = 9935452468335409634
2025-06-07 00:40:06+0900: After dedups: nnModelFile0 = ../../models/kata1-b28c512nbt-s8476434688-d4668249792.bin useFP16 auto useNHWC auto
2025-06-07 00:40:06+0900: Initializing neural net buffer to be size 19 * 19 allowing smaller boards
2025-06-07 00:40:09+0900: Cuda backend thread 0: Found GPU NVIDIA RTX A5000 memory 25425608704 compute capability major 8 minor 6
2025-06-07 00:40:09+0900: Cuda backend thread 0: Model version 15 useFP16 = true useNHWC = true
2025-06-07 00:40:09+0900: Cuda backend thread 0: Model name: kata1-b28c512nbt-s8476434688-d4668249792
2025-06-07 00:40:10+0900: nnRandSeed0 = 17861583261905294311
2025-06-07 00:40:10+0900: After dedups: nnModelFile0 = ../../models/b18c384nbt-humanv0.bin.gz useFP16 auto useNHWC auto
2025-06-07 00:40:10+0900: Initializing neural net buffer to be size 19 * 19 allowing smaller boards
2025-06-07 00:40:11+0900: Cuda backend thread 0: Found GPU NVIDIA RTX A5000 memory 25425608704 compute capability major 8 minor 6
2025-06-07 00:40:11+0900: Cuda backend thread 0: Model version 15 useFP16 = true useNHWC = true
2025-06-07 00:40:11+0900: Cuda backend thread 0: Model name: b18c384nbt-humanv0
2025-06-07 00:40:12+0900: --------------
2025-06-07 00:40:12+0900: WARNING: Config had unused keys! You may have a typo, an option you specified is being unused from human5k_pure.cfg
2025-06-07 00:40:12+0900: WARNING: Unused key 'analysisIgnorePreRootHistory' in human5k_pure.cfg
2025-06-07 00:40:12+0900: WARNING: Unused key 'rules' in human5k_pure.cfg
2025-06-07 00:40:12+0900: --------------
2025-06-07 00:40:12+0900: Loaded config human5k_pure.cfg
2025-06-07 00:40:12+0900: Loaded model ../../models/kata1-b28c512nbt-s8476434688-d4668249792.bin
2025-06-07 00:40:12+0900: Analyzing up to 1 positions at a time in parallel
2025-06-07 00:40:12+0900: Started, ready to begin handling requests
2025-06-07 00:40:12+0900: MoveNum: 8 HASH: 7F6014B9182286B6F8FAFEC392231DB3
   A B C D E F G H J K L M N O P Q R S T
19 . . . . . . . . . . . . . . . . . . .
18 . . . . . . . . . . . . . . . X2. . .
17 . . . . . . . . . . . . . X . . O3. .
16 . . . O . . . . . . . . . . . O . . .
15 . . . . . . . . . . . . . . . . . . .
14 . . . . . . . . . . . . . . . . O1. .
13 . . . . . . . . . . . . . . . . . . .
12 . . . . . . . . . . . . . . . . . . .
11 . . . . . . . . . . . . . . . . . . .
10 . . . . . . . . . . . . . . . . . . .
 9 . . . . . . . . . . . . . . . . . . .
 8 . . . . . . . . . . . . . . . . . . .
 7 . . . . . . . . . . . . . . . . . . .
 6 . . . . . . . . . . . . . . . . . . .
 5 . . . . . . . . . . . . . . . . . . .
 4 . . . X . . . . . . . . . . . . X . .
 3 . . . . . . . . . . . . . . . . . . .
 2 . . . . . . . . . . . . . . . . . . .
 1 . . . . . . . . . . . . . . . . . . .

koSIMPLEscoreTERRITORYtaxSEKIsui0komi6.5
Root visits: 53
New playouts: 53
NN rows: 53
NN batches: 28
NN avg batch size: 1.89286
PV: L17
Tree:
: T -13.82c W -13.47c S  -0.36c ( -0.9 L  -0.7) N      53  --  L17
---Black(^)---
F17 : T -14.11c W -13.70c S  -0.41c ( -1.0 L  -0.7) LCB  -22.02c P 18.29% WF  10.0 PSV      24 N      10  --  F17 C3 C4 D3 E4 E3
C14 : T -11.29c W -11.10c S  -0.19c ( -0.8 L  -0.6) LCB  -17.08c P 20.44% WF  13.1 PSV       4 N      13  --  C14 F16 L17 C3 D3 C4
C17 : T -15.71c W -15.21c S  -0.50c ( -1.1 L  -0.7) LCB  -36.36c P  8.47% WF   6.0 PSV       3 N       6  --  C17 D17 C16 D15 C15 C14
O3  : T -14.94c W -14.52c S  -0.43c ( -1.0 L  -0.7) LCB  -57.88c P  5.69% WF   4.0 PSV       1 N       4  --  O3 C3 D3 C4
P16 : T -13.30c W -13.05c S  -0.25c ( -0.8 L  -0.7) LCB  -28.41c P 10.13% WF   7.0 PSV       0 N       7  --  P16 C3 Q15 R15 D3
O4  : T -14.07c W -13.73c S  -0.34c ( -0.9 L  -0.7) LCB  -87.94c P  4.59% WF   3.0 PSV       0 N       3  --  O4 C3 D3
P4  : T -15.36c W -14.90c S  -0.46c ( -1.0 L  -0.7) LCB  -29.97c P 13.88% WF   7.0 PSV       0 N       7  --  P4 C3 D3 C4 C6 C5
Q13 : T -17.82c W -17.15c S  -0.67c ( -1.2 L  -0.9) LCB -166.75c P  7.11% WF   2.0 PSV       0 N       2  --  Q13 L17

2025-06-07 00:40:12+0900: ../../models/kata1-b28c512nbt-s8476434688-d4668249792.bin
2025-06-07 00:40:12+0900: NN rows: 53
2025-06-07 00:40:12+0900: NN batches: 28
2025-06-07 00:40:12+0900: NN avg batch size: 1.89286
2025-06-07 00:40:12+0900: ../../models/b18c384nbt-humanv0.bin.gz
2025-06-07 00:40:12+0900: NN rows: 4
2025-06-07 00:40:12+0900: NN batches: 2
2025-06-07 00:40:12+0900: NN avg batch size: 2
2025-06-07 00:40:12+0900: GPU -1 finishing, processed 53 rows 28 batches
2025-06-07 00:40:12+0900: GPU -1 finishing, processed 4 rows 2 batches
2025-06-07 00:40:12+0900: All cleaned up, quitting
