2025-06-06 20:38:04+0900: Running with following config:
analysisIgnorePreRootHistory = false
chosenMovePrune = 0
chosenMoveSubtract = 0
chosenMoveTemperature = 1.0
chosenMoveTemperatureEarly = 1.0
chosenMoveTemperatureOnlyBelowProb = 0.0
humanSLChosenMoveIgnorePass = true
humanSLChosenMovePiklLambda = 100000000
humanSLChosenMoveProp = 1.0
humanSLOppExploreProbWeightful = 0.0
humanSLOppExploreProbWeightless = 0.0
humanSLPlaExploreProbWeightful = 0.0
humanSLPlaExploreProbWeightless = 0.0
humanSLProfile = rank_5k
humanSLRootExploreProbWeightful = 0.0
humanSLRootExploreProbWeightless = 0.0
ignorePreRootHistory = false
logDir = analysis_logs
logSearchInfo = true
logToStderr = true
maxVisits = 1
nnCacheSizePowerOfTwo = 17
nnMaxBatchSize = 8
nnMutexPoolSizePowerOfTwo = 14
nnRandomize = false
numAnalysisThreads = 1
numSearchThreads = 4
reportAnalysisWinratesAs = BLACK
rootNumSymmetriesToSample = 1
rules = japanese
subtreeValueBiasFactor = 0.0
useLcbForSelection = false
useNoisePruning = false
useUncertainty = false

2025-06-06 20:38:04+0900: Analysis Engine starting...
2025-06-06 20:38:04+0900: KataGo v1.15.3
2025-06-06 20:38:04+0900: nnRandSeed0 = 2086341956611939572
2025-06-06 20:38:04+0900: After dedups: nnModelFile0 = ../../models/kata1-b28c512nbt-s8476434688-d4668249792.bin useFP16 auto useNHWC auto
2025-06-06 20:38:04+0900: Initializing neural net buffer to be size 19 * 19 allowing smaller boards
2025-06-06 20:38:07+0900: Cuda backend thread 0: Found GPU NVIDIA RTX A5000 memory 25425608704 compute capability major 8 minor 6
2025-06-06 20:38:07+0900: Cuda backend thread 0: Model version 15 useFP16 = true useNHWC = true
2025-06-06 20:38:07+0900: Cuda backend thread 0: Model name: kata1-b28c512nbt-s8476434688-d4668249792
2025-06-06 20:38:09+0900: nnRandSeed0 = 3289626852311954695
2025-06-06 20:38:09+0900: After dedups: nnModelFile0 = ../../models/b18c384nbt-humanv0.bin.gz useFP16 auto useNHWC auto
2025-06-06 20:38:09+0900: Initializing neural net buffer to be size 19 * 19 allowing smaller boards
2025-06-06 20:38:10+0900: Cuda backend thread 0: Found GPU NVIDIA RTX A5000 memory 25425608704 compute capability major 8 minor 6
2025-06-06 20:38:10+0900: Cuda backend thread 0: Model version 15 useFP16 = true useNHWC = true
2025-06-06 20:38:10+0900: Cuda backend thread 0: Model name: b18c384nbt-humanv0
2025-06-06 20:38:10+0900: --------------
2025-06-06 20:38:10+0900: WARNING: Config had unused keys! You may have a typo, an option you specified is being unused from human5k_pure.cfg
2025-06-06 20:38:10+0900: WARNING: Unused key 'analysisIgnorePreRootHistory' in human5k_pure.cfg
2025-06-06 20:38:10+0900: WARNING: Unused key 'rules' in human5k_pure.cfg
2025-06-06 20:38:10+0900: --------------
2025-06-06 20:38:10+0900: Loaded config human5k_pure.cfg
2025-06-06 20:38:10+0900: Loaded model ../../models/kata1-b28c512nbt-s8476434688-d4668249792.bin
2025-06-06 20:38:10+0900: Analyzing up to 1 positions at a time in parallel
2025-06-06 20:38:10+0900: Started, ready to begin handling requests
2025-06-06 20:38:11+0900: MoveNum: 3 HASH: 2EC259AE511828B08ECEA67ABE5CD90E
   A B C D E F G H J K L M N O P Q R S T
19 . . . . . . . . . . . . . . . . . . .
18 . . . . . . . . . . . . . . . . . . .
17 . . . X3. . . . . . . . . . . . . . .
16 . . . . . . . . . . . . . . . O2. . .
15 . . . . . . . . . . . . . . . . . . .
14 . . . . . . . . . . . . . . . . . . .
13 . . . . . . . . . . . . . . . . . . .
12 . . . . . . . . . . . . . . . . . . .
11 . . . . . . . . . . . . . . . . . . .
10 . . . . . . . . . . . . . . . . . . .
 9 . . . . . . . . . . . . . . . . . . .
 8 . . . . . . . . . . . . . . . . . . .
 7 . . . . . . . . . . . . . . . . . . .
 6 . . . . . . . . . . . . . . . . . . .
 5 . . . . . . . . . . . . . . . . . . .
 4 . . . X1. . . . . . . . . . . . . . .
 3 . . . . . . . . . . . . . . . . . . .
 2 . . . . . . . . . . . . . . . . . . .
 1 . . . . . . . . . . . . . . . . . . .

koSIMPLEscoreTERRITORYtaxSEKIsui0komi6.5
Root visits: 53
New playouts: 53
NN rows: 53
NN batches: 27
NN avg batch size: 1.96296
PV: Q4 F3 C15 E16 C12 R3 R4 Q3
Tree:
: T  -4.59c W  -4.73c S   0.14c ( -0.3 L  -0.3) N      53  --  Q4 F3 C15 E16 C12 R3 R4
---White(v)---
Q4  : T  -6.14c W  -6.06c S  -0.08c ( -0.5 L  -0.4) LCB   -3.60c P 80.36% WF  22.2 PSV      14 N      22  --  Q4 F3 C15 E16 C12 R3 R4 Q3
Q3  : T  -4.04c W  -4.27c S   0.23c ( -0.2 L  -0.2) LCB    1.70c P  8.22% WF  12.0 PSV       6 N      12  --  Q3 R17 R16 Q17 P16 O17 C3 C4
R4  : T  -4.17c W  -4.46c S   0.29c ( -0.2 L  -0.2) LCB    1.83c P  3.91% WF  12.0 PSV       3 N      12  --  R4 P3 C3 C4 D3
R3  : T  -0.49c W  -1.01c S   0.53c ( +0.1 L  +0.0) LCB   19.05c P  0.88% WF   5.9 PSV       0 N       6  --  R3 R17 Q17 R16 Q15

2025-06-06 20:38:11+0900: ../../models/kata1-b28c512nbt-s8476434688-d4668249792.bin
2025-06-06 20:38:11+0900: NN rows: 53
2025-06-06 20:38:11+0900: NN batches: 27
2025-06-06 20:38:11+0900: NN avg batch size: 1.96296
2025-06-06 20:38:11+0900: ../../models/b18c384nbt-humanv0.bin.gz
2025-06-06 20:38:11+0900: NN rows: 4
2025-06-06 20:38:11+0900: NN batches: 2
2025-06-06 20:38:11+0900: NN avg batch size: 2
2025-06-06 20:38:11+0900: GPU -1 finishing, processed 53 rows 27 batches
2025-06-06 20:38:11+0900: GPU -1 finishing, processed 4 rows 2 batches
2025-06-06 20:38:11+0900: All cleaned up, quitting
