2025-06-07 00:40:31+0900: Running with following config:
analysisIgnorePreRootHistory = false
chosenMovePrune = 0
chosenMoveSubtract = 0
chosenMoveTemperature = 1.0
chosenMoveTemperatureEarly = 1.0
chosenMoveTemperatureOnlyBelowProb = 0.0
humanSLChosenMoveIgnorePass = true
humanSLChosenMovePiklLambda = 100000000
humanSLChosenMoveProp = 1.0
humanSLOppExploreProbWeightful = 0.0
humanSLOppExploreProbWeightless = 0.0
humanSLPlaExploreProbWeightful = 0.0
humanSLPlaExploreProbWeightless = 0.0
humanSLProfile = rank_5k
humanSLRootExploreProbWeightful = 0.0
humanSLRootExploreProbWeightless = 0.0
ignorePreRootHistory = false
logDir = analysis_logs
logSearchInfo = true
logToStderr = true
maxVisits = 1
nnCacheSizePowerOfTwo = 17
nnMaxBatchSize = 8
nnMutexPoolSizePowerOfTwo = 14
nnRandomize = false
numAnalysisThreads = 1
numSearchThreads = 4
reportAnalysisWinratesAs = BLACK
rootNumSymmetriesToSample = 1
rules = japanese
subtreeValueBiasFactor = 0.0
useLcbForSelection = false
useNoisePruning = false
useUncertainty = false

2025-06-07 00:40:31+0900: Analysis Engine starting...
2025-06-07 00:40:31+0900: KataGo v1.15.3
2025-06-07 00:40:31+0900: nnRandSeed0 = 10096365649870009669
2025-06-07 00:40:31+0900: After dedups: nnModelFile0 = ../../models/kata1-b28c512nbt-s8476434688-d4668249792.bin useFP16 auto useNHWC auto
2025-06-07 00:40:31+0900: Initializing neural net buffer to be size 19 * 19 allowing smaller boards
2025-06-07 00:40:33+0900: Cuda backend thread 0: Found GPU NVIDIA RTX A5000 memory 25425608704 compute capability major 8 minor 6
2025-06-07 00:40:33+0900: Cuda backend thread 0: Model version 15 useFP16 = true useNHWC = true
2025-06-07 00:40:33+0900: Cuda backend thread 0: Model name: kata1-b28c512nbt-s8476434688-d4668249792
2025-06-07 00:40:34+0900: nnRandSeed0 = 3371600483441851257
2025-06-07 00:40:34+0900: After dedups: nnModelFile0 = ../../models/b18c384nbt-humanv0.bin.gz useFP16 auto useNHWC auto
2025-06-07 00:40:34+0900: Initializing neural net buffer to be size 19 * 19 allowing smaller boards
2025-06-07 00:40:36+0900: Cuda backend thread 0: Found GPU NVIDIA RTX A5000 memory 25425608704 compute capability major 8 minor 6
2025-06-07 00:40:36+0900: Cuda backend thread 0: Model version 15 useFP16 = true useNHWC = true
2025-06-07 00:40:36+0900: Cuda backend thread 0: Model name: b18c384nbt-humanv0
2025-06-07 00:40:36+0900: --------------
2025-06-07 00:40:36+0900: WARNING: Config had unused keys! You may have a typo, an option you specified is being unused from human5k_pure.cfg
2025-06-07 00:40:36+0900: WARNING: Unused key 'analysisIgnorePreRootHistory' in human5k_pure.cfg
2025-06-07 00:40:36+0900: WARNING: Unused key 'rules' in human5k_pure.cfg
2025-06-07 00:40:36+0900: --------------
2025-06-07 00:40:36+0900: Loaded config human5k_pure.cfg
2025-06-07 00:40:36+0900: Loaded model ../../models/kata1-b28c512nbt-s8476434688-d4668249792.bin
2025-06-07 00:40:36+0900: Analyzing up to 1 positions at a time in parallel
2025-06-07 00:40:36+0900: Started, ready to begin handling requests
2025-06-07 00:40:37+0900: MoveNum: 12 HASH: 01EF796605382B1EDF7E6B9BA729E0F1
   A B C D E F G H J K L M N O P Q R S T
19 . . . . . . . . . . . . . . . . . . .
18 . . . . . . . . . . . . . . . X . . .
17 . . X2. . . O1. . . . . . X . . O . .
16 . . O3O . . . . . X . . . . . O . . .
15 . . . . . . . . . . . . . . . . . . .
14 . . . . . . . . . . . . . . . . O . .
13 . . . . . . . . . . . . . . . . . . .
12 . . . . . . . . . . . . . . . . . . .
11 . . . . . . . . . . . . . . . . . . .
10 . . . . . . . . . . . . . . . . . . .
 9 . . . . . . . . . . . . . . . . . . .
 8 . . . . . . . . . . . . . . . . . . .
 7 . . . . . . . . . . . . . . . . . . .
 6 . . . . . . . . . . . . . . . . . . .
 5 . . . . . . . . . . . . . . . . . . .
 4 . . . X . . . . . . . . . . . . X . .
 3 . . . . . . . . . . . . . . . . . . .
 2 . . . . . . . . . . . . . . . . . . .
 1 . . . . . . . . . . . . . . . . . . .

koSIMPLEscoreTERRITORYtaxSEKIsui0komi6.5
Root visits: 53
New playouts: 53
NN rows: 48
NN batches: 25
NN avg batch size: 1.92
PV: D17 E17 B16 B15 E18 F18 E16 F17 B17 C14
Tree:
: T -23.67c W -23.33c S  -0.35c ( -1.6 L  -1.0) N      53  --  D17 E17 B16 B15 E18 F18 E16
---Black(^)---
D17 : T -19.73c W -19.70c S  -0.03c ( -1.3 L  -0.9) LCB  -24.58c P 86.99% WF  40.6 PSV      41 N      40  --  D17 E17 B16 B15 E18 F18 E16 F17
O3  : T -38.55c W -37.05c S  -1.50c ( -2.7 L  -1.8) LCB -187.56c P  0.66% WF   1.9 PSV       0 N       2  --  O3 D17
P4  : T -37.34c W -35.95c S  -1.39c ( -2.6 L  -1.7) LCB  -80.61c P  0.87% WF   3.8 PSV       0 N       4  --  P4 D17 C6 K3
Q13 : T -37.34c W -35.85c S  -1.49c ( -2.7 L  -1.8) LCB  -57.30c P  8.71% WF   5.7 PSV       0 N       6  --  Q13 N16 O16

2025-06-07 00:40:37+0900: ../../models/kata1-b28c512nbt-s8476434688-d4668249792.bin
2025-06-07 00:40:37+0900: NN rows: 48
2025-06-07 00:40:37+0900: NN batches: 25
2025-06-07 00:40:37+0900: NN avg batch size: 1.92
2025-06-07 00:40:37+0900: ../../models/b18c384nbt-humanv0.bin.gz
2025-06-07 00:40:37+0900: NN rows: 4
2025-06-07 00:40:37+0900: NN batches: 2
2025-06-07 00:40:37+0900: NN avg batch size: 2
2025-06-07 00:40:37+0900: GPU -1 finishing, processed 48 rows 25 batches
2025-06-07 00:40:37+0900: GPU -1 finishing, processed 4 rows 2 batches
2025-06-07 00:40:37+0900: All cleaned up, quitting
