2025-06-07 23:32:59+0900: Running with following config:
analysisIgnorePreRootHistory = false
chosenMovePrune = 0
chosenMoveSubtract = 0
chosenMoveTemperature = 1.0
chosenMoveTemperatureEarly = 1.0
chosenMoveTemperatureOnlyBelowProb = 0.0
ignorePreRootHistory = false
logDir = analysis_logs
logSearchInfo = true
logToStderr = true
maxVisits = 2000
nnCacheSizePowerOfTwo = 17
nnMaxBatchSize = 8
nnMutexPoolSizePowerOfTwo = 14
nnRandomize = false
numAnalysisThreads = 1
numSearchThreads = 4
reportAnalysisWinratesAs = BLACK
rootNumSymmetriesToSample = 1
rules = japanese
subtreeValueBiasFactor = 0.0
useLcbForSelection = false
useNoisePruning = false
useUncertainty = false

2025-06-07 23:32:59+0900: Analysis Engine starting...
2025-06-07 23:32:59+0900: KataGo v1.15.3
2025-06-07 23:32:59+0900: nnRandSeed0 = 5888667828595597181
2025-06-07 23:32:59+0900: After dedups: nnModelFile0 = ../../models/kata1-b28c512nbt-s8476434688-d4668249792.bin useFP16 auto useNHWC auto
2025-06-07 23:32:59+0900: Initializing neural net buffer to be size 19 * 19 allowing smaller boards
2025-06-07 23:33:02+0900: Cuda backend thread 0: Found GPU NVIDIA RTX A5000 memory 25425608704 compute capability major 8 minor 6
2025-06-07 23:33:02+0900: Cuda backend thread 0: Model version 15 useFP16 = true useNHWC = true
2025-06-07 23:33:02+0900: Cuda backend thread 0: Model name: kata1-b28c512nbt-s8476434688-d4668249792
2025-06-07 23:33:03+0900: --------------
2025-06-07 23:33:03+0900: WARNING: Config had unused keys! You may have a typo, an option you specified is being unused from analysis.cfg
2025-06-07 23:33:03+0900: WARNING: Unused key 'analysisIgnorePreRootHistory' in analysis.cfg
2025-06-07 23:33:03+0900: WARNING: Unused key 'rules' in analysis.cfg
2025-06-07 23:33:03+0900: --------------
2025-06-07 23:33:03+0900: Loaded config analysis.cfg
2025-06-07 23:33:03+0900: Loaded model ../../models/kata1-b28c512nbt-s8476434688-d4668249792.bin
2025-06-07 23:33:03+0900: Analyzing up to 1 positions at a time in parallel
2025-06-07 23:33:03+0900: Started, ready to begin handling requests
2025-06-07 23:33:15+0900: MoveNum: 194 HASH: 500914057D1461B10740CDC5E4A44998
   A B C D E F G H J K L M N O P Q R S T
19 . . . . . . . . . . X . . . . . . . .
18 . . . X X . O . O X O O . O X X . . .
17 . . . X O O . O O X O . O . O X . . .
16 . . X . X O O X O X X O O . O . X . .
15 O3X X X O . X X X X . . . . . O . . .
14 . O O O O . . . O X . O O X X X X . .
13 . . . O . O . X X O O . X O . . . . .
12 . . . . O X . . . X X . X . . . . . .
11 . . . O X X . . X2. . . . X . . X X .
10 . . . O X O . X . . . . O O X X O O .
 9 . . . . O1. O O O O O . O X X O . . O
 8 . . . X X . . O X X . . O . O O O O O
 7 . . O O . X X X O . X . . O O O X X .
 6 . . . . . . O O O . . X X O X O O X .
 5 . . . . O O O X X X X O X X X X X . .
 4 . O O O O X O X O . . . O X X O O X .
 3 . X X O X X X O O . X . O X O O . O X
 2 . . X X . . . X X . . O . O X O O O X
 1 . . . . . . . . . . . . . . . . . . .

koSIMPLEscoreTERRITORYtaxSEKIsui0komi6.5
Root visits: 5003
New playouts: 5003
NN rows: 4225
NN batches: 2113
NN avg batch size: 1.99953
PV: A16 A14 F18 D16 B17 G10 G11 T11 S13 L2
Tree:
: T -105.62c W -99.22c S  -6.41c (-13.6 L -13.8) N    5003  --  A16 A14 F18 D16 B17 G10 G11
---Black(^)---
A16 : T -104.62c W -99.36c S  -5.30c (-12.8 L -12.9) LCB -105.20c P 40.50% WF 936.0 PSV     927 N     927  --  A16 A14 F18 D16 B17 G10 G11 T11
F18 : T -104.57c W -99.37c S  -5.20c (-12.7 L -12.8) LCB -105.10c P 20.83% WF 716.8 PSV     492 N     710  --  F18 R15 S15 A16 F15 D16 C12 D12
G10 : T -104.67c W -99.30c S  -5.37c (-12.8 L -12.8) LCB -105.89c P 10.64% WF 551.2 PSV     236 N     547  --  G10 F9 A16 A14 F18 D16 B17 G12
C12 : T -105.42c W -99.37c S  -6.09c (-13.4 L -13.6) LCB -106.32c P  8.54% WF 397.8 PSV     128 N     398  --  C12 D12 A16 A14 F18 D16 B17 G10
D12 : T -105.63c W -99.31c S  -6.43c (-13.7 L -13.9) LCB -107.17c P  3.64% WF 260.3 PSV      48 N     261  --  D12 G10 G11 C12 A16 A14 F18 D16
F9  : T -104.65c W -99.20c S  -5.42c (-12.8 L -12.9) LCB -106.26c P  1.74% WF 322.1 PSV      34 N     320  --  F9 F8 A16 A14 F18 D16 B17 G10
N2  : T -105.73c W -99.43c S  -6.30c (-13.5 L -13.7) LCB -106.66c P  1.66% WF 196.3 PSV      20 N     197  --  N2 N1 A16 A14 F18 D16 B17 G10
F15 : T -106.27c W -99.45c S  -6.80c (-13.9 L -14.0) LCB -107.20c P  1.42% WF 194.4 PSV      16 N     196  --  F15 F18 A16 A14 B17 G10 G11 T11
D9  : T -105.58c W -98.72c S  -6.82c (-14.0 L -14.2) LCB -110.22c P  1.17% WF 253.5 PSV      15 N     254  --  D9 F9 A16 A14 F18 D16 B17 T11
N7  : T -106.93c W -99.42c S  -7.54c (-14.5 L -14.6) LCB -107.85c P  1.35% WF 151.0 PSV      13 N     153  --  N7 O8 A16 A14 F18 D16 B17 G10

2025-06-07 23:33:15+0900: ../../models/kata1-b28c512nbt-s8476434688-d4668249792.bin
2025-06-07 23:33:15+0900: NN rows: 4225
2025-06-07 23:33:15+0900: NN batches: 2113
2025-06-07 23:33:15+0900: NN avg batch size: 1.99953
2025-06-07 23:33:16+0900: GPU -1 finishing, processed 4225 rows 2113 batches
2025-06-07 23:33:16+0900: All cleaned up, quitting
