2025-06-06 21:35:13+0900: Running with following config:
analysisIgnorePreRootHistory = false
chosenMovePrune = 0
chosenMoveSubtract = 0
chosenMoveTemperature = 1.0
chosenMoveTemperatureEarly = 1.0
chosenMoveTemperatureOnlyBelowProb = 0.0
humanSLChosenMoveIgnorePass = true
humanSLChosenMovePiklLambda = 100000000
humanSLChosenMoveProp = 1.0
humanSLOppExploreProbWeightful = 0.0
humanSLOppExploreProbWeightless = 0.0
humanSLPlaExploreProbWeightful = 0.0
humanSLPlaExploreProbWeightless = 0.0
humanSLProfile = rank_5k
humanSLRootExploreProbWeightful = 0.0
humanSLRootExploreProbWeightless = 0.0
ignorePreRootHistory = false
logDir = analysis_logs
logSearchInfo = true
logToStderr = true
maxVisits = 1
nnCacheSizePowerOfTwo = 17
nnMaxBatchSize = 8
nnMutexPoolSizePowerOfTwo = 14
nnRandomize = false
numAnalysisThreads = 1
numSearchThreads = 4
reportAnalysisWinratesAs = BLACK
rootNumSymmetriesToSample = 1
rules = japanese
subtreeValueBiasFactor = 0.0
useLcbForSelection = false
useNoisePruning = false
useUncertainty = false

2025-06-06 21:35:13+0900: Analysis Engine starting...
2025-06-06 21:35:13+0900: KataGo v1.15.3
2025-06-06 21:35:13+0900: nnRandSeed0 = 8916177938220354934
2025-06-06 21:35:13+0900: After dedups: nnModelFile0 = ../../models/kata1-b28c512nbt-s8476434688-d4668249792.bin useFP16 auto useNHWC auto
2025-06-06 21:35:13+0900: Initializing neural net buffer to be size 19 * 19 allowing smaller boards
2025-06-06 21:35:16+0900: Cuda backend thread 0: Found GPU NVIDIA RTX A5000 memory 25425608704 compute capability major 8 minor 6
2025-06-06 21:35:16+0900: Cuda backend thread 0: Model version 15 useFP16 = true useNHWC = true
2025-06-06 21:35:16+0900: Cuda backend thread 0: Model name: kata1-b28c512nbt-s8476434688-d4668249792
2025-06-06 21:35:17+0900: nnRandSeed0 = 15705464512099576561
2025-06-06 21:35:17+0900: After dedups: nnModelFile0 = ../../models/b18c384nbt-humanv0.bin.gz useFP16 auto useNHWC auto
2025-06-06 21:35:17+0900: Initializing neural net buffer to be size 19 * 19 allowing smaller boards
2025-06-06 21:35:18+0900: Cuda backend thread 0: Found GPU NVIDIA RTX A5000 memory 25425608704 compute capability major 8 minor 6
2025-06-06 21:35:18+0900: Cuda backend thread 0: Model version 15 useFP16 = true useNHWC = true
2025-06-06 21:35:18+0900: Cuda backend thread 0: Model name: b18c384nbt-humanv0
2025-06-06 21:35:19+0900: --------------
2025-06-06 21:35:19+0900: WARNING: Config had unused keys! You may have a typo, an option you specified is being unused from human5k_pure.cfg
2025-06-06 21:35:19+0900: WARNING: Unused key 'analysisIgnorePreRootHistory' in human5k_pure.cfg
2025-06-06 21:35:19+0900: WARNING: Unused key 'rules' in human5k_pure.cfg
2025-06-06 21:35:19+0900: --------------
2025-06-06 21:35:19+0900: Loaded config human5k_pure.cfg
2025-06-06 21:35:19+0900: Loaded model ../../models/kata1-b28c512nbt-s8476434688-d4668249792.bin
2025-06-06 21:35:19+0900: Analyzing up to 1 positions at a time in parallel
2025-06-06 21:35:19+0900: Started, ready to begin handling requests
2025-06-06 21:35:19+0900: MoveNum: 2 HASH: EB5B48764F3CF87F19236A45508C4ACB
   A B C D E F G H J K L M N O P Q R S T
19 . . . . . . . . . . . . . . . . . . .
18 . . . . . . . . . . . . . . . . . . .
17 . . . . . . . . . . . . . . . . . . .
16 . . . . . . . . . . . . . . . O2. . .
15 . . . . . . . . . . . . . . . . . . .
14 . . . . . . . . . . . . . . . . . . .
13 . . . . . . . . . . . . . . . . . . .
12 . . . . . . . . . . . . . . . . . . .
11 . . . . . . . . . . . . . . . . . . .
10 . . . . . . . . . . . . . . . . . . .
 9 . . . . . . . . . . . . . . . . . . .
 8 . . . . . . . . . . . . . . . . . . .
 7 . . . . . . . . . . . . . . . . . . .
 6 . . . . . . . . . . . . . . . . . . .
 5 . . . . . . . . . . . . . . . . . . .
 4 . . . X1. . . . . . . . . . . . . . .
 3 . . . . . . . . . . . . . . . . . . .
 2 . . . . . . . . . . . . . . . . . . .
 1 . . . . . . . . . . . . . . . . . . .

koSIMPLEscoreTERRITORYtaxSEKIsui0komi6.5
Root visits: 53
New playouts: 53
NN rows: 53
NN batches: 27
NN avg batch size: 1.96296
PV: Q4 D16 C14 R3 R4 Q3 P4
Tree:
: T  -6.54c W  -6.43c S  -0.12c ( -0.4 L  -0.4) N      53  --  Q4 D16 C14 R3 R4 Q3 P4
---Black(^)---
Q4  : T  -5.06c W  -5.07c S   0.01c ( -0.3 L  -0.3) LCB   -9.61c P 27.60% WF  14.1 PSV       8 N      14  --  Q4 D16 C14 R3 R4 Q3 P4
R4  : T  -4.93c W  -4.79c S  -0.14c ( -0.5 L  -0.4) LCB  -12.22c P  3.12% WF  10.1 PSV       6 N      10  --  R4 D16 C6 P3 Q5 M3 C17
Q3  : T  -7.31c W  -7.12c S  -0.19c ( -0.5 L  -0.4) LCB  -50.38c P  1.77% WF   4.0 PSV       3 N       4  --  Q3 D16 C17 C16
Q5  : T  -7.08c W  -6.91c S  -0.17c ( -0.5 L  -0.4) LCB  -34.84c P  1.54% WF   5.0 PSV       0 N       5  --  Q5 D16 Q3 C3 D3
R14 : T  -7.58c W  -7.55c S  -0.03c ( -0.4 L  -0.4) LCB  -18.81c P  5.73% WF   8.0 PSV       0 N       8  --  R14 Q4 D16 R15 Q14 O16 Q10 C3
R17 : T  -8.75c W  -8.51c S  -0.25c ( -0.6 L  -0.5) LCB  -17.88c P  8.02% WF   8.9 PSV       0 N       9  --  R17 R16 Q17 P16 O18
F3  : T  -7.54c W  -7.16c S  -0.39c ( -0.7 L  -0.5) LCB -156.48c P  1.55% WF   2.0 PSV       0 N       2  --  F3 D16

2025-06-06 21:35:19+0900: MoveNum: 3 HASH: 95F7AC627DCACBF3483FBCB0466EE13C
   A B C D E F G H J K L M N O P Q R S T
19 . . . . . . . . . . . . . . . . . . .
18 . . . . . . . . . . . . . . . . . . .
17 . . . . . . . . . . . . . . . . . . .
16 . . . X3. . . . . . . . . . . O2. . .
15 . . . . . . . . . . . . . . . . . . .
14 . . . . . . . . . . . . . . . . . . .
13 . . . . . . . . . . . . . . . . . . .
12 . . . . . . . . . . . . . . . . . . .
11 . . . . . . . . . . . . . . . . . . .
10 . . . . . . . . . . . . . . . . . . .
 9 . . . . . . . . . . . . . . . . . . .
 8 . . . . . . . . . . . . . . . . . . .
 7 . . . . . . . . . . . . . . . . . . .
 6 . . . . . . . . . . . . . . . . . . .
 5 . . . . . . . . . . . . . . . . . . .
 4 . . . X1. . . . . . . . . . . . . . .
 3 . . . . . . . . . . . . . . . . . . .
 2 . . . . . . . . . . . . . . . . . . .
 1 . . . . . . . . . . . . . . . . . . .

koSIMPLEscoreTERRITORYtaxSEKIsui0komi6.5
Root visits: 53
New playouts: 53
NN rows: 106
NN batches: 54
NN avg batch size: 1.96296
PV: Q4 O17 C3 D3 C4 D5 B6 R6 P17
Tree:
: T  -3.55c W  -3.72c S   0.17c ( -0.1 L  -0.2) N      53  --  Q4 O17 C3 D3 C4 D5 B6
---White(v)---
Q4  : T  -6.32c W  -6.22c S  -0.10c ( -0.4 L  -0.3) LCB   -3.99c P 83.70% WF  23.3 PSV      14 N      23  --  Q4 O17 C3 D3 C4 D5 B6 R6
Q3  : T  -2.15c W  -2.46c S   0.30c ( -0.0 L  -0.1) LCB    3.61c P  6.61% WF  11.9 PSV       7 N      12  --  Q3 R17 R16 Q17 P16 O17 C3 D3
R4  : T  -0.91c W  -1.33c S   0.42c ( +0.1 L  -0.0) LCB    4.22c P  2.87% WF  12.8 PSV       3 N      13  --  R4 P3 C17 D17 C16 C14
R3  : T   0.77c W   0.16c S   0.60c ( +0.3 L  +0.2) LCB   43.57c P  0.98% WF   3.9 PSV       0 N       4  --  R3 R17 Q17 R16

2025-06-06 21:35:19+0900: MoveNum: 4 HASH: 66CD8BAF67D21C3C01B72932C95808A3
   A B C D E F G H J K L M N O P Q R S T
19 . . . . . . . . . . . . . . . . . . .
18 . . . . . . . . . . . . . . . . . . .
17 . . . . . . . . . . . . . . . . . . .
16 . . . X2. . . . . . . . . . . O1. . .
15 . . . . . . . . . . . . . . . . . . .
14 . . . . . . . . . . . . . . . . . . .
13 . . . . . . . . . . . . . . . . . . .
12 . . . . . . . . . . . . . . . . . . .
11 . . . . . . . . . . . . . . . . . . .
10 . . . . . . . . . . . . . . . . . . .
 9 . . . . . . . . . . . . . . . . . . .
 8 . . . . . . . . . . . . . . . . . . .
 7 . . . . . . . . . . . . . . . . . . .
 6 . . . . . . . . . . . . . . . . . . .
 5 . . . . . . . . . . . . . . . . . . .
 4 . . . X . . . . . . . . . . . . O3. .
 3 . . . . . . . . . . . . . . . . . . .
 2 . . . . . . . . . . . . . . . . . . .
 1 . . . . . . . . . . . . . . . . . . .

koSIMPLEscoreTERRITORYtaxSEKIsui0komi6.5
Root visits: 53
New playouts: 53
NN rows: 147
NN batches: 75
NN avg batch size: 1.96
PV: P4 P3 O3 Q3 O4 R6
Tree:
: T  -2.44c W  -2.46c S   0.02c ( -0.0 L  -0.1) N      53  --  P4 P3 O3 Q3 O4 R6
---Black(^)---
P4  : T  -2.42c W  -2.44c S   0.01c ( -0.0 L  -0.1) LCB  -17.32c P  4.08% WF   7.0 PSV      19 N       7  --  P4 P3 O3 Q3 O4 R6
P3  : T  -0.96c W  -1.11c S   0.15c ( +0.1 L  -0.1) LCB   -4.49c P 38.00% WF  17.1 PSV       7 N      17  --  P3 C17 D17 C16 C14 C15 D15 B14
O17 : T  -2.88c W  -2.85c S  -0.03c ( -0.1 L  -0.1) LCB  -14.24c P  7.77% WF   8.0 PSV       5 N       8  --  O17 C3 D3 C4
R14 : T  -4.95c W  -4.87c S  -0.08c ( -0.1 L  -0.1) LCB  -24.70c P  5.16% WF   5.9 PSV       1 N       6  --  R14 O17 P4 P3
R17 : T  -2.87c W  -2.80c S  -0.06c ( -0.1 L  -0.1) LCB   -7.53c P 35.30% WF  14.0 PSV       0 N      14  --  R17 Q17 R16 Q15 S14 C3 C4 D3

2025-06-06 21:35:19+0900: MoveNum: 5 HASH: 68C6E4345AB780DB2F226ABB9FC15644
   A B C D E F G H J K L M N O P Q R S T
19 . . . . . . . . . . . . . . . . . . .
18 . . . . . . . . . . . . . . . . . . .
17 . . . . . . . . . . . . . . . . . . .
16 . . . X1. . . . . . . . . . . O . . .
15 . . . . . . . . . . . . . . . . . . .
14 . . . . . . . . . . . . . . . . . . .
13 . . . . . . . . . . . . . . . . . . .
12 . . . . . . . . . . . . . . . . . . .
11 . . . . . . . . . . . . . . . . . . .
10 . . . . . . . . . . . . . . . . . . .
 9 . . . . . . . . . . . . . . . . . . .
 8 . . . . . . . . . . . . . . . . . . .
 7 . . . . . . . . . . . . . . . . . . .
 6 . . . . . . . . . . . . . . . . . . .
 5 . . . . . . . . . . . . . . . . . . .
 4 . . . X . . . . . . . . . . X3. O2. .
 3 . . . . . . . . . . . . . . . . . . .
 2 . . . . . . . . . . . . . . . . . . .
 1 . . . . . . . . . . . . . . . . . . .

koSIMPLEscoreTERRITORYtaxSEKIsui0komi6.5
Root visits: 53
New playouts: 53
NN rows: 194
NN batches: 99
NN avg batch size: 1.9596
PV: P3 O3 Q3 O4 R6 R17 R16 Q17 P16 O18 C3
Tree:
: T  -2.48c W  -2.33c S  -0.14c ( -0.0 L  -0.1) N      53  --  P3 O3 Q3 O4 R6 R17 R16
---White(v)---
P3  : T  -4.05c W  -3.80c S  -0.25c ( -0.1 L  -0.2) LCB   -0.36c P 64.39% WF  21.1 PSV      24 N      21  --  P3 O3 Q3 O4 R6 R17 R16 Q17
F3  : T  -1.26c W  -1.20c S  -0.05c ( +0.1 L  -0.1) LCB   28.00c P  1.47% WF   5.0 PSV       1 N       5  --  F3 R5 S5
F17 : T   0.20c W   0.08c S   0.11c ( +0.2 L  -0.0) LCB   74.18c P  1.25% WF   3.0 PSV       0 N       3  --  F17 R3 C17
C6  : T   0.25c W   0.18c S   0.07c ( +0.2 L  -0.1) LCB  149.33c P  1.19% WF   2.0 PSV       0 N       2  --  C6 R3
C3  : T  -2.49c W  -2.31c S  -0.17c ( -0.1 L  -0.2) LCB    3.10c P 10.97% WF  13.0 PSV       0 N      13  --  C3 D3 C4 D5 B6 R3 S3 Q3
C17 : T  -1.03c W  -1.01c S  -0.02c ( +0.1 L  -0.1) LCB   10.87c P  8.49% WF   7.9 PSV       0 N       8  --  C17 D17 C16 C14 C15 D15 B14 R3

2025-06-06 21:35:20+0900: MoveNum: 6 HASH: F2045D357C57C6893704B38004A62A23
   A B C D E F G H J K L M N O P Q R S T
19 . . . . . . . . . . . . . . . . . . .
18 . . . . . . . . . . . . . . . . . . .
17 . . . . . . . . . . . . . . . . . . .
16 . . . X . . . . . . . . . . . O . . .
15 . . . . . . . . . . . . . . . . . . .
14 . . . . . . . . . . . . . . . . . . .
13 . . . . . . . . . . . . . . . . . . .
12 . . . . . . . . . . . . . . . . . . .
11 . . . . . . . . . . . . . . . . . . .
10 . . . . . . . . . . . . . . . . . . .
 9 . . . . . . . . . . . . . . . . . . .
 8 . . . . . . . . . . . . . . . . . . .
 7 . . . . . . . . . . . . . . . . . . .
 6 . . . . . . . . . . . . . . . . . . .
 5 . . . . . . . . . . . . . . . . . . .
 4 . . . X . . . . . . . . O3. X2. O1. .
 3 . . . . . . . . . . . . . . . . . . .
 2 . . . . . . . . . . . . . . . . . . .
 1 . . . . . . . . . . . . . . . . . . .

koSIMPLEscoreTERRITORYtaxSEKIsui0komi6.5
Root visits: 53
New playouts: 53
NN rows: 247
NN batches: 127
NN avg batch size: 1.94488
PV: R3 S3 Q3 S5 P6 Q7 P7 P8 O8
Tree:
: T   5.63c W   5.47c S   0.16c ( +0.5 L  +0.2) N      53  --  R3 S3 Q3 S5 P6 Q7 P7
---Black(^)---
R3  : T   8.06c W   7.73c S   0.33c ( +0.7 L  +0.3) LCB    2.87c P 49.23% WF  18.2 PSV      14 N      18  --  R3 S3 Q3 S5 P6 Q7 P7 P8
P6  : T   4.22c W   4.20c S   0.02c ( +0.4 L  +0.2) LCB  -23.76c P  6.46% WF   5.0 PSV      11 N       5  --  P6 Q3 P3 R6 R17
Q7  : T   2.71c W   2.76c S  -0.05c ( +0.3 L  +0.1) LCB  -17.64c P  6.42% WF   5.9 PSV       1 N       6  --  Q7 R6 Q6 R7 Q8
O17 : T   4.51c W   4.44c S   0.07c ( +0.4 L  +0.2) LCB  -15.62c P  5.15% WF   6.0 PSV       0 N       6  --  O17 Q6 R14 Q14
R14 : T   4.31c W   4.21c S   0.10c ( +0.4 L  +0.2) LCB  -24.02c P  3.63% WF   5.0 PSV       0 N       5  --  R14 R6 Q5 R5
R17 : T   4.99c W   4.87c S   0.12c ( +0.5 L  +0.2) LCB   -0.70c P 20.47% WF  12.0 PSV       0 N      12  --  R17 R16 Q17 P16 O17 R6 N18 F3

