2025-06-07 00:39:54+0900: Running with following config:
analysisIgnorePreRootHistory = false
chosenMovePrune = 0
chosenMoveSubtract = 0
chosenMoveTemperature = 1.0
chosenMoveTemperatureEarly = 1.0
chosenMoveTemperatureOnlyBelowProb = 0.0
humanSLChosenMoveIgnorePass = true
humanSLChosenMovePiklLambda = 100000000
humanSLChosenMoveProp = 1.0
humanSLOppExploreProbWeightful = 0.0
humanSLOppExploreProbWeightless = 0.0
humanSLPlaExploreProbWeightful = 0.0
humanSLPlaExploreProbWeightless = 0.0
humanSLProfile = rank_5k
humanSLRootExploreProbWeightful = 0.0
humanSLRootExploreProbWeightless = 0.0
ignorePreRootHistory = false
logDir = analysis_logs
logSearchInfo = true
logToStderr = true
maxVisits = 1
nnCacheSizePowerOfTwo = 17
nnMaxBatchSize = 8
nnMutexPoolSizePowerOfTwo = 14
nnRandomize = false
numAnalysisThreads = 1
numSearchThreads = 4
reportAnalysisWinratesAs = BLACK
rootNumSymmetriesToSample = 1
rules = japanese
subtreeValueBiasFactor = 0.0
useLcbForSelection = false
useNoisePruning = false
useUncertainty = false

2025-06-07 00:39:54+0900: Analysis Engine starting...
2025-06-07 00:39:54+0900: KataGo v1.15.3
2025-06-07 00:39:54+0900: nnRandSeed0 = 11070449965031987459
2025-06-07 00:39:54+0900: After dedups: nnModelFile0 = ../../models/kata1-b28c512nbt-s8476434688-d4668249792.bin useFP16 auto useNHWC auto
2025-06-07 00:39:54+0900: Initializing neural net buffer to be size 19 * 19 allowing smaller boards
2025-06-07 00:39:56+0900: Cuda backend thread 0: Found GPU NVIDIA RTX A5000 memory 25425608704 compute capability major 8 minor 6
2025-06-07 00:39:56+0900: Cuda backend thread 0: Model version 15 useFP16 = true useNHWC = true
2025-06-07 00:39:56+0900: Cuda backend thread 0: Model name: kata1-b28c512nbt-s8476434688-d4668249792
2025-06-07 00:39:57+0900: nnRandSeed0 = 8981494777995757226
2025-06-07 00:39:57+0900: After dedups: nnModelFile0 = ../../models/b18c384nbt-humanv0.bin.gz useFP16 auto useNHWC auto
2025-06-07 00:39:57+0900: Initializing neural net buffer to be size 19 * 19 allowing smaller boards
2025-06-07 00:39:59+0900: Cuda backend thread 0: Found GPU NVIDIA RTX A5000 memory 25425608704 compute capability major 8 minor 6
2025-06-07 00:39:59+0900: Cuda backend thread 0: Model version 15 useFP16 = true useNHWC = true
2025-06-07 00:39:59+0900: Cuda backend thread 0: Model name: b18c384nbt-humanv0
2025-06-07 00:39:59+0900: --------------
2025-06-07 00:39:59+0900: WARNING: Config had unused keys! You may have a typo, an option you specified is being unused from human5k_pure.cfg
2025-06-07 00:39:59+0900: WARNING: Unused key 'analysisIgnorePreRootHistory' in human5k_pure.cfg
2025-06-07 00:39:59+0900: WARNING: Unused key 'rules' in human5k_pure.cfg
2025-06-07 00:39:59+0900: --------------
2025-06-07 00:39:59+0900: Loaded config human5k_pure.cfg
2025-06-07 00:39:59+0900: Loaded model ../../models/kata1-b28c512nbt-s8476434688-d4668249792.bin
2025-06-07 00:39:59+0900: Analyzing up to 1 positions at a time in parallel
2025-06-07 00:39:59+0900: Started, ready to begin handling requests
2025-06-07 00:39:59+0900: MoveNum: 6 HASH: CD5994275B1C6E8DBF5688B19498FCE6
   A B C D E F G H J K L M N O P Q R S T
19 . . . . . . . . . . . . . . . . . . .
18 . . . . . . . . . . . . . . . . . . .
17 . . . . . . . . . . . . . X2. . . . .
16 . . . O1. . . . . . . . . . . O . . .
15 . . . . . . . . . . . . . . . . . . .
14 . . . . . . . . . . . . . . . . O3. .
13 . . . . . . . . . . . . . . . . . . .
12 . . . . . . . . . . . . . . . . . . .
11 . . . . . . . . . . . . . . . . . . .
10 . . . . . . . . . . . . . . . . . . .
 9 . . . . . . . . . . . . . . . . . . .
 8 . . . . . . . . . . . . . . . . . . .
 7 . . . . . . . . . . . . . . . . . . .
 6 . . . . . . . . . . . . . . . . . . .
 5 . . . . . . . . . . . . . . . . . . .
 4 . . . X . . . . . . . . . . . . X . .
 3 . . . . . . . . . . . . . . . . . . .
 2 . . . . . . . . . . . . . . . . . . .
 1 . . . . . . . . . . . . . . . . . . .

koSIMPLEscoreTERRITORYtaxSEKIsui0komi6.5
Root visits: 53
New playouts: 53
NN rows: 53
NN batches: 28
NN avg batch size: 1.89286
PV: Q18
Tree:
: T  -6.52c W  -6.56c S   0.04c ( -0.4 L  -0.3) N      53  --  Q18
---Black(^)---
F17 : T  -5.34c W  -5.43c S   0.09c ( -0.3 L  -0.3) LCB  -10.45c P  9.06% WF  14.1 PSV      13 N      14  --  F17 C3 C4 D3 E4 E3 F3 F2
Q17 : T  -5.83c W  -5.92c S   0.09c ( -0.3 L  -0.3) LCB  -16.32c P  8.50% WF   9.0 PSV       6 N       9  --  Q17 R17 R18 S17 P16 Q18
C14 : T  -7.27c W  -7.23c S  -0.04c ( -0.5 L  -0.4) LCB  -14.18c P  9.81% WF  11.0 PSV       2 N      11  --  C14 F16 E15 E16 B16 K17 K16
C17 : T  -7.00c W  -7.05c S   0.05c ( -0.4 L  -0.3) LCB  -11.71c P 54.12% WF  15.0 PSV       1 N      15  --  C17 D17 C16 D15 C14 C15 B15
P4  : T  -8.05c W  -8.01c S  -0.04c ( -0.5 L  -0.4) LCB  -82.05c P  3.48% WF   3.0 PSV       0 N       3  --  P4 C3 D3

2025-06-07 00:39:59+0900: ../../models/kata1-b28c512nbt-s8476434688-d4668249792.bin
2025-06-07 00:39:59+0900: NN rows: 53
2025-06-07 00:39:59+0900: NN batches: 28
2025-06-07 00:39:59+0900: NN avg batch size: 1.89286
2025-06-07 00:39:59+0900: ../../models/b18c384nbt-humanv0.bin.gz
2025-06-07 00:39:59+0900: NN rows: 4
2025-06-07 00:39:59+0900: NN batches: 2
2025-06-07 00:39:59+0900: NN avg batch size: 2
2025-06-07 00:39:59+0900: GPU -1 finishing, processed 53 rows 28 batches
2025-06-07 00:39:59+0900: GPU -1 finishing, processed 4 rows 2 batches
2025-06-07 00:39:59+0900: All cleaned up, quitting
