2025-06-07 02:51:14+0900: Running with following config:
analysisIgnorePreRootHistory = false
chosenMovePrune = 0
chosenMoveSubtract = 0
chosenMoveTemperature = 1.0
chosenMoveTemperatureEarly = 1.0
chosenMoveTemperatureOnlyBelowProb = 0.0
ignorePreRootHistory = false
logDir = analysis_logs
logSearchInfo = true
logToStderr = true
maxVisits = 500
nnCacheSizePowerOfTwo = 17
nnMaxBatchSize = 8
nnMutexPoolSizePowerOfTwo = 14
nnRandomize = false
numAnalysisThreads = 1
numSearchThreads = 4
reportAnalysisWinratesAs = BLACK
rootNumSymmetriesToSample = 1
rules = japanese
subtreeValueBiasFactor = 0.0
useLcbForSelection = false
useNoisePruning = false
useUncertainty = false

2025-06-07 02:51:14+0900: Analysis Engine starting...
2025-06-07 02:51:14+0900: KataGo v1.15.3
2025-06-07 02:51:14+0900: nnRandSeed0 = 15679828187914604460
2025-06-07 02:51:14+0900: After dedups: nnModelFile0 = ../../models/kata1-b28c512nbt-s8476434688-d4668249792.bin useFP16 auto useNHWC auto
2025-06-07 02:51:14+0900: Initializing neural net buffer to be size 19 * 19 allowing smaller boards
2025-06-07 02:51:17+0900: Cuda backend thread 0: Found GPU NVIDIA RTX A5000 memory 25425608704 compute capability major 8 minor 6
2025-06-07 02:51:17+0900: Cuda backend thread 0: Model version 15 useFP16 = true useNHWC = true
2025-06-07 02:51:17+0900: Cuda backend thread 0: Model name: kata1-b28c512nbt-s8476434688-d4668249792
2025-06-07 02:51:18+0900: --------------
2025-06-07 02:51:18+0900: WARNING: Config had unused keys! You may have a typo, an option you specified is being unused from analysis.cfg
2025-06-07 02:51:18+0900: WARNING: Unused key 'analysisIgnorePreRootHistory' in analysis.cfg
2025-06-07 02:51:18+0900: WARNING: Unused key 'rules' in analysis.cfg
2025-06-07 02:51:18+0900: --------------
2025-06-07 02:51:18+0900: Loaded config analysis.cfg
2025-06-07 02:51:18+0900: Loaded model ../../models/kata1-b28c512nbt-s8476434688-d4668249792.bin
2025-06-07 02:51:18+0900: Analyzing up to 1 positions at a time in parallel
2025-06-07 02:51:18+0900: Started, ready to begin handling requests
2025-06-07 02:51:20+0900: MoveNum: 2 HASH: EB5B48764F3CF87F19236A45508C4ACB
   A B C D E F G H J K L M N O P Q R S T
19 . . . . . . . . . . . . . . . . . . .
18 . . . . . . . . . . . . . . . . . . .
17 . . . . . . . . . . . . . . . . . . .
16 . . . . . . . . . . . . . . . O2. . .
15 . . . . . . . . . . . . . . . . . . .
14 . . . . . . . . . . . . . . . . . . .
13 . . . . . . . . . . . . . . . . . . .
12 . . . . . . . . . . . . . . . . . . .
11 . . . . . . . . . . . . . . . . . . .
10 . . . . . . . . . . . . . . . . . . .
 9 . . . . . . . . . . . . . . . . . . .
 8 . . . . . . . . . . . . . . . . . . .
 7 . . . . . . . . . . . . . . . . . . .
 6 . . . . . . . . . . . . . . . . . . .
 5 . . . . . . . . . . . . . . . . . . .
 4 . . . X1. . . . . . . . . . . . . . .
 3 . . . . . . . . . . . . . . . . . . .
 2 . . . . . . . . . . . . . . . . . . .
 1 . . . . . . . . . . . . . . . . . . .

koSIMPLEscoreTERRITORYtaxSEKIsui0komi6.5
Root visits: 503
New playouts: 503
NN rows: 489
NN batches: 245
NN avg batch size: 1.99592
PV: Q4 D16 C14 R3 R4 Q3 P4 O2 F17 F16 G16 F15 D17 C17 E17 C16 C11 D12 C12 D14
Tree:
: T  -7.25c W  -7.09c S  -0.16c ( -0.5 L  -0.4) N     503  --  Q4 D16 C14 R3 R4 Q3 P4
---Black(^)---
Q4  : T  -5.86c W  -5.83c S  -0.03c ( -0.4 L  -0.3) LCB   -6.98c P 27.60% WF 120.0 PSV     119 N     119  --  Q4 D16 C14 R3 R4 Q3 P4 O2
R17 : T  -7.22c W  -7.07c S  -0.15c ( -0.5 L  -0.4) LCB   -8.66c P  8.02% WF  57.9 PSV      18 N      58  --  R17 R16 Q17 P16 O18 D16 Q4 C3
R14 : T  -6.65c W  -6.60c S  -0.05c ( -0.4 L  -0.3) LCB   -7.91c P  5.73% WF  66.2 PSV      16 N      66  --  R14 Q4 D16 R15 Q14 O16 Q10 C3
R4  : T  -5.95c W  -5.84c S  -0.11c ( -0.4 L  -0.4) LCB   -7.28c P  3.12% WF  80.6 PSV      12 N      80  --  R4 D16 C6 P3 Q5 M3 C17 D17
F3  : T  -7.42c W  -7.14c S  -0.28c ( -0.6 L  -0.5) LCB   -8.87c P  1.55% WF  41.9 PSV       3 N      42  --  F3 D16 R4 P3 Q5 M3 R17 R16
Q3  : T  -8.09c W  -7.88c S  -0.22c ( -0.5 L  -0.4) LCB  -10.16c P  1.77% WF  29.8 PSV       3 N      30  --  Q3 D16 C17 C16 D17 E16 F18 C3
Q5  : T  -8.60c W  -8.36c S  -0.24c ( -0.6 L  -0.4) LCB  -11.57c P  1.54% WF  29.7 PSV       2 N      30  --  Q5 D16 Q3 C3 D3 C4 D5 C6
P4  : T  -9.36c W  -9.06c S  -0.30c ( -0.6 L  -0.5) LCB  -12.75c P  0.94% WF  18.8 PSV       1 N      19  --  P4 D16 R4 C3 D3 C4 D5 C6
F4  : T  -9.76c W  -9.39c S  -0.38c ( -0.7 L  -0.5) LCB  -12.84c P  0.70% WF  17.8 PSV       0 N      18  --  F4 D16 R4 P3 Q5 M3
R5  : T -11.88c W -11.35c S  -0.53c ( -0.8 L  -0.6) LCB  -16.82c P  0.62% WF  13.7 PSV       0 N      14  --  R5 D16 Q3 C3 D3 C4 D5 C6

2025-06-07 02:51:20+0900: ../../models/kata1-b28c512nbt-s8476434688-d4668249792.bin
2025-06-07 02:51:20+0900: NN rows: 489
2025-06-07 02:51:20+0900: NN batches: 245
2025-06-07 02:51:20+0900: NN avg batch size: 1.99592
2025-06-07 02:51:20+0900: GPU -1 finishing, processed 489 rows 245 batches
2025-06-07 02:51:20+0900: All cleaned up, quitting
