2025-05-31 20:25:02+0900: Running with following config:
analysisIgnorePreRootHistory = false
chosenMovePrune = 0
chosenMoveSubtract = 0
chosenMoveTemperature = 1.0
chosenMoveTemperatureEarly = 1.0
chosenMoveTemperatureOnlyBelowProb = 0.0
humanSLChosenMoveIgnorePass = true
humanSLChosenMovePiklLambda = 100000000
humanSLChosenMoveProp = 1.0
humanSLOppExploreProbWeightful = 0.0
humanSLOppExploreProbWeightless = 0.0
humanSLPlaExploreProbWeightful = 0.0
humanSLPlaExploreProbWeightless = 0.0
humanSLProfile = rank_5k
humanSLRootExploreProbWeightful = 0.0
humanSLRootExploreProbWeightless = 0.0
ignorePreRootHistory = false
logDir = analysis_logs
logSearchInfo = true
logToStderr = true
maxVisits = 1
nnCacheSizePowerOfTwo = 17
nnMaxBatchSize = 8
nnMutexPoolSizePowerOfTwo = 14
nnRandomize = false
numAnalysisThreads = 1
numSearchThreads = 4
reportAnalysisWinratesAs = BLACK
rootNumSymmetriesToSample = 1
rules = japanese
subtreeValueBiasFactor = 0.0
useLcbForSelection = false
useNoisePruning = false
useUncertainty = false

2025-05-31 20:25:02+0900: Analysis Engine starting...
2025-05-31 20:25:02+0900: KataGo v1.15.3
2025-05-31 20:25:02+0900: nnRandSeed0 = 2642953698892592020
2025-05-31 20:25:02+0900: After dedups: nnModelFile0 = ../../models/kata1-b28c512nbt-s8476434688-d4668249792.bin useFP16 auto useNHWC auto
2025-05-31 20:25:02+0900: Initializing neural net buffer to be size 19 * 19 allowing smaller boards
2025-05-31 20:25:05+0900: Cuda backend thread 0: Found GPU NVIDIA RTX A5000 memory 25425608704 compute capability major 8 minor 6
2025-05-31 20:25:05+0900: Cuda backend thread 0: Model version 15 useFP16 = true useNHWC = true
2025-05-31 20:25:05+0900: Cuda backend thread 0: Model name: kata1-b28c512nbt-s8476434688-d4668249792
2025-05-31 20:25:07+0900: nnRandSeed0 = 2041591360154699536
2025-05-31 20:25:07+0900: After dedups: nnModelFile0 = ../../models/b18c384nbt-humanv0.bin.gz useFP16 auto useNHWC auto
2025-05-31 20:25:07+0900: Initializing neural net buffer to be size 19 * 19 allowing smaller boards
2025-05-31 20:25:09+0900: Cuda backend thread 0: Found GPU NVIDIA RTX A5000 memory 25425608704 compute capability major 8 minor 6
2025-05-31 20:25:09+0900: Cuda backend thread 0: Model version 15 useFP16 = true useNHWC = true
2025-05-31 20:25:09+0900: Cuda backend thread 0: Model name: b18c384nbt-humanv0
2025-05-31 20:25:09+0900: --------------
2025-05-31 20:25:09+0900: WARNING: Config had unused keys! You may have a typo, an option you specified is being unused from human5k_pure.cfg
2025-05-31 20:25:09+0900: WARNING: Unused key 'analysisIgnorePreRootHistory' in human5k_pure.cfg
2025-05-31 20:25:09+0900: WARNING: Unused key 'rules' in human5k_pure.cfg
2025-05-31 20:25:09+0900: --------------
2025-05-31 20:25:09+0900: Loaded config human5k_pure.cfg
2025-05-31 20:25:09+0900: Loaded model ../../models/kata1-b28c512nbt-s8476434688-d4668249792.bin
2025-05-31 20:25:09+0900: Analyzing up to 1 positions at a time in parallel
2025-05-31 20:25:09+0900: Started, ready to begin handling requests
2025-05-31 20:25:09+0900: Error: {"error":"[json.exception.parse_error.101] parse error at line 1, column 2: syntax error while parsing object key - unexpected end of input; expected string literal - could not parse input line as json request: {"}
2025-05-31 20:25:09+0900: Error: {"error":"[json.exception.parse_error.101] parse error at line 1, column 5: syntax error while parsing value - unexpected ':'; expected end of input - could not parse input line as json request: \"id\": \"humansl-test\","}
2025-05-31 20:25:09+0900: Error: {"error":"[json.exception.parse_error.101] parse error at line 1, column 9: syntax error while parsing value - unexpected ':'; expected end of input - could not parse input line as json request: \"action\": \"analyze\","}
2025-05-31 20:25:09+0900: Error: {"error":"[json.exception.parse_error.101] parse error at line 1, column 13: syntax error while parsing value - unexpected ':'; expected end of input - could not parse input line as json request: \"boardXSize\": 19,"}
2025-05-31 20:25:09+0900: Error: {"error":"[json.exception.parse_error.101] parse error at line 1, column 13: syntax error while parsing value - unexpected ':'; expected end of input - could not parse input line as json request: \"boardYSize\": 19,"}
2025-05-31 20:25:09+0900: Error: {"error":"[json.exception.parse_error.101] parse error at line 1, column 8: syntax error while parsing value - unexpected ':'; expected end of input - could not parse input line as json request: \"rules\": \"japanese\","}
2025-05-31 20:25:09+0900: Error: {"error":"[json.exception.parse_error.101] parse error at line 1, column 7: syntax error while parsing value - unexpected ':'; expected end of input - could not parse input line as json request: \"komi\": 7.5,"}
2025-05-31 20:25:09+0900: Error: {"error":"[json.exception.parse_error.101] parse error at line 1, column 8: syntax error while parsing value - unexpected ':'; expected end of input - could not parse input line as json request: \"board\": [],"}
2025-05-31 20:25:09+0900: Error: {"error":"[json.exception.parse_error.101] parse error at line 1, column 8: syntax error while parsing value - unexpected ':'; expected end of input - could not parse input line as json request: \"moves\": ["}
2025-05-31 20:25:09+0900: Error: {"error":"[json.exception.parse_error.101] parse error at line 1, column 12: syntax error while parsing value - unexpected ','; expected end of input - could not parse input line as json request: [\"b\", \"D4\"],"}
2025-05-31 20:25:09+0900: Error: {"error":"Request line was valid json but was not an object, ignoring: [\"w\",\"Q16\"]"}
2025-05-31 20:25:09+0900: Error: {"error":"[json.exception.parse_error.101] parse error at line 1, column 1: syntax error while parsing value - unexpected ']'; expected '[', '{', or a literal - could not parse input line as json request: ],"}
2025-05-31 20:25:09+0900: Error: {"error":"[json.exception.parse_error.101] parse error at line 1, column 15: syntax error while parsing value - unexpected ':'; expected end of input - could not parse input line as json request: \"playerToMove\": \"b\""}
2025-05-31 20:25:09+0900: Error: {"error":"[json.exception.parse_error.101] parse error at line 1, column 1: syntax error while parsing value - unexpected '}'; expected '[', '{', or a literal - could not parse input line as json request: }"}
2025-05-31 20:25:09+0900: ../../models/kata1-b28c512nbt-s8476434688-d4668249792.bin
2025-05-31 20:25:09+0900: NN rows: 0
2025-05-31 20:25:09+0900: NN batches: 0
2025-05-31 20:25:09+0900: NN avg batch size: -nan
2025-05-31 20:25:09+0900: ../../models/b18c384nbt-humanv0.bin.gz
2025-05-31 20:25:09+0900: NN rows: 0
2025-05-31 20:25:09+0900: NN batches: 0
2025-05-31 20:25:09+0900: NN avg batch size: -nan
2025-05-31 20:25:09+0900: GPU -1 finishing, processed 0 rows 0 batches
2025-05-31 20:25:09+0900: GPU -1 finishing, processed 0 rows 0 batches
2025-05-31 20:25:09+0900: All cleaned up, quitting
