2025-06-07 00:39:07+0900: Running with following config:
analysisIgnorePreRootHistory = false
chosenMovePrune = 0
chosenMoveSubtract = 0
chosenMoveTemperature = 1.0
chosenMoveTemperatureEarly = 1.0
chosenMoveTemperatureOnlyBelowProb = 0.0
humanSLChosenMoveIgnorePass = true
humanSLChosenMovePiklLambda = 100000000
humanSLChosenMoveProp = 1.0
humanSLOppExploreProbWeightful = 0.0
humanSLOppExploreProbWeightless = 0.0
humanSLPlaExploreProbWeightful = 0.0
humanSLPlaExploreProbWeightless = 0.0
humanSLProfile = rank_5k
humanSLRootExploreProbWeightful = 0.0
humanSLRootExploreProbWeightless = 0.0
ignorePreRootHistory = false
logDir = analysis_logs
logSearchInfo = true
logToStderr = true
maxVisits = 1
nnCacheSizePowerOfTwo = 17
nnMaxBatchSize = 8
nnMutexPoolSizePowerOfTwo = 14
nnRandomize = false
numAnalysisThreads = 1
numSearchThreads = 4
reportAnalysisWinratesAs = BLACK
rootNumSymmetriesToSample = 1
rules = japanese
subtreeValueBiasFactor = 0.0
useLcbForSelection = false
useNoisePruning = false
useUncertainty = false

2025-06-07 00:39:07+0900: Analysis Engine starting...
2025-06-07 00:39:07+0900: KataGo v1.15.3
2025-06-07 00:39:07+0900: nnRandSeed0 = 10885652839782269210
2025-06-07 00:39:07+0900: After dedups: nnModelFile0 = ../../models/kata1-b28c512nbt-s8476434688-d4668249792.bin useFP16 auto useNHWC auto
2025-06-07 00:39:07+0900: Initializing neural net buffer to be size 19 * 19 allowing smaller boards
2025-06-07 00:39:09+0900: Cuda backend thread 0: Found GPU NVIDIA RTX A5000 memory 25425608704 compute capability major 8 minor 6
2025-06-07 00:39:09+0900: Cuda backend thread 0: Model version 15 useFP16 = true useNHWC = true
2025-06-07 00:39:09+0900: Cuda backend thread 0: Model name: kata1-b28c512nbt-s8476434688-d4668249792
2025-06-07 00:39:11+0900: nnRandSeed0 = 6028073300391704062
2025-06-07 00:39:11+0900: After dedups: nnModelFile0 = ../../models/b18c384nbt-humanv0.bin.gz useFP16 auto useNHWC auto
2025-06-07 00:39:11+0900: Initializing neural net buffer to be size 19 * 19 allowing smaller boards
2025-06-07 00:39:12+0900: Cuda backend thread 0: Found GPU NVIDIA RTX A5000 memory 25425608704 compute capability major 8 minor 6
2025-06-07 00:39:12+0900: Cuda backend thread 0: Model version 15 useFP16 = true useNHWC = true
2025-06-07 00:39:12+0900: Cuda backend thread 0: Model name: b18c384nbt-humanv0
2025-06-07 00:39:12+0900: --------------
2025-06-07 00:39:12+0900: WARNING: Config had unused keys! You may have a typo, an option you specified is being unused from human5k_pure.cfg
2025-06-07 00:39:12+0900: WARNING: Unused key 'analysisIgnorePreRootHistory' in human5k_pure.cfg
2025-06-07 00:39:12+0900: WARNING: Unused key 'rules' in human5k_pure.cfg
2025-06-07 00:39:12+0900: --------------
2025-06-07 00:39:12+0900: Loaded config human5k_pure.cfg
2025-06-07 00:39:12+0900: Loaded model ../../models/kata1-b28c512nbt-s8476434688-d4668249792.bin
2025-06-07 00:39:12+0900: Analyzing up to 1 positions at a time in parallel
2025-06-07 00:39:12+0900: Started, ready to begin handling requests
2025-06-07 00:39:13+0900: MoveNum: 8 HASH: 2FFEE01902D920F0AEC1B4023D2D987D
   A B C D E F G H J K L M N O P Q R S T
19 . . . . . . . . . . . . . . . . . . .
18 . . . . . . . . . . . . . . . . . . .
17 . . . O . . . . . . . . . . . . . . .
16 . . . . . . . . . . . . . . . O . . .
15 . . O1. . . . . . . . . . . . . . . .
14 . . . . . . . . . . . . . . . . . . .
13 . . . . . . . . . . . . . . . . . . .
12 . . . . . . . . . . . . . . . . . . .
11 . . . . . . . . . . . . . . . . . . .
10 . . . . . . . . . . . . . . . . . . .
 9 . . . . . . . . . . . . . . . . . . .
 8 . . . . . . . . . . . . . . . . . . .
 7 . . . . . . . . . . . . . . . . . . .
 6 . . . . . . . . . . . . . . . . . . .
 5 . . . . . . . . . . . . . . . . . . .
 4 . . . X . . . . . . . . . . X2. X . .
 3 . . . . . O3. . . . X . . . . . . . .
 2 . . . . . . . . . . . . . . . . . . .
 1 . . . . . . . . . . . . . . . . . . .

koSIMPLEscoreTERRITORYtaxSEKIsui0komi6.5
Root visits: 53
New playouts: 53
NN rows: 51
NN batches: 27
NN avg batch size: 1.88889
PV: H3
Tree:
: T  -0.93c W  -0.69c S  -0.25c ( +0.0 L  -0.1) N      53  --  H3
---Black(^)---
E3  : T   3.20c W   3.18c S   0.02c ( +0.3 L  +0.0) LCB   -1.41c P 78.44% WF  21.4 PSV      18 N      21  --  E3 F4 D6 J3 D9 R14 J4
C7  : T  -5.02c W  -4.53c S  -0.49c ( -0.2 L  -0.3) LCB  -25.15c P  1.27% WF   5.9 PSV       2 N       6  --  C7 C3 D3 D2 C4 B2
R14 : T  -4.39c W  -3.91c S  -0.48c ( -0.2 L  -0.2) LCB  -11.48c P  6.19% WF  10.8 PSV       0 N      11  --  R14 D6 O17 O16 N16 O15
O17 : T  -3.28c W  -2.87c S  -0.41c ( -0.1 L  -0.2) LCB  -18.83c P  1.83% WF   5.9 PSV       0 N       6  --  O17 D6 R14 O16 N16 O15
R17 : T  -3.27c W  -2.90c S  -0.37c ( -0.1 L  -0.2) LCB  -14.87c P  4.61% WF   7.9 PSV       0 N       8  --  R17 Q17 R16 R14 S14 S13

2025-06-07 00:39:13+0900: ../../models/kata1-b28c512nbt-s8476434688-d4668249792.bin
2025-06-07 00:39:13+0900: NN rows: 51
2025-06-07 00:39:13+0900: NN batches: 27
2025-06-07 00:39:13+0900: NN avg batch size: 1.88889
2025-06-07 00:39:13+0900: ../../models/b18c384nbt-humanv0.bin.gz
2025-06-07 00:39:13+0900: NN rows: 4
2025-06-07 00:39:13+0900: NN batches: 2
2025-06-07 00:39:13+0900: NN avg batch size: 2
2025-06-07 00:39:13+0900: GPU -1 finishing, processed 51 rows 27 batches
2025-06-07 00:39:13+0900: GPU -1 finishing, processed 4 rows 2 batches
2025-06-07 00:39:13+0900: All cleaned up, quitting
