2025-06-07 01:50:03+0900: Running with following config:
analysisIgnorePreRootHistory = false
chosenMovePrune = 0
chosenMoveSubtract = 0
chosenMoveTemperature = 1.0
chosenMoveTemperatureEarly = 1.0
chosenMoveTemperatureOnlyBelowProb = 0.0
ignorePreRootHistory = false
logDir = analysis_logs
logSearchInfo = true
logToStderr = true
maxVisits = 500
nnCacheSizePowerOfTwo = 17
nnMaxBatchSize = 8
nnMutexPoolSizePowerOfTwo = 14
nnRandomize = false
numAnalysisThreads = 1
numSearchThreads = 4
reportAnalysisWinratesAs = BLACK
rootNumSymmetriesToSample = 1
rules = japanese
subtreeValueBiasFactor = 0.0
useLcbForSelection = false
useNoisePruning = false
useUncertainty = false

2025-06-07 01:50:03+0900: Analysis Engine starting...
2025-06-07 01:50:03+0900: KataGo v1.15.3
2025-06-07 01:50:03+0900: nnRandSeed0 = 1016134851939210458
2025-06-07 01:50:03+0900: After dedups: nnModelFile0 = ../../models/kata1-b28c512nbt-s8476434688-d4668249792.bin useFP16 auto useNHWC auto
2025-06-07 01:50:03+0900: Initializing neural net buffer to be size 19 * 19 allowing smaller boards
2025-06-07 01:50:06+0900: Cuda backend thread 0: Found GPU NVIDIA RTX A5000 memory 25425608704 compute capability major 8 minor 6
2025-06-07 01:50:06+0900: Cuda backend thread 0: Model version 15 useFP16 = true useNHWC = true
2025-06-07 01:50:06+0900: Cuda backend thread 0: Model name: kata1-b28c512nbt-s8476434688-d4668249792
2025-06-07 01:50:07+0900: --------------
2025-06-07 01:50:07+0900: WARNING: Config had unused keys! You may have a typo, an option you specified is being unused from analysis.cfg
2025-06-07 01:50:07+0900: WARNING: Unused key 'analysisIgnorePreRootHistory' in analysis.cfg
2025-06-07 01:50:07+0900: WARNING: Unused key 'rules' in analysis.cfg
2025-06-07 01:50:07+0900: --------------
2025-06-07 01:50:07+0900: Loaded config analysis.cfg
2025-06-07 01:50:07+0900: Loaded model ../../models/kata1-b28c512nbt-s8476434688-d4668249792.bin
2025-06-07 01:50:07+0900: Analyzing up to 1 positions at a time in parallel
2025-06-07 01:50:07+0900: Started, ready to begin handling requests
2025-06-07 01:50:07+0900: Warning: {"field":"includeMoves","id":"humanspot_winrate","warning":"Unexpected or unused field, do you have a typo? (set warnUnusedFields=false in the config to disable this warning)"}
2025-06-07 01:50:13+0900: MoveNum: 2 HASH: EB5B48764F3CF87F19236A45508C4ACB
   A B C D E F G H J K L M N O P Q R S T
19 . . . . . . . . . . . . . . . . . . .
18 . . . . . . . . . . . . . . . . . . .
17 . . . . . . . . . . . . . . . . . . .
16 . . . . . . . . . . . . . . . O2. . .
15 . . . . . . . . . . . . . . . . . . .
14 . . . . . . . . . . . . . . . . . . .
13 . . . . . . . . . . . . . . . . . . .
12 . . . . . . . . . . . . . . . . . . .
11 . . . . . . . . . . . . . . . . . . .
10 . . . . . . . . . . . . . . . . . . .
 9 . . . . . . . . . . . . . . . . . . .
 8 . . . . . . . . . . . . . . . . . . .
 7 . . . . . . . . . . . . . . . . . . .
 6 . . . . . . . . . . . . . . . . . . .
 5 . . . . . . . . . . . . . . . . . . .
 4 . . . X1. . . . . . . . . . . . . . .
 3 . . . . . . . . . . . . . . . . . . .
 2 . . . . . . . . . . . . . . . . . . .
 1 . . . . . . . . . . . . . . . . . . .

koSIMPLEscoreTERRITORYtaxSEKIsui0komi6.5
Root visits: 2003
New playouts: 2003
NN rows: 1905
NN batches: 953
NN avg batch size: 1.99895
PV: Q4 D16 C14 R3 R4 Q3 P4 O2 F17 F16 G16 F15 D17 C17 E17 C16 C11 D12 C12 D14 J17 D13 D9 C3 C4
Tree:
: T  -6.99c W  -6.87c S  -0.12c ( -0.5 L  -0.4) N    2003  --  Q4 D16 C14 R3 R4 Q3 P4
---Black(^)---
Q4  : T  -5.29c W  -5.32c S   0.03c ( -0.3 L  -0.3) LCB   -5.85c P 27.60% WF 531.9 PSV     524 N     524  --  Q4 D16 C14 R3 R4 Q3 P4 O2
R17 : T  -6.59c W  -6.50c S  -0.09c ( -0.4 L  -0.3) LCB   -7.30c P  8.02% WF 271.2 PSV      62 N     271  --  R17 Q17 R16 Q15 R14 Q4 D16 C17
R14 : T  -6.42c W  -6.39c S  -0.03c ( -0.4 L  -0.3) LCB   -7.17c P  5.73% WF 276.7 PSV      48 N     276  --  R14 Q4 D16 R15 Q14 O16 Q10 C3
R4  : T  -5.77c W  -5.71c S  -0.07c ( -0.4 L  -0.4) LCB   -6.52c P  3.12% WF 292.4 PSV      38 N     290  --  R4 D16 C6 P3 Q5 M3 R17 R16
Q3  : T  -8.24c W  -8.01c S  -0.22c ( -0.6 L  -0.4) LCB   -9.26c P  1.77% WF 133.3 PSV       7 N     135  --  Q3 D16 C17 C16 D17 E16 F18 C3
F3  : T  -7.88c W  -7.60c S  -0.28c ( -0.6 L  -0.5) LCB   -8.87c P  1.55% WF 125.8 PSV       7 N     127  --  F3 D16 R4 P3 Q5 M3 R17 R16
Q5  : T  -8.86c W  -8.61c S  -0.25c ( -0.6 L  -0.4) LCB  -10.41c P  1.54% WF  94.4 PSV       5 N      96  --  Q5 D16 Q3 C3 D3 C4 D5 C6
P4  : T  -8.98c W  -8.72c S  -0.26c ( -0.6 L  -0.4) LCB  -10.34c P  0.94% WF  67.9 PSV       3 N      69  --  P4 D16 R4 C3 D3 C4 D5 C6
F4  : T -11.00c W -10.54c S  -0.46c ( -0.8 L  -0.6) LCB  -12.44c P  0.70% WF  55.4 PSV       1 N      57  --  F4 D16 R4 P3 Q5 M3 R17 R16
R3  : T  -9.75c W  -9.41c S  -0.34c ( -0.7 L  -0.5) LCB  -11.42c P  0.49% WF  38.3 PSV       1 N      39  --  R3 D16 C6 R14 C17 D17 C16 C14

2025-06-07 01:50:13+0900: ../../models/kata1-b28c512nbt-s8476434688-d4668249792.bin
2025-06-07 01:50:13+0900: NN rows: 1905
2025-06-07 01:50:13+0900: NN batches: 953
2025-06-07 01:50:13+0900: NN avg batch size: 1.99895
2025-06-07 01:50:13+0900: GPU -1 finishing, processed 1905 rows 953 batches
2025-06-07 01:50:13+0900: All cleaned up, quitting
