2025-06-11 23:02:45+0900: Running with following config:
analysisIgnorePreRootHistory = false
chosenMovePrune = 0
chosenMoveSubtract = 0
chosenMoveTemperature = 0
chosenMoveTemperatureEarly = 1.0
chosenMoveTemperatureOnlyBelowProb = 0.0
ignorePreRootHistory = false
logDir = analysis_logs
logSearchInfo = true
logToStderr = true
maxVisits = 2000
nnCacheSizePowerOfTwo = 17
nnMaxBatchSize = 8
nnMutexPoolSizePowerOfTwo = 14
nnRandomize = false
numAnalysisThreads = 1
numSearchThreads = 4
reportAnalysisWinratesAs = BLACK
rootNumSymmetriesToSample = 8
rules = japanese
subtreeValueBiasFactor = 0.0
useLcbForSelection = false
useNoisePruning = false
useUncertainty = false

2025-06-11 23:02:45+0900: Analysis Engine starting...
2025-06-11 23:02:45+0900: KataGo v1.15.3
2025-06-11 23:02:45+0900: nnRandSeed0 = 504230244446806063
2025-06-11 23:02:45+0900: After dedups: nnModelFile0 = ../../models/kata1-b28c512nbt-s8476434688-d4668249792.bin useFP16 auto useNHWC auto
2025-06-11 23:02:45+0900: Initializing neural net buffer to be size 19 * 19 allowing smaller boards
2025-06-11 23:02:47+0900: Cuda backend thread 0: Found GPU NVIDIA RTX A5000 memory 25425608704 compute capability major 8 minor 6
2025-06-11 23:02:47+0900: Cuda backend thread 0: Model version 15 useFP16 = true useNHWC = true
2025-06-11 23:02:47+0900: Cuda backend thread 0: Model name: kata1-b28c512nbt-s8476434688-d4668249792
2025-06-11 23:02:48+0900: --------------
2025-06-11 23:02:48+0900: WARNING: Config had unused keys! You may have a typo, an option you specified is being unused from analysis.cfg
2025-06-11 23:02:48+0900: WARNING: Unused key 'analysisIgnorePreRootHistory' in analysis.cfg
2025-06-11 23:02:48+0900: WARNING: Unused key 'rules' in analysis.cfg
2025-06-11 23:02:48+0900: --------------
2025-06-11 23:02:48+0900: Loaded config analysis.cfg
2025-06-11 23:02:48+0900: Loaded model ../../models/kata1-b28c512nbt-s8476434688-d4668249792.bin
2025-06-11 23:02:48+0900: Analyzing up to 1 positions at a time in parallel
2025-06-11 23:02:48+0900: Started, ready to begin handling requests
2025-06-11 23:02:53+0900: MoveNum: 79 HASH: 910F8EC93E7A1B7FD84C70451A806972
   A B C D E F G H J K L M N O P Q R S T
19 . . . . . . . . . . . . . . . . . . .
18 . . . . . . . . . . . . . . . . . . .
17 . . O O . . . . . . . . . . . O X . .
16 . . X O . . . . . O . . . . . O X . .
15 . . X . . . . . . . . . . . . O . . .
14 . . X O O . . . . . . . . . . . O X .
13 . . . X X O O . O O2. . . . . O X X .
12 . . X . O X . O X . . . . . O X . . .
11 . . . O . X X X X1. . . . . O X . . .
10 . . X O . . O . . . . . O O X . . . .
 9 . . X O . . . . . . . . . X X . . . .
 8 . . X X O . . X3. . . . . . . . . . .
 7 . . . . O . . . . . . . . . . . . . .
 6 . . O . . . . . . . . . . . . . . . .
 5 . . . O . . . . . . . . . . . . . . .
 4 . O O X . . . . . . . . X X X X X . .
 3 . O X X . X . . X . . O X O . O O . .
 2 . X . . . . . . . . . O X O . . . . .
 1 . . . . . . . . . . . . O . . . . . .

koSIMPLEscoreTERRITORYtaxSEKIsui0komi6.5
Root visits: 2003
New playouts: 2003
NN rows: 1699
NN batches: 851
NN avg batch size: 1.99647
PV: S4 E9 S5 E6 D7 G7 F6 E5 F5 E4 F7 F9 B7 D6 C7
Tree:
: T -15.66c W -16.23c S   0.60c ( -1.2 L  -0.8) N    2003  --  S4 E9 S5 E6 D7 G7 F6
---White(v)---
S4  : T -19.27c W -19.49c S   0.24c ( -1.6 L  -0.8) LCB  -14.22c P  0.66% WF 653.2 PSV     631 N     631  --  S4 E9 S5 E6 D7 G7 F6 E5
F10 : T -15.09c W -15.72c S   0.68c ( -1.1 L  -0.9) LCB  -10.64c P 48.67% WF 542.2 PSV     547 N     547  --  F10 P3 P2 Q2 R2 Q1 R1 S3
G8  : T -15.94c W -16.51c S   0.62c ( -1.3 L  -0.7) LCB   -8.94c P 27.19% WF 365.0 PSV     365 N     365  --  G8 F9 E9 H7 S3 E6 D7 G9
F9  : T -12.64c W -13.49c S   0.91c ( -0.9 L  -0.7) LCB   -5.54c P 19.29% WF 299.0 PSV     152 N     309  --  F9 P3 P2 Q2 R2 Q1 R1 S3
C11 : T -10.60c W -11.69c S   1.09c ( -0.8 L  -0.7) LCB    1.84c P  0.79% WF  64.5 PSV       4 N      67  --  C11 B11 F9 E6 D7 M11 O13 E5
G7  : T  -4.53c W  -6.08c S   1.56c ( -0.4 L  -0.4) LCB   19.97c P  1.19% WF  20.7 PSV       4 N      22  --  G7 P3 P2 Q2 R2 Q1 R1 S3
G6  : T  -4.65c W  -6.12c S   1.48c ( -0.4 L  -0.4) LCB   21.32c P  0.62% WF  25.3 PSV       2 N      27  --  G6 P3 P2 Q2 R2 Q1 R1 S3
B13 : T  -6.10c W  -7.51c S   1.39c ( -0.5 L  -0.5) LCB   18.17c P  0.44% WF  17.1 PSV       1 N      18  --  B13 C13 F9 E6 D7 M11
F4  : T  10.82c W   8.22c S   2.60c ( +0.5 L  +0.3) LCB  105.94c P  0.24% WF   2.7 PSV       0 N       3  --  F4 E9 G3
H9  : T   1.23c W  -0.34c S   1.58c ( -0.3 L  +0.0) LCB   84.38c P  0.11% WF   2.8 PSV       0 N       3  --  H9 G8 J9

2025-06-11 23:02:53+0900: ../../models/kata1-b28c512nbt-s8476434688-d4668249792.bin
2025-06-11 23:02:53+0900: NN rows: 1699
2025-06-11 23:02:53+0900: NN batches: 851
2025-06-11 23:02:53+0900: NN avg batch size: 1.99647
2025-06-11 23:02:53+0900: GPU -1 finishing, processed 1699 rows 851 batches
2025-06-11 23:02:53+0900: All cleaned up, quitting
