2025-06-11 17:55:45+0900: Running with following config:
analysisIgnorePreRootHistory = false
chosenMovePrune = 0
chosenMoveSubtract = 0
chosenMoveTemperature = 1.0
chosenMoveTemperatureEarly = 1.0
chosenMoveTemperatureOnlyBelowProb = 0.0
ignorePreRootHistory = false
logDir = analysis_logs
logSearchInfo = true
logToStderr = true
maxVisits = 2000
nnCacheSizePowerOfTwo = 17
nnMaxBatchSize = 8
nnMutexPoolSizePowerOfTwo = 14
nnRandomize = false
numAnalysisThreads = 1
numSearchThreads = 4
reportAnalysisWinratesAs = BLACK
rootNumSymmetriesToSample = 1
rules = japanese
subtreeValueBiasFactor = 0.0
useLcbForSelection = false
useNoisePruning = false
useUncertainty = false

2025-06-11 17:55:45+0900: Analysis Engine starting...
2025-06-11 17:55:45+0900: KataGo v1.15.3
2025-06-11 17:55:45+0900: nnRandSeed0 = 4171685923169259895
2025-06-11 17:55:45+0900: After dedups: nnModelFile0 = ../../models/kata1-b28c512nbt-s8476434688-d4668249792.bin useFP16 auto useNHWC auto
2025-06-11 17:55:45+0900: Initializing neural net buffer to be size 19 * 19 allowing smaller boards
2025-06-11 17:55:47+0900: Cuda backend thread 0: Found GPU NVIDIA RTX A5000 memory 25425608704 compute capability major 8 minor 6
2025-06-11 17:55:47+0900: Cuda backend thread 0: Model version 15 useFP16 = true useNHWC = true
2025-06-11 17:55:47+0900: Cuda backend thread 0: Model name: kata1-b28c512nbt-s8476434688-d4668249792
2025-06-11 17:55:49+0900: --------------
2025-06-11 17:55:49+0900: WARNING: Config had unused keys! You may have a typo, an option you specified is being unused from analysis.cfg
2025-06-11 17:55:49+0900: WARNING: Unused key 'analysisIgnorePreRootHistory' in analysis.cfg
2025-06-11 17:55:49+0900: WARNING: Unused key 'rules' in analysis.cfg
2025-06-11 17:55:49+0900: --------------
2025-06-11 17:55:49+0900: Loaded config analysis.cfg
2025-06-11 17:55:49+0900: Loaded model ../../models/kata1-b28c512nbt-s8476434688-d4668249792.bin
2025-06-11 17:55:49+0900: Analyzing up to 1 positions at a time in parallel
2025-06-11 17:55:49+0900: Started, ready to begin handling requests
2025-06-11 17:55:53+0900: MoveNum: 78 HASH: E056C54E87E161F5FE14C517F9930768
   A B C D E F G H J K L M N O P Q R S T
19 . . . . . . . . . . . . . . . . . . .
18 . . . . . . . . . . . . . . . . . . .
17 . . O O . . . . . . . . . . . O X . .
16 . . X O . . . . . O . . . . . O X . .
15 . . X . . . . . . . . . . . . O . . .
14 . . X O O . . . . . . . . . . . O X .
13 . . . X X O O . O1O3. . . . . O X X .
12 . . X . O X . O X . . . . . O X . . .
11 . . . O . X X X X2. . . . . O X . . .
10 . . X O . . O . . . . . O O X . . . .
 9 . . X O . . . . . . . . . X X . . . .
 8 . . X X O . . . . . . . . . . . . . .
 7 . . . . O . . . . . . . . . . . . . .
 6 . . O . . . . . . . . . . . . . . . .
 5 . . . O . . . . . . . . . . . . . . .
 4 . O O X . . . . . . . . X X X X X . .
 3 . O X X . X . . X . . O X O . O O . .
 2 . X . . . . . . . . . O X O . . . . .
 1 . . . . . . . . . . . . O . . . . . .

koSIMPLEscoreTERRITORYtaxSEKIsui0komi6.5
Root visits: 2003
New playouts: 2003
NN rows: 1493
NN batches: 747
NN avg batch size: 1.99866
PV: E9 E10 E6 D7 H14 H13 F9 F10 G8 H8 G9 H10 G7 F6 E5 J10 H6 C11 B11 B7 B9 L10 P13 Q14 R18
Tree:
: T  14.65c W  13.67c S   0.98c ( +1.1 L  +0.7) N    2003  --  E9 E10 E6 D7 H14 H13 F9
---Black(^)---
E9  : T  15.37c W  14.33c S   1.03c ( +1.2 L  +0.7) LCB   12.12c P 76.50% WF 1572.5 PSV    1566 N    1566  --  E9 E10 E6 D7 H14 H13 F9 F10
E6  : T  12.24c W  11.42c S   0.83c ( +0.9 L  +0.6) LCB    4.13c P 12.48% WF 169.4 PSV     119 N     174  --  E6 F6 E9 E5 S3 S2 F9 S4
D7  : T  17.32c W  16.14c S   1.16c ( +1.3 L  +0.6) LCB    9.05c P  1.13% WF 216.4 PSV      78 N     213  --  D7 E6 E9 E10 F9 F10 G8 G9
P3  : T  -4.27c W  -3.93c S  -0.35c ( -0.2 L  -0.3) LCB  -30.91c P  1.32% WF   9.1 PSV       3 N      10  --  P3 P2 S3 S2 T2 S4 R2 T3
H14 : T  -4.74c W  -4.34c S  -0.41c ( -0.3 L  -0.3) LCB  -27.09c P  1.24% WF   7.3 PSV       3 N       8  --  H14 H13 E9 E10 F9 F10 G8 G9
S3  : T  -7.19c W  -6.57c S  -0.61c ( -0.5 L  -0.4) LCB  -36.65c P  1.23% WF   7.2 PSV       2 N       8  --  S3 S2 P3 P2 T2 S4 R2 T3
P13 : T -14.55c W -13.40c S  -1.16c ( -1.0 L  -0.8) LCB  -48.55c P  1.55% WF   5.3 PSV       2 N       6  --  P13 O13 Q14 P14 R15
K17 : T -27.91c W -25.68c S  -2.24c ( -2.1 L  -1.3) LCB  -79.83c P  1.74% WF   3.4 PSV       2 N       4  --  K17 L17 L16 M17
F17 : T -36.98c W -33.93c S  -3.04c ( -2.8 L  -1.7) LCB -190.17c P  0.86% WF   1.7 PSV       0 N       2  --  F17 J17
M11 : T -34.59c W -31.95c S  -2.64c ( -2.4 L  -1.8) LCB -384.59c P  0.37% WF   0.9 PSV       0 N       1  --  M11

2025-06-11 17:55:53+0900: ../../models/kata1-b28c512nbt-s8476434688-d4668249792.bin
2025-06-11 17:55:53+0900: NN rows: 1493
2025-06-11 17:55:53+0900: NN batches: 747
2025-06-11 17:55:53+0900: NN avg batch size: 1.99866
2025-06-11 17:55:53+0900: GPU -1 finishing, processed 1493 rows 747 batches
2025-06-11 17:55:53+0900: All cleaned up, quitting
