2025-06-10 18:26:06+0900: Running with following config:
analysisIgnorePreRootHistory = false
chosenMovePrune = 0
chosenMoveSubtract = 0
chosenMoveTemperature = 1.0
chosenMoveTemperatureEarly = 1.0
chosenMoveTemperatureOnlyBelowProb = 0.0
ignorePreRootHistory = false
logDir = analysis_logs
logSearchInfo = true
logToStderr = true
maxVisits = 2000
nnCacheSizePowerOfTwo = 17
nnMaxBatchSize = 8
nnMutexPoolSizePowerOfTwo = 14
nnRandomize = false
numAnalysisThreads = 1
numSearchThreads = 4
reportAnalysisWinratesAs = BLACK
rootNumSymmetriesToSample = 1
rules = japanese
subtreeValueBiasFactor = 0.0
useLcbForSelection = false
useNoisePruning = false
useUncertainty = false

2025-06-10 18:26:06+0900: Analysis Engine starting...
2025-06-10 18:26:06+0900: KataGo v1.15.3
2025-06-10 18:26:06+0900: nnRandSeed0 = 2616693072846947353
2025-06-10 18:26:06+0900: After dedups: nnModelFile0 = ../../models/kata1-b28c512nbt-s8476434688-d4668249792.bin useFP16 auto useNHWC auto
2025-06-10 18:26:06+0900: Initializing neural net buffer to be size 19 * 19 allowing smaller boards
2025-06-10 18:26:08+0900: Cuda backend thread 0: Found GPU NVIDIA RTX A5000 memory 25425608704 compute capability major 8 minor 6
2025-06-10 18:26:08+0900: Cuda backend thread 0: Model version 15 useFP16 = true useNHWC = true
2025-06-10 18:26:08+0900: Cuda backend thread 0: Model name: kata1-b28c512nbt-s8476434688-d4668249792
2025-06-10 18:26:10+0900: --------------
2025-06-10 18:26:10+0900: WARNING: Config had unused keys! You may have a typo, an option you specified is being unused from analysis.cfg
2025-06-10 18:26:10+0900: WARNING: Unused key 'analysisIgnorePreRootHistory' in analysis.cfg
2025-06-10 18:26:10+0900: WARNING: Unused key 'rules' in analysis.cfg
2025-06-10 18:26:10+0900: --------------
2025-06-10 18:26:10+0900: Loaded config analysis.cfg
2025-06-10 18:26:10+0900: Loaded model ../../models/kata1-b28c512nbt-s8476434688-d4668249792.bin
2025-06-10 18:26:10+0900: Analyzing up to 1 positions at a time in parallel
2025-06-10 18:26:10+0900: Started, ready to begin handling requests
2025-06-10 18:26:11+0900: MoveNum: 79 HASH: 3529C812A4F264D1782454392A3C09A5
   A B C D E F G H J K L M N O P Q R S T
19 . . . . . . . . . . . . O . . . . . .
18 . X . . . . . . . . . O X O . . . . .
17 . O X X . X . . X . . O X O . O O . .
16 . O O X . . . . . . . . X X X X X . .
15 . . . O . . . . . . . . . . . . . . .
14 . . O . . . . . . . . . . . . . . . .
13 . . . . O . . . . . . . . . . . . . .
12 . . X X O . . X3. . . . . . . . . . .
11 . . X O . . . . . . . . . X X . . . .
10 . . X O . . O . . . . . O O X . . . .
 9 . . . O . X X X X1. . . . . O X . . .
 8 . . X . O X . O X . . . . . O X . . .
 7 . . . X X O O . O O2. . . . . O X X .
 6 . . X O O . . . . . . . . . . . O X .
 5 . . X . . . . . . . . . . . . O . . .
 4 . . X O . . . . . O . . . . . O X . .
 3 . . O O . . . . . . . . . . . O X . .
 2 . . . . . . . . . . . . . . . . . . .
 1 . . . . . . . . . . . . . . . . . . .

koSIMPLEscoreTERRITORYtaxSEKIsui0komi6.5
Root visits: 503
New playouts: 503
NN rows: 492
NN batches: 247
NN avg batch size: 1.9919
PV: F10 P17 P18 Q18 R18 Q19 R19 S17 S18 T18 P19 S15 K17 K16 K18 J18 L16 M16 L15 J16 K14 G13 K12 J11 F15
Tree:
: T -18.81c W -19.26c S   0.49c ( -1.5 L  -1.0) N     503  --  F10 P17 P18 Q18 R18 Q19 R19
---White(v)---
F10 : T -19.02c W -19.45c S   0.49c ( -1.5 L  -1.1) LCB   -9.58c P 46.13% WF 147.3 PSV     147 N     147  --  F10 P17 P18 Q18 R18 Q19 R19 S17
S16 : T -26.41c W -26.21c S  -0.18c ( -2.2 L  -1.3) LCB  -17.70c P  1.23% WF 130.4 PSV     124 N     124  --  S16 E14 D13 E11 S15 G13 F14 E15
G12 : T -12.00c W -13.06c S   1.07c ( -0.9 L  -0.6) LCB   -1.00c P 33.17% WF  70.5 PSV      48 N      74  --  G12 F11 E11 H13 F15 P17 P18 Q18
F11 : T -16.16c W -16.83c S   0.75c ( -1.2 L  -0.9) LCB   -3.65c P 14.07% WF 113.7 PSV      30 N     116  --  F11 P17 P18 Q18 R18 Q19 R19 S17
G14 : T -16.33c W -17.01c S   0.66c ( -1.3 L  -1.0) LCB    9.10c P  1.08% WF  20.7 PSV       2 N      21  --  G14 P17 P18 S17 S18 T18 S16 R18
G13 : T  -8.64c W  -9.97c S   1.33c ( -0.7 L  -0.5) LCB   16.75c P  1.52% WF   7.7 PSV       1 N       8  --  G13 P17 P18 S17 S18 T18 S16 R18
C9  : T -11.39c W -12.35c S   0.96c ( -1.0 L  -0.8) LCB   18.02c P  1.07% WF   5.8 PSV       1 N       6  --  C9 B9 B8 B7 F11 P17
F16 : T  -5.25c W  -6.78c S   1.52c ( -0.6 L  -0.3) LCB  144.18c P  0.44% WF   1.9 PSV       0 N       2  --  F16 E11
F15 : T  -7.37c W  -8.52c S   1.15c ( -0.9 L  -0.4) LCB  342.63c P  0.30% WF   1.0 PSV       0 N       1  --  F15
B7  : T   1.93c W   0.07c S   1.86c ( -0.1 L  -0.3) LCB  351.93c P  0.21% WF   0.9 PSV       0 N       1  --  B7

2025-06-10 18:26:11+0900: ../../models/kata1-b28c512nbt-s8476434688-d4668249792.bin
2025-06-10 18:26:11+0900: NN rows: 492
2025-06-10 18:26:11+0900: NN batches: 247
2025-06-10 18:26:11+0900: NN avg batch size: 1.9919
2025-06-10 18:26:11+0900: GPU -1 finishing, processed 492 rows 247 batches
2025-06-10 18:26:11+0900: All cleaned up, quitting
