2025-06-06 21:20:15+0900: Running with following config:
analysisIgnorePreRootHistory = false
chosenMovePrune = 0
chosenMoveSubtract = 0
chosenMoveTemperature = 1.0
chosenMoveTemperatureEarly = 1.0
chosenMoveTemperatureOnlyBelowProb = 0.0
humanSLChosenMoveIgnorePass = true
humanSLChosenMovePiklLambda = 100000000
humanSLChosenMoveProp = 1.0
humanSLOppExploreProbWeightful = 0.0
humanSLOppExploreProbWeightless = 0.0
humanSLPlaExploreProbWeightful = 0.0
humanSLPlaExploreProbWeightless = 0.0
humanSLProfile = rank_5k
humanSLRootExploreProbWeightful = 0.0
humanSLRootExploreProbWeightless = 0.0
ignorePreRootHistory = false
logDir = analysis_logs
logSearchInfo = true
logToStderr = true
maxVisits = 1
nnCacheSizePowerOfTwo = 17
nnMaxBatchSize = 8
nnMutexPoolSizePowerOfTwo = 14
nnRandomize = false
numAnalysisThreads = 1
numSearchThreads = 4
reportAnalysisWinratesAs = BLACK
rootNumSymmetriesToSample = 1
rules = japanese
subtreeValueBiasFactor = 0.0
useLcbForSelection = false
useNoisePruning = false
useUncertainty = false

2025-06-06 21:20:15+0900: Analysis Engine starting...
2025-06-06 21:20:15+0900: KataGo v1.15.3
2025-06-06 21:20:15+0900: nnRandSeed0 = 3139890881236883570
2025-06-06 21:20:15+0900: After dedups: nnModelFile0 = ../../models/kata1-b28c512nbt-s8476434688-d4668249792.bin useFP16 auto useNHWC auto
2025-06-06 21:20:15+0900: Initializing neural net buffer to be size 19 * 19 allowing smaller boards
2025-06-06 21:20:17+0900: Cuda backend thread 0: Found GPU NVIDIA RTX A5000 memory 25425608704 compute capability major 8 minor 6
2025-06-06 21:20:17+0900: Cuda backend thread 0: Model version 15 useFP16 = true useNHWC = true
2025-06-06 21:20:17+0900: Cuda backend thread 0: Model name: kata1-b28c512nbt-s8476434688-d4668249792
2025-06-06 21:20:19+0900: nnRandSeed0 = 8310831826664913571
2025-06-06 21:20:19+0900: After dedups: nnModelFile0 = ../../models/b18c384nbt-humanv0.bin.gz useFP16 auto useNHWC auto
2025-06-06 21:20:19+0900: Initializing neural net buffer to be size 19 * 19 allowing smaller boards
2025-06-06 21:20:21+0900: Cuda backend thread 0: Found GPU NVIDIA RTX A5000 memory 25425608704 compute capability major 8 minor 6
2025-06-06 21:20:21+0900: Cuda backend thread 0: Model version 15 useFP16 = true useNHWC = true
2025-06-06 21:20:21+0900: Cuda backend thread 0: Model name: b18c384nbt-humanv0
2025-06-06 21:20:21+0900: --------------
2025-06-06 21:20:21+0900: WARNING: Config had unused keys! You may have a typo, an option you specified is being unused from human5k_pure.cfg
2025-06-06 21:20:21+0900: WARNING: Unused key 'analysisIgnorePreRootHistory' in human5k_pure.cfg
2025-06-06 21:20:21+0900: WARNING: Unused key 'rules' in human5k_pure.cfg
2025-06-06 21:20:21+0900: --------------
2025-06-06 21:20:21+0900: Loaded config human5k_pure.cfg
2025-06-06 21:20:21+0900: Loaded model ../../models/kata1-b28c512nbt-s8476434688-d4668249792.bin
2025-06-06 21:20:21+0900: Analyzing up to 1 positions at a time in parallel
2025-06-06 21:20:21+0900: Started, ready to begin handling requests
2025-06-06 21:20:21+0900: MoveNum: 2 HASH: EB5B48764F3CF87F19236A45508C4ACB
   A B C D E F G H J K L M N O P Q R S T
19 . . . . . . . . . . . . . . . . . . .
18 . . . . . . . . . . . . . . . . . . .
17 . . . . . . . . . . . . . . . . . . .
16 . . . . . . . . . . . . . . . O2. . .
15 . . . . . . . . . . . . . . . . . . .
14 . . . . . . . . . . . . . . . . . . .
13 . . . . . . . . . . . . . . . . . . .
12 . . . . . . . . . . . . . . . . . . .
11 . . . . . . . . . . . . . . . . . . .
10 . . . . . . . . . . . . . . . . . . .
 9 . . . . . . . . . . . . . . . . . . .
 8 . . . . . . . . . . . . . . . . . . .
 7 . . . . . . . . . . . . . . . . . . .
 6 . . . . . . . . . . . . . . . . . . .
 5 . . . . . . . . . . . . . . . . . . .
 4 . . . X1. . . . . . . . . . . . . . .
 3 . . . . . . . . . . . . . . . . . . .
 2 . . . . . . . . . . . . . . . . . . .
 1 . . . . . . . . . . . . . . . . . . .

koSIMPLEscoreTERRITORYtaxSEKIsui0komi6.5
Root visits: 53
New playouts: 53
NN rows: 53
NN batches: 27
NN avg batch size: 1.96296
PV: Q4 D16 C14 R3 R4 Q3 P4 O2
Tree:
: T  -6.59c W  -6.46c S  -0.13c ( -0.5 L  -0.4) N      53  --  Q4 D16 C14 R3 R4 Q3 P4
---Black(^)---
Q4  : T  -5.23c W  -5.20c S  -0.02c ( -0.4 L  -0.3) LCB  -10.18c P 27.60% WF  13.1 PSV       8 N      13  --  Q4 D16 C14 R3 R4 Q3 P4 O2
R4  : T  -4.93c W  -4.79c S  -0.14c ( -0.5 L  -0.4) LCB  -12.22c P  3.12% WF  10.1 PSV       6 N      10  --  R4 D16 C6 P3 Q5 M3 C17
Q3  : T  -7.50c W  -7.35c S  -0.16c ( -0.5 L  -0.4) LCB  -27.28c P  1.77% WF   6.0 PSV       3 N       6  --  Q3 D16 C17 C16
Q5  : T  -6.76c W  -6.62c S  -0.13c ( -0.5 L  -0.4) LCB  -80.64c P  1.54% WF   3.0 PSV       0 N       3  --  Q5 D16 Q3
R14 : T  -7.59c W  -7.55c S  -0.04c ( -0.4 L  -0.4) LCB  -22.14c P  5.73% WF   7.0 PSV       0 N       7  --  R14 Q4 D16 R15 Q14 O16 Q10
R17 : T  -9.16c W  -8.90c S  -0.25c ( -0.6 L  -0.5) LCB  -20.37c P  8.02% WF   7.9 PSV       0 N       8  --  R17 R16 Q17 P16 O18
F3  : T  -6.56c W  -6.28c S  -0.28c ( -0.6 L  -0.5) LCB  -34.46c P  1.55% WF   5.0 PSV       0 N       5  --  F3 D16 R4

2025-06-06 21:20:22+0900: MoveNum: 3 HASH: ABE8C8E42B2E2035E1349826078FDC53
   A B C D E F G H J K L M N O P Q R S T
19 . . . . . . . . . . . . . . . . . . .
18 . . . . . . . . . . . . . . . . . . .
17 . . . . . . . . . . . . . . . . . . .
16 . . . . . . . . . . . . . . . O2. . .
15 . . . . . . . . . . . . . . . . . . .
14 . . . . . . . . . . . . . . . . . . .
13 . . . . . . . . . . . . . . . . . . .
12 . . . . . . . . . . . . . . . . . . .
11 . . . . . . . . . . . . . . . . . . .
10 . . . . . . . . . . . . . . . . . . .
 9 . . . . . . . . . . . . . . . . . . .
 8 . . . . . . . . . . . . . . . . . . .
 7 . . . . . . . . . . . . . . . . . . .
 6 . . . . . . . . . . . . . . . . . . .
 5 . . . . . . . . . . . . . . . . . . .
 4 . . . X1. . . . . . . . . . . X3. . .
 3 . . . . . . . . . . . . . . . . . . .
 2 . . . . . . . . . . . . . . . . . . .
 1 . . . . . . . . . . . . . . . . . . .

koSIMPLEscoreTERRITORYtaxSEKIsui0komi6.5
Root visits: 53
New playouts: 53
NN rows: 94
NN batches: 48
NN avg batch size: 1.95833
PV: D16 C14 R3 R4 Q3 P4 O2 O17 C15 D14
Tree:
: T  -4.23c W  -4.36c S   0.14c ( -0.2 L  -0.2) N      53  --  D16 C14 R3 R4 Q3 P4 O2
---White(v)---
D16 : T  -6.10c W  -6.04c S  -0.06c ( -0.4 L  -0.3) LCB   -4.11c P 83.54% WF  32.3 PSV      20 N      32  --  D16 C14 R3 R4 Q3 P4 O2 O17
C16 : T  -2.27c W  -2.63c S   0.36c ( +0.0 L  -0.1) LCB    6.69c P  6.50% WF   8.9 PSV       9 N       9  --  C16 R17 Q17 R16 Q15 R14 C3
D17 : T  -1.13c W  -1.60c S   0.47c ( +0.1 L  +0.0) LCB   13.33c P  3.29% WF   6.9 PSV       4 N       7  --  D17 C15 R3 R4
C17 : T   2.07c W   1.34c S   0.73c ( +0.4 L  +0.2) LCB   44.85c P  0.84% WF   3.9 PSV       0 N       4  --  C17 R17 R16 Q17

2025-06-06 21:20:22+0900: MoveNum: 4 HASH: 17D2632FFE99EE885E49C52015E7A3AA
   A B C D E F G H J K L M N O P Q R S T
19 . . . . . . . . . . . . . . . . . . .
18 . . . . . . . . . . . . . . . . . . .
17 . . . . . . . . . . . . . . . . . . .
16 . . . O3. . . . . . . . . . . O1. . .
15 . . . . . . . . . . . . . . . . . . .
14 . . . . . . . . . . . . . . . . . . .
13 . . . . . . . . . . . . . . . . . . .
12 . . . . . . . . . . . . . . . . . . .
11 . . . . . . . . . . . . . . . . . . .
10 . . . . . . . . . . . . . . . . . . .
 9 . . . . . . . . . . . . . . . . . . .
 8 . . . . . . . . . . . . . . . . . . .
 7 . . . . . . . . . . . . . . . . . . .
 6 . . . . . . . . . . . . . . . . . . .
 5 . . . . . . . . . . . . . . . . . . .
 4 . . . X . . . . . . . . . . . X2. . .
 3 . . . . . . . . . . . . . . . . . . .
 2 . . . . . . . . . . . . . . . . . . .
 1 . . . . . . . . . . . . . . . . . . .

koSIMPLEscoreTERRITORYtaxSEKIsui0komi6.5
Root visits: 53
New playouts: 53
NN rows: 133
NN batches: 68
NN avg batch size: 1.95588
PV: K4
Tree:
: T  -6.84c W  -6.56c S  -0.28c ( -0.4 L  -0.4) N      53  --  K4
---Black(^)---
R14 : T  -6.36c W  -6.09c S  -0.27c ( -0.4 L  -0.4) LCB   -9.72c P 30.18% WF  22.0 PSV      27 N      22  --  R14 C3 C4 D3 E4 F2 F17 R15
O17 : T  -7.06c W  -6.88c S  -0.18c ( -0.3 L  -0.3) LCB  -14.66c P  4.85% WF  10.0 PSV       5 N      10  --  O17 P17 O16 Q14 K16 C3 C4
R6  : T  -9.03c W  -8.47c S  -0.56c ( -0.7 L  -0.5) LCB  -36.92c P  0.59% WF   5.0 PSV       1 N       5  --  R6 C3 D3 C4 D5
R17 : T  -5.78c W  -5.59c S  -0.19c ( -0.3 L  -0.3) LCB  -12.26c P  9.85% WF  11.0 PSV       1 N      11  --  R17 R16 Q17 P16 O18 C3 C4 D3
R13 : T -12.56c W -11.95c S  -0.61c ( -0.7 L  -0.5) LCB -362.56c P  0.40% WF   1.0 PSV       0 N       1  --  R13
O3  : T  -9.17c W  -8.58c S  -0.59c ( -0.7 L  -0.5) LCB  -82.99c P  0.53% WF   3.0 PSV       0 N       3  --  O3 C3 D3

2025-06-06 21:20:22+0900: MoveNum: 5 HASH: A1F938CB41168EB4AA31985629C1C129
   A B C D E F G H J K L M N O P Q R S T
19 . . . . . . . . . . . . . . . . . . .
18 . . . . . . . . . . . . . . . . . . .
17 . . . . . . . . . . . . . . . . . . .
16 . . . O2. . . . . . . . . . . O . . .
15 . . . . . . . . . . . . . . . . . . .
14 . . . . . . . . . . . . . . . . X3. .
13 . . . . . . . . . . . . . . . . . . .
12 . . . . . . . . . . . . . . . . . . .
11 . . . . . . . . . . . . . . . . . . .
10 . . . . . . . . . . . . . . . . . . .
 9 . . . . . . . . . . . . . . . . . . .
 8 . . . . . . . . . . . . . . . . . . .
 7 . . . . . . . . . . . . . . . . . . .
 6 . . . . . . . . . . . . . . . . . . .
 5 . . . . . . . . . . . . . . . . . . .
 4 . . . X . . . . . . . . . . . X1. . .
 3 . . . . . . . . . . . . . . . . . . .
 2 . . . . . . . . . . . . . . . . . . .
 1 . . . . . . . . . . . . . . . . . . .

koSIMPLEscoreTERRITORYtaxSEKIsui0komi6.5
Root visits: 53
New playouts: 53
NN rows: 165
NN batches: 85
NN avg batch size: 1.94118
PV: O17
Tree:
: T  -5.08c W  -5.01c S  -0.07c ( -0.3 L  -0.3) N      53  --  O17
---White(v)---
R15 : T  -4.33c W  -4.42c S   0.09c ( -0.1 L  -0.2) LCB   38.80c P  4.76% WF   4.0 PSV      15 N       4  --  R15 Q14 O16 C17
O16 : T  -4.38c W  -4.47c S   0.08c ( -0.1 L  -0.1) LCB   38.48c P  3.79% WF   4.0 PSV      11 N       4  --  O16 C17 C16 D17
C6  : T  -3.79c W  -3.90c S   0.11c ( -0.1 L  -0.2) LCB   39.08c P  6.51% WF   4.0 PSV       2 N       4  --  C6 F17 R15 Q14
R6  : T  -4.45c W  -4.48c S   0.03c ( -0.2 L  -0.2) LCB   23.33c P  4.14% WF   5.0 PSV       2 N       5  --  R6 O17 O16 N16
O3  : T  -4.22c W  -4.16c S  -0.06c ( -0.3 L  -0.2) LCB   69.63c P  2.60% WF   3.0 PSV       1 N       3  --  O3 O17
F3  : T  -2.91c W  -2.98c S   0.07c ( -0.2 L  -0.2) LCB  146.04c P  3.37% WF   2.0 PSV       1 N       2  --  F3 O17
R3  : T  -2.74c W  -2.76c S   0.02c ( -0.2 L  -0.3) LCB   17.54c P 10.07% WF   5.9 PSV       0 N       6  --  R3 R4 Q3 P4 P3 O3
C3  : T  -6.42c W  -6.21c S  -0.21c ( -0.4 L  -0.4) LCB   -3.60c P 47.62% WF  24.1 PSV       0 N      24  --  C3 C4 D3 E4 F2 F17 R15 Q14

2025-06-06 21:20:22+0900: MoveNum: 6 HASH: 13BC32319E0E69AEAC6674DB83B2F391
   A B C D E F G H J K L M N O P Q R S T
19 . . . . . . . . . . . . . . . . . . .
18 . . . . . . . . . . . . . . . . . . .
17 . . . . . . . . . . . . . O3. . . . .
16 . . . O1. . . . . . . . . . . O . . .
15 . . . . . . . . . . . . . . . . . . .
14 . . . . . . . . . . . . . . . . X2. .
13 . . . . . . . . . . . . . . . . . . .
12 . . . . . . . . . . . . . . . . . . .
11 . . . . . . . . . . . . . . . . . . .
10 . . . . . . . . . . . . . . . . . . .
 9 . . . . . . . . . . . . . . . . . . .
 8 . . . . . . . . . . . . . . . . . . .
 7 . . . . . . . . . . . . . . . . . . .
 6 . . . . . . . . . . . . . . . . . . .
 5 . . . . . . . . . . . . . . . . . . .
 4 . . . X . . . . . . . . . . . X . . .
 3 . . . . . . . . . . . . . . . . . . .
 2 . . . . . . . . . . . . . . . . . . .
 1 . . . . . . . . . . . . . . . . . . .

koSIMPLEscoreTERRITORYtaxSEKIsui0komi6.5
Root visits: 53
New playouts: 53
NN rows: 218
NN batches: 113
NN avg batch size: 1.9292
PV: S16
Tree:
: T  -4.75c W  -4.66c S  -0.09c ( -0.2 L  -0.2) N      53  --  S16
---Black(^)---
C14 : T  -4.94c W  -4.83c S  -0.11c ( -0.2 L  -0.2) LCB   -9.51c P 10.87% WF  13.0 PSV       8 N      13  --  C14 F16 E15 E16
R16 : T  -4.75c W  -4.60c S  -0.15c ( -0.3 L  -0.2) LCB   -9.39c P 15.74% WF  13.0 PSV       7 N      13  --  R16 R17 S17 R15 S16 Q15 S15 C3
F17 : T  -6.63c W  -6.40c S  -0.22c ( -0.3 L  -0.2) LCB  -14.77c P  2.60% WF   9.9 PSV       4 N      10  --  F17 C14 R16 R17 S17 R15 S16
C17 : T  -3.17c W  -3.26c S   0.10c ( -0.0 L  -0.1) LCB   -7.38c P 55.81% WF  15.1 PSV       1 N      15  --  C17 D17 C16 D15 C14 R3 R4
C6  : T  -8.07c W  -7.60c S  -0.47c ( -0.6 L  -0.4) LCB -358.07c P  1.37% WF   1.0 PSV       0 N       1  --  C6

