2025-06-06 23:30:37+0900: Running with following config:
analysisIgnorePreRootHistory = false
chosenMovePrune = 0
chosenMoveSubtract = 0
chosenMoveTemperature = 1.0
chosenMoveTemperatureEarly = 1.0
chosenMoveTemperatureOnlyBelowProb = 0.0
humanSLChosenMoveIgnorePass = true
humanSLChosenMovePiklLambda = 100000000
humanSLChosenMoveProp = 1.0
humanSLOppExploreProbWeightful = 0.0
humanSLOppExploreProbWeightless = 0.0
humanSLPlaExploreProbWeightful = 0.0
humanSLPlaExploreProbWeightless = 0.0
humanSLProfile = rank_5k
humanSLRootExploreProbWeightful = 0.0
humanSLRootExploreProbWeightless = 0.0
ignorePreRootHistory = false
logDir = analysis_logs
logSearchInfo = true
logToStderr = true
maxVisits = 1
nnCacheSizePowerOfTwo = 17
nnMaxBatchSize = 8
nnMutexPoolSizePowerOfTwo = 14
nnRandomize = false
numAnalysisThreads = 1
numSearchThreads = 4
reportAnalysisWinratesAs = BLACK
rootNumSymmetriesToSample = 1
rules = japanese
subtreeValueBiasFactor = 0.0
useLcbForSelection = false
useNoisePruning = false
useUncertainty = false

2025-06-06 23:30:37+0900: Analysis Engine starting...
2025-06-06 23:30:37+0900: KataGo v1.15.3
2025-06-06 23:30:37+0900: nnRandSeed0 = 11802155441020659877
2025-06-06 23:30:37+0900: After dedups: nnModelFile0 = ../../models/kata1-b28c512nbt-s8476434688-d4668249792.bin useFP16 auto useNHWC auto
2025-06-06 23:30:37+0900: Initializing neural net buffer to be size 19 * 19 allowing smaller boards
2025-06-06 23:30:39+0900: Cuda backend thread 0: Found GPU NVIDIA RTX A5000 memory 25425608704 compute capability major 8 minor 6
2025-06-06 23:30:39+0900: Cuda backend thread 0: Model version 15 useFP16 = true useNHWC = true
2025-06-06 23:30:39+0900: Cuda backend thread 0: Model name: kata1-b28c512nbt-s8476434688-d4668249792
2025-06-06 23:30:41+0900: nnRandSeed0 = 13319713781565298898
2025-06-06 23:30:41+0900: After dedups: nnModelFile0 = ../../models/b18c384nbt-humanv0.bin.gz useFP16 auto useNHWC auto
2025-06-06 23:30:41+0900: Initializing neural net buffer to be size 19 * 19 allowing smaller boards
2025-06-06 23:30:42+0900: Cuda backend thread 0: Found GPU NVIDIA RTX A5000 memory 25425608704 compute capability major 8 minor 6
2025-06-06 23:30:42+0900: Cuda backend thread 0: Model version 15 useFP16 = true useNHWC = true
2025-06-06 23:30:42+0900: Cuda backend thread 0: Model name: b18c384nbt-humanv0
2025-06-06 23:30:43+0900: --------------
2025-06-06 23:30:43+0900: WARNING: Config had unused keys! You may have a typo, an option you specified is being unused from human5k_pure.cfg
2025-06-06 23:30:43+0900: WARNING: Unused key 'analysisIgnorePreRootHistory' in human5k_pure.cfg
2025-06-06 23:30:43+0900: WARNING: Unused key 'rules' in human5k_pure.cfg
2025-06-06 23:30:43+0900: --------------
2025-06-06 23:30:43+0900: Loaded config human5k_pure.cfg
2025-06-06 23:30:43+0900: Loaded model ../../models/kata1-b28c512nbt-s8476434688-d4668249792.bin
2025-06-06 23:30:43+0900: Analyzing up to 1 positions at a time in parallel
2025-06-06 23:30:43+0900: Started, ready to begin handling requests
2025-06-06 23:30:43+0900: Warning: {"field":"includeMoves","id":"humansl_test","warning":"Unexpected or unused field, do you have a typo? (set warnUnusedFields=false in the config to disable this warning)"}
2025-06-06 23:30:43+0900: MoveNum: 2 HASH: EB5B48764F3CF87F19236A45508C4ACB
   A B C D E F G H J K L M N O P Q R S T
19 . . . . . . . . . . . . . . . . . . .
18 . . . . . . . . . . . . . . . . . . .
17 . . . . . . . . . . . . . . . . . . .
16 . . . . . . . . . . . . . . . O2. . .
15 . . . . . . . . . . . . . . . . . . .
14 . . . . . . . . . . . . . . . . . . .
13 . . . . . . . . . . . . . . . . . . .
12 . . . . . . . . . . . . . . . . . . .
11 . . . . . . . . . . . . . . . . . . .
10 . . . . . . . . . . . . . . . . . . .
 9 . . . . . . . . . . . . . . . . . . .
 8 . . . . . . . . . . . . . . . . . . .
 7 . . . . . . . . . . . . . . . . . . .
 6 . . . . . . . . . . . . . . . . . . .
 5 . . . . . . . . . . . . . . . . . . .
 4 . . . X1. . . . . . . . . . . . . . .
 3 . . . . . . . . . . . . . . . . . . .
 2 . . . . . . . . . . . . . . . . . . .
 1 . . . . . . . . . . . . . . . . . . .

koSIMPLEscoreTERRITORYtaxSEKIsui0komi6.5
Root visits: 53
New playouts: 53
NN rows: 53
NN batches: 28
NN avg batch size: 1.89286
PV: Q4 D16 C14 R3 R4 Q3 P4 O2
Tree:
: T  -6.59c W  -6.46c S  -0.13c ( -0.5 L  -0.4) N      53  --  Q4 D16 C14 R3 R4 Q3 P4
---Black(^)---
Q4  : T  -5.17c W  -5.15c S  -0.01c ( -0.4 L  -0.3) LCB   -9.55c P 27.60% WF  14.1 PSV       9 N      14  --  Q4 D16 C14 R3 R4 Q3 P4 O2
R4  : T  -5.28c W  -5.15c S  -0.13c ( -0.5 L  -0.4) LCB  -10.57c P  3.12% WF  12.1 PSV       6 N      12  --  R4 D16 C6 P3 Q5 M3 C17 D17
Q3  : T  -7.31c W  -7.12c S  -0.19c ( -0.5 L  -0.4) LCB  -50.38c P  1.77% WF   4.0 PSV       3 N       4  --  Q3 D16 C17 C16
R14 : T  -7.72c W  -7.65c S  -0.07c ( -0.4 L  -0.4) LCB  -16.69c P  5.73% WF   9.0 PSV       0 N       9  --  R14 Q4 D16 R15 Q14 O16 Q10 C3
R17 : T  -8.36c W  -8.13c S  -0.24c ( -0.6 L  -0.5) LCB  -14.80c P  8.02% WF  10.9 PSV       0 N      11  --  R17 R16 Q17 P16 O18 D16
F3  : T  -7.54c W  -7.16c S  -0.39c ( -0.7 L  -0.5) LCB -156.48c P  1.55% WF   2.0 PSV       0 N       2  --  F3 D16

2025-06-06 23:30:43+0900: ../../models/kata1-b28c512nbt-s8476434688-d4668249792.bin
2025-06-06 23:30:43+0900: NN rows: 53
2025-06-06 23:30:43+0900: NN batches: 28
2025-06-06 23:30:43+0900: NN avg batch size: 1.89286
2025-06-06 23:30:43+0900: ../../models/b18c384nbt-humanv0.bin.gz
2025-06-06 23:30:43+0900: NN rows: 4
2025-06-06 23:30:43+0900: NN batches: 2
2025-06-06 23:30:43+0900: NN avg batch size: 2
2025-06-06 23:30:43+0900: GPU -1 finishing, processed 53 rows 28 batches
2025-06-06 23:30:43+0900: GPU -1 finishing, processed 4 rows 2 batches
2025-06-06 23:30:43+0900: All cleaned up, quitting
