2025-06-07 00:40:12+0900: Running with following config:
analysisIgnorePreRootHistory = false
chosenMovePrune = 0
chosenMoveSubtract = 0
chosenMoveTemperature = 1.0
chosenMoveTemperatureEarly = 1.0
chosenMoveTemperatureOnlyBelowProb = 0.0
humanSLChosenMoveIgnorePass = true
humanSLChosenMovePiklLambda = 100000000
humanSLChosenMoveProp = 1.0
humanSLOppExploreProbWeightful = 0.0
humanSLOppExploreProbWeightless = 0.0
humanSLPlaExploreProbWeightful = 0.0
humanSLPlaExploreProbWeightless = 0.0
humanSLProfile = rank_5k
humanSLRootExploreProbWeightful = 0.0
humanSLRootExploreProbWeightless = 0.0
ignorePreRootHistory = false
logDir = analysis_logs
logSearchInfo = true
logToStderr = true
maxVisits = 1
nnCacheSizePowerOfTwo = 17
nnMaxBatchSize = 8
nnMutexPoolSizePowerOfTwo = 14
nnRandomize = false
numAnalysisThreads = 1
numSearchThreads = 4
reportAnalysisWinratesAs = BLACK
rootNumSymmetriesToSample = 1
rules = japanese
subtreeValueBiasFactor = 0.0
useLcbForSelection = false
useNoisePruning = false
useUncertainty = false

2025-06-07 00:40:12+0900: Analysis Engine starting...
2025-06-07 00:40:12+0900: KataGo v1.15.3
2025-06-07 00:40:12+0900: nnRandSeed0 = 1084222159181874162
2025-06-07 00:40:12+0900: After dedups: nnModelFile0 = ../../models/kata1-b28c512nbt-s8476434688-d4668249792.bin useFP16 auto useNHWC auto
2025-06-07 00:40:12+0900: Initializing neural net buffer to be size 19 * 19 allowing smaller boards
2025-06-07 00:40:15+0900: Cuda backend thread 0: Found GPU NVIDIA RTX A5000 memory 25425608704 compute capability major 8 minor 6
2025-06-07 00:40:15+0900: Cuda backend thread 0: Model version 15 useFP16 = true useNHWC = true
2025-06-07 00:40:15+0900: Cuda backend thread 0: Model name: kata1-b28c512nbt-s8476434688-d4668249792
2025-06-07 00:40:16+0900: nnRandSeed0 = 16514673134116265774
2025-06-07 00:40:16+0900: After dedups: nnModelFile0 = ../../models/b18c384nbt-humanv0.bin.gz useFP16 auto useNHWC auto
2025-06-07 00:40:16+0900: Initializing neural net buffer to be size 19 * 19 allowing smaller boards
2025-06-07 00:40:17+0900: Cuda backend thread 0: Found GPU NVIDIA RTX A5000 memory 25425608704 compute capability major 8 minor 6
2025-06-07 00:40:17+0900: Cuda backend thread 0: Model version 15 useFP16 = true useNHWC = true
2025-06-07 00:40:17+0900: Cuda backend thread 0: Model name: b18c384nbt-humanv0
2025-06-07 00:40:18+0900: --------------
2025-06-07 00:40:18+0900: WARNING: Config had unused keys! You may have a typo, an option you specified is being unused from human5k_pure.cfg
2025-06-07 00:40:18+0900: WARNING: Unused key 'analysisIgnorePreRootHistory' in human5k_pure.cfg
2025-06-07 00:40:18+0900: WARNING: Unused key 'rules' in human5k_pure.cfg
2025-06-07 00:40:18+0900: --------------
2025-06-07 00:40:18+0900: Loaded config human5k_pure.cfg
2025-06-07 00:40:18+0900: Loaded model ../../models/kata1-b28c512nbt-s8476434688-d4668249792.bin
2025-06-07 00:40:18+0900: Analyzing up to 1 positions at a time in parallel
2025-06-07 00:40:18+0900: Started, ready to begin handling requests
2025-06-07 00:40:18+0900: MoveNum: 9 HASH: D0F58EEFE677FE5C58594B89A9D7B884
   A B C D E F G H J K L M N O P Q R S T
19 . . . . . . . . . . . . . . . . . . .
18 . . . . . . . . . . . . . . . X1. . .
17 . . . . . . . . . . . . . X . . O2. .
16 . . . O . . . . . X3. . . . . O . . .
15 . . . . . . . . . . . . . . . . . . .
14 . . . . . . . . . . . . . . . . O . .
13 . . . . . . . . . . . . . . . . . . .
12 . . . . . . . . . . . . . . . . . . .
11 . . . . . . . . . . . . . . . . . . .
10 . . . . . . . . . . . . . . . . . . .
 9 . . . . . . . . . . . . . . . . . . .
 8 . . . . . . . . . . . . . . . . . . .
 7 . . . . . . . . . . . . . . . . . . .
 6 . . . . . . . . . . . . . . . . . . .
 5 . . . . . . . . . . . . . . . . . . .
 4 . . . X . . . . . . . . . . . . X . .
 3 . . . . . . . . . . . . . . . . . . .
 2 . . . . . . . . . . . . . . . . . . .
 1 . . . . . . . . . . . . . . . . . . .

koSIMPLEscoreTERRITORYtaxSEKIsui0komi6.5
Root visits: 53
New playouts: 53
NN rows: 51
NN batches: 27
NN avg batch size: 1.88889
PV: P4 P3
Tree:
: T -20.40c W -20.06c S  -0.34c ( -1.4 L  -0.9) N      53  --  P4 P3
---White(v)---
P4  : T -20.46c W -20.13c S  -0.33c ( -1.4 L  -0.9) LCB  128.67c P  1.93% WF   2.0 PSV       9 N       2  --  P4 P3
C6  : T -19.73c W -19.42c S  -0.32c ( -1.4 L  -0.9) LCB  -12.16c P  3.17% WF  10.0 PSV       5 N      10  --  C6 F4 P3 Q5 M3 C5 L16
P3  : T -20.65c W -20.27c S  -0.38c ( -1.5 L  -1.0) LCB  -16.43c P 26.19% WF  14.0 PSV       5 N      14  --  P3 Q5 C3 D3 C4 D5 C5 C6
C3  : T -23.16c W -22.61c S  -0.54c ( -1.6 L  -1.0) LCB  -18.95c P 50.92% WF  14.2 PSV       0 N      14  --  C3 D3 C4 D5 B6 P4
N16 : T -17.60c W -17.52c S  -0.09c ( -1.2 L  -0.7) LCB   25.82c P  2.71% WF   4.0 PSV       0 N       4  --  N16 N17 O16
L16 : T -16.84c W -16.77c S  -0.07c ( -1.2 L  -0.7) LCB   -5.51c P  7.20% WF   7.9 PSV       0 N       8  --  L16 L17 M17 M16 L15 M18

2025-06-07 00:40:18+0900: ../../models/kata1-b28c512nbt-s8476434688-d4668249792.bin
2025-06-07 00:40:18+0900: NN rows: 51
2025-06-07 00:40:18+0900: NN batches: 27
2025-06-07 00:40:18+0900: NN avg batch size: 1.88889
2025-06-07 00:40:18+0900: ../../models/b18c384nbt-humanv0.bin.gz
2025-06-07 00:40:18+0900: NN rows: 4
2025-06-07 00:40:18+0900: NN batches: 2
2025-06-07 00:40:18+0900: NN avg batch size: 2
2025-06-07 00:40:18+0900: GPU -1 finishing, processed 51 rows 27 batches
2025-06-07 00:40:18+0900: GPU -1 finishing, processed 4 rows 2 batches
2025-06-07 00:40:18+0900: All cleaned up, quitting
