2025-06-07 02:19:57+0900: Running with following config:
analysisIgnorePreRootHistory = false
chosenMovePrune = 0
chosenMoveSubtract = 0
chosenMoveTemperature = 1.0
chosenMoveTemperatureEarly = 1.0
chosenMoveTemperatureOnlyBelowProb = 0.0
ignorePreRootHistory = false
logDir = analysis_logs
logSearchInfo = true
logToStderr = true
maxVisits = 500
nnCacheSizePowerOfTwo = 17
nnMaxBatchSize = 8
nnMutexPoolSizePowerOfTwo = 14
nnRandomize = false
numAnalysisThreads = 1
numSearchThreads = 4
reportAnalysisWinratesAs = BLACK
rootNumSymmetriesToSample = 1
rules = japanese
subtreeValueBiasFactor = 0.0
useLcbForSelection = false
useNoisePruning = false
useUncertainty = false

2025-06-07 02:19:57+0900: Analysis Engine starting...
2025-06-07 02:19:57+0900: KataGo v1.15.3
2025-06-07 02:19:57+0900: nnRandSeed0 = 18271009809910636451
2025-06-07 02:19:57+0900: After dedups: nnModelFile0 = ../../models/kata1-b28c512nbt-s8476434688-d4668249792.bin useFP16 auto useNHWC auto
2025-06-07 02:19:57+0900: Initializing neural net buffer to be size 19 * 19 allowing smaller boards
2025-06-07 02:20:00+0900: Cuda backend thread 0: Found GPU NVIDIA RTX A5000 memory 25425608704 compute capability major 8 minor 6
2025-06-07 02:20:00+0900: Cuda backend thread 0: Model version 15 useFP16 = true useNHWC = true
2025-06-07 02:20:00+0900: Cuda backend thread 0: Model name: kata1-b28c512nbt-s8476434688-d4668249792
2025-06-07 02:20:01+0900: --------------
2025-06-07 02:20:01+0900: WARNING: Config had unused keys! You may have a typo, an option you specified is being unused from analysis.cfg
2025-06-07 02:20:01+0900: WARNING: Unused key 'analysisIgnorePreRootHistory' in analysis.cfg
2025-06-07 02:20:01+0900: WARNING: Unused key 'rules' in analysis.cfg
2025-06-07 02:20:01+0900: --------------
2025-06-07 02:20:01+0900: Loaded config analysis.cfg
2025-06-07 02:20:01+0900: Loaded model ../../models/kata1-b28c512nbt-s8476434688-d4668249792.bin
2025-06-07 02:20:01+0900: Analyzing up to 1 positions at a time in parallel
2025-06-07 02:20:01+0900: Started, ready to begin handling requests
2025-06-07 02:20:05+0900: MoveNum: 11 HASH: 268D53E519560933C7E58588673C0D07
   A B C D E F G H J K L M N O P Q R S T
19 . . . . . . . . . . . . . . . . . . .
18 . . . . . . . . . . . . . . . . . . .
17 . . . . . . . . . . . . . . . . . . .
16 . . . O . . . . . . . . . . . . X . .
15 . . . . . . . . . . . . . . . . . . .
14 . . . . . . . . . . . . . . . . . . .
13 . . . . . . . . . . . . . . . . . . .
12 . . . . . . . . . . . . . . . . . . .
11 . . . . . . . . . . . . . . . . . . .
10 . . . . . . . . . . . . . . . . . . .
 9 . . . . . . . . . . . . . . . . . . .
 8 . . . . . . . . . . . . . . . . . . .
 7 . . . . . . . . . . . . . . . . . . .
 6 . . . . . . . . . . . . . . . . . . .
 5 . . . . . O . . . . . . . . . . . . .
 4 . . . O . O X . . . . . . . . . X . .
 3 . . . O2X1X . . X3. . . . . . . . . .
 2 . . . . . . . . . . . . . . . . . . .
 1 . . . . . . . . . . . . . . . . . . .

koSIMPLEscoreTERRITORYtaxSEKIsui0komi6.5
Root visits: 1003
New playouts: 1003
NN rows: 958
NN batches: 480
NN avg batch size: 1.99583
PV: G5 H4 C8 P4 J6 O17 K4 L2 Q16 Q17 R15 P16 Q15 S16 R17
Tree:
: T -15.26c W -14.99c S  -0.27c ( -1.1 L  -0.7) N    1003  --  G5 H4 C8 P4 J6 O17 K4
---White(v)---
G5  : T -16.40c W -16.03c S  -0.37c ( -1.2 L  -0.7) LCB  -15.42c P 79.88% WF 756.4 PSV     751 N     750  --  G5 H4 C8 P4 J6 O17 K4 L2
D7  : T -14.89c W -14.69c S  -0.20c ( -1.1 L  -0.6) LCB  -12.35c P  8.15% WF 163.5 PSV      37 N     165  --  D7 C17 D17 C16 C14 C15 D15 B14
C8  : T  -7.61c W  -7.97c S   0.36c ( -0.5 L  -0.4) LCB   -3.95c P  3.68% WF  26.7 PSV       4 N      28  --  C8 G5 P3 O17 Q5 R5 Q6 R7
D8  : T  -6.85c W  -7.29c S   0.44c ( -0.5 L  -0.4) LCB   -0.34c P  2.15% WF  13.4 PSV       2 N      14  --  D8 E4 E5 G5 D5 O17 P3
C9  : T  -4.35c W  -4.96c S   0.61c ( -0.3 L  -0.2) LCB   24.65c P  1.04% WF   4.8 PSV       1 N       5  --  C9 E4 E5 D5
Q16 : T  -6.38c W  -6.83c S   0.44c ( -0.5 L  -0.4) LCB    0.56c P  0.81% WF  10.5 PSV       0 N      11  --  Q16 Q17 G5 H4 P17
Q4  : T  -5.40c W  -5.84c S   0.44c ( -0.5 L  -0.4) LCB    7.88c P  0.68% WF   7.6 PSV       0 N       8  --  Q4 Q3 G5 H4 J6 E4
C7  : T  -2.98c W  -3.71c S   0.73c ( -0.2 L  -0.2) LCB   40.61c P  0.78% WF   3.8 PSV       0 N       4  --  C7 E4 E5 G5
P3  : T   1.83c W   0.83c S   1.00c ( +0.1 L  -0.1) LCB   79.41c P  0.32% WF   2.8 PSV       0 N       3  --  P3 E4 E5
H4  : T  -3.11c W  -3.83c S   0.72c ( -0.2 L  -0.2) LCB   71.00c P  0.26% WF   2.9 PSV       0 N       3  --  H4 G5 H3

2025-06-07 02:20:08+0900: MoveNum: 11 HASH: 77D2F2A1ED0BC1C5B15A7E3DCAFCC45E
   A B C D E F G H J K L M N O P Q R S T
19 . . . . . . . . . . . . . . . . . . .
18 . . . . . . . . . . . . . . . O2O . .
17 . . . X . . . . . . . X . O X3X1. . .
16 . . . . . . . . . . . . . . . . X . .
15 . . . X . . . . . . . . . . . . . . .
14 . . . . . . . . . . . . . . . . . . .
13 . . . . . . . . . . . . . . . . . . .
12 . . . . . . . . . . . . . . . . . . .
11 . . . . . . . . . . . . . . . . . . .
10 . . . . . . . . . . . . . . . . . . .
 9 . . . . . . . . . . . . . . . . . . .
 8 . . . . . . . . . . . . . . . . . . .
 7 . . . . . . . . . . . . . . . . . . .
 6 . . . . . . . . . . . . . . . . . . .
 5 . . . . . . . . . . . . . . . . . . .
 4 . . . . . . . . . . . . . . . O . . .
 3 . . . O . . . . . . . . . . . . . . .
 2 . . . . . . . . . . . . . . . . . . .
 1 . . . . . . . . . . . . . . . . . . .

koSIMPLEscoreTERRITORYtaxSEKIsui0komi6.5
Root visits: 1003
New playouts: 1003
NN rows: 1869
NN batches: 937
NN avg batch size: 1.99466
PV: R17 O16 S16 D5 C5 C6 C4 D6 F3 R3 Q3 R4 Q5 R5 R6 S6 O18 N16 R15 J16
Tree:
: T  12.37c W  12.63c S  -0.25c ( +1.0 L  +0.4) N    1003  --  R17 O16 S16 D5 C5 C6 C4
---White(v)---
R17 : T   9.72c W  10.17c S  -0.44c ( +0.8 L  +0.3) LCB   11.72c P 16.68% WF 840.6 PSV     818 N     818  --  R17 O16 S16 D5 C5 C6 C4 D6
P18 : T  25.44c W  24.75c S   0.67c ( +1.9 L  +0.9) LCB   32.51c P 81.40% WF 158.0 PSV     109 N     180  --  P18 O16 N17 N16 M18 L18 M16 L17
S16 : T  50.36c W  47.61c S   2.74c ( +3.9 L  +2.4) LCB  134.65c P  0.72% WF   2.6 PSV       0 N       3  --  S16 S15 P18
O18 : T  76.92c W  72.02c S   4.90c ( +5.9 L  +4.8) LCB  426.92c P  0.72% WF   0.8 PSV       0 N       1  --  O18

2025-06-07 02:20:10+0900: MoveNum: 11 HASH: B6B709DD50430CE76B7E980A6437D064
   A B C D E F G H J K L M N O P Q R S T
19 . . . . . . . . . . . . . . . . . . .
18 . . . . . . . . . . . . . . . . . . .
17 . . . X . . . . . . . . X . O . O2. .
16 . . . . . . . . . . . . . . . X3X . .
15 . . . . . . . . . . . . . . O . . . .
14 . . X . . . . . . . . . . . . X1. . .
13 . . . . . . . . . . . . . . . . . . .
12 . . . . . . . . . . . . . . . . . . .
11 . . . . . . . . . . . . . . . . . . .
10 . . . . . . . . . . . . . . . . . . .
 9 . . . . . . . . . . . . . . . . . . .
 8 . . . . . . . . . . . . . . . . . . .
 7 . . . . . . . . . . . . . . . . . . .
 6 . . . . . . . . . . . . . . . . . . .
 5 . . . . . . . . . . . . . . . . . . .
 4 . . . O . . . . . . . . . . . . O . .
 3 . . . . . . . . . . . . . . . . . . .
 2 . . . . . . . . . . . . . . . . . . .
 1 . . . . . . . . . . . . . . . . . . .

koSIMPLEscoreTERRITORYtaxSEKIsui0komi6.5
Root visits: 1003
New playouts: 1003
NN rows: 2767
NN batches: 1387
NN avg batch size: 1.99495
PV: Q17 P16 N18 M17 M18 C3 D3 C4 D5 C5 C6 B6 O3 L17 Q9 D6 C7 B7 C8 E6 E8 D9 E7
Tree:
: T  36.28c W  35.09c S   1.18c ( +2.8 L  +1.5) N    1003  --  Q17 P16 N18 M17 M18 C3 D3
---White(v)---
Q17 : T  35.16c W  34.08c S   1.08c ( +2.7 L  +1.4) LCB   36.52c P 64.46% WF 934.3 PSV     928 N     928  --  Q17 P16 N18 M17 M18 C3 D3 C4
D16 : T  46.45c W  44.43c S   2.02c ( +3.6 L  +2.2) LCB   51.48c P 19.56% WF  53.7 PSV      26 N      58  --  D16 E16 Q17 P16 C17 C16 D15 C15
P16 : T  83.94c W  77.76c S   6.18c ( +7.6 L  +5.3) LCB  105.81c P 11.97% WF   4.8 PSV       4 N       6  --  P16 Q17 Q18 R18 O18 Q19
D14 : T  62.91c W  59.23c S   3.68c ( +5.2 L  +3.3) LCB  213.23c P  1.11% WF   1.8 PSV       0 N       2  --  D14 D13
Q15 : T  71.90c W  68.03c S   3.87c ( +5.3 L  +4.4) LCB  421.90c P  0.92% WF   0.9 PSV       0 N       1  --  Q15
C15 : T  56.11c W  53.39c S   2.72c ( +4.3 L  +3.1) LCB  406.11c P  0.34% WF   0.9 PSV       0 N       1  --  C15
D15 : T  60.23c W  57.10c S   3.13c ( +4.7 L  +3.3) LCB  410.23c P  0.26% WF   0.9 PSV       0 N       1  --  D15
C17 : T  64.32c W  60.79c S   3.53c ( +5.0 L  +3.7) LCB  414.32c P  0.16% WF   0.9 PSV       0 N       1  --  C17
E15 : T  67.18c W  63.43c S   3.75c ( +5.3 L  +3.9) LCB  417.18c P  0.14% WF   0.9 PSV       0 N       1  --  E15
E16 : T  65.10c W  61.53c S   3.57c ( +5.1 L  +3.7) LCB  415.10c P  0.13% WF   0.9 PSV       0 N       1  --  E16

2025-06-07 02:20:13+0900: MoveNum: 11 HASH: DC856BAABB670061A561A908529E9EEB
   A B C D E F G H J K L M N O P Q R S T
19 . . . . . . . . . . . . . . . . . . .
18 . . . . . . . . . . . . . . . . . . .
17 . . O . . . . . . O . . . . . . . . .
16 . . . X3X . . X . . . . . . . . X . .
15 . . . O O2. . . . . . . . . . . . . .
14 . . . . . . . . . . . . . . . . . . .
13 . . X1. . . . . . . . . . . . . . . .
12 . . . . . . . . . . . . . . . . . . .
11 . . . . . . . . . . . . . . . . . . .
10 . . . . . . . . . . . . . . . . . . .
 9 . . . . . . . . . . . . . . . . . . .
 8 . . . . . . . . . . . . . . . . . . .
 7 . . . . . . . . . . . . . . . . . . .
 6 . . . . . . . . . . . . . . . . . . .
 5 . . . . . . . . . . . . . . . . . . .
 4 . . . . . . . . . . . . . . . . . . .
 3 . . O . . . . . . . . . . . . X . . .
 2 . . . . . . . . . . . . . . . . . . .
 1 . . . . . . . . . . . . . . . . . . .

koSIMPLEscoreTERRITORYtaxSEKIsui0komi6.5
Root visits: 1003
New playouts: 1003
NN rows: 3692
NN batches: 1850
NN avg batch size: 1.99568
PV: C16 F15 F14 G14 F13 F16 G13 H14 P17 C10 Q15 R15 Q14 R13 C8 N16 N18 Q17 P18 R6
Tree:
: T -76.60c W -72.27c S  -4.33c ( -7.1 L  -4.8) N    1003  --  C16 F15 F14 G14 F13 F16 G13
---White(v)---
C16 : T -77.06c W -72.69c S  -4.37c ( -7.1 L  -4.8) LCB  -75.42c P 99.88% WF 998.7 PSV     997 N     996  --  C16 F15 F14 G14 F13 F16 G13 H14
C15 : T  -2.77c W  -5.54c S   2.77c ( -0.3 L  -0.4) LCB  347.23c P  0.03% WF   0.8 PSV       0 N       1  --  C15
B15 : T  84.02c W  74.71c S   9.32c ( +6.0 L  +5.2) LCB  434.02c P  0.00% WF   0.6 PSV       0 N       1  --  B15
B16 : T  48.48c W  42.33c S   6.15c ( +3.1 L  +2.2) LCB  398.48c P  0.00% WF   0.7 PSV       0 N       1  --  B16
R4  : T  96.97c W  84.82c S  12.15c ( +9.4 L  +7.7) LCB  446.97c P  0.00% WF   0.6 PSV       0 N       1  --  R4
Q17 : T  96.51c W  84.59c S  11.92c ( +9.0 L  +7.4) LCB  446.51c P  0.00% WF   0.6 PSV       0 N       1  --  Q17

2025-06-07 02:20:16+0900: MoveNum: 11 HASH: 4FBFB343B997665813D1EDE8AB1D6C17
   A B C D E F G H J K L M N O P Q R S T
19 . . . . . . . . . . . . . . . . . . .
18 . . . . . . . . . . . . . . . . . . .
17 . . . O . X . . . . . . . . . O2X3. .
16 . . . O . . . . . X . . . . O . X . .
15 . . . . . . . . . . . . . . . . . . .
14 . . . . . . . . . . . . . . . X1. . .
13 . . . . . . . . . . . . . . . . . . .
12 . . . . . . . . . . . . . . . . . . .
11 . . . . . . . . . . . . . . . . . . .
10 . . . . . . . . . . . . . . . . . . .
 9 . . . . . . . . . . . . . . . . . . .
 8 . . . . . . . . . . . . . . . . . . .
 7 . . . . . . . . . . . . . . . . . . .
 6 . . . . . . . . . . . . . . . . . . .
 5 . . . . . . . . . . . . . . . . . . .
 4 . . . O . . . . . . . . . . . . . . .
 3 . . . . . . . . . . . . . . . X . . .
 2 . . . . . . . . . . . . . . . . . . .
 1 . . . . . . . . . . . . . . . . . . .

koSIMPLEscoreTERRITORYtaxSEKIsui0komi6.5
Root visits: 1003
New playouts: 1003
NN rows: 4660
NN batches: 2335
NN avg batch size: 1.99572
PV: M17 C13 C15 F3 C10 C3 D3 C4 D5 D2 E2 C2 C7 B6 E10 R6
Tree:
: T  15.96c W  15.89c S   0.07c ( +1.2 L  +0.7) N    1003  --  M17 C13 C15 F3 C10 C3 D3
---White(v)---
M17 : T  15.17c W  15.16c S   0.01c ( +1.2 L  +0.6) LCB   16.37c P 87.05% WF 937.6 PSV     934 N     934  --  M17 C13 C15 F3 C10 C3 D3 C4
R5  : T  24.61c W  23.86c S   0.76c ( +1.9 L  +1.1) LCB   29.39c P  1.92% WF  17.1 PSV       2 N      18  --  R5 M17 R18 S18 P18
H16 : T  29.06c W  27.95c S   1.12c ( +2.2 L  +1.3) LCB   35.52c P  3.00% WF  11.2 PSV       2 N      12  --  H16 M17 F16 G16
H17 : T  29.73c W  28.60c S   1.14c ( +2.3 L  +1.3) LCB   39.60c P  2.64% WF   8.4 PSV       2 N       9  --  H17 H16 G16 G17 H18 H15
R18 : T  25.96c W  25.09c S   0.87c ( +2.0 L  +1.2) LCB   33.30c P  1.33% WF  13.3 PSV       1 N      14  --  R18 C3 D3 C4 C6
Q5  : T  26.32c W  25.49c S   0.83c ( +2.0 L  +1.1) LCB   54.91c P  0.79% WF   4.8 PSV       0 N       5  --  Q5 R5 R6 R4 Q6
M16 : T  32.37c W  31.04c S   1.32c ( +2.4 L  +1.5) LCB  182.58c P  0.51% WF   1.9 PSV       0 N       2  --  M16 M17
G16 : T  30.79c W  29.74c S   1.05c ( +2.2 L  +1.5) LCB  380.79c P  0.22% WF   1.0 PSV       0 N       1  --  G16
P14 : T  28.12c W  27.11c S   1.01c ( +2.2 L  +1.2) LCB  378.12c P  0.19% WF   1.0 PSV       0 N       1  --  P14
H15 : T  30.22c W  29.09c S   1.14c ( +2.3 L  +1.4) LCB  380.22c P  0.18% WF   1.0 PSV       0 N       1  --  H15

2025-06-07 02:20:19+0900: MoveNum: 11 HASH: DB965B130FC66C9C72ED516D4916187A
   A B C D E F G H J K L M N O P Q R S T
19 . . . . . . . . . . . . . . . . . . .
18 . . . . . . . . . . . . . . . . . . .
17 . . . . X3O . . . . . . . . . . . . .
16 . . . X . X1O2. . . . . . . . . X . .
15 . . . . . . . . . . . . . . . . . . .
14 . . . . . . . . . . . . . . . . . . .
13 . . . . . . . . . . . . . . . . . . .
12 . . . . . . . . . . . . . . . . . . .
11 . . . . . . . . . . . . . . . . . . .
10 . . . . X . . . . . . . . . . . . . .
 9 . . . . . . . . . . . . . . . . . . .
 8 . . . . . . . . . . . . . . . . . . .
 7 . . . . . . . . . . . . . . . . . . .
 6 . . . X . . . . . . . . . . . . . . .
 5 . . . . . . . . . . . . . . . . . . .
 4 . . . O . O . . . . . . . . . . . . .
 3 . . . . . . . . . . . . . . . O . . .
 2 . . . . . . . . . . . . . . . . . . .
 1 . . . . . . . . . . . . . . . . . . .

koSIMPLEscoreTERRITORYtaxSEKIsui0komi6.5
Root visits: 1003
New playouts: 1003
NN rows: 5449
NN batches: 2730
NN avg batch size: 1.99597
PV: F15 E16 F18 G15 H16 G14 K17 C10 E18 C17 F12 E13 E12 J14 D13 E14 G13 G11 F10 F11 E11
Tree:
: T -42.61c W -41.29c S  -1.34c ( -3.2 L  -2.1) N    1003  --  F15 E16 F18 G15 H16 G14 K17
---White(v)---
F15 : T -43.47c W -42.07c S  -1.41c ( -3.3 L  -2.1) LCB  -41.75c P 82.79% WF 880.2 PSV     875 N     875  --  F15 E16 F18 G15 H16 G14 K17 C10
Q16 : T -38.13c W -37.20c S  -0.94c ( -2.9 L  -1.8) LCB  -34.16c P 14.03% WF 102.0 PSV      35 N     106  --  Q16 G17 R17 R15 Q17 R12 Q14 R14
E18 : T -27.28c W -27.28c S   0.01c ( -2.0 L  -1.3) LCB   -4.68c P  1.89% WF   5.6 PSV       1 N       6  --  E18 F18 G17 D18
Q17 : T -33.33c W -32.78c S  -0.55c ( -2.5 L  -1.6) LCB  -21.38c P  0.30% WF   9.6 PSV       0 N      10  --  Q17 R17 F15 E16 F18 G15 H16
G17 : T -19.67c W -20.31c S   0.64c ( -1.4 L  -1.1) LCB  330.33c P  0.06% WF   0.9 PSV       0 N       1  --  G17
Q15 : T -22.50c W -22.88c S   0.38c ( -1.6 L  -1.2) LCB  327.50c P  0.03% WF   0.9 PSV       0 N       1  --  Q15
P17 : T  -8.82c W -10.19c S   1.37c ( -0.7 L  -0.5) LCB  341.18c P  0.02% WF   0.9 PSV       0 N       1  --  P17
F18 : T -22.22c W -22.60c S   0.38c ( -1.6 L  -1.2) LCB  327.78c P  0.02% WF   0.9 PSV       0 N       1  --  F18
D9  : T  -5.98c W  -7.69c S   1.71c ( -0.4 L  -0.5) LCB  344.02c P  0.02% WF   0.9 PSV       0 N       1  --  D9

2025-06-07 02:20:22+0900: MoveNum: 11 HASH: 2D0B3E4542EE507781705C517182531B
   A B C D E F G H J K L M N O P Q R S T
19 . . . . . . . . . . . . . . . . . . .
18 . . . . . . . . . . . . . . . . . . .
17 . . . . . . . . . . . . . . X3. . . .
16 . . . O . . . . . . . . . . . . X . .
15 . . . . . . . . . . . . . . . . . . .
14 . . O . . . . . . . . . . . . . . . .
13 . . . . . . . . . . . . . . . . . . .
12 . . . . . . . . . . . . . . . . . . .
11 . . . . . . . . . . . . . . . . . . .
10 . . . . . . . . . . . . . . . . . . .
 9 . . . . . . . . . . . . . . . . . . .
 8 . . . . . . . . . . . . . . . . . . .
 7 . . . . . . . . . . . . . . . . O2. .
 6 . . . . . . . . . . . . . . . . . . .
 5 . . . . . . . . . . . . . . . . . . .
 4 . . X . . . . . . . . . . . . O . . .
 3 . . . . . . . . . . X1. . X . . O . .
 2 . . . . . . . . . . . . . . . X . . .
 1 . . . . . . . . . . . . . . . . . . .

koSIMPLEscoreTERRITORYtaxSEKIsui0komi6.5
Root visits: 1003
New playouts: 1003
NN rows: 6338
NN batches: 3175
NN avg batch size: 1.99622
PV: E3 F17 E17 F16 D5 C5 D6 C6 D7 C8 K17 M17 H17 F18 O16 N18 H14
Tree:
: T -16.07c W -15.72c S  -0.35c ( -1.1 L  -0.7) N    1003  --  E3 F17 E17 F16 D5 C5 D6
---White(v)---
E3  : T -17.95c W -17.47c S  -0.48c ( -1.2 L  -0.8) LCB  -17.03c P 73.23% WF 740.2 PSV     731 N     731  --  E3 F17 E17 F16 D5 C5 D6 C6
O16 : T -14.79c W -14.52c S  -0.27c ( -1.0 L  -0.7) LCB  -13.07c P  3.72% WF 110.0 PSV      11 N     112  --  O16 E4 O17 P16 O15 D13 D14 F13
K3  : T  -7.12c W  -7.42c S   0.30c ( -0.5 L  -0.4) LCB   -1.59c P  4.65% WF  19.9 PSV       5 N      21  --  K3 F3 L2 M3 M2 L5 N2 O5
D4  : T  -9.79c W  -9.86c S   0.07c ( -0.7 L  -0.5) LCB   -6.27c P  3.23% WF  33.4 PSV       4 N      35  --  D4 D3 C5 E4 D5 C3 F6 D8
E4  : T  -4.93c W  -5.36c S   0.43c ( -0.3 L  -0.3) LCB    7.62c P  5.05% WF  17.8 PSV       4 N      19  --  E4 E3 D4 D3 C5 F4 C3 B4
M4  : T  -7.10c W  -7.39c S   0.29c ( -0.5 L  -0.3) LCB    0.56c P  1.35% WF  11.4 PSV       1 N      12  --  M4 M3 E3 D3 E4 C6 J3
O4  : T  -5.11c W  -5.54c S   0.43c ( -0.3 L  -0.4) LCB    4.21c P  1.63% WF   8.5 PSV       1 N       9  --  O4 N4 O5 N5 N6 M6 M7
S16 : T -10.49c W -10.53c S   0.04c ( -0.7 L  -0.5) LCB   -4.88c P  0.37% WF  13.5 PSV       0 N      14  --  S16 S15 R15 Q15 R14 S14 R13 S13
J17 : T  -8.51c W  -8.72c S   0.21c ( -0.5 L  -0.4) LCB   -0.91c P  0.52% WF   9.6 PSV       0 N      10  --  J17 F4 O16 O17
R15 : T  -7.20c W  -7.55c S   0.35c ( -0.4 L  -0.4) LCB   13.13c P  0.43% WF   5.8 PSV       0 N       6  --  R15 Q15 R14 S16 E3 Q8

2025-06-07 02:20:26+0900: MoveNum: 11 HASH: 739F5636A60AF8F387DA9141FC8BD5C0
   A B C D E F G H J K L M N O P Q R S T
19 . . . . . . . . . . . . . . . . . . .
18 . . . . . . . . . . . . . . . . . . .
17 . . . O . . . . . . . . . . . . . . .
16 . . . . . . . . . . . . . . . . X . .
15 . . . . . . . . . . . . . . . . . . .
14 . . . . . . . . . . . . . . . . . . .
13 . . . . . . . . . . . . . . . . . . .
12 . . . . . . . . . . . . . . . . . . .
11 . . X . . . . . . . . . . . . . . . .
10 . . . . . . . . . . . . . . . . . . .
 9 . . . . . . . . . . . . . . . . . . .
 8 . . . . . . . . . . . . . . . . . . .
 7 . . . . . . . . . . . . . . . . . . .
 6 . . . . . . . . . . . . . . . . . . .
 5 . . X X1X3. . . . . . . . . . . . . .
 4 . . O O2. . . . . . . . . . . O . . .
 3 . . . . O . . X . . . . . . . . . . .
 2 . . . . . . . . . . . . . . . . . . .
 1 . . . . . . . . . . . . . . . . . . .

koSIMPLEscoreTERRITORYtaxSEKIsui0komi6.5
Root visits: 1003
New playouts: 1003
NN rows: 7301
NN batches: 3658
NN avg batch size: 1.9959
PV: C14 O17 N3 R6 F4 L3 F5 D9 J4 O3 O4
Tree:
: T -59.54c W -57.75c S  -1.79c ( -4.6 L  -3.0) N    1003  --  C14 O17 N3 R6 F4 L3 F5
---White(v)---
C14 : T -62.10c W -60.00c S  -2.10c ( -4.9 L  -3.2) LCB  -60.67c P 45.12% WF 461.6 PSV     452 N     452  --  C14 O17 N3 R6 F4 L3 F5 D9
P17 : T -59.27c W -57.58c S  -1.69c ( -4.5 L  -2.9) LCB  -57.45c P 29.02% WF 261.3 PSV      97 N     263  --  P17 C15 Q15 R15 Q14 R13 E16 R6
F4  : T -54.68c W -53.29c S  -1.39c ( -4.3 L  -2.7) LCB  -51.50c P  9.39% WF  54.0 PSV      15 N      56  --  F4 C15 F5 L3 P17 Q15 D10 F6
C15 : T -58.33c W -56.69c S  -1.64c ( -4.5 L  -2.9) LCB  -55.74c P  3.48% WF 105.6 PSV       9 N     107  --  C15 O17 F4 O3 L3 O5 J4 H4
P16 : T -53.24c W -52.07c S  -1.17c ( -4.1 L  -2.6) LCB  -48.79c P  6.63% WF  51.6 PSV       9 N      54  --  P16 P17 O17 Q17 O16 Q14 R12 S13
O16 : T -55.88c W -54.49c S  -1.40c ( -4.3 L  -2.8) LCB  -50.18c P  0.78% WF  36.1 PSV       1 N      37  --  O16 C15 R17 Q17 Q16 P16 Q15 P17
D14 : T -52.95c W -51.79c S  -1.16c ( -4.1 L  -2.6) LCB  -48.13c P  1.29% WF  12.6 PSV       1 N      13  --  D14 O17 O3 R6 F4 L3
D12 : T -52.60c W -51.58c S  -1.01c ( -3.9 L  -2.6) LCB  -37.03c P  0.34% WF   6.8 PSV       0 N       7  --  D12 D16 C17
D15 : T -49.07c W -48.34c S  -0.74c ( -3.7 L  -2.3) LCB  -21.36c P  0.69% WF   4.8 PSV       0 N       5  --  D15 O17 O3 R6
Q16 : T -50.84c W -50.06c S  -0.79c ( -3.7 L  -2.4) LCB  -22.75c P  0.24% WF   4.8 PSV       0 N       5  --  Q16 Q17 R15 P16

