2025-06-11 22:54:18+0900: Running with following config:
analysisIgnorePreRootHistory = false
chosenMovePrune = 0
chosenMoveSubtract = 0
chosenMoveTemperature = 1.0
chosenMoveTemperatureEarly = 1.0
chosenMoveTemperatureOnlyBelowProb = 0.0
ignorePreRootHistory = false
logDir = analysis_logs
logSearchInfo = true
logToStderr = true
maxVisits = 2000
nnCacheSizePowerOfTwo = 17
nnMaxBatchSize = 8
nnMutexPoolSizePowerOfTwo = 14
nnRandomize = false
numAnalysisThreads = 1
numSearchThreads = 4
reportAnalysisWinratesAs = BLACK
rootNumSymmetriesToSample = 1
rules = japanese
subtreeValueBiasFactor = 0.0
useLcbForSelection = false
useNoisePruning = false
useUncertainty = false

2025-06-11 22:54:18+0900: Analysis Engine starting...
2025-06-11 22:54:18+0900: KataGo v1.15.3
2025-06-11 22:54:18+0900: nnRandSeed0 = 15432830001152410759
2025-06-11 22:54:18+0900: After dedups: nnModelFile0 = ../../models/kata1-b28c512nbt-s8476434688-d4668249792.bin useFP16 auto useNHWC auto
2025-06-11 22:54:18+0900: Initializing neural net buffer to be size 19 * 19 allowing smaller boards
2025-06-11 22:54:21+0900: Cuda backend thread 0: Found GPU NVIDIA RTX A5000 memory 25425608704 compute capability major 8 minor 6
2025-06-11 22:54:21+0900: Cuda backend thread 0: Model version 15 useFP16 = true useNHWC = true
2025-06-11 22:54:21+0900: Cuda backend thread 0: Model name: kata1-b28c512nbt-s8476434688-d4668249792
2025-06-11 22:54:22+0900: --------------
2025-06-11 22:54:22+0900: WARNING: Config had unused keys! You may have a typo, an option you specified is being unused from analysis.cfg
2025-06-11 22:54:22+0900: WARNING: Unused key 'analysisIgnorePreRootHistory' in analysis.cfg
2025-06-11 22:54:22+0900: WARNING: Unused key 'rules' in analysis.cfg
2025-06-11 22:54:22+0900: --------------
2025-06-11 22:54:22+0900: Loaded config analysis.cfg
2025-06-11 22:54:22+0900: Loaded model ../../models/kata1-b28c512nbt-s8476434688-d4668249792.bin
2025-06-11 22:54:22+0900: Analyzing up to 1 positions at a time in parallel
2025-06-11 22:54:22+0900: Started, ready to begin handling requests
2025-06-11 22:54:27+0900: MoveNum: 26 HASH: 16BC948ACCAC21D5CDCC2C99D547C5A2
   A B C D E F G H J K L M N O P Q R S T
19 . . . . . . . . . . . . . . . . . . .
18 . . . . . . . . . . . . . . . . . . .
17 . X O . . O . . . . . . . . . O X . .
16 . X X O . . . . . . . . . . . O X . .
15 . X O O . . . . . . . . . . . O . . .
14 . . X O1. . . . . . . . . . . . . X .
13 . . X2O3. . . . . . . . . . . . . . .
12 . . . . . . . . . . . . . . . . . . .
11 . . . . . . . . . . . . . . . . . . .
10 . . . . . . . . . . . . . . . . . . .
 9 . . . . . . . . . . . . . . . . . . .
 8 . . . . . . . . . . . . . . . . . . .
 7 . . . . . . . . . . . . . . . . . . .
 6 . . . . . . . . . . . . . . . . . . .
 5 . . . . . . . . . . . . . . . . . . .
 4 . . . X . . . . . . . . . . X X X . .
 3 . . . . . . . . . . . . . . . O O . .
 2 . . . . . . . . . . . . . O . . . . .
 1 . . . . . . . . . . . . . . . . . . .

koSIMPLEscoreTERRITORYtaxSEKIsui0komi6.5
Root visits: 2003
New playouts: 2003
NN rows: 1811
NN batches: 907
NN avg batch size: 1.99669
PV: M17 K17 N14 P12 K16 J17 O17 R13 R14 Q14 R12 S13 Q13 Q12
Tree:
: T  -2.64c W  -2.41c S  -0.23c ( -0.2 L  -0.2) N    2003  --  M17 K17 N14 P12 K16 J17 O17
---Black(^)---
M17 : T  -0.70c W  -0.60c S  -0.09c ( -0.1 L  -0.1) LCB   -2.24c P 21.22% WF 712.1 PSV     699 N     699  --  M17 K17 N14 P12 K16 J17 O17 R13
M16 : T  -2.55c W  -2.33c S  -0.22c ( -0.2 L  -0.2) LCB   -4.43c P 40.51% WF 571.9 PSV     392 N     573  --  M16 R18 S18 S15 R15 R14 Q14 R13
L16 : T  -3.58c W  -3.30c S  -0.27c ( -0.2 L  -0.3) LCB   -5.69c P 28.59% WF 288.6 PSV     199 N     292  --  L16 R18 S18 S15 R11 R15 Q18 P18
L17 : T  -5.05c W  -4.66c S  -0.38c ( -0.3 L  -0.3) LCB   -8.50c P  3.14% WF 102.8 PSV      15 N     105  --  L17 R18 S18 S15 R10 R15 Q18 P18
N17 : T  -3.75c W  -3.42c S  -0.33c ( -0.3 L  -0.2) LCB   -6.94c P  1.42% WF 128.5 PSV       9 N     130  --  N17 R18 S18 S15 R15 R14 Q14 R13
D12 : T  -6.12c W  -5.69c S  -0.43c ( -0.4 L  -0.3) LCB   -9.88c P  1.58% WF  52.7 PSV       6 N      54  --  D12 C12 B12 C11 D11 B11 C10 B10
D17 : T  -7.17c W  -6.62c S  -0.55c ( -0.5 L  -0.3) LCB  -10.92c P  0.89% WF  40.7 PSV       3 N      42  --  D17 C18 D18 E18 B18 L16 D12 E12
R13 : T  -6.39c W  -5.91c S  -0.48c ( -0.4 L  -0.3) LCB  -12.20c P  0.27% WF  18.6 PSV       1 N      19  --  R13 L16 N3 F3 S4 N2 M3
K16 : T  -4.74c W  -4.38c S  -0.36c ( -0.3 L  -0.3) LCB   -8.66c P  0.11% WF  38.4 PSV       0 N      39  --  K16 R18 S18 S15 Q18 R15
O3  : T  -7.21c W  -6.69c S  -0.52c ( -0.5 L  -0.4) LCB  -11.88c P  0.18% WF  34.0 PSV       0 N      35  --  O3 N2 M16 K16 R13 R18 S18

2025-06-11 22:54:27+0900: ../../models/kata1-b28c512nbt-s8476434688-d4668249792.bin
2025-06-11 22:54:27+0900: NN rows: 1811
2025-06-11 22:54:27+0900: NN batches: 907
2025-06-11 22:54:27+0900: NN avg batch size: 1.99669
2025-06-11 22:54:27+0900: GPU -1 finishing, processed 1811 rows 907 batches
2025-06-11 22:54:27+0900: All cleaned up, quitting
