2025-06-12 00:35:43+0900: Running with following config:
analysisIgnorePreRootHistory = false
chosenMovePrune = 0
chosenMoveSubtract = 0
chosenMoveTemperature = 0
chosenMoveTemperatureEarly = 1.0
chosenMoveTemperatureOnlyBelowProb = 0.0
ignorePreRootHistory = false
includePolicy = true
logDir = analysis_logs
logSearchInfo = true
logToStderr = true
maxVisits = 2000
nnCacheSizePowerOfTwo = 17
nnMaxBatchSize = 8
nnMutexPoolSizePowerOfTwo = 14
nnRandomize = false
numAnalysisThreads = 1
numSearchThreads = 4
reportAnalysisWinratesAs = BLACK
rootNumSymmetriesToSample = 8
rules = japanese
subtreeValueBiasFactor = 0.0
useLcbForSelection = false
useNoisePruning = false
useUncertainty = false

2025-06-12 00:35:43+0900: Analysis Engine starting...
2025-06-12 00:35:43+0900: KataGo v1.15.3
2025-06-12 00:35:43+0900: nnRandSeed0 = 4934134372057517420
2025-06-12 00:35:43+0900: After dedups: nnModelFile0 = ../../models/kata1-b28c512nbt-s8476434688-d4668249792.bin useFP16 auto useNHWC auto
2025-06-12 00:35:43+0900: Initializing neural net buffer to be size 19 * 19 allowing smaller boards
2025-06-12 00:35:46+0900: Cuda backend thread 0: Found GPU NVIDIA RTX A5000 memory 25425608704 compute capability major 8 minor 6
2025-06-12 00:35:46+0900: Cuda backend thread 0: Model version 15 useFP16 = true useNHWC = true
2025-06-12 00:35:46+0900: Cuda backend thread 0: Model name: kata1-b28c512nbt-s8476434688-d4668249792
2025-06-12 00:35:47+0900: --------------
2025-06-12 00:35:47+0900: WARNING: Config had unused keys! You may have a typo, an option you specified is being unused from analysis.cfg
2025-06-12 00:35:47+0900: WARNING: Unused key 'analysisIgnorePreRootHistory' in analysis.cfg
2025-06-12 00:35:47+0900: WARNING: Unused key 'includePolicy' in analysis.cfg
2025-06-12 00:35:47+0900: WARNING: Unused key 'rules' in analysis.cfg
2025-06-12 00:35:47+0900: --------------
2025-06-12 00:35:47+0900: Loaded config analysis.cfg
2025-06-12 00:35:47+0900: Loaded model ../../models/kata1-b28c512nbt-s8476434688-d4668249792.bin
2025-06-12 00:35:47+0900: Analyzing up to 1 positions at a time in parallel
2025-06-12 00:35:47+0900: Started, ready to begin handling requests
2025-06-12 00:36:00+0900: MoveNum: 26 HASH: 16BC948ACCAC21D5CDCC2C99D547C5A2
   A B C D E F G H J K L M N O P Q R S T
19 . . . . . . . . . . . . . . . . . . .
18 . . . . . . . . . . . . . . . . . . .
17 . X O . . O . . . . . . . . . O X . .
16 . X X O . . . . . . . . . . . O X . .
15 . X O O . . . . . . . . . . . O . . .
14 . . X O1. . . . . . . . . . . . . X .
13 . . X2O3. . . . . . . . . . . . . . .
12 . . . . . . . . . . . . . . . . . . .
11 . . . . . . . . . . . . . . . . . . .
10 . . . . . . . . . . . . . . . . . . .
 9 . . . . . . . . . . . . . . . . . . .
 8 . . . . . . . . . . . . . . . . . . .
 7 . . . . . . . . . . . . . . . . . . .
 6 . . . . . . . . . . . . . . . . . . .
 5 . . . . . . . . . . . . . . . . . . .
 4 . . . X . . . . . . . . . . X X X . .
 3 . . . . . . . . . . . . . . . O O . .
 2 . . . . . . . . . . . . . O . . . . .
 1 . . . . . . . . . . . . . . . . . . .

koSIMPLEscoreTERRITORYtaxSEKIsui0komi6.5
Root visits: 5003
New playouts: 5003
NN rows: 4495
NN batches: 2249
NN avg batch size: 1.99867
PV: M17 K17 M15 P12 J16 K16 K15 L15 L14 L16 M14 J17 O15 R18 S18 S15 R15 R14 S16 S13
Tree:
: T  -2.38c W  -2.18c S  -0.20c ( -0.2 L  -0.2) N    5003  --  M17 K17 M15 P12 J16 K16 K15
---Black(^)---
M17 : T  -0.17c W  -0.12c S  -0.05c ( -0.0 L  -0.1) LCB   -1.32c P 18.79% WF 1679.2 PSV    1637 N    1637  --  M17 K17 M15 P12 J16 K16 K15 L15
M16 : T  -2.16c W  -1.96c S  -0.19c ( -0.2 L  -0.2) LCB   -3.50c P 35.53% WF 1085.6 PSV     689 N    1087  --  M16 R18 S18 S15 Q18 R15 R11 P18
L16 : T  -2.51c W  -2.31c S  -0.20c ( -0.2 L  -0.2) LCB   -3.76c P 33.13% WF 864.9 PSV     564 N     870  --  L16 R18 S18 S15 R11 R15 Q18 P18
L17 : T  -3.05c W  -2.80c S  -0.24c ( -0.2 L  -0.2) LCB   -5.10c P  3.51% WF 354.1 PSV      50 N     358  --  L17 R18 S18 S15 R10 R15 Q18 P18
D12 : T  -6.18c W  -5.74c S  -0.44c ( -0.4 L  -0.3) LCB   -9.11c P  3.02% WF 191.5 PSV      22 N     199  --  D12 C12 B12 C11 D11 C10 D10 C9
D17 : T  -6.46c W  -5.97c S  -0.50c ( -0.4 L  -0.3) LCB   -9.32c P  2.03% WF 111.9 PSV      14 N     116  --  D17 C18 D18 E18 B18 L16 R13 D11
N17 : T  -4.20c W  -3.83c S  -0.37c ( -0.3 L  -0.2) LCB   -6.60c P  1.15% WF 263.3 PSV      12 N     269  --  N17 R18 S18 S15 R15 R14 Q18 S13
R13 : T  -6.75c W  -6.24c S  -0.51c ( -0.5 L  -0.3) LCB   -9.67c P  0.31% WF  67.6 PSV       2 N      70  --  R13 L16 N3 S4 S5 S3 D12 C12
K16 : T  -5.47c W  -5.06c S  -0.41c ( -0.4 L  -0.3) LCB   -7.94c P  0.15% WF 108.9 PSV       1 N     112  --  K16 R18 S18 S15 Q18 R15 P18 R11
O3  : T  -6.47c W  -5.98c S  -0.48c ( -0.4 L  -0.4) LCB  -10.24c P  0.16% WF  62.0 PSV       1 N      64  --  O3 N2 M16 K16 R13 R18 S18 P18

2025-06-12 00:36:00+0900: ../../models/kata1-b28c512nbt-s8476434688-d4668249792.bin
2025-06-12 00:36:00+0900: NN rows: 4495
2025-06-12 00:36:00+0900: NN batches: 2249
2025-06-12 00:36:00+0900: NN avg batch size: 1.99867
2025-06-12 00:36:00+0900: GPU -1 finishing, processed 4495 rows 2249 batches
2025-06-12 00:36:00+0900: All cleaned up, quitting
