2025-06-07 00:39:31+0900: Running with following config:
analysisIgnorePreRootHistory = false
chosenMovePrune = 0
chosenMoveSubtract = 0
chosenMoveTemperature = 1.0
chosenMoveTemperatureEarly = 1.0
chosenMoveTemperatureOnlyBelowProb = 0.0
humanSLChosenMoveIgnorePass = true
humanSLChosenMovePiklLambda = 100000000
humanSLChosenMoveProp = 1.0
humanSLOppExploreProbWeightful = 0.0
humanSLOppExploreProbWeightless = 0.0
humanSLPlaExploreProbWeightful = 0.0
humanSLPlaExploreProbWeightless = 0.0
humanSLProfile = rank_5k
humanSLRootExploreProbWeightful = 0.0
humanSLRootExploreProbWeightless = 0.0
ignorePreRootHistory = false
logDir = analysis_logs
logSearchInfo = true
logToStderr = true
maxVisits = 1
nnCacheSizePowerOfTwo = 17
nnMaxBatchSize = 8
nnMutexPoolSizePowerOfTwo = 14
nnRandomize = false
numAnalysisThreads = 1
numSearchThreads = 4
reportAnalysisWinratesAs = BLACK
rootNumSymmetriesToSample = 1
rules = japanese
subtreeValueBiasFactor = 0.0
useLcbForSelection = false
useNoisePruning = false
useUncertainty = false

2025-06-07 00:39:31+0900: Analysis Engine starting...
2025-06-07 00:39:31+0900: KataGo v1.15.3
2025-06-07 00:39:31+0900: nnRandSeed0 = 16324654929540631480
2025-06-07 00:39:31+0900: After dedups: nnModelFile0 = ../../models/kata1-b28c512nbt-s8476434688-d4668249792.bin useFP16 auto useNHWC auto
2025-06-07 00:39:31+0900: Initializing neural net buffer to be size 19 * 19 allowing smaller boards
2025-06-07 00:39:33+0900: Cuda backend thread 0: Found GPU NVIDIA RTX A5000 memory 25425608704 compute capability major 8 minor 6
2025-06-07 00:39:33+0900: Cuda backend thread 0: Model version 15 useFP16 = true useNHWC = true
2025-06-07 00:39:33+0900: Cuda backend thread 0: Model name: kata1-b28c512nbt-s8476434688-d4668249792
2025-06-07 00:39:34+0900: nnRandSeed0 = 1722387356488672709
2025-06-07 00:39:34+0900: After dedups: nnModelFile0 = ../../models/b18c384nbt-humanv0.bin.gz useFP16 auto useNHWC auto
2025-06-07 00:39:34+0900: Initializing neural net buffer to be size 19 * 19 allowing smaller boards
2025-06-07 00:39:36+0900: Cuda backend thread 0: Found GPU NVIDIA RTX A5000 memory 25425608704 compute capability major 8 minor 6
2025-06-07 00:39:36+0900: Cuda backend thread 0: Model version 15 useFP16 = true useNHWC = true
2025-06-07 00:39:36+0900: Cuda backend thread 0: Model name: b18c384nbt-humanv0
2025-06-07 00:39:36+0900: --------------
2025-06-07 00:39:36+0900: WARNING: Config had unused keys! You may have a typo, an option you specified is being unused from human5k_pure.cfg
2025-06-07 00:39:36+0900: WARNING: Unused key 'analysisIgnorePreRootHistory' in human5k_pure.cfg
2025-06-07 00:39:36+0900: WARNING: Unused key 'rules' in human5k_pure.cfg
2025-06-07 00:39:36+0900: --------------
2025-06-07 00:39:36+0900: Loaded config human5k_pure.cfg
2025-06-07 00:39:36+0900: Loaded model ../../models/kata1-b28c512nbt-s8476434688-d4668249792.bin
2025-06-07 00:39:36+0900: Analyzing up to 1 positions at a time in parallel
2025-06-07 00:39:36+0900: Started, ready to begin handling requests
2025-06-07 00:39:36+0900: MoveNum: 12 HASH: 74A6D5F38E3AECCB2BF8BCB008AA9B06
   A B C D E F G H J K L M N O P Q R S T
19 . . . . . . . . . . . . . . . . . . .
18 . . . . . . . . . . . . . . . . . . .
17 . . . O . . . . . . . . . . . . . . .
16 . . . . . . . . . . . . . . . O . . .
15 . . O . . . . . . . . . . . . . . . .
14 . . . . . . . . . . . . . . . . . . .
13 . . . . . . . . . . . . . . . . . . .
12 . . . . . . . . . . . . . . . . . . .
11 . . . . . . . . . . . . . . . . . . .
10 . . . . . . . . . . . . . . . . . . .
 9 . . . . . . . . . . . . . . . . . . .
 8 . . . . . . . . . . . . . . . . . . .
 7 . . . . . . . . . . . . . . . . . . .
 6 . . . . . . . . . . . . . . . . . . .
 5 . . . . . . . . . . . . . . . . . . .
 4 . . O3X . . . . . . . . . . X . X . .
 3 . . O1X2. O . X . . X . . . . . . . .
 2 . . . . . . . . . . . . . . . . . . .
 1 . . . . . . . . . . . . . . . . . . .

koSIMPLEscoreTERRITORYtaxSEKIsui0komi6.5
Root visits: 53
New playouts: 53
NN rows: 52
NN batches: 27
NN avg batch size: 1.92593
PV: D5 D2 E2 C2 F2 C6 R14 Q10 Q8
Tree:
: T -10.85c W -10.45c S  -0.40c ( -0.7 L  -0.5) N      53  --  D5 D2 E2 C2 F2 C6 R14
---Black(^)---
D5  : T  -6.94c W  -6.82c S  -0.12c ( -0.5 L  -0.3) LCB  -11.78c P 98.14% WF  39.6 PSV      26 N      39  --  D5 D2 E2 C2 F2 C6 R14 Q10
C5  : T -31.74c W -29.81c S  -1.93c ( -2.2 L  -1.5) LCB -381.74c P  0.30% WF   0.9 PSV       9 N       1  --  C5
C2  : T -20.03c W -18.91c S  -1.12c ( -1.4 L  -0.9) LCB  -40.29c P  0.54% WF   5.8 PSV       3 N       6  --  C2 B2 D2 C6 D5 B7
D16 : T -24.59c W -23.27c S  -1.32c ( -1.6 L  -1.1) LCB  -53.96c P  0.41% WF   4.7 PSV       0 N       5  --  D16 C16 D5 D2 E2
C16 : T -31.12c W -29.18c S  -1.94c ( -2.2 L  -1.6) LCB -381.12c P  0.09% WF   0.9 PSV       0 N       1  --  C16

2025-06-07 00:39:36+0900: ../../models/kata1-b28c512nbt-s8476434688-d4668249792.bin
2025-06-07 00:39:36+0900: NN rows: 52
2025-06-07 00:39:36+0900: NN batches: 27
2025-06-07 00:39:36+0900: NN avg batch size: 1.92593
2025-06-07 00:39:36+0900: ../../models/b18c384nbt-humanv0.bin.gz
2025-06-07 00:39:36+0900: NN rows: 4
2025-06-07 00:39:36+0900: NN batches: 2
2025-06-07 00:39:36+0900: NN avg batch size: 2
2025-06-07 00:39:37+0900: GPU -1 finishing, processed 52 rows 27 batches
2025-06-07 00:39:37+0900: GPU -1 finishing, processed 4 rows 2 batches
2025-06-07 00:39:37+0900: All cleaned up, quitting
