2025-06-07 00:38:50+0900: Running with following config:
analysisIgnorePreRootHistory = false
chosenMovePrune = 0
chosenMoveSubtract = 0
chosenMoveTemperature = 1.0
chosenMoveTemperatureEarly = 1.0
chosenMoveTemperatureOnlyBelowProb = 0.0
humanSLChosenMoveIgnorePass = true
humanSLChosenMovePiklLambda = 100000000
humanSLChosenMoveProp = 1.0
humanSLOppExploreProbWeightful = 0.0
humanSLOppExploreProbWeightless = 0.0
humanSLPlaExploreProbWeightful = 0.0
humanSLPlaExploreProbWeightless = 0.0
humanSLProfile = rank_5k
humanSLRootExploreProbWeightful = 0.0
humanSLRootExploreProbWeightless = 0.0
ignorePreRootHistory = false
logDir = analysis_logs
logSearchInfo = true
logToStderr = true
maxVisits = 1
nnCacheSizePowerOfTwo = 17
nnMaxBatchSize = 8
nnMutexPoolSizePowerOfTwo = 14
nnRandomize = false
numAnalysisThreads = 1
numSearchThreads = 4
reportAnalysisWinratesAs = BLACK
rootNumSymmetriesToSample = 1
rules = japanese
subtreeValueBiasFactor = 0.0
useLcbForSelection = false
useNoisePruning = false
useUncertainty = false

2025-06-07 00:38:50+0900: Analysis Engine starting...
2025-06-07 00:38:50+0900: KataGo v1.15.3
2025-06-07 00:38:50+0900: nnRandSeed0 = 9576539838985010614
2025-06-07 00:38:50+0900: After dedups: nnModelFile0 = ../../models/kata1-b28c512nbt-s8476434688-d4668249792.bin useFP16 auto useNHWC auto
2025-06-07 00:38:50+0900: Initializing neural net buffer to be size 19 * 19 allowing smaller boards
2025-06-07 00:38:53+0900: Cuda backend thread 0: Found GPU NVIDIA RTX A5000 memory 25425608704 compute capability major 8 minor 6
2025-06-07 00:38:53+0900: Cuda backend thread 0: Model version 15 useFP16 = true useNHWC = true
2025-06-07 00:38:53+0900: Cuda backend thread 0: Model name: kata1-b28c512nbt-s8476434688-d4668249792
2025-06-07 00:38:54+0900: nnRandSeed0 = 1974635270704458479
2025-06-07 00:38:54+0900: After dedups: nnModelFile0 = ../../models/b18c384nbt-humanv0.bin.gz useFP16 auto useNHWC auto
2025-06-07 00:38:54+0900: Initializing neural net buffer to be size 19 * 19 allowing smaller boards
2025-06-07 00:38:56+0900: Cuda backend thread 0: Found GPU NVIDIA RTX A5000 memory 25425608704 compute capability major 8 minor 6
2025-06-07 00:38:56+0900: Cuda backend thread 0: Model version 15 useFP16 = true useNHWC = true
2025-06-07 00:38:56+0900: Cuda backend thread 0: Model name: b18c384nbt-humanv0
2025-06-07 00:38:56+0900: --------------
2025-06-07 00:38:56+0900: WARNING: Config had unused keys! You may have a typo, an option you specified is being unused from human5k_pure.cfg
2025-06-07 00:38:56+0900: WARNING: Unused key 'analysisIgnorePreRootHistory' in human5k_pure.cfg
2025-06-07 00:38:56+0900: WARNING: Unused key 'rules' in human5k_pure.cfg
2025-06-07 00:38:56+0900: --------------
2025-06-07 00:38:56+0900: Loaded config human5k_pure.cfg
2025-06-07 00:38:56+0900: Loaded model ../../models/kata1-b28c512nbt-s8476434688-d4668249792.bin
2025-06-07 00:38:56+0900: Analyzing up to 1 positions at a time in parallel
2025-06-07 00:38:56+0900: Started, ready to begin handling requests
2025-06-07 00:38:56+0900: MoveNum: 5 HASH: 690F4DD45E9EB4F1F75A1CC2BD680CEA
   A B C D E F G H J K L M N O P Q R S T
19 . . . . . . . . . . . . . . . . . . .
18 . . . . . . . . . . . . . . . . . . .
17 . . . O2. . . . . . . . . . . . . . .
16 . . . . . . . . . . . . . . . O . . .
15 . . . . . . . . . . . . . . . . . . .
14 . . . . . . . . . . . . . . . . . . .
13 . . . . . . . . . . . . . . . . . . .
12 . . . . . . . . . . . . . . . . . . .
11 . . . . . . . . . . . . . . . . . . .
10 . . . . . . . . . . . . . . . . . . .
 9 . . . . . . . . . . . . . . . . . . .
 8 . . . . . . . . . . . . . . . . . . .
 7 . . . . . . . . . . . . . . . . . . .
 6 . . . . . . . . . . . . . . . . . . .
 5 . . . . . . . . . . . . . . . . . . .
 4 . . . X . . . . . . . . . . . . X1. .
 3 . . . . . . . . . . X3. . . . . . . .
 2 . . . . . . . . . . . . . . . . . . .
 1 . . . . . . . . . . . . . . . . . . .

koSIMPLEscoreTERRITORYtaxSEKIsui0komi6.5
Root visits: 53
New playouts: 53
NN rows: 53
NN batches: 27
NN avg batch size: 1.96296
PV: C6 C15 C3 D3 C4
Tree:
: T  -7.33c W  -7.13c S  -0.20c ( -0.4 L  -0.4) N      53  --  C6 C15 C3 D3 C4
---White(v)---
C6  : T  -8.30c W  -8.10c S  -0.20c ( -0.4 L  -0.4) LCB    3.01c P  9.18% WF   8.0 PSV      24 N       8  --  C6 C15 C3 D3 C4
C14 : T  -7.39c W  -7.19c S  -0.20c ( -0.4 L  -0.3) LCB    3.96c P 14.52% WF   8.0 PSV      13 N       8  --  C14 R17 Q17 R16 R14 S14
D14 : T  -8.74c W  -8.46c S  -0.28c ( -0.5 L  -0.4) LCB    0.10c P 10.63% WF   9.0 PSV       5 N       9  --  D14 R17 Q17 R16 R14 S14
P4  : T  -6.37c W  -6.24c S  -0.13c ( -0.4 L  -0.3) LCB    3.53c P 18.70% WF   9.0 PSV       4 N       9  --  P4 R6 Q5 R5 Q3 R3
D15 : T  -6.33c W  -6.16c S  -0.17c ( -0.4 L  -0.3) LCB    0.12c P 25.48% WF  11.0 PSV       1 N      11  --  D15 R14 O17 C6
C3  : T  -6.00c W  -5.90c S  -0.10c ( -0.3 L  -0.4) LCB   67.85c P  3.86% WF   3.0 PSV       1 N       3  --  C3 D3 C4
Q4  : T  -8.18c W  -7.86c S  -0.31c ( -0.5 L  -0.5) LCB   34.96c P  5.65% WF   4.0 PSV       0 N       4  --  Q4 Q3 R5 Q5

2025-06-07 00:38:56+0900: ../../models/kata1-b28c512nbt-s8476434688-d4668249792.bin
2025-06-07 00:38:56+0900: NN rows: 53
2025-06-07 00:38:56+0900: NN batches: 27
2025-06-07 00:38:56+0900: NN avg batch size: 1.96296
2025-06-07 00:38:56+0900: ../../models/b18c384nbt-humanv0.bin.gz
2025-06-07 00:38:56+0900: NN rows: 4
2025-06-07 00:38:56+0900: NN batches: 2
2025-06-07 00:38:56+0900: NN avg batch size: 2
2025-06-07 00:38:56+0900: GPU -1 finishing, processed 53 rows 27 batches
2025-06-07 00:38:56+0900: GPU -1 finishing, processed 4 rows 2 batches
2025-06-07 00:38:56+0900: All cleaned up, quitting
