2025-06-07 00:39:13+0900: Running with following config:
analysisIgnorePreRootHistory = false
chosenMovePrune = 0
chosenMoveSubtract = 0
chosenMoveTemperature = 1.0
chosenMoveTemperatureEarly = 1.0
chosenMoveTemperatureOnlyBelowProb = 0.0
humanSLChosenMoveIgnorePass = true
humanSLChosenMovePiklLambda = 100000000
humanSLChosenMoveProp = 1.0
humanSLOppExploreProbWeightful = 0.0
humanSLOppExploreProbWeightless = 0.0
humanSLPlaExploreProbWeightful = 0.0
humanSLPlaExploreProbWeightless = 0.0
humanSLProfile = rank_5k
humanSLRootExploreProbWeightful = 0.0
humanSLRootExploreProbWeightless = 0.0
ignorePreRootHistory = false
logDir = analysis_logs
logSearchInfo = true
logToStderr = true
maxVisits = 1
nnCacheSizePowerOfTwo = 17
nnMaxBatchSize = 8
nnMutexPoolSizePowerOfTwo = 14
nnRandomize = false
numAnalysisThreads = 1
numSearchThreads = 4
reportAnalysisWinratesAs = BLACK
rootNumSymmetriesToSample = 1
rules = japanese
subtreeValueBiasFactor = 0.0
useLcbForSelection = false
useNoisePruning = false
useUncertainty = false

2025-06-07 00:39:13+0900: Analysis Engine starting...
2025-06-07 00:39:13+0900: KataGo v1.15.3
2025-06-07 00:39:13+0900: nnRandSeed0 = 7606910400717011759
2025-06-07 00:39:13+0900: After dedups: nnModelFile0 = ../../models/kata1-b28c512nbt-s8476434688-d4668249792.bin useFP16 auto useNHWC auto
2025-06-07 00:39:13+0900: Initializing neural net buffer to be size 19 * 19 allowing smaller boards
2025-06-07 00:39:15+0900: Cuda backend thread 0: Found GPU NVIDIA RTX A5000 memory 25425608704 compute capability major 8 minor 6
2025-06-07 00:39:15+0900: Cuda backend thread 0: Model version 15 useFP16 = true useNHWC = true
2025-06-07 00:39:15+0900: Cuda backend thread 0: Model name: kata1-b28c512nbt-s8476434688-d4668249792
2025-06-07 00:39:17+0900: nnRandSeed0 = 16539942851381252609
2025-06-07 00:39:17+0900: After dedups: nnModelFile0 = ../../models/b18c384nbt-humanv0.bin.gz useFP16 auto useNHWC auto
2025-06-07 00:39:17+0900: Initializing neural net buffer to be size 19 * 19 allowing smaller boards
2025-06-07 00:39:18+0900: Cuda backend thread 0: Found GPU NVIDIA RTX A5000 memory 25425608704 compute capability major 8 minor 6
2025-06-07 00:39:18+0900: Cuda backend thread 0: Model version 15 useFP16 = true useNHWC = true
2025-06-07 00:39:18+0900: Cuda backend thread 0: Model name: b18c384nbt-humanv0
2025-06-07 00:39:18+0900: --------------
2025-06-07 00:39:18+0900: WARNING: Config had unused keys! You may have a typo, an option you specified is being unused from human5k_pure.cfg
2025-06-07 00:39:18+0900: WARNING: Unused key 'analysisIgnorePreRootHistory' in human5k_pure.cfg
2025-06-07 00:39:18+0900: WARNING: Unused key 'rules' in human5k_pure.cfg
2025-06-07 00:39:18+0900: --------------
2025-06-07 00:39:18+0900: Loaded config human5k_pure.cfg
2025-06-07 00:39:18+0900: Loaded model ../../models/kata1-b28c512nbt-s8476434688-d4668249792.bin
2025-06-07 00:39:18+0900: Analyzing up to 1 positions at a time in parallel
2025-06-07 00:39:18+0900: Started, ready to begin handling requests
2025-06-07 00:39:19+0900: MoveNum: 9 HASH: 78F482381F21B6BAB07CB71336B85115
   A B C D E F G H J K L M N O P Q R S T
19 . . . . . . . . . . . . . . . . . . .
18 . . . . . . . . . . . . . . . . . . .
17 . . . O . . . . . . . . . . . . . . .
16 . . . . . . . . . . . . . . . O . . .
15 . . O . . . . . . . . . . . . . . . .
14 . . . . . . . . . . . . . . . . . . .
13 . . . . . . . . . . . . . . . . . . .
12 . . . . . . . . . . . . . . . . . . .
11 . . . . . . . . . . . . . . . . . . .
10 . . . . . . . . . . . . . . . . . . .
 9 . . . . . . . . . . . . . . . . . . .
 8 . . . . . . . . . . . . . . . . . . .
 7 . . . . . . . . . . . . . . . . . . .
 6 . . . . . . . . . . . . . . . . . . .
 5 . . . . . . . . . . . . . . . . . . .
 4 . . . X . . . . . . . . . . X1. X . .
 3 . . . . . O2. X3. . X . . . . . . . .
 2 . . . . . . . . . . . . . . . . . . .
 1 . . . . . . . . . . . . . . . . . . .

koSIMPLEscoreTERRITORYtaxSEKIsui0komi6.5
Root visits: 53
New playouts: 53
NN rows: 53
NN batches: 27
NN avg batch size: 1.96296
PV: F5
Tree:
: T  -8.34c W  -8.62c S   0.29c ( -0.6 L  -0.4) N      53  --  F5
---White(v)---
C3  : T -10.41c W -10.59c S   0.19c ( -0.7 L  -0.5) LCB   -5.23c P 26.48% WF  14.1 PSV      32 N      14  --  C3 D3 C4 D5 D2 E2 C2 F2
C6  : T  -4.53c W  -5.02c S   0.49c ( -0.4 L  -0.3) LCB    6.37c P 12.36% WF  10.8 PSV       8 N      11  --  C6 D6 D7 E6 C3 C5 C7 B4
D6  : T  -9.27c W  -9.47c S   0.20c ( -0.7 L  -0.5) LCB   -4.15c P 19.01% WF  13.1 PSV       1 N      13  --  D6 E6 E7 F6 C3 D3 C4 D5
L4  : T  -7.77c W  -8.14c S   0.37c ( -0.5 L  -0.3) LCB   -2.51c P 36.81% WF  14.0 PSV       0 N      14  --  L4 R17 K3 M3 Q17 R16

2025-06-07 00:39:19+0900: ../../models/kata1-b28c512nbt-s8476434688-d4668249792.bin
2025-06-07 00:39:19+0900: NN rows: 53
2025-06-07 00:39:19+0900: NN batches: 27
2025-06-07 00:39:19+0900: NN avg batch size: 1.96296
2025-06-07 00:39:19+0900: ../../models/b18c384nbt-humanv0.bin.gz
2025-06-07 00:39:19+0900: NN rows: 4
2025-06-07 00:39:19+0900: NN batches: 2
2025-06-07 00:39:19+0900: NN avg batch size: 2
2025-06-07 00:39:19+0900: GPU -1 finishing, processed 53 rows 27 batches
2025-06-07 00:39:19+0900: GPU -1 finishing, processed 4 rows 2 batches
2025-06-07 00:39:19+0900: All cleaned up, quitting
