2025-06-06 20:38:26+0900: Running with following config:
analysisIgnorePreRootHistory = false
chosenMovePrune = 0
chosenMoveSubtract = 0
chosenMoveTemperature = 1.0
chosenMoveTemperatureEarly = 1.0
chosenMoveTemperatureOnlyBelowProb = 0.0
humanSLChosenMoveIgnorePass = true
humanSLChosenMovePiklLambda = 100000000
humanSLChosenMoveProp = 1.0
humanSLOppExploreProbWeightful = 0.0
humanSLOppExploreProbWeightless = 0.0
humanSLPlaExploreProbWeightful = 0.0
humanSLPlaExploreProbWeightless = 0.0
humanSLProfile = rank_5k
humanSLRootExploreProbWeightful = 0.0
humanSLRootExploreProbWeightless = 0.0
ignorePreRootHistory = false
logDir = analysis_logs
logSearchInfo = true
logToStderr = true
maxVisits = 1
nnCacheSizePowerOfTwo = 17
nnMaxBatchSize = 8
nnMutexPoolSizePowerOfTwo = 14
nnRandomize = false
numAnalysisThreads = 1
numSearchThreads = 4
reportAnalysisWinratesAs = BLACK
rootNumSymmetriesToSample = 1
rules = japanese
subtreeValueBiasFactor = 0.0
useLcbForSelection = false
useNoisePruning = false
useUncertainty = false

2025-06-06 20:38:26+0900: Analysis Engine starting...
2025-06-06 20:38:26+0900: KataGo v1.15.3
2025-06-06 20:38:26+0900: nnRandSeed0 = 9681727832086160467
2025-06-06 20:38:26+0900: After dedups: nnModelFile0 = ../../models/kata1-b28c512nbt-s8476434688-d4668249792.bin useFP16 auto useNHWC auto
2025-06-06 20:38:26+0900: Initializing neural net buffer to be size 19 * 19 allowing smaller boards
2025-06-06 20:38:29+0900: Cuda backend thread 0: Found GPU NVIDIA RTX A5000 memory 25425608704 compute capability major 8 minor 6
2025-06-06 20:38:29+0900: Cuda backend thread 0: Model version 15 useFP16 = true useNHWC = true
2025-06-06 20:38:29+0900: Cuda backend thread 0: Model name: kata1-b28c512nbt-s8476434688-d4668249792
2025-06-06 20:38:31+0900: nnRandSeed0 = 12700550977603014852
2025-06-06 20:38:31+0900: After dedups: nnModelFile0 = ../../models/b18c384nbt-humanv0.bin.gz useFP16 auto useNHWC auto
2025-06-06 20:38:31+0900: Initializing neural net buffer to be size 19 * 19 allowing smaller boards
2025-06-06 20:38:33+0900: Cuda backend thread 0: Found GPU NVIDIA RTX A5000 memory 25425608704 compute capability major 8 minor 6
2025-06-06 20:38:33+0900: Cuda backend thread 0: Model version 15 useFP16 = true useNHWC = true
2025-06-06 20:38:33+0900: Cuda backend thread 0: Model name: b18c384nbt-humanv0
2025-06-06 20:38:33+0900: --------------
2025-06-06 20:38:33+0900: WARNING: Config had unused keys! You may have a typo, an option you specified is being unused from human5k_pure.cfg
2025-06-06 20:38:33+0900: WARNING: Unused key 'analysisIgnorePreRootHistory' in human5k_pure.cfg
2025-06-06 20:38:33+0900: WARNING: Unused key 'rules' in human5k_pure.cfg
2025-06-06 20:38:33+0900: --------------
2025-06-06 20:38:33+0900: Loaded config human5k_pure.cfg
2025-06-06 20:38:33+0900: Loaded model ../../models/kata1-b28c512nbt-s8476434688-d4668249792.bin
2025-06-06 20:38:33+0900: Analyzing up to 1 positions at a time in parallel
2025-06-06 20:38:33+0900: Started, ready to begin handling requests
2025-06-06 20:38:33+0900: MoveNum: 6 HASH: 96743F3B2AFA26BF7CA3C25E5D0F7D1A
   A B C D E F G H J K L M N O P Q R S T
19 . . . . . . . . . . . . . . . . . . .
18 . . . . . . . . . . . . . . . . . . .
17 . . . X . . . . . . . . . . . . X2. .
16 . . . . . . . . . . . . . . . O O3. .
15 . . . . . . . . . . . . . . . . . . .
14 . . . . . . . . . . . . . . . . . . .
13 . . . . . . . . . . . . . . . . . . .
12 . . . . . . . . . . . . . . . . . . .
11 . . . . . . . . . . . . . . . . . . .
10 . . . . . . . . . . . . . . . . . . .
 9 . . . . . . . . . . . . . . . . . . .
 8 . . . . . . . . . . . . . . . . . . .
 7 . . . . . . . . . . . . . . . . . . .
 6 . . . . . . . . . . . . . . . . . . .
 5 . . . . . . . . . . . . . . . . . . .
 4 . . . X . . . . . . . . . . . . . . .
 3 . . . . . . . . . . . . . . . O1. . .
 2 . . . . . . . . . . . . . . . . . . .
 1 . . . . . . . . . . . . . . . . . . .

koSIMPLEscoreTERRITORYtaxSEKIsui0komi6.5
Root visits: 53
New playouts: 53
NN rows: 53
NN batches: 28
NN avg batch size: 1.89286
PV: Q17 P16 O17 C3 C4 D3 E4 F3 N18 G2
Tree:
: T  -6.39c W  -6.20c S  -0.18c ( -0.4 L  -0.3) N      53  --  Q17 P16 O17 C3 C4 D3 E4
---Black(^)---
Q17 : T  -2.80c W  -2.87c S   0.08c ( -0.1 L  -0.2) LCB   -4.63c P 98.79% WF  44.6 PSV      44 N      44  --  Q17 P16 O17 C3 C4 D3 E4 F3
R5  : T -50.52c W -46.82c S  -3.70c ( -3.8 L  -2.6) LCB -400.52c P  0.02% WF   0.9 PSV       0 N       1  --  R5
Q4  : T -20.83c W -19.64c S  -1.19c ( -1.3 L  -0.9) LCB  -63.90c P  0.32% WF   3.8 PSV       0 N       4  --  Q4 Q17 R3 P3
R4  : T -26.95c W -25.31c S  -1.63c ( -1.8 L  -1.2) LCB -176.23c P  0.25% WF   1.9 PSV       0 N       2  --  R4 Q17
P4  : T -36.20c W -33.77c S  -2.43c ( -2.5 L  -1.6) LCB -386.20c P  0.03% WF   0.9 PSV       0 N       1  --  P4

2025-06-06 20:38:33+0900: ../../models/kata1-b28c512nbt-s8476434688-d4668249792.bin
2025-06-06 20:38:33+0900: NN rows: 53
2025-06-06 20:38:33+0900: NN batches: 28
2025-06-06 20:38:33+0900: NN avg batch size: 1.89286
2025-06-06 20:38:33+0900: ../../models/b18c384nbt-humanv0.bin.gz
2025-06-06 20:38:33+0900: NN rows: 4
2025-06-06 20:38:33+0900: NN batches: 2
2025-06-06 20:38:33+0900: NN avg batch size: 2
2025-06-06 20:38:34+0900: GPU -1 finishing, processed 53 rows 28 batches
2025-06-06 20:38:34+0900: GPU -1 finishing, processed 4 rows 2 batches
2025-06-06 20:38:34+0900: All cleaned up, quitting
