2025-06-06 21:42:33+0900: Running with following config:
analysisIgnorePreRootHistory = false
chosenMovePrune = 0
chosenMoveSubtract = 0
chosenMoveTemperature = 1.0
chosenMoveTemperatureEarly = 1.0
chosenMoveTemperatureOnlyBelowProb = 0.0
ignorePreRootHistory = false
logDir = analysis_logs
logSearchInfo = true
logToStderr = true
maxVisits = 500
nnCacheSizePowerOfTwo = 17
nnMaxBatchSize = 8
nnMutexPoolSizePowerOfTwo = 14
nnRandomize = false
numAnalysisThreads = 1
numSearchThreads = 4
reportAnalysisWinratesAs = BLACK
rootNumSymmetriesToSample = 1
rules = japanese
subtreeValueBiasFactor = 0.0
useLcbForSelection = false
useNoisePruning = false
useUncertainty = false

2025-06-06 21:42:33+0900: Analysis Engine starting...
2025-06-06 21:42:33+0900: KataGo v1.15.3
2025-06-06 21:42:33+0900: nnRandSeed0 = 18253619530637902415
2025-06-06 21:42:33+0900: After dedups: nnModelFile0 = ../../models/kata1-b28c512nbt-s8476434688-d4668249792.bin useFP16 auto useNHWC auto
2025-06-06 21:42:33+0900: Initializing neural net buffer to be size 19 * 19 allowing smaller boards
2025-06-06 21:42:35+0900: Cuda backend thread 0: Found GPU NVIDIA RTX A5000 memory 25425608704 compute capability major 8 minor 6
2025-06-06 21:42:35+0900: Cuda backend thread 0: Model version 15 useFP16 = true useNHWC = true
2025-06-06 21:42:35+0900: Cuda backend thread 0: Model name: kata1-b28c512nbt-s8476434688-d4668249792
2025-06-06 21:42:36+0900: --------------
2025-06-06 21:42:36+0900: WARNING: Config had unused keys! You may have a typo, an option you specified is being unused from analysis.cfg
2025-06-06 21:42:36+0900: WARNING: Unused key 'analysisIgnorePreRootHistory' in analysis.cfg
2025-06-06 21:42:36+0900: WARNING: Unused key 'rules' in analysis.cfg
2025-06-06 21:42:36+0900: --------------
2025-06-06 21:42:36+0900: Loaded config analysis.cfg
2025-06-06 21:42:36+0900: Loaded model ../../models/kata1-b28c512nbt-s8476434688-d4668249792.bin
2025-06-06 21:42:36+0900: Analyzing up to 1 positions at a time in parallel
2025-06-06 21:42:36+0900: Started, ready to begin handling requests
2025-06-06 21:42:40+0900: MoveNum: 0 HASH: CDCBC1F514D7E680FACD226074256633
   A B C D E F G H J K L M N O P Q R S T
19 . . . . . . . . . . . . . . . . . . .
18 . . . . . . . . . . . . . . . . . . .
17 . . . . . . . . . . . . . . . . . . .
16 . . . . . . . . . . . . . . . . . . .
15 . . . . . . . . . . . . . . . . . . .
14 . . . . . . . . . . . . . . . . . . .
13 . . . . . . . . . . . . . . . . . . .
12 . . . . . . . . . . . . . . . . . . .
11 . . . . . . . . . . . . . . . . . . .
10 . . . . . . . . . . . . . . . . . . .
 9 . . . . . . . . . . . . . . . . . . .
 8 . . . . . . . . . . . . . . . . . . .
 7 . . . . . . . . . . . . . . . . . . .
 6 . . . . . . . . . . . . . . . . . . .
 5 . . . . . . . . . . . . . . . . . . .
 4 . . . . . . . . . . . . . . . . . . .
 3 . . . . . . . . . . . . . . . . . . .
 2 . . . . . . . . . . . . . . . . . . .
 1 . . . . . . . . . . . . . . . . . . .

koSIMPLEscoreTERRITORYtaxSEKIsui0komi7.5
Root visits: 1003
New playouts: 1003
NN rows: 863
NN batches: 433
NN avg batch size: 1.99307
PV: R16 D16 D3 Q4 O17 C5 E4 C8 F17 D14 E15 E17
Tree:
: T -27.52c W -26.88c S  -0.64c ( -1.9 L  -1.3) N    1003  --  R16 D16 D3 Q4 O17 C5 E4
---Black(^)---
R16 : T -26.07c W -25.53c S  -0.55c ( -1.8 L  -1.3) LCB  -26.57c P  7.79% WF 420.2 PSV     416 N     416  --  R16 D16 D3 Q4 O17 C5 E4 C8
Q16 : T -26.82c W -26.27c S  -0.54c ( -1.8 L  -1.3) LCB  -27.51c P  3.32% WF 279.6 PSV      39 N     279  --  Q16 D16 Q4 D4 F17 R3 Q3 R4
Q15 : T -27.90c W -27.24c S  -0.66c ( -1.9 L  -1.4) LCB  -28.63c P  2.10% WF 190.6 PSV      11 N     192  --  Q15 D16 Q17 Q4 C4 E3 D5 H3
R15 : T -31.49c W -30.58c S  -0.91c ( -2.2 L  -1.5) LCB  -33.42c P  0.61% WF  40.8 PSV       1 N      42  --  R15 D16 Q17 R4 D4 C3
R17 : T -30.29c W -29.42c S  -0.87c ( -2.1 L  -1.5) LCB  -32.60c P  0.44% WF  41.1 PSV       1 N      42  --  R17 D16 D3 Q3 R5 C5
R14 : T -40.55c W -38.69c S  -1.86c ( -3.1 L  -2.1) LCB -189.53c P  0.03% WF   1.9 PSV       0 N       2  --  R14 R16
Q10 : T -41.88c W -39.82c S  -2.05c ( -3.3 L  -2.1) LCB -391.88c P  0.02% WF   1.0 PSV       0 N       1  --  Q10
Q11 : T -41.82c W -39.77c S  -2.05c ( -3.3 L  -2.1) LCB -391.82c P  0.02% WF   1.0 PSV       0 N       1  --  Q11
Q14 : T -38.77c W -36.83c S  -1.94c ( -3.2 L  -2.1) LCB -388.77c P  0.02% WF   1.0 PSV       0 N       1  --  Q14
R12 : T -42.21c W -40.04c S  -2.17c ( -3.4 L  -2.1) LCB -392.21c P  0.02% WF   1.0 PSV       0 N       1  --  R12

2025-06-06 21:42:40+0900: ../../models/kata1-b28c512nbt-s8476434688-d4668249792.bin
2025-06-06 21:42:40+0900: NN rows: 863
2025-06-06 21:42:40+0900: NN batches: 433
2025-06-06 21:42:40+0900: NN avg batch size: 1.99307
2025-06-06 21:42:40+0900: GPU -1 finishing, processed 863 rows 433 batches
2025-06-06 21:42:40+0900: All cleaned up, quitting
