2025-06-07 00:40:59+0900: Running with following config:
analysisIgnorePreRootHistory = false
chosenMovePrune = 0
chosenMoveSubtract = 0
chosenMoveTemperature = 1.0
chosenMoveTemperatureEarly = 1.0
chosenMoveTemperatureOnlyBelowProb = 0.0
humanSLChosenMoveIgnorePass = true
humanSLChosenMovePiklLambda = 100000000
humanSLChosenMoveProp = 1.0
humanSLOppExploreProbWeightful = 0.0
humanSLOppExploreProbWeightless = 0.0
humanSLPlaExploreProbWeightful = 0.0
humanSLPlaExploreProbWeightless = 0.0
humanSLProfile = rank_5k
humanSLRootExploreProbWeightful = 0.0
humanSLRootExploreProbWeightless = 0.0
ignorePreRootHistory = false
logDir = analysis_logs
logSearchInfo = true
logToStderr = true
maxVisits = 1
nnCacheSizePowerOfTwo = 17
nnMaxBatchSize = 8
nnMutexPoolSizePowerOfTwo = 14
nnRandomize = false
numAnalysisThreads = 1
numSearchThreads = 4
reportAnalysisWinratesAs = BLACK
rootNumSymmetriesToSample = 1
rules = japanese
subtreeValueBiasFactor = 0.0
useLcbForSelection = false
useNoisePruning = false
useUncertainty = false

2025-06-07 00:40:59+0900: Analysis Engine starting...
2025-06-07 00:40:59+0900: KataGo v1.15.3
2025-06-07 00:40:59+0900: nnRandSeed0 = 7152083940716885163
2025-06-07 00:40:59+0900: After dedups: nnModelFile0 = ../../models/kata1-b28c512nbt-s8476434688-d4668249792.bin useFP16 auto useNHWC auto
2025-06-07 00:40:59+0900: Initializing neural net buffer to be size 19 * 19 allowing smaller boards
2025-06-07 00:41:01+0900: Cuda backend thread 0: Found GPU NVIDIA RTX A5000 memory 25425608704 compute capability major 8 minor 6
2025-06-07 00:41:01+0900: Cuda backend thread 0: Model version 15 useFP16 = true useNHWC = true
2025-06-07 00:41:01+0900: Cuda backend thread 0: Model name: kata1-b28c512nbt-s8476434688-d4668249792
2025-06-07 00:41:02+0900: nnRandSeed0 = 13629699503410202859
2025-06-07 00:41:02+0900: After dedups: nnModelFile0 = ../../models/b18c384nbt-humanv0.bin.gz useFP16 auto useNHWC auto
2025-06-07 00:41:02+0900: Initializing neural net buffer to be size 19 * 19 allowing smaller boards
2025-06-07 00:41:04+0900: Cuda backend thread 0: Found GPU NVIDIA RTX A5000 memory 25425608704 compute capability major 8 minor 6
2025-06-07 00:41:04+0900: Cuda backend thread 0: Model version 15 useFP16 = true useNHWC = true
2025-06-07 00:41:04+0900: Cuda backend thread 0: Model name: b18c384nbt-humanv0
2025-06-07 00:41:04+0900: --------------
2025-06-07 00:41:04+0900: WARNING: Config had unused keys! You may have a typo, an option you specified is being unused from human5k_pure.cfg
2025-06-07 00:41:04+0900: WARNING: Unused key 'analysisIgnorePreRootHistory' in human5k_pure.cfg
2025-06-07 00:41:04+0900: WARNING: Unused key 'rules' in human5k_pure.cfg
2025-06-07 00:41:04+0900: --------------
2025-06-07 00:41:04+0900: Loaded config human5k_pure.cfg
2025-06-07 00:41:04+0900: Loaded model ../../models/kata1-b28c512nbt-s8476434688-d4668249792.bin
2025-06-07 00:41:04+0900: Analyzing up to 1 positions at a time in parallel
2025-06-07 00:41:04+0900: Started, ready to begin handling requests
2025-06-07 00:41:04+0900: MoveNum: 7 HASH: 14EEF7F4EC6CDD3FA5763394A8DBD575
   A B C D E F G H J K L M N O P Q R S T
19 . . . . . . . . . . . . . . . . . . .
18 . . . . . . . . . . . . . . . . . . .
17 . . X3. . . . . . . . . . . . . . . .
16 . . O . X1. . . . . . . . . . O . . .
15 . . . . . . . . . . . . . . . . . . .
14 . . . . . . . . . . . . . . . . . . .
13 . . . O2. . . . . . . . . . . . . . .
12 . . . . . . . . . . . . . . . . . . .
11 . . . . . . . . . . . . . . . . . . .
10 . . . . . . . . . . . . . . . . . . .
 9 . . . . . . . . . . . . . . . . . . .
 8 . . . . . . . . . . . . . . . . . . .
 7 . . . . . . . . . . . . . . . . . . .
 6 . . . . . . . . . . . . . . . . . . .
 5 . . . . . . . . . . . . . . . . . . .
 4 . . . X . . . . . . . . . . . . X . .
 3 . . . . . . . . . . . . . . . . . . .
 2 . . . . . . . . . . . . . . . . . . .
 1 . . . . . . . . . . . . . . . . . . .

koSIMPLEscoreTERRITORYtaxSEKIsui0komi6.5
Root visits: 52
New playouts: 52
NN rows: 53
NN batches: 27
NN avg batch size: 1.96296
PV: B17 D17 B15 H17 C3 D3 C4 D5
Tree:
: T   5.80c W   5.67c S   0.13c ( +0.5 L  +0.2) N      52  --  B17 D17 B15 H17 C3 D3 C4
---White(v)---
B17 : T   3.00c W   3.09c S  -0.10c ( +0.3 L  +0.0) LCB    6.75c P 45.19% WF  15.2 PSV      25 N      15  --  B17 D17 B15 H17 C3 D3 C4 D5
C6  : T   7.57c W   7.28c S   0.29c ( +0.7 L  +0.3) LCB   27.11c P  5.06% WF   6.0 PSV       0 N       6  --  C6 B16 D17 D16
P3  : T   5.00c W   4.92c S   0.08c ( +0.5 L  +0.2) LCB   10.55c P 17.13% WF  12.0 PSV       0 N      12  --  P3 Q5 B17 D17 B15 H16
F3  : T   9.63c W   9.28c S   0.35c ( +0.7 L  +0.4) LCB   52.79c P  1.59% WF   3.9 PSV       0 N       4  --  F3 E3 F4 D6
C3  : T   7.57c W   7.30c S   0.27c ( +0.6 L  +0.3) LCB   12.63c P 24.70% WF  13.9 PSV       0 N      14  --  C3 D3 C4 D5 C6 R17 Q17 R16

2025-06-07 00:41:04+0900: ../../models/kata1-b28c512nbt-s8476434688-d4668249792.bin
2025-06-07 00:41:04+0900: NN rows: 53
2025-06-07 00:41:04+0900: NN batches: 27
2025-06-07 00:41:04+0900: NN avg batch size: 1.96296
2025-06-07 00:41:04+0900: ../../models/b18c384nbt-humanv0.bin.gz
2025-06-07 00:41:04+0900: NN rows: 4
2025-06-07 00:41:04+0900: NN batches: 2
2025-06-07 00:41:04+0900: NN avg batch size: 2
2025-06-07 00:41:04+0900: GPU -1 finishing, processed 53 rows 27 batches
2025-06-07 00:41:05+0900: GPU -1 finishing, processed 4 rows 2 batches
2025-06-07 00:41:05+0900: All cleaned up, quitting
