2025-06-07 02:20:55+0900: Running with following config:
analysisIgnorePreRootHistory = false
chosenMovePrune = 0
chosenMoveSubtract = 0
chosenMoveTemperature = 1.0
chosenMoveTemperatureEarly = 1.0
chosenMoveTemperatureOnlyBelowProb = 0.0
ignorePreRootHistory = false
logDir = analysis_logs
logSearchInfo = true
logToStderr = true
maxVisits = 500
nnCacheSizePowerOfTwo = 17
nnMaxBatchSize = 8
nnMutexPoolSizePowerOfTwo = 14
nnRandomize = false
numAnalysisThreads = 1
numSearchThreads = 4
reportAnalysisWinratesAs = BLACK
rootNumSymmetriesToSample = 1
rules = japanese
subtreeValueBiasFactor = 0.0
useLcbForSelection = false
useNoisePruning = false
useUncertainty = false

2025-06-07 02:20:55+0900: Analysis Engine starting...
2025-06-07 02:20:55+0900: KataGo v1.15.3
2025-06-07 02:20:55+0900: nnRandSeed0 = 7060039832916504651
2025-06-07 02:20:55+0900: After dedups: nnModelFile0 = ../../models/kata1-b28c512nbt-s8476434688-d4668249792.bin useFP16 auto useNHWC auto
2025-06-07 02:20:55+0900: Initializing neural net buffer to be size 19 * 19 allowing smaller boards
2025-06-07 02:20:58+0900: Cuda backend thread 0: Found GPU NVIDIA RTX A5000 memory 25425608704 compute capability major 8 minor 6
2025-06-07 02:20:58+0900: Cuda backend thread 0: Model version 15 useFP16 = true useNHWC = true
2025-06-07 02:20:58+0900: Cuda backend thread 0: Model name: kata1-b28c512nbt-s8476434688-d4668249792
2025-06-07 02:20:59+0900: --------------
2025-06-07 02:20:59+0900: WARNING: Config had unused keys! You may have a typo, an option you specified is being unused from analysis.cfg
2025-06-07 02:20:59+0900: WARNING: Unused key 'analysisIgnorePreRootHistory' in analysis.cfg
2025-06-07 02:20:59+0900: WARNING: Unused key 'rules' in analysis.cfg
2025-06-07 02:20:59+0900: --------------
2025-06-07 02:20:59+0900: Loaded config analysis.cfg
2025-06-07 02:20:59+0900: Loaded model ../../models/kata1-b28c512nbt-s8476434688-d4668249792.bin
2025-06-07 02:20:59+0900: Analyzing up to 1 positions at a time in parallel
2025-06-07 02:20:59+0900: Started, ready to begin handling requests
2025-06-07 02:21:03+0900: MoveNum: 11 HASH: 268D53E519560933C7E58588673C0D07
   A B C D E F G H J K L M N O P Q R S T
19 . . . . . . . . . . . . . . . . . . .
18 . . . . . . . . . . . . . . . . . . .
17 . . . . . . . . . . . . . . . . . . .
16 . . . O . . . . . . . . . . . . X . .
15 . . . . . . . . . . . . . . . . . . .
14 . . . . . . . . . . . . . . . . . . .
13 . . . . . . . . . . . . . . . . . . .
12 . . . . . . . . . . . . . . . . . . .
11 . . . . . . . . . . . . . . . . . . .
10 . . . . . . . . . . . . . . . . . . .
 9 . . . . . . . . . . . . . . . . . . .
 8 . . . . . . . . . . . . . . . . . . .
 7 . . . . . . . . . . . . . . . . . . .
 6 . . . . . . . . . . . . . . . . . . .
 5 . . . . . O . . . . . . . . . . . . .
 4 . . . O . O X . . . . . . . . . X . .
 3 . . . O2X1X . . X3. . . . . . . . . .
 2 . . . . . . . . . . . . . . . . . . .
 1 . . . . . . . . . . . . . . . . . . .

koSIMPLEscoreTERRITORYtaxSEKIsui0komi6.5
Root visits: 1003
New playouts: 1003
NN rows: 962
NN batches: 482
NN avg batch size: 1.99585
PV: G5 H4 C8 P4 J6 O17 K4 L2 Q16 Q17 R15 P16 Q15 S16 R17
Tree:
: T -15.30c W -15.03c S  -0.27c ( -1.1 L  -0.7) N    1003  --  G5 H4 C8 P4 J6 O17 K4
---White(v)---
G5  : T -16.46c W -16.08c S  -0.37c ( -1.2 L  -0.7) LCB  -15.47c P 79.88% WF 736.6 PSV     731 N     731  --  G5 H4 C8 P4 J6 O17 K4 L2
D7  : T -14.92c W -14.71c S  -0.21c ( -1.1 L  -0.6) LCB  -12.57c P  8.15% WF 184.4 PSV      36 N     186  --  D7 C17 D17 C16 C14 C15 D15 B14
C8  : T  -7.36c W  -7.74c S   0.38c ( -0.5 L  -0.4) LCB   -3.55c P  3.68% WF  24.8 PSV       4 N      26  --  C8 G5 P3 O17 Q5 R5 Q6 R7
D8  : T  -6.49c W  -6.95c S   0.46c ( -0.4 L  -0.4) LCB   -1.43c P  2.15% WF  17.1 PSV       2 N      18  --  D8 E4 E5 G5 D5 O17 P3 N3
Q16 : T  -6.39c W  -6.83c S   0.44c ( -0.5 L  -0.4) LCB    0.55c P  0.81% WF  10.5 PSV       0 N      11  --  Q16 Q17 G5 H4 P17
Q4  : T  -5.92c W  -6.35c S   0.43c ( -0.5 L  -0.4) LCB    3.55c P  0.68% WF   9.5 PSV       0 N      10  --  Q4 Q3 G5 H4 J6 E4
C9  : T  -2.79c W  -3.53c S   0.74c ( -0.2 L  -0.1) LCB   18.99c P  1.04% WF   5.7 PSV       0 N       6  --  C9 E4 E5 D5 D6
C7  : T  -1.69c W  -2.49c S   0.80c ( -0.1 L  -0.2) LCB   72.58c P  0.78% WF   2.9 PSV       0 N       3  --  C7 E4 E5
P3  : T   1.08c W   0.18c S   0.90c ( -0.0 L  -0.1) LCB  153.68c P  0.32% WF   1.9 PSV       0 N       2  --  P3 E4
P17 : T   1.34c W   0.37c S   0.97c ( +0.0 L  -0.1) LCB  153.58c P  0.27% WF   1.9 PSV       0 N       2  --  P17 E4

2025-06-07 02:21:07+0900: MoveNum: 11 HASH: 77D2F2A1ED0BC1C5B15A7E3DCAFCC45E
   A B C D E F G H J K L M N O P Q R S T
19 . . . . . . . . . . . . . . . . . . .
18 . . . . . . . . . . . . . . . O2O . .
17 . . . X . . . . . . . X . O X3X1. . .
16 . . . . . . . . . . . . . . . . X . .
15 . . . X . . . . . . . . . . . . . . .
14 . . . . . . . . . . . . . . . . . . .
13 . . . . . . . . . . . . . . . . . . .
12 . . . . . . . . . . . . . . . . . . .
11 . . . . . . . . . . . . . . . . . . .
10 . . . . . . . . . . . . . . . . . . .
 9 . . . . . . . . . . . . . . . . . . .
 8 . . . . . . . . . . . . . . . . . . .
 7 . . . . . . . . . . . . . . . . . . .
 6 . . . . . . . . . . . . . . . . . . .
 5 . . . . . . . . . . . . . . . . . . .
 4 . . . . . . . . . . . . . . . O . . .
 3 . . . O . . . . . . . . . . . . . . .
 2 . . . . . . . . . . . . . . . . . . .
 1 . . . . . . . . . . . . . . . . . . .

koSIMPLEscoreTERRITORYtaxSEKIsui0komi6.5
Root visits: 1003
New playouts: 1003
NN rows: 1859
NN batches: 931
NN avg batch size: 1.99678
PV: R17 O16 S16 D5 C5 C6 C4 D6 F3 R3 Q3 R4 Q5 R5 R6 S6 C11 C13 D8
Tree:
: T  12.51c W  12.76c S  -0.24c ( +1.0 L  +0.5) N    1003  --  R17 O16 S16 D5 C5 C6 C4
---White(v)---
R17 : T   9.81c W  10.25c S  -0.44c ( +0.9 L  +0.4) LCB   11.84c P 16.68% WF 840.4 PSV     817 N     816  --  R17 O16 S16 D5 C5 C6 C4 D6
P18 : T  26.01c W  25.27c S   0.72c ( +2.0 L  +1.0) LCB   33.33c P 81.40% WF 159.0 PSV     108 N     182  --  P18 O16 N17 N16 M18 L18 M16 L17
S16 : T  45.47c W  43.13c S   2.34c ( +3.5 L  +2.0) LCB  202.67c P  0.72% WF   1.8 PSV       0 N       2  --  S16 S15
O18 : T  76.92c W  72.02c S   4.90c ( +5.9 L  +4.8) LCB  426.92c P  0.72% WF   0.8 PSV       0 N       1  --  O18

2025-06-07 02:21:10+0900: MoveNum: 11 HASH: B6B709DD50430CE76B7E980A6437D064
   A B C D E F G H J K L M N O P Q R S T
19 . . . . . . . . . . . . . . . . . . .
18 . . . . . . . . . . . . . . . . . . .
17 . . . X . . . . . . . . X . O . O2. .
16 . . . . . . . . . . . . . . . X3X . .
15 . . . . . . . . . . . . . . O . . . .
14 . . X . . . . . . . . . . . . X1. . .
13 . . . . . . . . . . . . . . . . . . .
12 . . . . . . . . . . . . . . . . . . .
11 . . . . . . . . . . . . . . . . . . .
10 . . . . . . . . . . . . . . . . . . .
 9 . . . . . . . . . . . . . . . . . . .
 8 . . . . . . . . . . . . . . . . . . .
 7 . . . . . . . . . . . . . . . . . . .
 6 . . . . . . . . . . . . . . . . . . .
 5 . . . . . . . . . . . . . . . . . . .
 4 . . . O . . . . . . . . . . . . O . .
 3 . . . . . . . . . . . . . . . . . . .
 2 . . . . . . . . . . . . . . . . . . .
 1 . . . . . . . . . . . . . . . . . . .

koSIMPLEscoreTERRITORYtaxSEKIsui0komi6.5
Root visits: 1003
New playouts: 1003
NN rows: 2749
NN batches: 1377
NN avg batch size: 1.99637
PV: Q17 P16 N18 M17 M18 C3 D3 C4 D5 C5 C6 B6 O3 L17 Q9 D6 C7 B7 C8 E6 E8 D9
Tree:
: T  36.39c W  35.19c S   1.20c ( +2.8 L  +1.5) N    1003  --  Q17 P16 N18 M17 M18 C3 D3
---White(v)---
Q17 : T  35.13c W  34.04c S   1.08c ( +2.7 L  +1.4) LCB   36.50c P 64.46% WF 926.4 PSV     919 N     919  --  Q17 P16 N18 M17 M18 C3 D3 C4
D16 : T  46.45c W  44.43c S   2.02c ( +3.6 L  +2.2) LCB   51.03c P 19.56% WF  60.0 PSV      27 N      65  --  D16 E16 Q17 P16 C17 C16 D15 C15
P16 : T  84.08c W  77.87c S   6.21c ( +7.6 L  +5.2) LCB  100.84c P 11.97% WF   5.6 PSV       4 N       7  --  P16 Q17 Q18 R18 O18 Q19 P18
D14 : T  62.91c W  59.23c S   3.68c ( +5.2 L  +3.3) LCB  213.23c P  1.11% WF   1.8 PSV       0 N       2  --  D14 D13
Q15 : T  71.90c W  68.03c S   3.87c ( +5.3 L  +4.4) LCB  421.90c P  0.92% WF   0.9 PSV       0 N       1  --  Q15
C15 : T  56.11c W  53.39c S   2.72c ( +4.3 L  +3.1) LCB  406.11c P  0.34% WF   0.9 PSV       0 N       1  --  C15
D15 : T  60.23c W  57.10c S   3.13c ( +4.7 L  +3.3) LCB  410.23c P  0.26% WF   0.9 PSV       0 N       1  --  D15
C17 : T  64.32c W  60.79c S   3.53c ( +5.0 L  +3.7) LCB  414.32c P  0.16% WF   0.9 PSV       0 N       1  --  C17
E15 : T  67.18c W  63.42c S   3.75c ( +5.3 L  +3.9) LCB  417.18c P  0.14% WF   0.9 PSV       0 N       1  --  E15
E16 : T  65.10c W  61.53c S   3.57c ( +5.1 L  +3.7) LCB  415.10c P  0.13% WF   0.9 PSV       0 N       1  --  E16

2025-06-07 02:21:13+0900: MoveNum: 11 HASH: DC856BAABB670061A561A908529E9EEB
   A B C D E F G H J K L M N O P Q R S T
19 . . . . . . . . . . . . . . . . . . .
18 . . . . . . . . . . . . . . . . . . .
17 . . O . . . . . . O . . . . . . . . .
16 . . . X3X . . X . . . . . . . . X . .
15 . . . O O2. . . . . . . . . . . . . .
14 . . . . . . . . . . . . . . . . . . .
13 . . X1. . . . . . . . . . . . . . . .
12 . . . . . . . . . . . . . . . . . . .
11 . . . . . . . . . . . . . . . . . . .
10 . . . . . . . . . . . . . . . . . . .
 9 . . . . . . . . . . . . . . . . . . .
 8 . . . . . . . . . . . . . . . . . . .
 7 . . . . . . . . . . . . . . . . . . .
 6 . . . . . . . . . . . . . . . . . . .
 5 . . . . . . . . . . . . . . . . . . .
 4 . . . . . . . . . . . . . . . . . . .
 3 . . O . . . . . . . . . . . . X . . .
 2 . . . . . . . . . . . . . . . . . . .
 1 . . . . . . . . . . . . . . . . . . .

koSIMPLEscoreTERRITORYtaxSEKIsui0komi6.5
Root visits: 1003
New playouts: 1003
NN rows: 3675
NN batches: 1841
NN avg batch size: 1.9962
PV: C16 F15 F14 G14 F13 F16 G13 H14 P17 C10 Q15 R15 Q14 R13 C8 N16 N18 Q17 P18 R6
Tree:
: T -76.57c W -72.25c S  -4.31c ( -7.0 L  -4.7) N    1003  --  C16 F15 F14 G14 F13 F16 G13
---White(v)---
C16 : T -77.03c W -72.67c S  -4.36c ( -7.1 L  -4.8) LCB  -75.40c P 99.88% WF 998.7 PSV     997 N     997  --  C16 F15 F14 G14 F13 F16 G13 H14
C15 : T  -2.77c W  -5.54c S   2.77c ( -0.3 L  -0.4) LCB  347.23c P  0.03% WF   0.8 PSV       0 N       1  --  C15
B15 : T  84.02c W  74.71c S   9.32c ( +6.0 L  +5.2) LCB  434.02c P  0.00% WF   0.6 PSV       0 N       1  --  B15
B16 : T  48.48c W  42.33c S   6.15c ( +3.1 L  +2.2) LCB  398.48c P  0.00% WF   0.7 PSV       0 N       1  --  B16
R4  : T  96.97c W  84.82c S  12.15c ( +9.4 L  +7.7) LCB  446.97c P  0.00% WF   0.6 PSV       0 N       1  --  R4
Q17 : T  96.51c W  84.59c S  11.92c ( +9.0 L  +7.4) LCB  446.51c P  0.00% WF   0.6 PSV       0 N       1  --  Q17

2025-06-07 02:21:17+0900: MoveNum: 11 HASH: 4FBFB343B997665813D1EDE8AB1D6C17
   A B C D E F G H J K L M N O P Q R S T
19 . . . . . . . . . . . . . . . . . . .
18 . . . . . . . . . . . . . . . . . . .
17 . . . O . X . . . . . . . . . O2X3. .
16 . . . O . . . . . X . . . . O . X . .
15 . . . . . . . . . . . . . . . . . . .
14 . . . . . . . . . . . . . . . X1. . .
13 . . . . . . . . . . . . . . . . . . .
12 . . . . . . . . . . . . . . . . . . .
11 . . . . . . . . . . . . . . . . . . .
10 . . . . . . . . . . . . . . . . . . .
 9 . . . . . . . . . . . . . . . . . . .
 8 . . . . . . . . . . . . . . . . . . .
 7 . . . . . . . . . . . . . . . . . . .
 6 . . . . . . . . . . . . . . . . . . .
 5 . . . . . . . . . . . . . . . . . . .
 4 . . . O . . . . . . . . . . . . . . .
 3 . . . . . . . . . . . . . . . X . . .
 2 . . . . . . . . . . . . . . . . . . .
 1 . . . . . . . . . . . . . . . . . . .

koSIMPLEscoreTERRITORYtaxSEKIsui0komi6.5
Root visits: 1003
New playouts: 1003
NN rows: 4645
NN batches: 2327
NN avg batch size: 1.99613
PV: M17 C13 C15 F3 C10 C3 D3 C4 D5 D2 E2 C2 C7 B6 E10 R6
Tree:
: T  15.94c W  15.87c S   0.07c ( +1.2 L  +0.7) N    1003  --  M17 C13 C15 F3 C10 C3 D3
---White(v)---
M17 : T  15.18c W  15.16c S   0.01c ( +1.2 L  +0.6) LCB   16.38c P 87.05% WF 942.4 PSV     939 N     938  --  M17 C13 C15 F3 C10 C3 D3 C4
R5  : T  25.44c W  24.62c S   0.82c ( +2.0 L  +1.1) LCB   30.92c P  1.92% WF  13.3 PSV       2 N      14  --  R5 M17 R18 S18 P18
H16 : T  29.06c W  27.94c S   1.12c ( +2.2 L  +1.3) LCB   35.52c P  3.00% WF  11.2 PSV       2 N      12  --  H16 M17 F16 G16
H17 : T  28.67c W  27.65c S   1.03c ( +2.2 L  +1.3) LCB   36.47c P  2.64% WF  10.3 PSV       2 N      11  --  H17 H16 G16 G17 H18 H15 F16
R18 : T  26.66c W  25.77c S   0.89c ( +2.0 L  +1.2) LCB   36.61c P  1.33% WF   9.5 PSV       1 N      10  --  R18 C3 D3 C4
Q5  : T  26.11c W  25.27c S   0.84c ( +2.0 L  +1.1) LCB   41.30c P  0.79% WF   6.7 PSV       0 N       7  --  Q5 R5 R6 R4 Q6 O3
M16 : T  32.37c W  31.04c S   1.32c ( +2.4 L  +1.5) LCB  182.58c P  0.51% WF   1.9 PSV       0 N       2  --  M16 M17
P14 : T  31.22c W  29.96c S   1.25c ( +2.4 L  +1.4) LCB  180.48c P  0.19% WF   1.9 PSV       0 N       2  --  P14 P13
G16 : T  30.79c W  29.74c S   1.05c ( +2.2 L  +1.5) LCB  380.79c P  0.22% WF   1.0 PSV       0 N       1  --  G16
H15 : T  30.22c W  29.09c S   1.14c ( +2.3 L  +1.4) LCB  380.22c P  0.18% WF   1.0 PSV       0 N       1  --  H15

2025-06-07 02:21:20+0900: MoveNum: 11 HASH: DB965B130FC66C9C72ED516D4916187A
   A B C D E F G H J K L M N O P Q R S T
19 . . . . . . . . . . . . . . . . . . .
18 . . . . . . . . . . . . . . . . . . .
17 . . . . X3O . . . . . . . . . . . . .
16 . . . X . X1O2. . . . . . . . . X . .
15 . . . . . . . . . . . . . . . . . . .
14 . . . . . . . . . . . . . . . . . . .
13 . . . . . . . . . . . . . . . . . . .
12 . . . . . . . . . . . . . . . . . . .
11 . . . . . . . . . . . . . . . . . . .
10 . . . . X . . . . . . . . . . . . . .
 9 . . . . . . . . . . . . . . . . . . .
 8 . . . . . . . . . . . . . . . . . . .
 7 . . . . . . . . . . . . . . . . . . .
 6 . . . X . . . . . . . . . . . . . . .
 5 . . . . . . . . . . . . . . . . . . .
 4 . . . O . O . . . . . . . . . . . . .
 3 . . . . . . . . . . . . . . . O . . .
 2 . . . . . . . . . . . . . . . . . . .
 1 . . . . . . . . . . . . . . . . . . .

koSIMPLEscoreTERRITORYtaxSEKIsui0komi6.5
Root visits: 1003
New playouts: 1003
NN rows: 5437
NN batches: 2724
NN avg batch size: 1.99596
PV: F15 E16 F18 G15 H16 G14 K17 C10 E18 C17 F12 E13 E12 J14 D13 E14 G13 G11 F10 F11 E11
Tree:
: T -42.56c W -41.24c S  -1.33c ( -3.2 L  -2.1) N    1003  --  F15 E16 F18 G15 H16 G14 K17
---White(v)---
F15 : T -43.44c W -42.05c S  -1.41c ( -3.3 L  -2.1) LCB  -41.72c P 82.79% WF 878.6 PSV     873 N     872  --  F15 E16 F18 G15 H16 G14 K17 C10
Q16 : T -37.70c W -36.83c S  -0.87c ( -2.8 L  -1.8) LCB  -34.21c P 14.03% WF 103.5 PSV      33 N     108  --  Q16 G17 R17 R15 Q17 R12 Q14 R14
E18 : T -27.28c W -27.28c S   0.01c ( -2.0 L  -1.3) LCB   -4.68c P  1.89% WF   5.6 PSV       1 N       6  --  E18 F18 G17 D18
Q17 : T -33.42c W -32.87c S  -0.55c ( -2.5 L  -1.7) LCB  -22.88c P  0.30% WF  10.5 PSV       0 N      11  --  Q17 R17 F15 E16 F18 G15 H16
G17 : T -19.71c W -20.35c S   0.64c ( -1.4 L  -1.1) LCB  330.29c P  0.06% WF   0.9 PSV       0 N       1  --  G17
Q15 : T -22.50c W -22.88c S   0.38c ( -1.6 L  -1.2) LCB  327.50c P  0.03% WF   0.9 PSV       0 N       1  --  Q15
P17 : T  -8.82c W -10.19c S   1.37c ( -0.7 L  -0.5) LCB  341.18c P  0.02% WF   0.9 PSV       0 N       1  --  P17
F18 : T -22.22c W -22.60c S   0.38c ( -1.6 L  -1.2) LCB  327.78c P  0.02% WF   0.9 PSV       0 N       1  --  F18

2025-06-07 02:21:23+0900: MoveNum: 11 HASH: 2D0B3E4542EE507781705C517182531B
   A B C D E F G H J K L M N O P Q R S T
19 . . . . . . . . . . . . . . . . . . .
18 . . . . . . . . . . . . . . . . . . .
17 . . . . . . . . . . . . . . X3. . . .
16 . . . O . . . . . . . . . . . . X . .
15 . . . . . . . . . . . . . . . . . . .
14 . . O . . . . . . . . . . . . . . . .
13 . . . . . . . . . . . . . . . . . . .
12 . . . . . . . . . . . . . . . . . . .
11 . . . . . . . . . . . . . . . . . . .
10 . . . . . . . . . . . . . . . . . . .
 9 . . . . . . . . . . . . . . . . . . .
 8 . . . . . . . . . . . . . . . . . . .
 7 . . . . . . . . . . . . . . . . O2. .
 6 . . . . . . . . . . . . . . . . . . .
 5 . . . . . . . . . . . . . . . . . . .
 4 . . X . . . . . . . . . . . . O . . .
 3 . . . . . . . . . . X1. . X . . O . .
 2 . . . . . . . . . . . . . . . X . . .
 1 . . . . . . . . . . . . . . . . . . .

koSIMPLEscoreTERRITORYtaxSEKIsui0komi6.5
Root visits: 1003
New playouts: 1003
NN rows: 6321
NN batches: 3167
NN avg batch size: 1.9959
PV: E3 F17 E17 F16 D5 C5 D6 C6 D7 C8 K17 M17 H17 F18 O16 N18 H14
Tree:
: T -16.01c W -15.67c S  -0.35c ( -1.1 L  -0.7) N    1003  --  E3 F17 E17 F16 D5 C5 D6
---White(v)---
E3  : T -17.92c W -17.44c S  -0.48c ( -1.2 L  -0.8) LCB  -17.02c P 73.23% WF 729.4 PSV     720 N     720  --  E3 F17 E17 F16 D5 C5 D6 C6
O16 : T -14.75c W -14.49c S  -0.26c ( -1.0 L  -0.7) LCB  -13.08c P  3.72% WF 120.8 PSV      11 N     123  --  O16 E4 O17 P16 O15 D13 D14 F13
K3  : T  -7.12c W  -7.42c S   0.30c ( -0.5 L  -0.4) LCB   -1.59c P  4.65% WF  19.9 PSV       5 N      21  --  K3 F3 L2 M3 M2 L5 N2 O5
D4  : T  -9.68c W  -9.76c S   0.08c ( -0.7 L  -0.5) LCB   -6.22c P  3.23% WF  34.4 PSV       4 N      36  --  D4 D3 C5 E4 D5 C3 F6 D8
E4  : T  -4.56c W  -5.02c S   0.46c ( -0.3 L  -0.3) LCB    8.56c P  5.05% WF  16.8 PSV       4 N      18  --  E4 E3 D4 D3 C5 F4 C3 B4
M4  : T  -6.49c W  -6.82c S   0.32c ( -0.4 L  -0.3) LCB    0.97c P  1.35% WF  12.3 PSV       1 N      13  --  M4 M3 E3 D3 E4 C6 J3
O4  : T  -5.42c W  -5.83c S   0.41c ( -0.4 L  -0.4) LCB    9.16c P  1.63% WF   6.7 PSV       1 N       7  --  O4 N4 O5 N5 N6 M6
S16 : T -11.02c W -11.02c S  -0.00c ( -0.7 L  -0.5) LCB   -3.45c P  0.37% WF  10.7 PSV       0 N      11  --  S16 S15 R15 Q15 R14 S14 R13
J17 : T  -8.52c W  -8.73c S   0.21c ( -0.5 L  -0.4) LCB   -0.92c P  0.52% WF   9.6 PSV       0 N      10  --  J17 F4 O16 O17
R15 : T  -7.48c W  -7.80c S   0.32c ( -0.4 L  -0.4) LCB    5.18c P  0.43% WF   7.7 PSV       0 N       8  --  R15 Q15 R14 S16 E3 Q8 O4

2025-06-07 02:21:27+0900: MoveNum: 11 HASH: 739F5636A60AF8F387DA9141FC8BD5C0
   A B C D E F G H J K L M N O P Q R S T
19 . . . . . . . . . . . . . . . . . . .
18 . . . . . . . . . . . . . . . . . . .
17 . . . O . . . . . . . . . . . . . . .
16 . . . . . . . . . . . . . . . . X . .
15 . . . . . . . . . . . . . . . . . . .
14 . . . . . . . . . . . . . . . . . . .
13 . . . . . . . . . . . . . . . . . . .
12 . . . . . . . . . . . . . . . . . . .
11 . . X . . . . . . . . . . . . . . . .
10 . . . . . . . . . . . . . . . . . . .
 9 . . . . . . . . . . . . . . . . . . .
 8 . . . . . . . . . . . . . . . . . . .
 7 . . . . . . . . . . . . . . . . . . .
 6 . . . . . . . . . . . . . . . . . . .
 5 . . X X1X3. . . . . . . . . . . . . .
 4 . . O O2. . . . . . . . . . . O . . .
 3 . . . . O . . X . . . . . . . . . . .
 2 . . . . . . . . . . . . . . . . . . .
 1 . . . . . . . . . . . . . . . . . . .

koSIMPLEscoreTERRITORYtaxSEKIsui0komi6.5
Root visits: 1003
New playouts: 1003
NN rows: 7281
NN batches: 3648
NN avg batch size: 1.99589
PV: C14 O17 N3 R6 F4 L3 F5 D9 J4 O3 O4
Tree:
: T -59.53c W -57.73c S  -1.80c ( -4.7 L  -3.0) N    1003  --  C14 O17 N3 R6 F4 L3 F5
---White(v)---
C14 : T -62.07c W -59.97c S  -2.10c ( -4.9 L  -3.2) LCB  -60.63c P 45.12% WF 465.7 PSV     456 N     456  --  C14 O17 N3 R6 F4 L3 F5 D9
P17 : T -59.29c W -57.60c S  -1.69c ( -4.5 L  -2.9) LCB  -57.44c P 29.02% WF 255.4 PSV      99 N     257  --  P17 C15 Q15 R15 Q14 R13 E16 R6
F4  : T -54.31c W -52.94c S  -1.36c ( -4.2 L  -2.7) LCB  -51.30c P  9.39% WF  64.4 PSV      14 N      67  --  F4 C15 F5 L3 P17 Q15 D10 F6
C15 : T -58.34c W -56.69c S  -1.65c ( -4.5 L  -2.9) LCB  -55.63c P  3.48% WF 100.7 PSV       9 N     102  --  C15 O17 F4 O3 L3 O5 J4 H4
P16 : T -53.47c W -52.27c S  -1.19c ( -4.1 L  -2.6) LCB  -48.93c P  6.63% WF  49.8 PSV       9 N      52  --  P16 P17 O17 Q17 O16 Q14 R12 S13
O16 : T -55.88c W -54.47c S  -1.41c ( -4.3 L  -2.8) LCB  -49.67c P  0.78% WF  33.2 PSV       1 N      34  --  O16 C15 R17 Q17 Q16 P16 Q15 P17
D14 : T -53.93c W -52.66c S  -1.28c ( -4.2 L  -2.7) LCB  -46.89c P  1.29% WF  16.5 PSV       1 N      17  --  D14 O17 O3 R6 F4 L3 K4
D12 : T -52.58c W -51.57c S  -1.01c ( -3.9 L  -2.6) LCB  -37.01c P  0.34% WF   6.8 PSV       0 N       7  --  D12 D16 C17
D15 : T -49.34c W -48.57c S  -0.76c ( -3.7 L  -2.4) LCB   -6.55c P  0.69% WF   3.8 PSV       0 N       4  --  D15 O17 O3
Q16 : T -51.54c W -50.66c S  -0.89c ( -3.8 L  -2.5) LCB   22.57c P  0.24% WF   2.9 PSV       0 N       3  --  Q16 Q17 R15

2025-06-07 02:21:30+0900: MoveNum: 11 HASH: C023E77819943205D7FE4CC7D110B7B4
   A B C D E F G H J K L M N O P Q R S T
19 . . . . . . . . . . . . . . . . . . .
18 . . . . . . . . . . . . . . . . . . .
17 . . . O . . . . . . . . . . X . . . .
16 . . . . . . . . . O2. . . . . . X . .
15 . . . O . . . . . . . . . . . . . . .
14 . . . . . . . . . . . . . . . . . . .
13 . . . . . . . . . . . . . . . . . . .
12 . . . . . . . . . . . . . . . . X3. .
11 . . . . . . . . . . . . . . . . . . .
10 . . . . . . . . . . . . . . . . . . .
 9 . . . . . . . . . . . . . . . . . . .
 8 . . . . . . . . . . . . . . . . . . .
 7 . . . . . . . . . . . . . . . . . . .
 6 . . . . . . . . . . . . . . . . X . .
 5 . . . . . . . . . . . . . . . . . . .
 4 . . O . . . . . . . . . . . . . . . .
 3 . . . . . O . . . . X1. . . . X . . .
 2 . . . . . . . . . . . . . . . . . . .
 1 . . . . . . . . . . . . . . . . . . .

koSIMPLEscoreTERRITORYtaxSEKIsui0komi6.5
Root visits: 1003
New playouts: 1003
NN rows: 8254
NN batches: 4135
NN avg batch size: 1.99613
PV: C10 D14 E15 C14 C15 E14 F14 F13 G14 G13 H13 H14 H12 G11 G12
Tree:
: T -27.75c W -27.22c S  -0.52c ( -2.0 L  -1.2) N    1003  --  C10 D14 E15 C14 C15 E14 F14
---White(v)---
C10 : T -29.46c W -28.81c S  -0.65c ( -2.1 L  -1.3) LCB  -27.07c P 39.52% WF 272.2 PSV     269 N     269  --  C10 D14 E15 C14 C15 E14 F14 F13
C11 : T -29.24c W -28.63c S  -0.61c ( -2.1 L  -1.3) LCB  -27.37c P 30.91% WF 257.6 PSV     191 N     255  --  C11 E14 D14 E12 D13 H17 O16 O17
D11 : T -28.75c W -28.13c S  -0.62c ( -2.1 L  -1.3) LCB  -25.41c P  5.12% WF  90.3 PSV      26 N      90  --  D11 C13 B11 C16 C15 D16 E16 C17
D10 : T -26.12c W -25.69c S  -0.43c ( -1.9 L  -1.2) LCB  -22.74c P  3.53% WF  56.2 PSV       9 N      57  --  D10 C13 C11 E13 G10 H12 G15 J14
M4  : T -27.00c W -26.53c S  -0.47c ( -1.9 L  -1.2) LCB  -23.51c P  2.34% WF  52.6 PSV       7 N      53  --  M4 L4 M6 M5 N5 L5 P6 Q8
Q11 : T -26.46c W -26.03c S  -0.43c ( -1.9 L  -1.1) LCB  -22.88c P  2.25% WF  73.1 PSV       6 N      74  --  Q11 Q12 O11 C11 C9 C13 D12 D13
O7  : T -25.43c W -25.05c S  -0.37c ( -1.8 L  -1.2) LCB  -20.83c P  2.66% WF  37.4 PSV       6 N      38  --  O7 C11 Q4 P4 R3 R4 Q5 R5
D12 : T -24.70c W -24.43c S  -0.27c ( -1.7 L  -1.2) LCB  -21.16c P  1.20% WF  23.6 PSV       2 N      24  --  D12 C16 C17 C10 C8 M17 O7
O17 : T -24.20c W -23.85c S  -0.35c ( -1.8 L  -1.2) LCB  -15.93c P  1.13% WF  22.5 PSV       2 N      23  --  O17 O16 N16 N17 O18 N18 P18 P16
O16 : T -20.95c W -20.94c S  -0.01c ( -1.5 L  -0.9) LCB  -14.06c P  2.20% WF  12.6 PSV       2 N      13  --  O16 O17 M16 C11 C9 C13 D12 D13

2025-06-07 02:21:34+0900: MoveNum: 11 HASH: EAD69ABF3994CD4F65CA69DD39A27A07
   A B C D E F G H J K L M N O P Q R S T
19 . . . . . . . . . . . . . . . . . . .
18 . . . . . X1. . . . . . . . . . . . .
17 . . . O X3. O . . . . . . . . . . . .
16 . . O . X . O2. . . . . . . . . X . .
15 . . . . . X . . . . . . . . . . . . .
14 . . . . . . . . . . . . . . . . . . .
13 . . . . . . . . . . . . . . . . . . .
12 . . . . . . . . . . . . . . . . . . .
11 . . . . . . . . . . . . . . . . . . .
10 . . . . . . . . . . . . . . . . . . .
 9 . . . . . . . . . . . . . . . . . . .
 8 . . . . . . . . . . . . . . . . . . .
 7 . . . . . . . . . . . . . . . . . . .
 6 . . . . . . . . . . . . . . . . . . .
 5 . . . . . . . . . . . . . . . . . . .
 4 . . . O . . . . . . . . . . . . . . .
 3 . . . . . . . . . . . . . . . X . . .
 2 . . . . . . . . . . . . . . . . . . .
 1 . . . . . . . . . . . . . . . . . . .

koSIMPLEscoreTERRITORYtaxSEKIsui0komi6.5
Root visits: 1003
New playouts: 1003
NN rows: 9173
NN batches: 4596
NN avg batch size: 1.99587
PV: D18 C15 B15 C14 B14 D16 B17 L17 H14 P16 Q5 R5 R6 R4 Q6 O3 Q10 C12 O16 O15 N16 P17 N15
Tree:
: T  18.87c W  18.04c S   0.83c ( +1.4 L  +0.7) N    1003  --  D18 C15 B15 C14 B14 D16 B17
---White(v)---
D18 : T  18.46c W  17.69c S   0.78c ( +1.4 L  +0.7) LCB   19.98c P 63.12% WF 614.2 PSV     612 N     612  --  D18 C15 B15 C14 B14 D16 B17 L17
C14 : T  19.22c W  18.32c S   0.90c ( +1.5 L  +0.7) LCB   20.77c P 35.29% WF 378.3 PSV     228 N     380  --  C14 L16 P17 N17 J17 H14 J15 J14
C13 : T  28.38c W  26.78c S   1.61c ( +2.2 L  +1.2) LCB   44.29c P  0.66% WF   6.7 PSV       0 N       7  --  C13 K17 H14 D18
Q16 : T  34.21c W  32.23c S   1.98c ( +2.5 L  +1.8) LCB  183.15c P  0.21% WF   1.9 PSV       0 N       2  --  Q16 D18
D15 : T  56.03c W  52.45c S   3.58c ( +4.1 L  +3.0) LCB  406.03c P  0.09% WF   0.9 PSV       0 N       1  --  D15

2025-06-07 02:21:37+0900: MoveNum: 11 HASH: B519085DBE554B0AFDCD7619AE78503A
   A B C D E F G H J K L M N O P Q R S T
19 . . . . . . . . . . . . . . . . . . .
18 . . . . . . . . . . . . . . . . . . .
17 . . . . . . . . . . . . . . . . . . .
16 . . . . . . . . . . . . . . . . . . .
15 . . . . . . . . . . . . . . . . . . .
14 . . . . . . . . . . . . . . . . . . .
13 . . . . . . . . . . . . . . . . . . .
12 . . . . . . . . . . . . . . . . . . .
11 . . . . . . . . . . . . . . . . . . .
10 . . . . . . . . . . . . . . . . . . .
 9 . . . . . . . . . . . . . . . . . . .
 8 . . . . . . . . . . . . . . . . . . .
 7 . . . . . . . . . . . . . . . . . . .
 6 . . . . . . . . . . . . . . . . X . .
 5 . . . . . . . . . . . X3. . . . . . .
 4 . . . . . . . . . O . . . O O . X . .
 3 . . . . . . . . . . . X1. O X . . . .
 2 . . . . . . . . . . . . . O2X . . . .
 1 . . . . . . . . . . . . . . . . . . .

koSIMPLEscoreTERRITORYtaxSEKIsui0komi6.5
Root visits: 1003
New playouts: 1003
NN rows: 10087
NN batches: 5054
NN avg batch size: 1.99584
PV: R3 S3 Q4 R2 Q3 S5 D4 F3 Q16 Q2 Q6 F5 Q8 D6 D16 L6 D2
Tree:
: T -44.96c W -43.28c S  -1.67c ( -3.5 L  -2.2) N    1003  --  R3 S3 Q4 R2 Q3 S5 D4
---White(v)---
R3  : T -47.27c W -45.40c S  -1.87c ( -3.7 L  -2.3) LCB  -45.15c P 44.25% WF 890.6 PSV     877 N     877  --  R3 S3 Q4 R2 Q3 S5 D4 F3
D4  : T -29.31c W -28.92c S  -0.39c ( -2.3 L  -1.4) LCB  -25.19c P 29.52% WF  52.0 PSV      32 N      59  --  D4 Q4 O6 Q16 D16 M7 K3 C17
D3  : T -27.32c W -27.12c S  -0.19c ( -2.1 L  -1.3) LCB  -20.61c P 10.22% WF  20.5 PSV      10 N      23  --  D3 Q4 O7 Q16 D16 M7 Q7 P5
O7  : T -27.50c W -27.49c S  -0.01c ( -1.9 L  -1.3) LCB  -17.32c P  3.97% WF  17.1 PSV       4 N      19  --  O7 D4 R3 S3 Q4 R2 Q3
C4  : T -22.09c W -22.29c S   0.19c ( -1.7 L  -1.1) LCB   -2.40c P  3.00% WF   5.4 PSV       2 N       6  --  C4 Q4 O7 Q16
Q7  : T -20.00c W -20.42c S   0.42c ( -1.5 L  -0.9) LCB   54.19c P  1.48% WF   2.7 PSV       1 N       3  --  Q7 Q6 P7
Q16 : T -23.05c W -23.24c S   0.19c ( -1.7 L  -1.1) LCB   52.46c P  1.30% WF   2.8 PSV       1 N       3  --  Q16 D4
Q6  : T -17.66c W -18.31c S   0.65c ( -1.3 L  -0.8) LCB  131.96c P  1.40% WF   1.8 PSV       0 N       2  --  Q6 Q7
Q5  : T -12.10c W -13.09c S   0.99c ( -1.0 L  -0.9) LCB  337.90c P  0.93% WF   0.9 PSV       0 N       1  --  Q5
Q3  : T  -4.51c W  -6.29c S   1.78c ( -0.2 L  -0.3) LCB  345.49c P  0.87% WF   0.9 PSV       0 N       1  --  Q3

2025-06-07 02:21:41+0900: MoveNum: 11 HASH: AB36BE6BD5C0F04E4276875813D6C870
   A B C D E F G H J K L M N O P Q R S T
19 . . . . . . . . . . . . . . . . . . .
18 . . . . . . . . . . . . . . . . . . .
17 . . . . . . . . . . . . . . . . . . .
16 . . . O . . . . . . . . . . . O . . .
15 . . . . . . . . . . . . . . . . . . .
14 . . . . . . . . . . . . . . . . . . .
13 . . . . . . . . . . . . . . . . . . .
12 . . . . . . . . . . . . . . . . . . .
11 . . . . . . . . . . . . . . . . . . .
10 . . . . . . . . . . . . . . . . . . .
 9 . . . . . . . . . . . . . . . . . . .
 8 . . . . . . . . . . . . . . . . . . .
 7 . . . . . . . . . . . . . . . . . . .
 6 . . . . . . . . . . . . . . . . . . .
 5 . . . . . . . . . . . . . . O X . . .
 4 . . . . . X . . . . . . . . O . X . .
 3 . . X . . . . . . . . . . . . O2X3. .
 2 . . . . . . . . . . . . . . . . X1. .
 1 . . . . . . . . . . . . . . . . . . .

koSIMPLEscoreTERRITORYtaxSEKIsui0komi6.5
Root visits: 1003
New playouts: 1003
NN rows: 11060
NN batches: 5541
NN avg batch size: 1.99603
PV: Q7 R17 R16 Q17 P16 O18 Q6 S6 D5 L4 D3 D4 E4 C4 E5 E3 F3 D2 E2 B6 D3 C17 C16 D17
Tree:
: T -61.21c W -59.28c S  -1.94c ( -5.2 L  -3.3) N    1003  --  Q7 R17 R16 Q17 P16 O18 Q6
---White(v)---
Q7  : T -63.60c W -61.38c S  -2.23c ( -5.5 L  -3.5) LCB  -61.86c P 41.27% WF 813.1 PSV     799 N     799  --  Q7 R17 R16 Q17 P16 O18 Q6 S6
Q6  : T -43.39c W -43.40c S   0.01c ( -3.4 L  -2.0) LCB  -39.89c P 25.40% WF  36.9 PSV      21 N      42  --  Q6 R6 Q7 R7 Q8 L4 R8 M6
L3  : T -52.35c W -51.60c S  -0.75c ( -4.1 L  -2.5) LCB  -49.64c P 12.76% WF  44.8 PSV      19 N      48  --  L3 P6 D5 C17 D17 C16 C14 C15
P7  : T -55.95c W -54.82c S  -1.14c ( -4.5 L  -2.7) LCB  -52.08c P  7.60% WF  64.9 PSV      16 N      68  --  P7 P6 O6 Q6 N7 O8 O7 R8
L4  : T -46.67c W -46.38c S  -0.30c ( -3.7 L  -2.2) LCB  -38.10c P  4.48% WF  11.1 PSV       4 N      12  --  L4 P6 D5 O6 D3 D4
D5  : T -50.79c W -50.13c S  -0.66c ( -4.0 L  -2.5) LCB  -41.64c P  1.95% WF  13.2 PSV       2 N      14  --  D5 P6 O6 O7 N6 P7 D3 D4
M4  : T -46.32c W -46.12c S  -0.19c ( -3.6 L  -2.2) LCB  -18.35c P  1.51% WF   4.7 PSV       1 N       5  --  M4 P6 J3 C17 D17
M3  : T -46.39c W -46.17c S  -0.22c ( -3.6 L  -2.2) LCB   -2.79c P  1.58% WF   3.8 PSV       1 N       4  --  M3 P6 J3 C17
P8  : T -48.30c W -47.69c S  -0.61c ( -4.0 L  -2.4) LCB  100.71c P  0.14% WF   1.9 PSV       0 N       2  --  P8 L4
P6  : T -46.22c W -45.97c S  -0.25c ( -3.6 L  -2.2) LCB  303.78c P  0.22% WF   1.0 PSV       0 N       1  --  P6

2025-06-07 02:21:44+0900: MoveNum: 11 HASH: 85F0E349307FDBAB9CCF68B65E31BDA2
   A B C D E F G H J K L M N O P Q R S T
19 . . . . . . . . . . . . . . . . . . .
18 . . . . . . . . . . . . . . . . . . .
17 . . . . . . . . . . . . . . . . O . .
16 . . . O . . . . . . . . . . . . . . .
15 . . . . . . . . . . . . . . . . . . .
14 . . . . . . . . . . . . . . . . . . .
13 . . . . . . . . . . . . . . . . . . .
12 . . . . . . . . . . . . . . . . . . .
11 . . . . . . . . . . . . . . . . . . .
10 . . . . . . . . . . . . . . . . . . .
 9 . . . . . . . . . . . . . . . . . . .
 8 . . . . . . . . . . . . . . . . . . .
 7 . . . . . . . . . . . . . . . . . . .
 6 . . . . . . . . . . . . . . . . X1. .
 5 . . X . . . . . . . . . . . . O2X3. .
 4 . . . . . . . . . . . . . . O . X . .
 3 . . . X . . . . . . . . . . O X . . .
 2 . . . . . . . . . . . . . . . . . . .
 1 . . . . . . . . . . . . . . . . . . .

koSIMPLEscoreTERRITORYtaxSEKIsui0komi6.5
Root visits: 1003
New playouts: 1003
NN rows: 12044
NN batches: 6034
NN avg batch size: 1.99602
PV: L3 C17 D17 C16 C14 C15 D15 B14 C18 B18 B15 D14 C13 B16 B13 E14 E12 G14 H16 C10 D10 D9 C9 C11 D11
Tree:
: T  -2.62c W  -2.67c S   0.06c ( -0.2 L  -0.2) N    1003  --  L3 C17 D17 C16 C14 C15 D15
---White(v)---
L3  : T  -4.01c W  -3.95c S  -0.06c ( -0.3 L  -0.3) LCB   -2.91c P 54.98% WF 499.5 PSV     494 N     494  --  L3 C17 D17 C16 C14 C15 D15 B14
L4  : T  -1.97c W  -2.07c S   0.10c ( -0.1 L  -0.2) LCB   -0.62c P 22.76% WF 215.1 PSV      82 N     217  --  L4 C17 C16 D17 F17 E17 E16 F18
K3  : T  -3.48c W  -3.51c S   0.04c ( -0.2 L  -0.2) LCB   -1.58c P 11.75% WF 154.5 PSV      76 N     154  --  K3 C17 C16 D17 E17 E18 F18 F17
K4  : T   1.73c W   1.36c S   0.37c ( +0.1 L  -0.0) LCB    3.68c P  2.38% WF  48.5 PSV       4 N      50  --  K4 C17 C16 D17 F17 E17 E16 F18
E3  : T   1.57c W   1.18c S   0.39c ( +0.1 L  -0.0) LCB    3.86c P  1.33% WF  32.1 PSV       2 N      33  --  E3 E4 F3 D2 K4 C17 D17 C16
J3  : T   2.92c W   2.43c S   0.50c ( +0.2 L  +0.0) LCB    6.00c P  1.86% WF  23.2 PSV       2 N      24  --  J3 L3 E3 D4 P7 L5 J5
J4  : T   3.92c W   3.35c S   0.57c ( +0.3 L  +0.1) LCB    9.63c P  0.52% WF  11.6 PSV       0 N      12  --  J4 L4 P7 L6 E3 D4 E4
Q2  : T   4.50c W   4.00c S   0.50c ( +0.2 L  +0.0) LCB   15.63c P  0.29% WF   7.7 PSV       0 N       8  --  Q2 R2 L3 C17
D2  : T   4.04c W   3.61c S   0.44c ( +0.2 L  +0.0) LCB   47.48c P  0.37% WF   3.9 PSV       0 N       4  --  D2 E2 E3 F2
C14 : T   4.77c W   4.11c S   0.66c ( +0.4 L  +0.1) LCB   47.91c P  0.27% WF   3.9 PSV       0 N       4  --  C14 M3 P7

2025-06-07 02:21:48+0900: MoveNum: 11 HASH: A46B7060BCC93473D6C68DDA4E6657C6
   A B C D E F G H J K L M N O P Q R S T
19 . . . . . . . . . . . . . . . . . . .
18 . . . . . . . . . . . . . . . . . . .
17 . . O2X1X3. . . . . . . . . . . . . .
16 . . . O . . . . . . O . . . . . O . .
15 . . . . . . . . . . . . . . . . . . .
14 . . X O . . . . . . . . . . . . . . .
13 . . . . . . . . . . . . . . . . . . .
12 . . . . . . . . . . . . . . . . . . .
11 . . . . . . . . . . . . . . . . . . .
10 . . . . . . . . . . . . . . . . . . .
 9 . . . . . . . . . . . . . . . . . . .
 8 . . . . . . . . . . . . . . . . . . .
 7 . . . . . . . . . . . . . . . . . . .
 6 . . . . . . . . . . . . . . . . . . .
 5 . . X . . . . . . . . . . . . . . . .
 4 . . . . . . . . . . . . . . . . X . .
 3 . . . X . . . . . . . . . . . . . . .
 2 . . . . . . . . . . . . . . . . . . .
 1 . . . . . . . . . . . . . . . . . . .

koSIMPLEscoreTERRITORYtaxSEKIsui0komi6.5
Root visits: 1003
New playouts: 1003
NN rows: 13039
NN batches: 6533
NN avg batch size: 1.99587
PV: C13 C18 G17 C16 C15 B17 P3 Q6 L4 P16 P17 Q16 Q17 R15
Tree:
: T -19.68c W -18.52c S  -1.17c ( -1.3 L  -0.8) N    1003  --  C13 C18 G17 C16 C15 B17 P3
---White(v)---
C13 : T -21.91c W -20.58c S  -1.33c ( -1.5 L  -0.9) LCB  -19.68c P 49.17% WF 874.8 PSV     862 N     861  --  C13 C18 G17 C16 C15 B17 P3 Q6
E16 : T  -2.05c W  -2.20c S   0.15c ( -0.1 L  -0.1) LCB    8.21c P 23.55% WF  40.2 PSV      24 N      46  --  E16 C18 F17 F18 G18 C16 B17 B16
C16 : T  -6.73c W  -6.58c S  -0.15c ( -0.4 L  -0.3) LCB   -3.16c P  9.81% WF  29.2 PSV      12 N      32  --  C16 D13 G17 H17 H16 G18 H18
G17 : T  12.66c W  11.56c S   1.10c ( +0.8 L  +0.7) LCB   57.12c P  7.56% WF   6.8 PSV       4 N       8  --  G17 C16 C15 B16 C13 E16
C18 : T -10.89c W -10.39c S  -0.50c ( -0.7 L  -0.5) LCB   -4.16c P  1.93% WF  15.1 PSV       3 N      16  --  C18 D13 E14 C15 E16 D10 P3 F17
C15 : T   3.45c W   2.92c S   0.53c ( +0.3 L  +0.1) LCB   25.07c P  3.06% WF   5.4 PSV       2 N       6  --  C15 C18 P3 B17 C13
Q4  : T  -6.26c W  -6.03c S  -0.23c ( -0.5 L  -0.3) LCB   15.65c P  0.99% WF   5.6 PSV       1 N       6  --  Q4 Q3 R5 P4
P3  : T -11.39c W -10.84c S  -0.55c ( -0.8 L  -0.5) LCB   -0.75c P  0.46% WF   8.6 PSV       0 N       9  --  P3 D13 E14 C18 G17 E13 C16
P4  : T  -7.82c W  -7.49c S  -0.32c ( -0.5 L  -0.3) LCB   39.96c P  0.30% WF   3.8 PSV       0 N       4  --  P4 P3 O3 Q3
P16 : T -10.82c W -10.28c S  -0.54c ( -0.7 L  -0.4) LCB   34.11c P  0.15% WF   3.8 PSV       0 N       4  --  P16 D13 E14 C18

2025-06-07 02:21:51+0900: MoveNum: 11 HASH: 970602D3FB0D2B8F676733F40E1D37AE
   A B C D E F G H J K L M N O P Q R S T
19 . . . . . . . . . . . . . . . . . . .
18 . . . . . . . . . . . . . . . . . . .
17 . . . . . . . . . X . . . . . . . . .
16 . . . O . . . . . . . . . . . . . . .
15 . . . . . . . . . . . . . . . X . . .
14 . . . . . . . . . . . . . . . . . . .
13 . . . . . . . . . . . . . . . . . . .
12 . . . . . . . . . . . . . . . . . . .
11 . . . . . . . . . . . . . . . . . . .
10 . . . . . . . . . . . . . . . . . . .
 9 . . . . . . . . . . . . . . . . . . .
 8 . . . . . . . . . . . . . . . . . . .
 7 . . . . . . . . . . . . . . . . . . .
 6 . . . . . . . . . . . . . . . . . . .
 5 . . . . . . . . . . . . . . . . . . .
 4 . . . O . . . . . . . . . . O . X . .
 3 . . . . . . . . . . . . X . . O2O X1.
 2 . . . . . . . . . . . . . . . . X3. .
 1 . . . . . . . . . . . . . . . . . . .

koSIMPLEscoreTERRITORYtaxSEKIsui0komi6.5
Root visits: 1003
New playouts: 1003
NN rows: 13812
NN batches: 6920
NN avg batch size: 1.99595
PV: R17 P17 Q16 P16 R15 S5 Q2 O5 P5 P6 O6 N5 Q6 P7 Q7 S2 R5 R6 Q5 P8 Q8
Tree:
: T -77.37c W -74.96c S  -2.41c ( -7.2 L  -4.8) N    1003  --  R17 P17 Q16 P16 R15 S5 Q2
---White(v)---
R17 : T -79.84c W -77.08c S  -2.75c ( -7.5 L  -5.1) LCB  -78.27c P 29.96% WF 789.6 PSV     774 N     774  --  R17 P17 Q16 P16 R15 S5 Q2 O5
S2  : T -60.46c W -60.32c S  -0.14c ( -5.0 L  -3.2) LCB  -56.94c P 57.35% WF  65.1 PSV      51 N      75  --  S2 T2 S4 S1 R5 Q17 Q14 R14
Q17 : T -74.15c W -72.30c S  -1.86c ( -6.6 L  -4.3) LCB  -71.30c P  7.09% WF  91.1 PSV      19 N      94  --  Q17 R17 S2 T2 S4 S1 R5 Q16
R6  : T -71.57c W -69.91c S  -1.65c ( -6.4 L  -4.3) LCB  -64.39c P  0.87% WF  24.0 PSV       1 N      25  --  R6 Q17 Q2 S5 O5 K3
Q16 : T -66.93c W -65.82c S  -1.10c ( -5.9 L  -3.8) LCB  -46.29c P  0.49% WF   6.7 PSV       0 N       7  --  Q16 R15 P16 R16 S2
O5  : T -61.00c W -60.65c S  -0.35c ( -5.2 L  -3.3) LCB  -27.23c P  0.80% WF   4.7 PSV       0 N       5  --  O5 Q17 M4 F17
Q2  : T -63.89c W -63.21c S  -0.67c ( -5.5 L  -3.7) LCB  -28.12c P  0.44% WF   4.7 PSV       0 N       5  --  Q2 R6 R17 S2
K3  : T -64.33c W -63.56c S  -0.78c ( -5.6 L  -3.6) LCB  -32.49c P  0.10% WF   4.7 PSV       0 N       5  --  K3 S5 Q2
P6  : T -62.99c W -62.29c S  -0.70c ( -5.5 L  -3.5) LCB   14.79c P  0.38% WF   2.8 PSV       0 N       3  --  P6 Q17 S5
K4  : T -69.36c W -68.04c S  -1.33c ( -6.1 L  -4.0) LCB    4.44c P  0.06% WF   2.9 PSV       0 N       3  --  K4 Q17

2025-06-07 02:21:54+0900: MoveNum: 11 HASH: 202A9A721B2EACB56FBE9524C1266CFA
   A B C D E F G H J K L M N O P Q R S T
19 . . . . . . . . . . . . . . . . . . .
18 . . . . . . . . . . . . . . . . . . .
17 . . . O . . . . . . . . . . . . . . .
16 . . . O . . . . . . . . . . . . O . .
15 . . O . . . . . . . . . . . . . . . .
14 . . X X1. . . . . . . . . . . . . . .
13 . . . . . . . . . . . . . . . . . . .
12 . . . . . . . . . . . . . . . . . . .
11 . . X . . . . . . . . . . . . . . . .
10 . . . . . . . . . . . . . . . . . . .
 9 . . . . . . . . . . . . . . . . . . .
 8 . . . . . . . . . . . . . . . . . . .
 7 . . . . . . . . . . . . . . . . . . .
 6 . . . . . . . . . . . . . . . . . . .
 5 . . . . . . . . . . . . . . . . . . .
 4 . . . . . . . . . . . . . . O2. X . .
 3 . . . X . . . . . . . . . . X3. . . .
 2 . . . . . . . . . . . . . . . . . . .
 1 . . . . . . . . . . . . . . . . . . .

koSIMPLEscoreTERRITORYtaxSEKIsui0komi6.5
Root visits: 1003
New playouts: 1003
NN rows: 14781
NN batches: 7405
NN avg batch size: 1.99608
PV: O3 Q3 O4 R6 D5 K3 C3 P6 M6 G3 D2 C4 D4 E3 E2 F2 F4 C2
Tree:
: T  30.54c W  29.97c S   0.57c ( +2.2 L  +1.3) N    1003  --  O3 Q3 O4 R6 D5 K3 C3
---White(v)---
O3  : T  30.35c W  29.79c S   0.56c ( +2.2 L  +1.3) LCB   31.65c P 96.41% WF 990.6 PSV     990 N     990  --  O3 Q3 O4 R6 D5 K3 C3 P6
D4  : T  43.91c W  42.30c S   1.62c ( +3.2 L  +2.0) LCB   64.54c P  1.65% WF   5.7 PSV       1 N       6  --  D4 C4 O3 Q3
C4  : T  48.12c W  46.14c S   1.98c ( +3.6 L  +2.2) LCB  122.75c P  0.33% WF   2.8 PSV       0 N       3  --  C4 C3 O3
Q4  : T  54.55c W  52.21c S   2.34c ( +3.9 L  +2.6) LCB  404.55c P  0.61% WF   0.9 PSV       0 N       1  --  Q4
O4  : T  55.01c W  52.60c S   2.42c ( +4.0 L  +2.5) LCB  405.01c P  0.13% WF   0.9 PSV       0 N       1  --  O4
D11 : T  46.46c W  44.58c S   1.87c ( +3.5 L  +2.3) LCB  396.46c P  0.03% WF   1.0 PSV       0 N       1  --  D11

2025-06-07 02:21:58+0900: MoveNum: 11 HASH: E1FB7085FC39D834D8CE49AC136CC9FC
   A B C D E F G H J K L M N O P Q R S T
19 . . . . . . . . . . . . . . . . . . .
18 . . . . . . . . . . . . . . . . . . .
17 . . . O X1. . . X3. . . . . . X . . .
16 . . O . X . . . . . . . . . . . . . .
15 . . . . . . . . . . . . . . . . . . .
14 . . . O2. . . . . . . . . . . . . . .
13 . . . . . . . . . . . . . . . . . . .
12 . . . . . . . . . . . . . . . . . . .
11 . . . . . . . . . . . . . . . . . . .
10 . . . . . . . . . . . . . . . . . . .
 9 . . . . . . . . . . . . . . . . . . .
 8 . . . . . . . . . . . . . . . . . . .
 7 . . . . . . . . . . . . . . . . . . .
 6 . . . O . . . . . . . . . . . . . . .
 5 . . . . . . . . . . . . . . . . . . .
 4 . . . O . . . . . . . . . . . . X . .
 3 . . . . . X . . . . . . . . . . . . .
 2 . . . . . . . . . . . . . . . . . . .
 1 . . . . . . . . . . . . . . . . . . .

koSIMPLEscoreTERRITORYtaxSEKIsui0komi6.5
Root visits: 1003
New playouts: 1003
NN rows: 15744
NN batches: 7888
NN avg batch size: 1.99594
PV: Q15 R15 R14 R16 Q14 R10 O16 P4 O4 O3 N3 N4 O5 M3 N2 P3 L3
Tree:
: T   3.20c W   3.11c S   0.09c ( +0.3 L  +0.0) N    1003  --  Q15 R15 R14 R16 Q14 R10 O16
---White(v)---
Q15 : T   1.35c W   1.41c S  -0.06c ( +0.1 L  -0.0) LCB    2.56c P 27.51% WF 374.7 PSV     369 N     369  --  Q15 R15 R14 R16 Q14 R10 O16 P4
P4  : T   3.21c W   3.12c S   0.09c ( +0.3 L  +0.0) LCB    5.05c P 27.25% WF 221.5 PSV     121 N     222  --  P4 P3 O3 Q3 O4 K4 R15 R12
R15 : T   3.13c W   3.03c S   0.10c ( +0.3 L  +0.0) LCB    4.76c P 15.81% WF 161.7 PSV      73 N     162  --  R15 R12 O15 R16 Q15 O17 Q4 Q3
P3  : T   5.33c W   5.08c S   0.25c ( +0.4 L  +0.1) LCB    7.29c P 18.82% WF 121.7 PSV      47 N     124  --  P3 Q15 Q5 R5 Q6 R7 J3 Q7
G17 : T   7.19c W   6.79c S   0.40c ( +0.6 L  +0.2) LCB   10.45c P  3.89% WF  44.8 PSV       7 N      46  --  G17 G16 Q15 R15 R14 R16 Q14 O16
F15 : T   9.31c W   8.71c S   0.60c ( +0.8 L  +0.3) LCB   17.92c P  1.86% WF  10.7 PSV       2 N      11  --  F15 D18 C18 E14 E15
Q14 : T   6.86c W   6.49c S   0.37c ( +0.5 L  +0.2) LCB   10.96c P  0.67% WF  16.7 PSV       1 N      17  --  Q14 R15 P4 P3 O3 Q3 O4 R6
O4  : T   4.84c W   4.60c S   0.24c ( +0.4 L  +0.1) LCB    7.40c P  0.35% WF  26.7 PSV       0 N      27  --  O4 P3 Q15 R15 R14 R16 Q14 O16
E3  : T   5.36c W   5.11c S   0.25c ( +0.4 L  +0.1) LCB   11.71c P  0.19% WF  11.9 PSV       0 N      12  --  E3 Q15 P4 M3 Q7 R6
J16 : T   8.19c W   7.71c S   0.47c ( +0.6 L  +0.3) LCB   17.31c P  0.57% WF   9.8 PSV       0 N      10  --  J16 K16 H17 H16 J15 G17

2025-06-07 02:22:01+0900: MoveNum: 11 HASH: 6D50942C50367A13D4E582D9C0ABE27D
   A B C D E F G H J K L M N O P Q R S T
19 . . . . . . . . . . . . . . . . . . .
18 . . . . . . . . . . . . . . . . . . .
17 . . . . . . . . . . . . . . . O . . .
16 . . . X . . . . . . . . . . . O . . .
15 . . . . . . . . . . . . . . . . . . .
14 . . . . . . . . . . . . . . . . . . .
13 . . . . . . . . . . . . . . . . O . .
12 . . . . . . . . . . . . . . . . . . .
11 . . . . . . . . . . . . . . . . . . .
10 . . . . . . . . . . . . . . . . X . .
 9 . . . . . . . . . . . . . . . . . . .
 8 . . . . . . . . . . . . . . . . . . .
 7 . . . . . . . . . . . . . . . . . . .
 6 . . . . . . . . . . . . . . . . . . .
 5 . . . . . . . . . . . . . . . . . . .
 4 . . . O . O2X3. . . . . . . . . X . .
 3 . . . . . X1. . . . . . . . X . . . .
 2 . . . . . . . . . . . . . . . . . . .
 1 . . . . . . . . . . . . . . . . . . .

koSIMPLEscoreTERRITORYtaxSEKIsui0komi6.5
Root visits: 1003
New playouts: 1003
NN rows: 16735
NN batches: 8385
NN avg batch size: 1.99583
PV: F5 E2 C17 C16 D17 F17 E17 E16 F18 G5 D2 D3 C3 E3 C2 Q13 R14 E4 D5 E5 D7 N6 O4 O3 M4
Tree:
: T  35.47c W  33.73c S   1.74c ( +2.7 L  +1.6) N    1003  --  F5 E2 C17 C16 D17 F17 E17
---White(v)---
F5  : T  35.17c W  33.45c S   1.72c ( +2.7 L  +1.5) LCB   36.95c P 97.06% WF 972.4 PSV     971 N     971  --  F5 E2 C17 C16 D17 F17 E17 E16
E3  : T  46.59c W  43.85c S   2.75c ( +3.7 L  +2.2) LCB   57.48c P  1.80% WF  15.1 PSV       2 N      16  --  E3 F5 E4 F2 G5 H4 H5 J5
G5  : T  43.24c W  40.86c S   2.38c ( +3.3 L  +2.0) LCB   54.20c P  0.03% WF   8.7 PSV       0 N       9  --  G5 H4 E3 F5 E4 F2 H5 J5
Q4  : T  48.62c W  45.86c S   2.76c ( +3.7 L  +2.4) LCB   95.58c P  0.08% WF   3.8 PSV       0 N       4  --  Q4 Q3 F5 E2
G3  : T  48.24c W  45.60c S   2.64c ( +3.5 L  +2.6) LCB  398.24c P  0.14% WF   1.0 PSV       0 N       1  --  G3
Q3  : T  48.04c W  45.40c S   2.65c ( +3.5 L  +2.6) LCB  398.04c P  0.03% WF   1.0 PSV       0 N       1  --  Q3

2025-06-07 02:22:05+0900: MoveNum: 11 HASH: 0045C6761E2F41E75F7B333DB9865F50
   A B C D E F G H J K L M N O P Q R S T
19 . . . . . . . . . . . . . . . . . . .
18 . . . . . . . . . . . . . . . . . . .
17 . . . . . . . . . . . . . . . . . . .
16 . . . O . . . . . . . . . O . O . . .
15 . . . . . . . . . . . . . . . . O . .
14 . . . . . . . . . . . . . . . X X . .
13 . . . . . . . . . . . . . . . . . . .
12 . . . . . . . . . . . . . . . . . . .
11 . . . . . . . . . . . . . . . . . . .
10 . . . . . . . . . . . . . . . X1. . .
 9 . . . . . . . . . . . . . . . . . . .
 8 . . . . . . . . . . . . . . . . . . .
 7 . . . . . . . . . . . . . . . . . . .
 6 . . . . . . . . . . . . . . . . . . .
 5 . . X3O2. . . . . . . . . . . . . . .
 4 . . . . . . . . . . . . . . . . X . .
 3 . . . X . . . . . . . . . . . . . . .
 2 . . . . . . . . . . . . . . . . . . .
 1 . . . . . . . . . . . . . . . . . . .

koSIMPLEscoreTERRITORYtaxSEKIsui0komi6.5
Root visits: 1003
New playouts: 1003
NN rows: 17684
NN batches: 8860
NN avg batch size: 1.99594
PV: C6 C4 D6 F4 P3 M3 P5 Q6 H3 G2 P6 Q7 P7 Q8 L6 D10 H5 G5
Tree:
: T  -8.07c W  -7.91c S  -0.16c ( -0.6 L  -0.5) N    1003  --  C6 C4 D6 F4 P3 M3 P5
---White(v)---
C6  : T  -8.50c W  -8.31c S  -0.19c ( -0.6 L  -0.5) LCB   -7.80c P 95.80% WF 966.8 PSV     965 N     965  --  C6 C4 D6 F4 P3 M3 P5 Q6
D4  : T   6.15c W   5.22c S   0.93c ( +0.5 L  +0.1) LCB   35.33c P  1.87% WF   4.7 PSV       1 N       5  --  D4 C4 E3 D6 C3
Q4  : T   1.41c W   0.86c S   0.55c ( +0.1 L  -0.1) LCB    6.68c P  0.77% WF  12.4 PSV       0 N      13  --  Q4 Q3 C6 C4 D6 F3 R5
Q3  : T   1.66c W   1.04c S   0.61c ( +0.2 L  -0.1) LCB    9.55c P  0.24% WF   9.6 PSV       0 N      10  --  Q3 R3 C6 C4 D6 F3 S12
D6  : T   6.09c W   5.15c S   0.93c ( +0.5 L  +0.1) LCB   28.87c P  0.23% WF   5.7 PSV       0 N       6  --  D6 C6 D4 C4 E3 D7
P3  : T  13.21c W  11.87c S   1.34c ( +0.9 L  +0.5) LCB  363.21c P  0.15% WF   0.9 PSV       0 N       1  --  P3
P11 : T  16.66c W  14.89c S   1.77c ( +1.3 L  +0.6) LCB  366.66c P  0.03% WF   0.9 PSV       0 N       1  --  P11
Q11 : T  11.65c W  10.27c S   1.38c ( +0.9 L  +0.3) LCB  361.65c P  0.03% WF   0.9 PSV       0 N       1  --  Q11

2025-06-07 02:22:07+0900: MoveNum: 11 HASH: F72E16877AE608762E48760ADB307B22
   A B C D E F G H J K L M N O P Q R S T
19 . . . . . . . . . . . . . . . . . . .
18 . . . . . . . . . . . . . . . . . . .
17 . . X1X3. . . . . . . . . . . X . . .
16 . . O2O . . . . . . . . . . . . . . .
15 . . . . . . . . . . . . . . . . . . .
14 . . X . . . . . . . . . . . . . . . .
13 . . . . . . . . . . . . . . . . . . .
12 . . O . . . . . . . . . . . . . . . .
11 . . . . . . . . . . . . . . . . . . .
10 . . . . . . . . . . . . . . . . . . .
 9 . . . . . . . . . . . . . . . . . . .
 8 . . . . . . . . . . . . . . . . . . .
 7 . . . . . . . . . . . . . . . . . . .
 6 . . . . . . . . . . . . . . . . . . .
 5 . . . . . . . . . . . . . . . . . . .
 4 . . O . X . . O . . . . . . . . X . .
 3 . . . . . . . . . . . . . . . . . . .
 2 . . . . . . . . . . . . . . . . . . .
 1 . . . . . . . . . . . . . . . . . . .

koSIMPLEscoreTERRITORYtaxSEKIsui0komi6.5
Root visits: 1003
New playouts: 1003
NN rows: 18639
NN batches: 9327
NN avg batch size: 1.99839
PV: E16 E17 F16 F17 G16 C3 P4 N3 R3 Q3 Q4 P3 O3 O2 O4 Q2 N4
Tree:
: T  -6.95c W  -6.49c S  -0.46c ( -0.4 L  -0.3) N    1003  --  E16 E17 F16 F17 G16 C3 P4
---White(v)---
E16 : T  -7.23c W  -6.75c S  -0.48c ( -0.5 L  -0.3) LCB   -6.33c P 99.34% WF 992.0 PSV     991 N     991  --  E16 E17 F16 F17 G16 C3 P4 N3
E17 : T  17.55c W  16.29c S   1.26c ( +1.2 L  +0.7) LCB   48.26c P  0.11% WF   4.5 PSV       0 N       5  --  E17 B16 B15 B17 C15
B17 : T  17.28c W  15.93c S   1.35c ( +1.3 L  +0.7) LCB   91.16c P  0.05% WF   2.8 PSV       0 N       3  --  B17 B18 B16
E15 : T  35.51c W  32.83c S   2.68c ( +2.6 L  +1.6) LCB  385.51c P  0.03% WF   0.9 PSV       0 N       1  --  E15
Q4  : T  28.78c W  26.84c S   1.94c ( +1.9 L  +1.4) LCB  378.78c P  0.02% WF   0.9 PSV       0 N       1  --  Q4
F16 : T  28.48c W  26.67c S   1.81c ( +1.7 L  +1.3) LCB  378.48c P  0.02% WF   0.9 PSV       0 N       1  --  F16

2025-06-07 02:22:10+0900: MoveNum: 11 HASH: 5F53ABDE5492E930B4CC89DEF88B9BA3
   A B C D E F G H J K L M N O P Q R S T
19 . . . . . . . . . . . . . . . . . . .
18 . . . . . . . . . . . . . . . . . . .
17 . X1O O2. . . . . . . . . . . . . . .
16 . . X . O . X . . . . . . . . O . . .
15 . . . . . . . . . . . . . . . . . . .
14 . . . . . . . . . . . . . . . . . . .
13 . . X3. . . . . . . . . . . . . . . .
12 . . . . . . . . . . . . . . . . . . .
11 . . . . . . . . . . . . . . . . . . .
10 . . . . . . . . . . . . . . . . . . .
 9 . . X . . . . . . . . . . . . . . . .
 8 . . . . . . . . . . . . . . . . . . .
 7 . . . . . . . . . . . . . . . . . . .
 6 . . . . . . . . . . . . . . . . . . .
 5 . . . . . . . . . . . . . . . . . . .
 4 . . . . . . . . . . . . . . . O . . .
 3 . . . X . . . . . . . . . . . . . . .
 2 . . . . . . . . . . . . . . . . . . .
 1 . . . . . . . . . . . . . . . . . . .

koSIMPLEscoreTERRITORYtaxSEKIsui0komi6.5
Root visits: 1003
New playouts: 1003
NN rows: 19566
NN batches: 9792
NN avg batch size: 1.99816
PV: D4 C4 E3 E4 D5 F3 E2 C3 F2 E5 C5 D6 B5 C6 G3 B6 E14 R3 Q3 R4 R6 R5 Q5 S6 B15
Tree:
: T -37.58c W -36.70c S  -0.88c ( -2.9 L  -1.9) N    1003  --  D4 C4 E3 E4 D5 F3 E2
---White(v)---
D4  : T -40.73c W -39.60c S  -1.12c ( -3.1 L  -2.0) LCB  -37.95c P 21.75% WF 356.6 PSV     348 N     348  --  D4 C4 E3 E4 D5 F3 E2 C3
E14 : T -36.73c W -35.98c S  -0.75c ( -2.8 L  -1.8) LCB  -33.58c P 31.60% WF 195.7 PSV     113 N     198  --  E14 B15 D4 C4 E3 E4 D5 F3
D13 : T -39.85c W -38.68c S  -1.17c ( -3.2 L  -2.2) LCB  -34.17c P  9.43% WF 169.2 PSV      85 N     167  --  D13 D12 C14 D14 E13 B14 C12 C15
J16 : T -33.58c W -33.02c S  -0.56c ( -2.6 L  -1.6) LCB  -29.50c P 10.23% WF  61.1 PSV      22 N      63  --  J16 G14 E14 B15 D13 C12 D12 G18
J17 : T -34.07c W -33.42c S  -0.65c ( -2.7 L  -1.7) LCB  -27.45c P  7.85% WF  76.7 PSV      18 N      79  --  J17 G18 F15 G15 B15 B16 C15 D15
B18 : T -33.77c W -33.35c S  -0.42c ( -2.5 L  -1.7) LCB  -30.83c P  1.90% WF  29.3 PSV       4 N      30  --  B18 R3 R4 Q3 O3 P3 P4 O2
D5  : T -33.55c W -33.05c S  -0.50c ( -2.5 L  -1.6) LCB  -28.11c P  2.05% WF  24.4 PSV       4 N      25  --  D5 F3 E14 B15 G17 H17 H16
G17 : T -29.24c W -29.07c S  -0.17c ( -2.2 L  -1.4) LCB  -22.23c P  2.80% WF  16.2 PSV       4 N      17  --  G17 H17 H16 G15 J17 H18 G18 J18
K16 : T -35.08c W -34.37c S  -0.71c ( -2.8 L  -1.7) LCB  -30.62c P  1.18% WF  21.6 PSV       3 N      22  --  K16 B15 G17 H17 H16 J17 G15
B15 : T -26.19c W -26.16c S  -0.02c ( -2.1 L  -1.4) LCB   -9.83c P  3.33% WF  12.3 PSV       3 N      13  --  B15 B16 C15 D16 D15 E15 F16 B18

2025-06-07 02:22:13+0900: MoveNum: 11 HASH: 4204768EFFF7382F698A6347ACCE4F25
   A B C D E F G H J K L M N O P Q R S T
19 . . . . . . . . . . . . . . . . . . .
18 . . . . . . . . . . . . . . . . . . .
17 . . . X O O X3X1. . . . . . . . . . .
16 . . X . X . O2. . . . . . . . O . . .
15 . . . . . . . . . . . . . . . . . . .
14 . . . . . . . . . . . . . . . . . . .
13 . . . . . . . . . . . . . . . . . . .
12 . . . . . . . . . . . . . . . . . . .
11 . . . . . . . . . . . . . . . . . . .
10 . . . . . . . . . . . . . . . . . . .
 9 . . . . . . . . . . . . . . . . . . .
 8 . . . . . . . . . . . . . . . . . . .
 7 . . . . . . . . . . . . . . . . . . .
 6 . . . . . . . . . . . . . . . . . . .
 5 . . . . . . . . . . . . . . . . . . .
 4 . . . . . . . . . . . . . . . O . . .
 3 . . . X . . . . . . . . . . . . . . .
 2 . . . . . . . . . . . . . . . . . . .
 1 . . . . . . . . . . . . . . . . . . .

koSIMPLEscoreTERRITORYtaxSEKIsui0komi6.5
Root visits: 1003
New playouts: 1003
NN rows: 20449
NN batches: 10235
NN avg batch size: 1.99795
PV: F16 E15 F14 L17 E14 C13 C5 J15 H14 O17 E4 E3 F4 G3 R14 R3 R4 Q3 P3 P2
Tree:
: T -55.10c W -54.22c S  -0.89c ( -4.5 L  -2.8) N    1003  --  F16 E15 F14 L17 E14 C13 C5
---White(v)---
F16 : T -55.58c W -54.66c S  -0.92c ( -4.5 L  -2.8) LCB  -54.15c P 99.88% WF 996.8 PSV     995 N     994  --  F16 E15 F14 L17 E14 C13 C5 J15
D15 : T   8.13c W   4.11c S   4.02c ( +0.1 L  -0.1) LCB  160.25c P  0.02% WF   1.6 PSV       0 N       2  --  D15 F16
C3  : T  49.62c W  42.64c S   6.98c ( +3.0 L  +2.1) LCB  399.62c P  0.00% WF   0.7 PSV       0 N       1  --  C3
D18 : T  73.90c W  65.89c S   8.01c ( +3.8 L  +3.9) LCB  423.90c P  0.00% WF   0.7 PSV       0 N       1  --  D18
C4  : T  50.28c W  43.35c S   6.93c ( +2.9 L  +2.1) LCB  400.28c P  0.00% WF   0.7 PSV       0 N       1  --  C4
E3  : T  49.49c W  42.60c S   6.89c ( +2.9 L  +2.2) LCB  399.49c P  0.00% WF   0.7 PSV       0 N       1  --  E3
D4  : T  50.73c W  43.90c S   6.83c ( +2.8 L  +2.3) LCB  400.73c P  0.00% WF   0.7 PSV       0 N       1  --  D4

2025-06-07 02:22:16+0900: MoveNum: 11 HASH: 1075395EAAF41F52C6A7CB80955F1C2C
   A B C D E F G H J K L M N O P Q R S T
19 . . . . . . . . . . . . . . . . . . .
18 . . . . . . . . . . . . . . . . . . .
17 . . . . . . . . . . . . . . . O . . .
16 . . X . . . . . . . . . . . . . . . .
15 . . . . . . . . . . . . . . . X . . .
14 . . . . . . . . . . . . . . . . . . .
13 . . . . . . . . . . . . . . . . O . .
12 . . . . . . . . . . . . . . . . . . .
11 . . . . . . . . . . . . . . . . . . .
10 . . . . . . . . . . . . . . . . . . .
 9 . . . . . . . . . . . . . . . . . . .
 8 . . . . . . . . . . . . . . . . . . .
 7 . . . . . . . . . . . . . . . . . . .
 6 . . . . . . . . . . . . . . . . . . .
 5 . . O . . . . . . . . . . . . . O2. .
 4 . X3. . . . . . . . . . . . . . . . .
 3 . . . X . . . . . X . . . X1. O . . .
 2 . . . . . . . . . . . . . . . . . . .
 1 . . . . . . . . . . . . . . . . . . .

koSIMPLEscoreTERRITORYtaxSEKIsui0komi6.5
Root visits: 1003
New playouts: 1003
NN rows: 21375
NN batches: 10699
NN avg batch size: 1.99785
PV: O17 F17 C9 E5 P13 N16 O16 R17 R18
Tree:
: T -41.56c W -40.63c S  -0.93c ( -3.2 L  -2.0) N    1003  --  O17 F17 C9 E5 P13 N16 O16
---White(v)---
O17 : T -43.00c W -41.89c S  -1.11c ( -3.3 L  -2.1) LCB  -40.11c P 18.46% WF 202.2 PSV     200 N     200  --  O17 F17 C9 E5 P13 N16 O16 R17
P13 : T -43.24c W -42.10c S  -1.14c ( -3.4 L  -2.1) LCB  -40.74c P  7.20% WF 187.3 PSV      95 N     185  --  P13 F17 D16 D15 C17 D17 E16 E17
E16 : T -41.36c W -40.48c S  -0.88c ( -3.1 L  -1.9) LCB  -38.76c P 14.17% WF 128.7 PSV      69 N     129  --  E16 R17 C17 Q16 P17 S16 M17 B17
R15 : T -41.67c W -40.89c S  -0.79c ( -3.0 L  -1.9) LCB  -39.04c P 11.90% WF 119.0 PSV      65 N     119  --  R15 Q14 R14 Q16 R16 P17 Q18 C8
E17 : T -37.45c W -36.91c S  -0.54c ( -2.8 L  -1.7) LCB  -34.03c P 28.11% WF  94.9 PSV      59 N      98  --  E17 R17 D15 C15 D14 C13 O16 Q16
O16 : T -41.03c W -40.10c S  -0.92c ( -3.2 L  -2.0) LCB  -37.65c P 10.66% WF  93.6 PSV      46 N      94  --  O16 P14 R16 M17 M16 L16 M15 N18
N17 : T -41.01c W -40.17c S  -0.84c ( -3.1 L  -1.9) LCB  -37.93c P  3.81% WF  83.6 PSV      16 N      84  --  N17 F17 C9 R17 R18 R16 P18 N16
F16 : T -42.70c W -41.68c S  -1.02c ( -3.3 L  -2.1) LCB  -38.35c P  0.67% WF  54.3 PSV       5 N      54  --  F16 D14 O17 P16 P17 R16 P14
N16 : T -40.94c W -40.04c S  -0.91c ( -3.1 L  -2.0) LCB  -33.33c P  0.76% WF  18.9 PSV       3 N      19  --  N16 F17 C9 R17 R18 R16 P18 O15
E5  : T -33.04c W -32.89c S  -0.15c ( -2.4 L  -1.5) LCB  -16.91c P  0.36% WF   7.7 PSV       0 N       8  --  E5 R17 R16 Q16 R15 R14 S17

2025-06-07 02:22:18+0900: MoveNum: 11 HASH: 63BAFFF0854DFFA53039EF65623130C0
   A B C D E F G H J K L M N O P Q R S T
19 . . . . . . . . . . . . . . . . . . .
18 . . . . . . . . . . . . . . . . . . .
17 . . . X1X O . . . . . . . . . . . . .
16 . . X . O . O2. . . . . . . . O . . .
15 . . . . . . . . . . . . . . . . . . .
14 . . . . . . . . . . . . . . . . . . .
13 . . X3. . . . . . . . . . . . . . . .
12 . . . . . . . . . . . . . . . . . . .
11 . . . . . . . . . . . . . . . . . . .
10 . . . . . . . . . O . . . . . . . . .
 9 . . . . . . . . . . . . . . . . . . .
 8 . . . . . . . . . . . . . . . . . . .
 7 . . . . . . . . . . . . . . . . . . .
 6 . . . . . . . . . . . . . . . . . . .
 5 . . . . . . . . . . . . . . . . . . .
 4 . . . . . . . . . . . . . . . . X . .
 3 . . . X . . . . . . . . . . . . . . .
 2 . . . . . . . . . . . . . . . . . . .
 1 . . . . . . . . . . . . . . . . . . .

koSIMPLEscoreTERRITORYtaxSEKIsui0komi6.5
Root visits: 1003
New playouts: 1003
NN rows: 22296
NN batches: 11160
NN avg batch size: 1.99785
PV: P3 Q3 P4 R6 C5 E4 J3 D6 C7 L3 J5 L5
Tree:
: T  24.48c W  24.08c S   0.40c ( +1.8 L  +1.1) N    1003  --  P3 Q3 P4 R6 C5 E4 J3
---White(v)---
P3  : T  21.65c W  21.45c S   0.20c ( +1.6 L  +0.9) LCB   22.80c P 43.53% WF 568.0 PSV     555 N     555  --  P3 Q3 P4 R6 C5 E4 J3 D6
D16 : T  29.67c W  28.92c S   0.74c ( +2.1 L  +1.2) LCB   33.67c P 21.43% WF  89.9 PSV      33 N      94  --  D16 C17 P3 H17 D13 F18 C14 C12
C5  : T  26.21c W  25.70c S   0.51c ( +1.9 L  +1.1) LCB   28.42c P  7.55% WF 104.0 PSV      18 N     106  --  C5 O3 N17 C4 D5 F3 D16 C17
D13 : T  28.86c W  28.10c S   0.76c ( +2.1 L  +1.3) LCB   34.22c P 10.19% WF  58.9 PSV      17 N      61  --  D13 F15 C14 F16 G17 C12 D12 B14
N17 : T  26.72c W  26.15c S   0.57c ( +2.0 L  +1.1) LCB   29.61c P  5.06% WF  81.2 PSV      11 N      83  --  N17 O3 C5 C4 D5 F3 D16 C17
O17 : T  27.35c W  26.75c S   0.61c ( +2.0 L  +1.2) LCB   31.53c P  3.45% WF  48.8 PSV       7 N      50  --  O17 O3 C5 C4 D5 F3 D16 C17
D14 : T  32.25c W  31.28c S   0.97c ( +2.4 L  +1.5) LCB   38.15c P  3.18% WF  19.1 PSV       3 N      20  --  D14 C14 P3 Q3 P4 R6 C5 C4
P4  : T  31.28c W  30.44c S   0.84c ( +2.2 L  +1.3) LCB   39.05c P  1.04% WF  10.6 PSV       1 N      11  --  P4 P3 O3 Q3 O4 R6 C5 C4
N16 : T  29.53c W  28.76c S   0.76c ( +2.2 L  +1.3) LCB   41.99c P  0.33% WF   7.8 PSV       0 N       8  --  N16 O3 C5 C4 D5 F3 D16
O4  : T  32.06c W  31.08c S   0.97c ( +2.3 L  +1.4) LCB  106.50c P  0.41% WF   2.9 PSV       0 N       3  --  O4 Q6 C5

2025-06-07 02:22:21+0900: MoveNum: 11 HASH: BAFDD8BEFE79A7C97E09C6E56848369D
   A B C D E F G H J K L M N O P Q R S T
19 . . . . . . . . . . . . . . . . . . .
18 . . . . . . . . . . . . . . . . . . .
17 . . . . . . . . . . . . . . . O . . .
16 . . X . . . . . . . . . . O . . . . .
15 . . . . . . . . . . . . . . . X . . .
14 . . . . . . . . . . . . . . X . . . .
13 . . . . . . . . . . . . . . . . O . .
12 . . . . . . . . . . . . . . . X1O2. .
11 . . . . . . . . . . . . . . . X3. . .
10 . . . . . . . . . . . . . . . . . . .
 9 . . . . . . . . . . . . . . . . . . .
 8 . . . . . . . . . . . . . . . . . . .
 7 . . . . . . . . . . . . . . . . . . .
 6 . . . . . . . . . . . . . . . . . . .
 5 . . . . . . . . . . . . . . . . . . .
 4 . . . X . . . . . . . . . . . O . . .
 3 . . . . . . . . . . . . . . . . . . .
 2 . . . . . . . . . . . . . . . . . . .
 1 . . . . . . . . . . . . . . . . . . .

koSIMPLEscoreTERRITORYtaxSEKIsui0komi6.5
Root visits: 1003
New playouts: 1003
NN rows: 23275
NN batches: 11651
NN avg batch size: 1.99768
PV: R15 R16 Q16 R14 S15 S14 S16 Q13 R6 F3 E17 O3 B5 B4 C13 D14 D13 D17 E16 C14 E14 E13 F14 E12 B13
Tree:
: T  12.87c W  12.14c S   0.74c ( +0.9 L  +0.5) N    1003  --  R15 R16 Q16 R14 S15 S14 S16
---White(v)---
R15 : T  11.36c W  10.74c S   0.62c ( +0.8 L  +0.4) LCB   12.64c P 81.75% WF 743.2 PSV     735 N     735  --  R15 R16 Q16 R14 S15 S14 S16 Q13
R11 : T  16.48c W  15.43c S   1.05c ( +1.2 L  +0.5) LCB   20.16c P  6.31% WF  76.5 PSV      14 N      79  --  R11 Q10 R9 E16 Q9 R3 Q3 R4
R10 : T  16.34c W  15.33c S   1.01c ( +1.2 L  +0.6) LCB   20.39c P  3.04% WF  55.4 PSV       6 N      57  --  R10 P9 E17 R16 R17 R8 R6 M17
S10 : T  15.08c W  14.12c S   0.96c ( +1.2 L  +0.5) LCB   19.84c P  0.91% WF  69.5 PSV       2 N      71  --  S10 R17 R16 Q16 S17 R18 P17 S16
E17 : T  18.92c W  17.75c S   1.18c ( +1.4 L  +0.7) LCB   26.94c P  1.47% WF  18.3 PSV       2 N      19  --  E17 R16 R10 M17 N17 M16
Q13 : T  39.72c W  36.97c S   2.74c ( +2.9 L  +2.0) LCB   86.64c P  4.00% WF   4.5 PSV       2 N       5  --  Q13 P13 R15 R16 Q16
D16 : T  21.65c W  20.31c S   1.35c ( +1.5 L  +0.8) LCB   31.89c P  0.55% WF  18.1 PSV       0 N      19  --  D16 D17 R15 R16 Q16 R14 S15 S14
E16 : T  17.37c W  16.33c S   1.04c ( +1.2 L  +0.6) LCB   34.16c P  0.26% WF   6.8 PSV       0 N       7  --  E16 R16 R10 M17
C3  : T  21.51c W  20.13c S   1.38c ( +1.6 L  +0.7) LCB   67.23c P  0.25% WF   3.9 PSV       0 N       4  --  C3 D3 C4
L16 : T  21.78c W  20.37c S   1.41c ( +1.6 L  +0.9) LCB  170.80c P  0.11% WF   1.9 PSV       0 N       2  --  L16 R3

2025-06-07 02:22:24+0900: MoveNum: 11 HASH: 93C94C21D97E7E86745A9E5B7587566F
   A B C D E F G H J K L M N O P Q R S T
19 . . . . . . . . . . . . . . . . . . .
18 . . . . . . . . . . . . . . . . . . .
17 . . . . . . . . . . . . . . . . . . .
16 . . X . X . . . . . . . . . . . O . .
15 . . . . . . . . . . . . . . . . . . .
14 . . . . . . . . . . . . . . . . . . .
13 . . . O . . . . . . . . . . . . . . .
12 . . . . . . . . . . . . . . . . . . .
11 . . X1O2. . . . . . . . . . . . . . .
10 . . . X3. . . . . . . . . . . . . . .
 9 . . . . . . . . . . . . . . . . . . .
 8 . . . . . . . . . . . . . . . . . . .
 7 . . . . . . . . . . . . . . . . . . .
 6 . . . . . . . . . . . . . . . . . . .
 5 . . . O . . . . . . . . . . . . . . .
 4 . . . . . . . . . . . . . . . O . . .
 3 . . . X . . X . . . . . . . . . . . .
 2 . . . . . . . . . . . . . . . . . . .
 1 . . . . . . . . . . . . . . . . . . .

koSIMPLEscoreTERRITORYtaxSEKIsui0komi6.5
Root visits: 1003
New playouts: 1003
NN rows: 24258
NN batches: 12144
NN avg batch size: 1.99753
PV: E11 C12 G17 D12 C3 C2 C4 P17 D15 D16 E12 F14 F13 E14 E13 H16
Tree:
: T  22.45c W  21.62c S   0.83c ( +1.6 L  +0.9) N    1003  --  E11 C12 G17 D12 C3 C2 C4
---White(v)---
E11 : T  21.51c W  20.75c S   0.75c ( +1.6 L  +0.9) LCB   23.02c P 89.56% WF 872.7 PSV     867 N     867  --  E11 C12 G17 D12 C3 C2 C4 P17
C10 : T  28.36c W  27.01c S   1.36c ( +2.2 L  +1.3) LCB   35.39c P  8.55% WF  72.5 PSV      16 N      76  --  C10 E11 D12 C9 B10 D9 B9 B8
F4  : T  27.44c W  26.22c S   1.21c ( +2.0 L  +1.2) LCB   33.74c P  0.14% WF  44.4 PSV       0 N      46  --  F4 D12 F3 E11 B5 E5 D4 F2
D15 : T  38.05c W  36.07c S   1.99c ( +2.8 L  +1.8) LCB   84.76c P  0.36% WF   3.8 PSV       0 N       4  --  D15 D16 E11 C12
D17 : T  39.06c W  36.95c S   2.11c ( +2.9 L  +1.9) LCB  121.27c P  0.23% WF   2.8 PSV       0 N       3  --  D17 D16 C10
E10 : T  35.88c W  34.03c S   1.85c ( +2.6 L  +1.7) LCB  184.94c P  0.24% WF   1.9 PSV       0 N       2  --  E10 D9
G4  : T  32.14c W  30.47c S   1.67c ( +2.5 L  +1.5) LCB  181.34c P  0.08% WF   1.9 PSV       0 N       2  --  G4 F4
F16 : T  37.01c W  35.10c S   1.91c ( +2.7 L  +2.0) LCB  387.01c P  0.11% WF   1.0 PSV       0 N       1  --  F16
B16 : T  39.59c W  37.40c S   2.19c ( +2.9 L  +2.0) LCB  389.59c P  0.04% WF   1.0 PSV       0 N       1  --  B16

2025-06-07 02:22:27+0900: MoveNum: 11 HASH: 2728902C5688B49CF8C8A8DAE5A1862F
   A B C D E F G H J K L M N O P Q R S T
19 . . . . . . . . . . . . . . . . . . .
18 . . . . . . . . . . . . . . . . . . .
17 . . . . . . . . . . . . . . . O . . .
16 . . X . . . . . . . . . . . . . . . .
15 . . . . . . . . . . . . . . . . . . .
14 . . . . . . . . . . . . . . . . . . .
13 . . . . . . . . . . . . . . . . . . .
12 . . . . . . . . . . . . . . . . . . .
11 . . . . . . . . . . . . . . . . . . .
10 . . . . . . . . . . . . . . . . . . .
 9 . . . . . . . . . . . . . . . . . . .
 8 . . . . . . . . . . . . . . . . . . .
 7 . . . . . . . . . . . . . . . . . X .
 6 . . . . . . . . . . . . . . . . . . .
 5 . . . . . . . . . . . . . . . . . . .
 4 . . . O . . . . . . . . O2. O . X . .
 3 . . . . . . . . . . . X3X1. O X . . .
 2 . . . . . . . . . . . . . . . . . . .
 1 . . . . . . . . . . . . . . . . . . .

koSIMPLEscoreTERRITORYtaxSEKIsui0komi6.5
Root visits: 1003
New playouts: 1003
NN rows: 25176
NN batches: 12604
NN avg batch size: 1.99746
PV: Q6 R6 Q2 R2 Q7 F3 R7 S5 Q4 R3 J3 L5 F4 G4
Tree:
: T -71.81c W -69.02c S  -2.79c ( -6.3 L  -4.0) N    1003  --  Q6 R6 Q2 R2 Q7 F3 R7
---White(v)---
Q6  : T -75.21c W -72.01c S  -3.20c ( -6.7 L  -4.3) LCB  -73.78c P 33.74% WF 521.7 PSV     508 N     508  --  Q6 R6 Q2 R2 Q7 F3 R7 S5
H3  : T -72.59c W -69.66c S  -2.93c ( -6.4 L  -4.1) LCB  -68.80c P  6.90% WF 124.8 PSV      30 N     125  --  H3 M4 Q6 R6 Q7 N6 R7 S5
E17 : T -65.97c W -63.85c S  -2.12c ( -5.7 L  -3.6) LCB  -60.86c P 19.39% WF  81.8 PSV      30 N      86  --  E17 P6 O6 P7 O7 O8 P5
G3  : T -67.81c W -65.52c S  -2.29c ( -5.8 L  -3.7) LCB  -62.52c P 11.28% WF  90.6 PSV      21 N      94  --  G3 P6 O6 P7 R5 S5 R6 S6
E16 : T -68.31c W -65.97c S  -2.34c ( -5.9 L  -3.8) LCB  -64.20c P  4.02% WF  38.9 PSV       8 N      40  --  E16 P6 R5 Q5 Q4 R3
R6  : T -56.70c W -55.73c S  -0.97c ( -4.6 L  -2.8) LCB  -48.23c P  6.23% WF  12.0 PSV       5 N      13  --  R6 S6 G3 R15 E17 P16
J3  : T -71.26c W -68.48c S  -2.78c ( -6.3 L  -4.0) LCB  -66.77c P  1.31% WF  49.5 PSV       4 N      50  --  J3 K4 Q6 R6 Q7 G3 J4
R5  : T -51.91c W -51.37c S  -0.53c ( -4.2 L  -2.6) LCB  -37.21c P  6.07% WF   8.2 PSV       4 N       9  --  R5 S5 R6 S6 G3 R15 E17
L5  : T -69.46c W -67.10c S  -2.36c ( -5.9 L  -3.7) LCB  -64.34c P  0.43% WF  19.6 PSV       1 N      20  --  L5 K4 Q6 R6 G3 M5 M6 M4
Q14 : T -65.30c W -63.35c S  -1.94c ( -5.5 L  -3.5) LCB  -57.72c P  0.92% WF  10.6 PSV       1 N      11  --  Q14 F3 Q6 R6 E17 D15

2025-06-07 02:22:30+0900: MoveNum: 11 HASH: 9A7A46BD519F39E070C4F68815814C60
   A B C D E F G H J K L M N O P Q R S T
19 . . . . . . . . . . . . . . . . . . .
18 . . . . . . . . . . . . . . . X . . .
17 . . . . . . . . . . X1. . X . . O . .
16 . . X . . . . . . . . . . . . O . . .
15 . . . . . . . . . . . . . . . . . . .
14 . . . . . . . . . . . . . . . O . . .
13 . . . . . . . . . . . . . . . . . . .
12 . . . . . . . . . . . . . . . . . . .
11 . . . . . . . . . . . . . . . . . . .
10 . . . . . . . . . . . . . . . . . . .
 9 . . . . . . . . . . . . . . . . . . .
 8 . . . . . . . . . . . . . . . . . . .
 7 . . . . . . . . . . . . . . . . . . .
 6 . . . . . . . . . . . . . . . . . . .
 5 . . O2. . . . . . . . . . . . . . . .
 4 . X3. . . . . . . . . . . . . . . . .
 3 . . . X . . . . . . . . . . . O . . .
 2 . . . . . . . . . . . . . . . . . . .
 1 . . . . . . . . . . . . . . . . . . .

koSIMPLEscoreTERRITORYtaxSEKIsui0komi6.5
Root visits: 1003
New playouts: 1003
NN rows: 26085
NN batches: 13059
NN avg batch size: 1.99747
PV: E16 D17 R8 D9 E17 D14 J17 G17 G16
Tree:
: T -24.93c W -24.25c S  -0.68c ( -1.8 L  -1.1) N    1003  --  E16 D17 R8 D9 E17 D14 J17
---White(v)---
E16 : T -27.86c W -26.97c S  -0.89c ( -2.0 L  -1.2) LCB  -26.32c P 17.59% WF 375.5 PSV     367 N     367  --  E16 D17 R8 D9 E17 D14 J17 G17
E17 : T -23.39c W -22.88c S  -0.51c ( -1.6 L  -1.0) LCB  -21.70c P 33.19% WF 142.6 PSV      87 N     145  --  E17 Q5 R5 R6 R4 Q6 O3 Q10
Q5  : T -25.01c W -24.28c S  -0.73c ( -1.8 L  -1.1) LCB  -22.62c P 14.52% WF 125.5 PSV      55 N     126  --  Q5 C9 E16 D17 F5 G3 E13 E9
R8  : T -25.19c W -24.44c S  -0.75c ( -1.9 L  -1.2) LCB  -22.56c P  5.89% WF  94.8 PSV      23 N      95  --  R8 C9 E16 E17 D16 D17 C15 F16
R6  : T -24.52c W -23.83c S  -0.69c ( -1.8 L  -1.1) LCB  -21.83c P  7.09% WF  89.4 PSV      23 N      90  --  R6 C9 E16 E17 D16 D17 C15 F16
C9  : T -20.68c W -20.36c S  -0.31c ( -1.4 L  -0.9) LCB  -17.39c P  3.27% WF  38.8 PSV       5 N      40  --  C9 Q5 R5 R6 R4 Q6 O3 Q10
Q6  : T -23.27c W -22.67c S  -0.60c ( -1.7 L  -1.1) LCB  -20.09c P  1.31% WF  39.4 PSV       3 N      40  --  Q6 C9 E16 E17 D16 D17 C15 F16
E4  : T -12.00c W -12.24c S   0.24c ( -0.9 L  -0.6) LCB    3.40c P  4.02% WF   7.5 PSV       3 N       8  --  E4 D4 D5 E5 F4 F5 G5
D16 : T -16.55c W -16.50c S  -0.05c ( -1.2 L  -0.8) LCB   -7.92c P  2.09% WF  11.5 PSV       2 N      12  --  D16 D17 C15 E16 D15 C17 E15 F16
D9  : T -20.11c W -19.84c S  -0.27c ( -1.4 L  -0.9) LCB  -15.27c P  0.88% WF  13.6 PSV       1 N      14  --  D9 Q5 R5 R6 R4 Q6

2025-06-07 02:22:33+0900: MoveNum: 11 HASH: F3E540257CC71CC7FC2F89DAC2DDF601
   A B C D E F G H J K L M N O P Q R S T
19 . . . . . . . . . . . . . . . . . . .
18 . . . . . . . . . . . . . . . . . . .
17 . . . . . X3. . . . . . . X . . . . .
16 . . X . . . . . . . X . . . . O . . .
15 . . . . . . . . . . . . . . . . . . .
14 . . . . . . . . . . . . . . . O . . .
13 . . . . . . . . . . . . . . . . . . .
12 . . . . . . . . . . . . . . . . . . .
11 . . . . . . . . . . . . . . . . . . .
10 . . . . . . . . . . . . . . . . . . .
 9 . . . . . . . . . . . . . . . . . . .
 8 . . . . . . . . . . . . . . . . . . .
 7 . . . . . . . . . . . . . . . . . . .
 6 . . . . . . . . . . . . . . . . . . .
 5 . . . . . . . . . . . . . . . . . . .
 4 . . . X . . O . . O2. . . . . . O . .
 3 . . . . X1. . . . . . . . . . . . . .
 2 . . . . . . . . . . . . . . . . . . .
 1 . . . . . . . . . . . . . . . . . . .

koSIMPLEscoreTERRITORYtaxSEKIsui0komi6.5
Root visits: 1003
New playouts: 1003
NN rows: 27074
NN batches: 13554
NN avg batch size: 1.99749
PV: P4 N3 C6 B5 C10 P2 P17 O16 R11 C12 B6
Tree:
: T  -1.86c W  -1.91c S   0.05c ( -0.1 L  -0.2) N    1003  --  P4 N3 C6 B5 C10 P2 P17
---White(v)---
P4  : T  -4.28c W  -4.15c S  -0.12c ( -0.3 L  -0.2) LCB   -3.05c P 34.20% WF 380.3 PSV     373 N     373  --  P4 N3 C6 B5 C10 P2 P17 O16
P3  : T  -1.85c W  -1.92c S   0.07c ( -0.1 L  -0.2) LCB    0.06c P 19.93% WF 142.5 PSV      70 N     143  --  P3 C9 F2 R9 R11 R5 Q5 Q6
O4  : T  -0.79c W  -0.92c S   0.12c ( -0.1 L  -0.1) LCB    2.17c P 12.07% WF 117.7 PSV      32 N     119  --  O4 M3 M4 P3 O3 O2 P4 Q3
C6  : T  -0.74c W  -0.86c S   0.12c ( -0.1 L  -0.1) LCB    1.50c P 12.15% WF  94.9 PSV      32 N      96  --  C6 B5 P4 C10 Q10 E10 F6 N3
O3  : T  -1.13c W  -1.24c S   0.11c ( -0.1 L  -0.2) LCB    1.74c P  4.52% WF  69.4 PSV      13 N      70  --  O3 C9 Q9 L5 J6 O5 M3 N4
P17 : T   1.62c W   1.29c S   0.32c ( +0.1 L  -0.0) LCB    4.99c P  4.03% WF  32.3 PSV       7 N      33  --  P17 O16 Q11 P3 N3 N4 M4
C7  : T   0.80c W   0.55c S   0.25c ( +0.1 L  -0.1) LCB    3.51c P  2.87% WF  48.0 PSV       5 N      49  --  C7 C5 D11 P3 N3 C13 Q5 R2
Q8  : T  -0.41c W  -0.54c S   0.13c ( -0.0 L  -0.1) LCB    2.55c P  1.17% WF  35.6 PSV       2 N      36  --  Q8 P3 N3 C9 G14 R12 R10 P12
Q9  : T   1.42c W   1.12c S   0.31c ( +0.1 L  -0.0) LCB    5.72c P  1.16% WF  24.5 PSV       2 N      25  --  Q9 P3 N3 N4 M4 Q5 Q4
D16 : T   1.04c W   0.81c S   0.24c ( +0.1 L  -0.1) LCB    5.73c P  0.96% WF  21.6 PSV       1 N      22  --  D16 D15 C17 D17 E16 E17 C15 B16

2025-06-07 02:22:35+0900: MoveNum: 11 HASH: 76C0D395C885695E0ABE6B3FB1C52B20
   A B C D E F G H J K L M N O P Q R S T
19 . . . . . . . . . . . . . . . . . . .
18 . . . . . . . . . . . . . . . . . . .
17 . . . . . . . . . . . . . . . O . . .
16 . . X . . . . . . . . . . . . . . . .
15 . . . . . . . . . . . . . . . . . . .
14 . . . . . . . . . . . . . . . . . . .
13 . . . . . . . . . . . . . . . . . . .
12 . . . . . . . . . . . . . . . . O2. .
11 . . . . . . . . . . . . . . . . . . .
10 . . . . . . . . . . . . . . X3. X1. .
 9 . . . . . . . . . . . . . . . . . . .
 8 . . . . . . . . . . . . . . . . . . .
 7 . . . . . . . . . . . . . . . . . . .
 6 . . . . . . . . . . . . . . . X X . .
 5 . . . . . . . . . . . . . . . . O . .
 4 . . . . . . . . . . . . . . . O . . .
 3 . . . X . . . . . . . . . O . . . . .
 2 . . . . . . . . . . . . . . . . . . .
 1 . . . . . . . . . . . . . . . . . . .

koSIMPLEscoreTERRITORYtaxSEKIsui0komi6.5
Root visits: 1003
New playouts: 1003
NN rows: 28000
NN batches: 14018
NN avg batch size: 1.99743
PV: Q15 E16 D5 C8 G4 C5 C6 C4 J17 F5 C10 B6 C15 D15 C14
Tree:
: T -18.75c W -18.27c S  -0.48c ( -1.3 L  -0.9) N    1003  --  Q15 E16 D5 C8 G4 C5 C6
---White(v)---
Q15 : T -20.10c W -19.52c S  -0.58c ( -1.4 L  -0.9) LCB  -19.16c P 84.68% WF 786.9 PSV     780 N     780  --  Q15 E16 D5 C8 G4 C5 C6 C4
Q14 : T -16.28c W -15.99c S  -0.30c ( -1.1 L  -0.8) LCB  -14.85c P  2.05% WF  80.0 PSV       5 N      82  --  Q14 F17 D5 C5 C6 C4 D6 F3
E17 : T -13.73c W -13.65c S  -0.08c ( -0.9 L  -0.7) LCB   -9.08c P  2.66% WF  29.9 PSV       4 N      31  --  E17 Q15 R15 R14 S15 Q16 R17 O14
Q9  : T -12.12c W -12.14c S   0.02c ( -0.8 L  -0.6) LCB   -7.17c P  1.78% WF  13.5 PSV       2 N      14  --  Q9 Q10 Q15 F17 D5 C5
E16 : T -13.24c W -13.21c S  -0.03c ( -0.9 L  -0.6) LCB   -9.34c P  1.11% WF  21.2 PSV       1 N      22  --  E16 Q15 R15 R14 S15 E17 F17 D17
R15 : T -14.31c W -14.17c S  -0.13c ( -1.0 L  -0.7) LCB  -11.44c P  0.59% WF  20.4 PSV       1 N      21  --  R15 F17 D5 C5 C6
S6  : T -10.43c W -10.64c S   0.20c ( -0.7 L  -0.6) LCB   -5.01c P  1.23% WF  15.3 PSV       1 N      16  --  S6 S7 Q15 F17 C5
C5  : T -10.22c W -10.39c S   0.18c ( -0.7 L  -0.5) LCB    9.88c P  1.10% WF   5.8 PSV       1 N       6  --  C5 Q15 R15 R14 S15
R14 : T -12.84c W -12.81c S  -0.03c ( -0.9 L  -0.6) LCB   -7.18c P  0.35% WF  11.6 PSV       0 N      12  --  R14 F17 D5 C5 C6
P11 : T -10.21c W -10.38c S   0.17c ( -0.7 L  -0.6) LCB    9.56c P  0.68% WF   5.8 PSV       0 N       6  --  P11 Q15 O10

2025-06-07 02:22:38+0900: MoveNum: 11 HASH: FC573D3F7DBDB43DC3F61E8EAB3CACA3
   A B C D E F G H J K L M N O P Q R S T
19 . . . . . . . . . . . . . . . . . . .
18 . . . . . . . . . . . . . . . . . . .
17 . . . X . . . . X3. . . . . . . . . .
16 . . . . . X1. . . . . . . . . O . . .
15 . . O . . . . . . . . . . . . . . . .
14 . . . . . . . . . . . . . . . . . . .
13 . . . . . . . . . . . . . . . . . . .
12 . . . . . . . . . . . . . . . . . . .
11 . . . . . . . . . . . . . . . . . . .
10 . . . O2. . . . . . . . . . . . . . .
 9 . . . . . . . . . . . . . . . . . . .
 8 . . . . . . . . . . . . . . . . . . .
 7 . . . . . . . . . . . . . . . . . . .
 6 . . . . . . . . . . . . . . . . O . .
 5 . . . . . . . . . . . . . . . . . . .
 4 . . X . . . . . . . . . . . . O . . .
 3 . . . . . . . . X . . . . X . . . . .
 2 . . . . . . . . . . . . . . . . . . .
 1 . . . . . . . . . . . . . . . . . . .

koSIMPLEscoreTERRITORYtaxSEKIsui0komi6.5
Root visits: 1003
New playouts: 1003
NN rows: 28946
NN batches: 14492
NN avg batch size: 1.99738
PV: D4 D3 C5 D5 E4 C6 B5 C3 B6 C7 B7 C8 B8 C9 E3 E2 F2 D2 B9 E5 G4 C10 H2
Tree:
: T -35.80c W -34.68c S  -1.13c ( -2.6 L  -1.7) N    1003  --  D4 D3 C5 D5 E4 C6 B5
---White(v)---
D4  : T -38.34c W -36.98c S  -1.36c ( -2.9 L  -1.9) LCB  -35.84c P 39.00% WF 389.3 PSV     382 N     382  --  D4 D3 C5 D5 E4 C6 B5 C3
E4  : T -36.77c W -35.56c S  -1.22c ( -2.7 L  -1.8) LCB  -34.35c P 22.69% WF 252.9 PSV     114 N     252  --  E4 C6 D5 C5 D3 C3 C2 C13
C17 : T -35.90c W -34.81c S  -1.09c ( -2.6 L  -1.6) LCB  -33.41c P 12.76% WF 190.2 PSV      50 N     191  --  C17 C18 D18 E18 D16 D19 E4 C6
E3  : T -29.88c W -29.27c S  -0.62c ( -2.2 L  -1.5) LCB  -25.15c P  7.18% WF  46.9 PSV      11 N      49  --  E3 D6 C3 B3 D4 C2 C5 D3
F15 : T -29.91c W -29.32c S  -0.59c ( -2.1 L  -1.4) LCB  -26.15c P  6.26% WF  53.6 PSV      10 N      56  --  F15 E15 C17 C18 D16 B17 C16 E17
O17 : T -26.73c W -26.38c S  -0.35c ( -1.9 L  -1.3) LCB  -20.11c P  1.42% WF  11.5 PSV       1 N      12  --  O17 D12 D4 C5 D3 C3
H4  : T -28.70c W -28.25c S  -0.45c ( -2.0 L  -1.4) LCB  -21.47c P  0.71% WF  11.6 PSV       1 N      12  --  H4 J4 D4 C3 D6 D5 E5 C5
M3  : T -25.13c W -24.86c S  -0.27c ( -1.8 L  -1.3) LCB   -9.87c P  1.27% WF   6.7 PSV       1 N       7  --  M3 E4 M5 D12
P3  : T -29.08c W -28.57c S  -0.52c ( -2.1 L  -1.5) LCB  -14.03c P  0.41% WF   6.8 PSV       0 N       7  --  P3 O4 D4 D3 C5
L3  : T -24.42c W -24.19c S  -0.23c ( -1.8 L  -1.2) LCB   -3.95c P  0.70% WF   5.7 PSV       0 N       6  --  L3 F4 P3 O4

2025-06-07 02:22:41+0900: MoveNum: 11 HASH: 68286CEFF646D1B5B869A02B777CA900
   A B C D E F G H J K L M N O P Q R S T
19 . . . . . . . . . . . . . . . . . . .
18 . . . . . . . . . . . . . . . . . . .
17 . . . . . . . . . . . . . . X3. . . .
16 . . . O . . . . . . . . . . O2. X . .
15 . . . . . . . . . . . . . . . . . . .
14 . . . . . . . . . . . . . . . . . . .
13 . . . . . . . . . . . . . . . . . . .
12 . . . . . . . . . . . . . . . . . . .
11 . . . . . . . . . . . . . . . . . . .
10 . . . . . . . . . . . . . . . . . . .
 9 . . . . . . . . . . . . . . . . . . .
 8 . . . . . . . . . . . . . . . . . . .
 7 . . . . . . . . . . . . . . . . . . .
 6 . . . . . . . . . . . . . . . . O . .
 5 . . . . . . . . . . . . . . . . . . .
 4 . . X . . . . . . . . . . . . O . . .
 3 . . . . . . . . . . X1. . X . . O . .
 2 . . . . . . . . . . . . . . . X . . .
 1 . . . . . . . . . . . . . . . . . . .

koSIMPLEscoreTERRITORYtaxSEKIsui0komi6.5
Root visits: 1003
New playouts: 1003
NN rows: 29926
NN batches: 14983
NN avg batch size: 1.99733
PV: O17 Q17 O16 R14 G17 E3 C8 H16 G16 H14 G15 H15 F13 M16
Tree:
: T  -8.79c W  -8.61c S  -0.17c ( -0.6 L  -0.4) N    1003  --  O17 Q17 O16 R14 G17 E3 C8
---White(v)---
O17 : T  -9.99c W  -9.74c S  -0.25c ( -0.7 L  -0.5) LCB   -9.38c P 90.16% WF 836.7 PSV     830 N     830  --  O17 Q17 O16 R14 G17 E3 C8 H16
D4  : T  -3.62c W  -3.75c S   0.13c ( -0.3 L  -0.3) LCB   -1.63c P  5.27% WF  58.6 PSV       8 N      61  --  D4 D3 O17 Q17 O16 R14 C5 E4
N4  : T  -3.83c W  -4.00c S   0.17c ( -0.3 L  -0.2) LCB   -1.82c P  1.72% WF  50.1 PSV       2 N      52  --  N4 N3 O17 Q17 O16 R14 G17 E3
L4  : T  -3.22c W  -3.39c S   0.17c ( -0.3 L  -0.3) LCB   -0.25c P  0.55% WF  28.9 PSV       0 N      30  --  L4 K4 O17 Q17 O16 R14 M3 M4
M4  : T  -1.65c W  -1.97c S   0.32c ( -0.1 L  -0.1) LCB    2.36c P  0.52% WF  15.4 PSV       0 N      16  --  M4 M3 O17 Q17 O16 R14 G17 E4
D3  : T   0.03c W  -0.40c S   0.43c ( -0.0 L  -0.2) LCB   27.82c P  0.30% WF   4.8 PSV       0 N       5  --  D3 C3 O17 Q17 O16
Q16 : T   5.91c W   5.10c S   0.81c ( +0.3 L  +0.1) LCB  156.61c P  0.52% WF   1.9 PSV       0 N       2  --  Q16 Q17
O16 : T   3.11c W   2.46c S   0.65c ( +0.2 L  -0.0) LCB  152.21c P  0.16% WF   1.9 PSV       0 N       2  --  O16 O17
O4  : T   7.41c W   6.60c S   0.81c ( +0.3 L  +0.1) LCB  357.41c P  0.07% WF   1.0 PSV       0 N       1  --  O4
M3  : T   8.55c W   7.59c S   0.96c ( +0.4 L  +0.2) LCB  358.55c P  0.03% WF   1.0 PSV       0 N       1  --  M3

2025-06-07 02:22:43+0900: MoveNum: 11 HASH: 6D8C1057A79F679B41C412019C62283D
   A B C D E F G H J K L M N O P Q R S T
19 . . . . . . . . . . . . . . . . . . .
18 . . . . . . . . . . . . . . . . . . .
17 . . X3O2O . O . . . . . . . . . . . .
16 . . O X1X . . . . . . . . . . . X . .
15 . . . . . . . . . . . . . . . . . . .
14 . . X . . . . . . . . . . . . . . . .
13 . . . . . . . . . . . . . . . . . . .
12 . . . . . . . . . . . . . . . . . . .
11 . . . . . . . . . . . . . . . . . . .
10 . . . . . . . . . . . . . . . . . . .
 9 . . . . . . . . . . . . . . . . . . .
 8 . . . . . . . . . . . . . . . . . . .
 7 . . . . . . . . . . . . . . . . . . .
 6 . . . . . . . . . . . . . . . . . . .
 5 . . . . . . . . . . . . . . . . . . .
 4 . . X . . . . . . . . . . . . . O . .
 3 . . . . . . . . . . . . . . . . . . .
 2 . . . . . . . . . . . . . . . . . . .
 1 . . . . . . . . . . . . . . . . . . .

koSIMPLEscoreTERRITORYtaxSEKIsui0komi6.5
Root visits: 1003
New playouts: 1003
NN rows: 30642
NN batches: 15342
NN avg batch size: 1.99726
PV: B17 C18 C15 D14 F16 F15 G15 B18 B14 B13 B15 C12 F14 D15 A18 A16 D18 B16 B19 A17 P17 Q14 C19
Tree:
: T -36.26c W -34.13c S  -2.14c ( -3.2 L  -2.2) N    1003  --  B17 C18 C15 D14 F16 F15 G15
---White(v)---
B17 : T -37.70c W -35.35c S  -2.36c ( -3.4 L  -2.3) LCB  -32.26c P 57.56% WF 718.0 PSV     710 N     710  --  B17 C18 C15 D14 F16 F15 G15 B18
C15 : T -35.95c W -34.09c S  -1.87c ( -2.9 L  -1.9) LCB  -30.25c P 22.02% WF 256.9 PSV     170 N     259  --  C15 D14 B17 C18 F16 F15 G15 B18
B16 : T   0.44c W  -0.80c S   1.26c ( +0.1 L  -0.0) LCB   27.07c P 16.35% WF  17.4 PSV      14 N      22  --  B16 F17 F16 F18 C18 D18 B17 E18
C18 : T  -9.22c W  -9.77c S   0.55c ( -0.6 L  -0.5) LCB    3.15c P  3.28% WF   7.0 PSV       3 N       8  --  C18 B17 F16 E14 P16 P3
Q16 : T  -2.00c W  -3.14c S   1.14c ( -0.0 L  -0.3) LCB  348.00c P  0.12% WF   0.9 PSV       0 N       1  --  Q16
F16 : T   9.70c W   7.86c S   1.84c ( +0.6 L  +0.2) LCB  359.70c P  0.07% WF   0.9 PSV       0 N       1  --  F16
D4  : T   1.37c W  -0.10c S   1.47c ( +0.3 L  -0.1) LCB  351.37c P  0.07% WF   0.9 PSV       0 N       1  --  D4

2025-06-07 02:22:46+0900: MoveNum: 11 HASH: 8FCACB65693F5690FB0ED328C7E9E6D2
   A B C D E F G H J K L M N O P Q R S T
19 . . . . . . . . . . . . . . . . . . .
18 . . . . . . . . . . . . . . . . . . .
17 . . . X . . . . . . . . . . . . . . .
16 . . . . . . . . . . . . . . . O . . .
15 . . X . . . . . . . . . . . . . . . .
14 . . . . . . . . . . . . . . . . . . .
13 . . . . . . . . . . . . . . . . . . .
12 . . . . . . . . . . . . . . . . . . .
11 . . . . . . . . . . . . . . . . . . .
10 . . . . . . . . . . . . . . . . . . .
 9 . . . . . . . . . . . . . . . . . . .
 8 . . . . . . . . . . . . . . . . . . .
 7 . . . . . . . . . . . . . . . . . . .
 6 . . . . . . . . . . . . . . . . . . .
 5 . . X3. . . . . . . . . . . . . . . .
 4 . . X O O . . . . . . . . . . O . . .
 3 . . . X X1O2. . . . . . . . . . . . .
 2 . . . . . . . . . . . . . . . . . . .
 1 . . . . . . . . . . . . . . . . . . .

koSIMPLEscoreTERRITORYtaxSEKIsui0komi6.5
Root visits: 1003
New playouts: 1003
NN rows: 31488
NN batches: 15766
NN avg batch size: 1.99721
PV: F2 F4 D6 E6 D5 C2 C6 F5 J3 D8 B7 C8 E7 F7 E8 D7 F8 G7 G8 H7 H8 J7 B5 B4 B9
Tree:
: T  -7.05c W  -6.75c S  -0.31c ( -0.5 L  -0.5) N    1003  --  F2 F4 D6 E6 D5 C2 C6
---White(v)---
F2  : T  -8.21c W  -7.82c S  -0.40c ( -0.6 L  -0.5) LCB   -5.36c P 71.60% WF 953.7 PSV     947 N     947  --  F2 F4 D6 E6 D5 C2 C6 F5
G4  : T  14.10c W  12.75c S   1.36c ( +1.1 L  +0.3) LCB   19.12c P 17.49% WF  26.1 PSV      18 N      30  --  G4 F5 F4 D6 O3 K4 O17 J6
C3  : T  18.24c W  16.68c S   1.56c ( +1.3 L  +0.5) LCB   28.81c P  9.20% WF  13.9 PSV       8 N      16  --  C3 F2 G4 H3 G2 G3 F4
F4  : T   8.43c W   7.46c S   0.97c ( +0.7 L  +0.1) LCB   82.40c P  0.38% WF   2.8 PSV       0 N       3  --  F4 K4 D6
D6  : T  12.02c W  10.87c S   1.15c ( +0.9 L  +0.2) LCB  162.90c P  0.27% WF   1.9 PSV       0 N       2  --  D6 F2
D16 : T  12.19c W  11.06c S   1.14c ( +0.8 L  +0.5) LCB  362.19c P  0.21% WF   0.9 PSV       0 N       1  --  D16
D18 : T  29.36c W  26.91c S   2.45c ( +2.1 L  +1.3) LCB  379.36c P  0.09% WF   0.9 PSV       0 N       1  --  D18
E17 : T  35.04c W  32.22c S   2.83c ( +2.5 L  +1.5) LCB  385.04c P  0.04% WF   0.9 PSV       0 N       1  --  E17
C16 : T  28.01c W  25.67c S   2.34c ( +1.9 L  +1.3) LCB  378.01c P  0.03% WF   0.9 PSV       0 N       1  --  C16

