2025-06-11 23:39:59+0900: Running with following config:
analysisIgnorePreRootHistory = false
chosenMovePrune = 0
chosenMoveSubtract = 0
chosenMoveTemperature = 0
chosenMoveTemperatureEarly = 1.0
chosenMoveTemperatureOnlyBelowProb = 0.0
ignorePreRootHistory = false
includePolicy = true
logDir = analysis_logs
logSearchInfo = true
logToStderr = true
maxVisits = 2000
nnCacheSizePowerOfTwo = 17
nnMaxBatchSize = 8
nnMutexPoolSizePowerOfTwo = 14
nnRandomize = false
numAnalysisThreads = 1
numSearchThreads = 4
reportAnalysisWinratesAs = BLACK
rootNumSymmetriesToSample = 8
rules = japanese
subtreeValueBiasFactor = 0.0
useLcbForSelection = false
useNoisePruning = false
useUncertainty = false

2025-06-11 23:39:59+0900: Analysis Engine starting...
2025-06-11 23:39:59+0900: KataGo v1.15.3
2025-06-11 23:39:59+0900: nnRandSeed0 = 8356535026767036236
2025-06-11 23:39:59+0900: After dedups: nnModelFile0 = ../../models/kata1-b28c512nbt-s8476434688-d4668249792.bin useFP16 auto useNHWC auto
2025-06-11 23:39:59+0900: Initializing neural net buffer to be size 19 * 19 allowing smaller boards
2025-06-11 23:40:02+0900: Cuda backend thread 0: Found GPU NVIDIA RTX A5000 memory 25425608704 compute capability major 8 minor 6
2025-06-11 23:40:02+0900: Cuda backend thread 0: Model version 15 useFP16 = true useNHWC = true
2025-06-11 23:40:02+0900: Cuda backend thread 0: Model name: kata1-b28c512nbt-s8476434688-d4668249792
2025-06-11 23:40:03+0900: --------------
2025-06-11 23:40:03+0900: WARNING: Config had unused keys! You may have a typo, an option you specified is being unused from analysis.cfg
2025-06-11 23:40:03+0900: WARNING: Unused key 'analysisIgnorePreRootHistory' in analysis.cfg
2025-06-11 23:40:03+0900: WARNING: Unused key 'includePolicy' in analysis.cfg
2025-06-11 23:40:03+0900: WARNING: Unused key 'rules' in analysis.cfg
2025-06-11 23:40:03+0900: --------------
2025-06-11 23:40:03+0900: Loaded config analysis.cfg
2025-06-11 23:40:03+0900: Loaded model ../../models/kata1-b28c512nbt-s8476434688-d4668249792.bin
2025-06-11 23:40:03+0900: Analyzing up to 1 positions at a time in parallel
2025-06-11 23:40:03+0900: Started, ready to begin handling requests
2025-06-11 23:40:18+0900: MoveNum: 2 HASH: EB5B48764F3CF87F19236A45508C4ACB
   A B C D E F G H J K L M N O P Q R S T
19 . . . . . . . . . . . . . . . . . . .
18 . . . . . . . . . . . . . . . . . . .
17 . . . . . . . . . . . . . . . . . . .
16 . . . . . . . . . . . . . . . O2. . .
15 . . . . . . . . . . . . . . . . . . .
14 . . . . . . . . . . . . . . . . . . .
13 . . . . . . . . . . . . . . . . . . .
12 . . . . . . . . . . . . . . . . . . .
11 . . . . . . . . . . . . . . . . . . .
10 . . . . . . . . . . . . . . . . . . .
 9 . . . . . . . . . . . . . . . . . . .
 8 . . . . . . . . . . . . . . . . . . .
 7 . . . . . . . . . . . . . . . . . . .
 6 . . . . . . . . . . . . . . . . . . .
 5 . . . . . . . . . . . . . . . . . . .
 4 . . . X1. . . . . . . . . . . . . . .
 3 . . . . . . . . . . . . . . . . . . .
 2 . . . . . . . . . . . . . . . . . . .
 1 . . . . . . . . . . . . . . . . . . .

koSIMPLEscoreTERRITORYtaxSEKIsui0komi6.5
Root visits: 1003
New playouts: 1003
NN rows: 995
NN batches: 499
NN avg batch size: 1.99399
PV: Q4 D16 C14 R3 R4 Q3 P4 O2 F17 F16 G16 F15 D17 C17 E17 C16 C11 D12 C12 D14 J17 D13 D9
Tree:
: T  -7.20c W  -7.05c S  -0.14c ( -0.5 L  -0.4) N    1003  --  Q4 D16 C14 R3 R4 Q3 P4
---Black(^)---
Q4  : T  -5.78c W  -5.76c S  -0.01c ( -0.3 L  -0.3) LCB   -6.54c P 27.34% WF 260.7 PSV     258 N     258  --  Q4 D16 C14 R3 R4 Q3 P4 O2
R17 : T  -6.82c W  -6.71c S  -0.11c ( -0.4 L  -0.4) LCB   -7.82c P  7.61% WF 123.1 PSV      37 N     123  --  R17 R16 Q17 P16 O18 D16 Q4 C3
R14 : T  -6.36c W  -6.33c S  -0.03c ( -0.4 L  -0.3) LCB   -7.41c P  5.33% WF 134.6 PSV      33 N     134  --  R14 Q4 D16 R15 Q14 O16 Q10 C3
R4  : T  -5.84c W  -5.75c S  -0.09c ( -0.4 L  -0.4) LCB   -6.86c P  2.99% WF 141.2 PSV      26 N     140  --  R4 D16 C6 P3 Q5 M3 R17 R16
Q3  : T  -8.14c W  -7.92c S  -0.22c ( -0.5 L  -0.4) LCB   -9.60c P  1.82% WF  70.4 PSV       5 N      71  --  Q3 D16 C17 C16 D17 E16 F18 C3
F3  : T  -7.81c W  -7.51c S  -0.30c ( -0.6 L  -0.5) LCB   -9.05c P  1.52% WF  67.6 PSV       5 N      68  --  F3 D16 R4 P3 Q5 M3 R17 R16
Q5  : T  -9.15c W  -8.88c S  -0.27c ( -0.6 L  -0.5) LCB  -11.41c P  1.51% WF  49.3 PSV       3 N      50  --  Q5 D16 Q3 C3 D3 C4 D5 C6
P4  : T  -9.30c W  -9.02c S  -0.28c ( -0.6 L  -0.5) LCB  -11.09c P  0.98% WF  42.4 PSV       2 N      43  --  P4 D16 R4 C3 D3 C4 D5 C6
F4  : T -10.44c W -10.02c S  -0.42c ( -0.7 L  -0.6) LCB  -12.28c P  0.71% WF  35.3 PSV       1 N      36  --  F4 D16 R4 P3 Q5 M3 R17 R16
G3  : T -10.33c W  -9.88c S  -0.45c ( -0.8 L  -0.6) LCB  -13.19c P  0.44% WF  18.7 PSV       0 N      19  --  G3 Q4 D17 C15 E16 C12 R17

