2025-06-07 03:00:15+0900: Running with following config:
analysisIgnorePreRootHistory = false
chosenMovePrune = 0
chosenMoveSubtract = 0
chosenMoveTemperature = 1.0
chosenMoveTemperatureEarly = 1.0
chosenMoveTemperatureOnlyBelowProb = 0.0
ignorePreRootHistory = false
logDir = analysis_logs
logSearchInfo = true
logToStderr = true
maxVisits = 500
nnCacheSizePowerOfTwo = 17
nnMaxBatchSize = 8
nnMutexPoolSizePowerOfTwo = 14
nnRandomize = false
numAnalysisThreads = 1
numSearchThreads = 4
reportAnalysisWinratesAs = BLACK
rootNumSymmetriesToSample = 1
rules = japanese
subtreeValueBiasFactor = 0.0
useLcbForSelection = false
useNoisePruning = false
useUncertainty = false

2025-06-07 03:00:15+0900: Analysis Engine starting...
2025-06-07 03:00:15+0900: KataGo v1.15.3
2025-06-07 03:00:15+0900: nnRandSeed0 = 2045949482753684425
2025-06-07 03:00:15+0900: After dedups: nnModelFile0 = ../../models/kata1-b28c512nbt-s8476434688-d4668249792.bin useFP16 auto useNHWC auto
2025-06-07 03:00:15+0900: Initializing neural net buffer to be size 19 * 19 allowing smaller boards
2025-06-07 03:00:17+0900: Cuda backend thread 0: Found GPU NVIDIA RTX A5000 memory 25425608704 compute capability major 8 minor 6
2025-06-07 03:00:17+0900: Cuda backend thread 0: Model version 15 useFP16 = true useNHWC = true
2025-06-07 03:00:17+0900: Cuda backend thread 0: Model name: kata1-b28c512nbt-s8476434688-d4668249792
2025-06-07 03:00:19+0900: --------------
2025-06-07 03:00:19+0900: WARNING: Config had unused keys! You may have a typo, an option you specified is being unused from analysis.cfg
2025-06-07 03:00:19+0900: WARNING: Unused key 'analysisIgnorePreRootHistory' in analysis.cfg
2025-06-07 03:00:19+0900: WARNING: Unused key 'rules' in analysis.cfg
2025-06-07 03:00:19+0900: --------------
2025-06-07 03:00:19+0900: Loaded config analysis.cfg
2025-06-07 03:00:19+0900: Loaded model ../../models/kata1-b28c512nbt-s8476434688-d4668249792.bin
2025-06-07 03:00:19+0900: Analyzing up to 1 positions at a time in parallel
2025-06-07 03:00:19+0900: Started, ready to begin handling requests
2025-06-07 03:00:21+0900: MoveNum: 2 HASH: EB5B48764F3CF87F19236A45508C4ACB
   A B C D E F G H J K L M N O P Q R S T
19 . . . . . . . . . . . . . . . . . . .
18 . . . . . . . . . . . . . . . . . . .
17 . . . . . . . . . . . . . . . . . . .
16 . . . . . . . . . . . . . . . O2. . .
15 . . . . . . . . . . . . . . . . . . .
14 . . . . . . . . . . . . . . . . . . .
13 . . . . . . . . . . . . . . . . . . .
12 . . . . . . . . . . . . . . . . . . .
11 . . . . . . . . . . . . . . . . . . .
10 . . . . . . . . . . . . . . . . . . .
 9 . . . . . . . . . . . . . . . . . . .
 8 . . . . . . . . . . . . . . . . . . .
 7 . . . . . . . . . . . . . . . . . . .
 6 . . . . . . . . . . . . . . . . . . .
 5 . . . . . . . . . . . . . . . . . . .
 4 . . . X1. . . . . . . . . . . . . . .
 3 . . . . . . . . . . . . . . . . . . .
 2 . . . . . . . . . . . . . . . . . . .
 1 . . . . . . . . . . . . . . . . . . .

koSIMPLEscoreTERRITORYtaxSEKIsui0komi6.5
Root visits: 503
New playouts: 503
NN rows: 488
NN batches: 245
NN avg batch size: 1.99184
PV: Q4 D16 C14 R3 R4 Q3 P4 O2 F17 F16 G16 F15 D17 C17 E17 C16 C11 D12 C12 D14
Tree:
: T  -7.17c W  -7.02c S  -0.15c ( -0.5 L  -0.4) N     503  --  Q4 D16 C14 R3 R4 Q3 P4
---Black(^)---
Q4  : T  -5.85c W  -5.82c S  -0.03c ( -0.4 L  -0.3) LCB   -6.95c P 27.60% WF 122.0 PSV     121 N     121  --  Q4 D16 C14 R3 R4 Q3 P4 O2
R17 : T  -7.17c W  -7.02c S  -0.15c ( -0.5 L  -0.4) LCB   -8.55c P  8.02% WF  60.9 PSV      18 N      61  --  R17 R16 Q17 P16 O18 D16 Q4 C3
R14 : T  -6.65c W  -6.62c S  -0.04c ( -0.4 L  -0.3) LCB   -7.94c P  5.73% WF  60.1 PSV      16 N      60  --  R14 Q4 D16 R15 Q14 O16 Q10 C3
R4  : T  -5.98c W  -5.87c S  -0.11c ( -0.4 L  -0.4) LCB   -7.34c P  3.12% WF  79.5 PSV      12 N      79  --  R4 D16 C6 P3 Q5 M3 R17 R16
Q3  : T  -8.23c W  -8.00c S  -0.23c ( -0.6 L  -0.4) LCB   -9.94c P  1.77% WF  42.7 PSV       3 N      43  --  Q3 D16 C17 C16 D17 E16 F18 C3
F3  : T  -7.36c W  -7.08c S  -0.28c ( -0.6 L  -0.5) LCB   -8.87c P  1.55% WF  38.9 PSV       3 N      39  --  F3 D16 R4 P3 Q5 M3 R17 R16
Q5  : T  -8.54c W  -8.31c S  -0.23c ( -0.6 L  -0.4) LCB  -11.43c P  1.54% WF  30.7 PSV       2 N      31  --  Q5 D16 Q3 C3 D3 C4 D5 C6
P4  : T  -9.53c W  -9.21c S  -0.32c ( -0.6 L  -0.5) LCB  -12.34c P  0.94% WF  24.7 PSV       1 N      25  --  P4 D16 R4 C3 D3 C4 D5 C6
F4  : T  -9.77c W  -9.39c S  -0.38c ( -0.7 L  -0.5) LCB  -12.60c P  0.70% WF  18.7 PSV       0 N      19  --  F4 D16 R4 P3 Q5 M3
R5  : T -10.76c W -10.32c S  -0.45c ( -0.8 L  -0.6) LCB  -19.90c P  0.62% WF   8.9 PSV       0 N       9  --  R5 D16 Q3 C3 D3 C4 D5

2025-06-07 03:00:21+0900: ../../models/kata1-b28c512nbt-s8476434688-d4668249792.bin
2025-06-07 03:00:21+0900: NN rows: 488
2025-06-07 03:00:21+0900: NN batches: 245
2025-06-07 03:00:21+0900: NN avg batch size: 1.99184
2025-06-07 03:00:21+0900: GPU -1 finishing, processed 488 rows 245 batches
2025-06-07 03:00:21+0900: All cleaned up, quitting
