2025-06-11 17:59:44+0900: Running with following config:
analysisIgnorePreRootHistory = false
chosenMovePrune = 0
chosenMoveSubtract = 0
chosenMoveTemperature = 1.0
chosenMoveTemperatureEarly = 1.0
chosenMoveTemperatureOnlyBelowProb = 0.0
ignorePreRootHistory = false
logDir = analysis_logs
logSearchInfo = true
logToStderr = true
maxVisits = 2000
nnCacheSizePowerOfTwo = 17
nnMaxBatchSize = 8
nnMutexPoolSizePowerOfTwo = 14
nnRandomize = false
numAnalysisThreads = 1
numSearchThreads = 4
reportAnalysisWinratesAs = BLACK
rootNumSymmetriesToSample = 1
rules = japanese
subtreeValueBiasFactor = 0.0
useLcbForSelection = false
useNoisePruning = false
useUncertainty = false

2025-06-11 17:59:44+0900: Analysis Engine starting...
2025-06-11 17:59:44+0900: KataGo v1.15.3
2025-06-11 17:59:44+0900: nnRandSeed0 = 13874296296680837207
2025-06-11 17:59:44+0900: After dedups: nnModelFile0 = ../../models/kata1-b28c512nbt-s8476434688-d4668249792.bin useFP16 auto useNHWC auto
2025-06-11 17:59:44+0900: Initializing neural net buffer to be size 19 * 19 allowing smaller boards
2025-06-11 17:59:47+0900: Cuda backend thread 0: Found GPU NVIDIA RTX A5000 memory 25425608704 compute capability major 8 minor 6
2025-06-11 17:59:47+0900: Cuda backend thread 0: Model version 15 useFP16 = true useNHWC = true
2025-06-11 17:59:47+0900: Cuda backend thread 0: Model name: kata1-b28c512nbt-s8476434688-d4668249792
2025-06-11 17:59:48+0900: --------------
2025-06-11 17:59:48+0900: WARNING: Config had unused keys! You may have a typo, an option you specified is being unused from analysis.cfg
2025-06-11 17:59:48+0900: WARNING: Unused key 'analysisIgnorePreRootHistory' in analysis.cfg
2025-06-11 17:59:48+0900: WARNING: Unused key 'rules' in analysis.cfg
2025-06-11 17:59:48+0900: --------------
2025-06-11 17:59:48+0900: Loaded config analysis.cfg
2025-06-11 17:59:48+0900: Loaded model ../../models/kata1-b28c512nbt-s8476434688-d4668249792.bin
2025-06-11 17:59:48+0900: Analyzing up to 1 positions at a time in parallel
2025-06-11 17:59:48+0900: Started, ready to begin handling requests
2025-06-11 17:59:54+0900: MoveNum: 14 HASH: A4254BCA51505FD8966C2226EE062FD1
   A B C D E F G H J K L M N O P Q R S T
19 . . . . . . . . . . . . . . . . . . .
18 . . . . . . . . . . . . . . . . . . .
17 . . . . . . . . . . . . . . . O X . .
16 . . . O . . . . . . . . . . . O X . .
15 . . . . . . . . . . . . . . . O . . .
14 . . . . . . . . . . . . . . . . . X .
13 . . . . . . . . . . . . . . . . . . .
12 . . . . . . . . . . . . . . . . . . .
11 . . . . . . . . . . . . . . . . . . .
10 . . . . . . . . . . . . . . . . . . .
 9 . . . . . . . . . . . . . . . . . . .
 8 . . . . . . . . . . . . . . . . . . .
 7 . . . . . . . . . . . . . . . . . . .
 6 . . . . . . . . . . . . . . . . . . .
 5 . . . . . . . . . . . . . . . . . . .
 4 . . . X . . . . . . . . . . X2X X . .
 3 . . . . . . . . . . . . . . . O1O . .
 2 . . . . . . . . . . . . . O3. . . . .
 1 . . . . . . . . . . . . . . . . . . .

koSIMPLEscoreTERRITORYtaxSEKIsui0komi6.5
Root visits: 2003
New playouts: 2003
NN rows: 1889
NN batches: 945
NN avg batch size: 1.99894
PV: C17 D17 C16 C14 C15 D15 B14 C3 C4 D3 E4 E3 F4 F3 C13 D14 C18 G4 G5 E12
Tree:
: T  -3.95c W  -4.00c S   0.06c ( -0.2 L  -0.2) N    2003  --  C17 D17 C16 C14 C15 D15 B14
---Black(^)---
C17 : T  -1.43c W  -1.66c S   0.23c ( -0.1 L  -0.2) LCB   -2.22c P 48.16% WF 791.1 PSV     773 N     773  --  C17 D17 C16 C14 C15 D15 B14 C3
C14 : T  -3.44c W  -3.53c S   0.09c ( -0.2 L  -0.2) LCB   -4.49c P 11.87% WF 256.9 PSV      71 N     257  --  C14 F17 C16 C17 B17 C15 B16 B15
R13 : T  -6.07c W  -6.01c S  -0.06c ( -0.3 L  -0.3) LCB   -7.40c P 18.91% WF 176.9 PSV      62 N     181  --  R13 M16 C17 C16 D17 E17 E18 F18
F17 : T  -4.55c W  -4.55c S  -0.00c ( -0.3 L  -0.3) LCB   -5.80c P  4.84% WF 173.3 PSV      21 N     175  --  F17 K17 C17 D17 C16 D15 D18 E18
L16 : T  -4.92c W  -4.92c S   0.00c ( -0.3 L  -0.3) LCB   -6.57c P  2.79% WF 139.2 PSV      11 N     141  --  L16 R14 S13 C3 C4 D3 E3 E2
M16 : T  -5.12c W  -5.08c S  -0.04c ( -0.3 L  -0.3) LCB   -6.37c P  2.20% WF 107.5 PSV       8 N     109  --  M16 R14 S13 Q12 C17 C16 D17 F17
Q13 : T  -6.50c W  -6.45c S  -0.05c ( -0.3 L  -0.2) LCB   -8.47c P  2.89% WF  75.3 PSV       8 N      77  --  Q13 M16 C17 C16 D17 E17 E18 F18
L17 : T  -7.26c W  -7.11c S  -0.16c ( -0.4 L  -0.4) LCB   -9.32c P  0.74% WF  44.9 PSV       2 N      46  --  L17 R14 S13 G17 Q12 M16 M17 R18
N3  : T  -6.23c W  -6.10c S  -0.12c ( -0.4 L  -0.3) LCB   -8.27c P  0.48% WF  50.0 PSV       1 N      51  --  N3 C3 D3 C4 D5 C5 C6 B6
M17 : T  -7.11c W  -6.94c S  -0.17c ( -0.4 L  -0.3) LCB   -9.37c P  0.55% WF  43.9 PSV       1 N      45  --  M17 R14 S13 Q12 R18 G17 C6 N3

2025-06-11 17:59:54+0900: ../../models/kata1-b28c512nbt-s8476434688-d4668249792.bin
2025-06-11 17:59:54+0900: NN rows: 1889
2025-06-11 17:59:54+0900: NN batches: 945
2025-06-11 17:59:54+0900: NN avg batch size: 1.99894
2025-06-11 17:59:54+0900: GPU -1 finishing, processed 1889 rows 945 batches
2025-06-11 17:59:54+0900: All cleaned up, quitting
