2025-06-06 20:38:19+0900: Running with following config:
analysisIgnorePreRootHistory = false
chosenMovePrune = 0
chosenMoveSubtract = 0
chosenMoveTemperature = 1.0
chosenMoveTemperatureEarly = 1.0
chosenMoveTemperatureOnlyBelowProb = 0.0
humanSLChosenMoveIgnorePass = true
humanSLChosenMovePiklLambda = 100000000
humanSLChosenMoveProp = 1.0
humanSLOppExploreProbWeightful = 0.0
humanSLOppExploreProbWeightless = 0.0
humanSLPlaExploreProbWeightful = 0.0
humanSLPlaExploreProbWeightless = 0.0
humanSLProfile = rank_5k
humanSLRootExploreProbWeightful = 0.0
humanSLRootExploreProbWeightless = 0.0
ignorePreRootHistory = false
logDir = analysis_logs
logSearchInfo = true
logToStderr = true
maxVisits = 1
nnCacheSizePowerOfTwo = 17
nnMaxBatchSize = 8
nnMutexPoolSizePowerOfTwo = 14
nnRandomize = false
numAnalysisThreads = 1
numSearchThreads = 4
reportAnalysisWinratesAs = BLACK
rootNumSymmetriesToSample = 1
rules = japanese
subtreeValueBiasFactor = 0.0
useLcbForSelection = false
useNoisePruning = false
useUncertainty = false

2025-06-06 20:38:19+0900: Analysis Engine starting...
2025-06-06 20:38:19+0900: KataGo v1.15.3
2025-06-06 20:38:19+0900: nnRandSeed0 = 10159621114952947464
2025-06-06 20:38:19+0900: After dedups: nnModelFile0 = ../../models/kata1-b28c512nbt-s8476434688-d4668249792.bin useFP16 auto useNHWC auto
2025-06-06 20:38:19+0900: Initializing neural net buffer to be size 19 * 19 allowing smaller boards
2025-06-06 20:38:21+0900: Cuda backend thread 0: Found GPU NVIDIA RTX A5000 memory 25425608704 compute capability major 8 minor 6
2025-06-06 20:38:21+0900: Cuda backend thread 0: Model version 15 useFP16 = true useNHWC = true
2025-06-06 20:38:21+0900: Cuda backend thread 0: Model name: kata1-b28c512nbt-s8476434688-d4668249792
2025-06-06 20:38:23+0900: nnRandSeed0 = 15860053101628433811
2025-06-06 20:38:23+0900: After dedups: nnModelFile0 = ../../models/b18c384nbt-humanv0.bin.gz useFP16 auto useNHWC auto
2025-06-06 20:38:23+0900: Initializing neural net buffer to be size 19 * 19 allowing smaller boards
2025-06-06 20:38:25+0900: Cuda backend thread 0: Found GPU NVIDIA RTX A5000 memory 25425608704 compute capability major 8 minor 6
2025-06-06 20:38:25+0900: Cuda backend thread 0: Model version 15 useFP16 = true useNHWC = true
2025-06-06 20:38:25+0900: Cuda backend thread 0: Model name: b18c384nbt-humanv0
2025-06-06 20:38:25+0900: --------------
2025-06-06 20:38:25+0900: WARNING: Config had unused keys! You may have a typo, an option you specified is being unused from human5k_pure.cfg
2025-06-06 20:38:25+0900: WARNING: Unused key 'analysisIgnorePreRootHistory' in human5k_pure.cfg
2025-06-06 20:38:25+0900: WARNING: Unused key 'rules' in human5k_pure.cfg
2025-06-06 20:38:25+0900: --------------
2025-06-06 20:38:25+0900: Loaded config human5k_pure.cfg
2025-06-06 20:38:25+0900: Loaded model ../../models/kata1-b28c512nbt-s8476434688-d4668249792.bin
2025-06-06 20:38:25+0900: Analyzing up to 1 positions at a time in parallel
2025-06-06 20:38:25+0900: Started, ready to begin handling requests
2025-06-06 20:38:26+0900: MoveNum: 5 HASH: 35F61925CA3ABFE61917D1D356B4EBBF
   A B C D E F G H J K L M N O P Q R S T
19 . . . . . . . . . . . . . . . . . . .
18 . . . . . . . . . . . . . . . . . . .
17 . . . X1. . . . . . . . . . . . X3. .
16 . . . . . . . . . . . . . . . O . . .
15 . . . . . . . . . . . . . . . . . . .
14 . . . . . . . . . . . . . . . . . . .
13 . . . . . . . . . . . . . . . . . . .
12 . . . . . . . . . . . . . . . . . . .
11 . . . . . . . . . . . . . . . . . . .
10 . . . . . . . . . . . . . . . . . . .
 9 . . . . . . . . . . . . . . . . . . .
 8 . . . . . . . . . . . . . . . . . . .
 7 . . . . . . . . . . . . . . . . . . .
 6 . . . . . . . . . . . . . . . . . . .
 5 . . . . . . . . . . . . . . . . . . .
 4 . . . X . . . . . . . . . . . . . . .
 3 . . . . . . . . . . . . . . . O2. . .
 2 . . . . . . . . . . . . . . . . . . .
 1 . . . . . . . . . . . . . . . . . . .

koSIMPLEscoreTERRITORYtaxSEKIsui0komi6.5
Root visits: 53
New playouts: 53
NN rows: 53
NN batches: 27
NN avg batch size: 1.96296
PV: R16 Q17 P16 O17 C3 C4 D3 E4
Tree:
: T  -2.15c W  -2.07c S  -0.08c ( -0.1 L  -0.1) N      53  --  R16 Q17 P16 O17 C3 C4 D3
---White(v)---
R16 : T  -3.96c W  -3.73c S  -0.23c ( -0.2 L  -0.2) LCB   -1.44c P 73.24% WF  22.2 PSV      20 N      22  --  R16 Q17 P16 O17 C3 C4 D3 E4
Q17 : T  -4.22c W  -3.94c S  -0.28c ( -0.2 L  -0.2) LCB    1.13c P 20.01% WF  13.1 PSV       7 N      13  --  Q17 R16 Q15 S14 C3 C4 D3 E4
C15 : T   9.21c W   8.26c S   0.95c ( +0.9 L  +0.5) LCB  359.21c P  0.24% WF   1.0 PSV       0 N       1  --  C15
C3  : T   0.93c W   0.73c S   0.20c ( +0.2 L  +0.0) LCB    7.30c P  2.82% WF  11.8 PSV       0 N      12  --  C3 C4 R16 Q17 P16 P17
D16 : T   2.84c W   2.57c S   0.27c ( +0.3 L  +0.2) LCB   45.70c P  1.52% WF   3.9 PSV       0 N       4  --  D16 C16 R16 Q17

2025-06-06 20:38:26+0900: ../../models/kata1-b28c512nbt-s8476434688-d4668249792.bin
2025-06-06 20:38:26+0900: NN rows: 53
2025-06-06 20:38:26+0900: NN batches: 27
2025-06-06 20:38:26+0900: NN avg batch size: 1.96296
2025-06-06 20:38:26+0900: ../../models/b18c384nbt-humanv0.bin.gz
2025-06-06 20:38:26+0900: NN rows: 4
2025-06-06 20:38:26+0900: NN batches: 2
2025-06-06 20:38:26+0900: NN avg batch size: 2
2025-06-06 20:38:26+0900: GPU -1 finishing, processed 53 rows 27 batches
2025-06-06 20:38:26+0900: GPU -1 finishing, processed 4 rows 2 batches
2025-06-06 20:38:26+0900: All cleaned up, quitting
