2025-06-07 00:40:53+0900: Running with following config:
analysisIgnorePreRootHistory = false
chosenMovePrune = 0
chosenMoveSubtract = 0
chosenMoveTemperature = 1.0
chosenMoveTemperatureEarly = 1.0
chosenMoveTemperatureOnlyBelowProb = 0.0
humanSLChosenMoveIgnorePass = true
humanSLChosenMovePiklLambda = 100000000
humanSLChosenMoveProp = 1.0
humanSLOppExploreProbWeightful = 0.0
humanSLOppExploreProbWeightless = 0.0
humanSLPlaExploreProbWeightful = 0.0
humanSLPlaExploreProbWeightless = 0.0
humanSLProfile = rank_5k
humanSLRootExploreProbWeightful = 0.0
humanSLRootExploreProbWeightless = 0.0
ignorePreRootHistory = false
logDir = analysis_logs
logSearchInfo = true
logToStderr = true
maxVisits = 1
nnCacheSizePowerOfTwo = 17
nnMaxBatchSize = 8
nnMutexPoolSizePowerOfTwo = 14
nnRandomize = false
numAnalysisThreads = 1
numSearchThreads = 4
reportAnalysisWinratesAs = BLACK
rootNumSymmetriesToSample = 1
rules = japanese
subtreeValueBiasFactor = 0.0
useLcbForSelection = false
useNoisePruning = false
useUncertainty = false

2025-06-07 00:40:53+0900: Analysis Engine starting...
2025-06-07 00:40:53+0900: KataGo v1.15.3
2025-06-07 00:40:53+0900: nnRandSeed0 = 3141307610659435241
2025-06-07 00:40:53+0900: After dedups: nnModelFile0 = ../../models/kata1-b28c512nbt-s8476434688-d4668249792.bin useFP16 auto useNHWC auto
2025-06-07 00:40:53+0900: Initializing neural net buffer to be size 19 * 19 allowing smaller boards
2025-06-07 00:40:55+0900: Cuda backend thread 0: Found GPU NVIDIA RTX A5000 memory 25425608704 compute capability major 8 minor 6
2025-06-07 00:40:55+0900: Cuda backend thread 0: Model version 15 useFP16 = true useNHWC = true
2025-06-07 00:40:55+0900: Cuda backend thread 0: Model name: kata1-b28c512nbt-s8476434688-d4668249792
2025-06-07 00:40:56+0900: nnRandSeed0 = 4046543969787866195
2025-06-07 00:40:56+0900: After dedups: nnModelFile0 = ../../models/b18c384nbt-humanv0.bin.gz useFP16 auto useNHWC auto
2025-06-07 00:40:56+0900: Initializing neural net buffer to be size 19 * 19 allowing smaller boards
2025-06-07 00:40:58+0900: Cuda backend thread 0: Found GPU NVIDIA RTX A5000 memory 25425608704 compute capability major 8 minor 6
2025-06-07 00:40:58+0900: Cuda backend thread 0: Model version 15 useFP16 = true useNHWC = true
2025-06-07 00:40:58+0900: Cuda backend thread 0: Model name: b18c384nbt-humanv0
2025-06-07 00:40:58+0900: --------------
2025-06-07 00:40:58+0900: WARNING: Config had unused keys! You may have a typo, an option you specified is being unused from human5k_pure.cfg
2025-06-07 00:40:58+0900: WARNING: Unused key 'analysisIgnorePreRootHistory' in human5k_pure.cfg
2025-06-07 00:40:58+0900: WARNING: Unused key 'rules' in human5k_pure.cfg
2025-06-07 00:40:58+0900: --------------
2025-06-07 00:40:58+0900: Loaded config human5k_pure.cfg
2025-06-07 00:40:58+0900: Loaded model ../../models/kata1-b28c512nbt-s8476434688-d4668249792.bin
2025-06-07 00:40:58+0900: Analyzing up to 1 positions at a time in parallel
2025-06-07 00:40:58+0900: Started, ready to begin handling requests
2025-06-07 00:40:59+0900: MoveNum: 6 HASH: 3ACC45DCFB6845BEAF5778361C6E134C
   A B C D E F G H J K L M N O P Q R S T
19 . . . . . . . . . . . . . . . . . . .
18 . . . . . . . . . . . . . . . . . . .
17 . . . . . . . . . . . . . . . . . . .
16 . . O1. X2. . . . . . . . . . O . . .
15 . . . . . . . . . . . . . . . . . . .
14 . . . . . . . . . . . . . . . . . . .
13 . . . O3. . . . . . . . . . . . . . .
12 . . . . . . . . . . . . . . . . . . .
11 . . . . . . . . . . . . . . . . . . .
10 . . . . . . . . . . . . . . . . . . .
 9 . . . . . . . . . . . . . . . . . . .
 8 . . . . . . . . . . . . . . . . . . .
 7 . . . . . . . . . . . . . . . . . . .
 6 . . . . . . . . . . . . . . . . . . .
 5 . . . . . . . . . . . . . . . . . . .
 4 . . . X . . . . . . . . . . . . X . .
 3 . . . . . . . . . . . . . . . . . . .
 2 . . . . . . . . . . . . . . . . . . .
 1 . . . . . . . . . . . . . . . . . . .

koSIMPLEscoreTERRITORYtaxSEKIsui0komi6.5
Root visits: 53
New playouts: 53
NN rows: 51
NN batches: 27
NN avg batch size: 1.88889
PV: C17 B17 D17 B15 H17 C3 D3 C4
Tree:
: T   0.91c W   1.00c S  -0.09c ( +0.1 L  -0.0) N      53  --  C17 B17 D17 B15 H17 C3 D3
---Black(^)---
C17 : T   4.48c W   4.28c S   0.20c ( +0.4 L  +0.1) LCB    1.07c P 67.70% WF  19.3 PSV      20 N      19  --  C17 B17 D17 B15 H17 C3 D3 C4
O17 : T  -0.43c W  -0.22c S  -0.21c ( -0.0 L  -0.1) LCB   -6.62c P  6.20% WF  10.9 PSV       1 N      11  --  O17 P3 Q5 H17 R14
R14 : T  -1.26c W  -0.98c S  -0.28c ( -0.1 L  -0.1) LCB   -7.22c P 10.18% WF  11.9 PSV       0 N      12  --  R14 H17 O17 Q14 Q13
R17 : T  -2.12c W  -1.82c S  -0.31c ( -0.1 L  -0.1) LCB  -10.57c P  4.90% WF   9.9 PSV       0 N      10  --  R17 Q17 R16 Q15 R14 H17 S13

2025-06-07 00:40:59+0900: ../../models/kata1-b28c512nbt-s8476434688-d4668249792.bin
2025-06-07 00:40:59+0900: NN rows: 51
2025-06-07 00:40:59+0900: NN batches: 27
2025-06-07 00:40:59+0900: NN avg batch size: 1.88889
2025-06-07 00:40:59+0900: ../../models/b18c384nbt-humanv0.bin.gz
2025-06-07 00:40:59+0900: NN rows: 4
2025-06-07 00:40:59+0900: NN batches: 2
2025-06-07 00:40:59+0900: NN avg batch size: 2
2025-06-07 00:40:59+0900: GPU -1 finishing, processed 51 rows 27 batches
2025-06-07 00:40:59+0900: GPU -1 finishing, processed 4 rows 2 batches
2025-06-07 00:40:59+0900: All cleaned up, quitting
