2025-06-07 00:40:00+0900: Running with following config:
analysisIgnorePreRootHistory = false
chosenMovePrune = 0
chosenMoveSubtract = 0
chosenMoveTemperature = 1.0
chosenMoveTemperatureEarly = 1.0
chosenMoveTemperatureOnlyBelowProb = 0.0
humanSLChosenMoveIgnorePass = true
humanSLChosenMovePiklLambda = 100000000
humanSLChosenMoveProp = 1.0
humanSLOppExploreProbWeightful = 0.0
humanSLOppExploreProbWeightless = 0.0
humanSLPlaExploreProbWeightful = 0.0
humanSLPlaExploreProbWeightless = 0.0
humanSLProfile = rank_5k
humanSLRootExploreProbWeightful = 0.0
humanSLRootExploreProbWeightless = 0.0
ignorePreRootHistory = false
logDir = analysis_logs
logSearchInfo = true
logToStderr = true
maxVisits = 1
nnCacheSizePowerOfTwo = 17
nnMaxBatchSize = 8
nnMutexPoolSizePowerOfTwo = 14
nnRandomize = false
numAnalysisThreads = 1
numSearchThreads = 4
reportAnalysisWinratesAs = BLACK
rootNumSymmetriesToSample = 1
rules = japanese
subtreeValueBiasFactor = 0.0
useLcbForSelection = false
useNoisePruning = false
useUncertainty = false

2025-06-07 00:40:00+0900: Analysis Engine starting...
2025-06-07 00:40:00+0900: KataGo v1.15.3
2025-06-07 00:40:00+0900: nnRandSeed0 = 6813822790530836338
2025-06-07 00:40:00+0900: After dedups: nnModelFile0 = ../../models/kata1-b28c512nbt-s8476434688-d4668249792.bin useFP16 auto useNHWC auto
2025-06-07 00:40:00+0900: Initializing neural net buffer to be size 19 * 19 allowing smaller boards
2025-06-07 00:40:02+0900: Cuda backend thread 0: Found GPU NVIDIA RTX A5000 memory 25425608704 compute capability major 8 minor 6
2025-06-07 00:40:02+0900: Cuda backend thread 0: Model version 15 useFP16 = true useNHWC = true
2025-06-07 00:40:02+0900: Cuda backend thread 0: Model name: kata1-b28c512nbt-s8476434688-d4668249792
2025-06-07 00:40:03+0900: nnRandSeed0 = 15260688252585659101
2025-06-07 00:40:03+0900: After dedups: nnModelFile0 = ../../models/b18c384nbt-humanv0.bin.gz useFP16 auto useNHWC auto
2025-06-07 00:40:03+0900: Initializing neural net buffer to be size 19 * 19 allowing smaller boards
2025-06-07 00:40:05+0900: Cuda backend thread 0: Found GPU NVIDIA RTX A5000 memory 25425608704 compute capability major 8 minor 6
2025-06-07 00:40:05+0900: Cuda backend thread 0: Model version 15 useFP16 = true useNHWC = true
2025-06-07 00:40:05+0900: Cuda backend thread 0: Model name: b18c384nbt-humanv0
2025-06-07 00:40:06+0900: --------------
2025-06-07 00:40:06+0900: WARNING: Config had unused keys! You may have a typo, an option you specified is being unused from human5k_pure.cfg
2025-06-07 00:40:06+0900: WARNING: Unused key 'analysisIgnorePreRootHistory' in human5k_pure.cfg
2025-06-07 00:40:06+0900: WARNING: Unused key 'rules' in human5k_pure.cfg
2025-06-07 00:40:06+0900: --------------
2025-06-07 00:40:06+0900: Loaded config human5k_pure.cfg
2025-06-07 00:40:06+0900: Loaded model ../../models/kata1-b28c512nbt-s8476434688-d4668249792.bin
2025-06-07 00:40:06+0900: Analyzing up to 1 positions at a time in parallel
2025-06-07 00:40:06+0900: Started, ready to begin handling requests
2025-06-07 00:40:06+0900: MoveNum: 7 HASH: E4B4C15769890108D0D20B119E1135C6
   A B C D E F G H J K L M N O P Q R S T
19 . . . . . . . . . . . . . . . . . . .
18 . . . . . . . . . . . . . . . X3. . .
17 . . . . . . . . . . . . . X1. . . . .
16 . . . O . . . . . . . . . . . O . . .
15 . . . . . . . . . . . . . . . . . . .
14 . . . . . . . . . . . . . . . . O2. .
13 . . . . . . . . . . . . . . . . . . .
12 . . . . . . . . . . . . . . . . . . .
11 . . . . . . . . . . . . . . . . . . .
10 . . . . . . . . . . . . . . . . . . .
 9 . . . . . . . . . . . . . . . . . . .
 8 . . . . . . . . . . . . . . . . . . .
 7 . . . . . . . . . . . . . . . . . . .
 6 . . . . . . . . . . . . . . . . . . .
 5 . . . . . . . . . . . . . . . . . . .
 4 . . . X . . . . . . . . . . . . X . .
 3 . . . . . . . . . . . . . . . . . . .
 2 . . . . . . . . . . . . . . . . . . .
 1 . . . . . . . . . . . . . . . . . . .

koSIMPLEscoreTERRITORYtaxSEKIsui0komi6.5
Root visits: 53
New playouts: 53
NN rows: 52
NN batches: 28
NN avg batch size: 1.85714
PV: R17 C14 F16 L17 C3
Tree:
: T -12.92c W -12.52c S  -0.40c ( -0.9 L  -0.6) N      53  --  R17 C14 F16 L17 C3
---White(v)---
R17 : T -12.77c W -12.39c S  -0.37c ( -0.8 L  -0.6) LCB   -7.89c P 18.24% WF  13.0 PSV      23 N      13  --  R17 C14 F16 L17 C3
P4  : T -12.46c W -12.07c S  -0.40c ( -0.8 L  -0.5) LCB  136.63c P  2.77% WF   2.0 PSV       1 N       2  --  P4 P3
P3  : T -12.17c W -11.81c S  -0.36c ( -0.8 L  -0.5) LCB   -5.35c P 15.93% WF  11.0 PSV       1 N      11  --  P3 Q5 C3 D3 C4 D5
C6  : T -12.87c W -12.48c S  -0.39c ( -0.8 L  -0.5) LCB   -4.86c P  4.46% WF  11.0 PSV       0 N      11  --  C6 C17 C16 D17 E16 E17 F17
C3  : T -13.93c W -13.47c S  -0.46c ( -0.9 L  -0.6) LCB   -9.49c P 48.87% WF  15.1 PSV       0 N      15  --  C3 D3 C4 D5 B6 P4 R17 P16

2025-06-07 00:40:06+0900: ../../models/kata1-b28c512nbt-s8476434688-d4668249792.bin
2025-06-07 00:40:06+0900: NN rows: 52
2025-06-07 00:40:06+0900: NN batches: 28
2025-06-07 00:40:06+0900: NN avg batch size: 1.85714
2025-06-07 00:40:06+0900: ../../models/b18c384nbt-humanv0.bin.gz
2025-06-07 00:40:06+0900: NN rows: 4
2025-06-07 00:40:06+0900: NN batches: 2
2025-06-07 00:40:06+0900: NN avg batch size: 2
2025-06-07 00:40:06+0900: GPU -1 finishing, processed 52 rows 28 batches
2025-06-07 00:40:06+0900: GPU -1 finishing, processed 4 rows 2 batches
2025-06-07 00:40:06+0900: All cleaned up, quitting
