2025-06-11 20:16:11+0900: Running with following config:
analysisIgnorePreRootHistory = false
chosenMovePrune = 0
chosenMoveSubtract = 0
chosenMoveTemperature = 1.0
chosenMoveTemperatureEarly = 1.0
chosenMoveTemperatureOnlyBelowProb = 0.0
ignorePreRootHistory = false
logDir = analysis_logs
logSearchInfo = true
logToStderr = true
maxVisits = 2000
nnCacheSizePowerOfTwo = 17
nnMaxBatchSize = 8
nnMutexPoolSizePowerOfTwo = 14
nnRandomize = false
numAnalysisThreads = 1
numSearchThreads = 4
reportAnalysisWinratesAs = BLACK
rootNumSymmetriesToSample = 1
rules = japanese
subtreeValueBiasFactor = 0.0
useLcbForSelection = false
useNoisePruning = false
useUncertainty = false

2025-06-11 20:16:11+0900: Analysis Engine starting...
2025-06-11 20:16:11+0900: KataGo v1.15.3
2025-06-11 20:16:11+0900: nnRandSeed0 = 7973493458418162924
2025-06-11 20:16:11+0900: After dedups: nnModelFile0 = ../../models/kata1-b28c512nbt-s8476434688-d4668249792.bin useFP16 auto useNHWC auto
2025-06-11 20:16:11+0900: Initializing neural net buffer to be size 19 * 19 allowing smaller boards
2025-06-11 20:16:13+0900: Cuda backend thread 0: Found GPU NVIDIA RTX A5000 memory 25425608704 compute capability major 8 minor 6
2025-06-11 20:16:13+0900: Cuda backend thread 0: Model version 15 useFP16 = true useNHWC = true
2025-06-11 20:16:13+0900: Cuda backend thread 0: Model name: kata1-b28c512nbt-s8476434688-d4668249792
2025-06-11 20:16:15+0900: --------------
2025-06-11 20:16:15+0900: WARNING: Config had unused keys! You may have a typo, an option you specified is being unused from analysis.cfg
2025-06-11 20:16:15+0900: WARNING: Unused key 'analysisIgnorePreRootHistory' in analysis.cfg
2025-06-11 20:16:15+0900: WARNING: Unused key 'rules' in analysis.cfg
2025-06-11 20:16:15+0900: --------------
2025-06-11 20:16:15+0900: Loaded config analysis.cfg
2025-06-11 20:16:15+0900: Loaded model ../../models/kata1-b28c512nbt-s8476434688-d4668249792.bin
2025-06-11 20:16:15+0900: Analyzing up to 1 positions at a time in parallel
2025-06-11 20:16:15+0900: Started, ready to begin handling requests
2025-06-11 20:16:19+0900: MoveNum: 46 HASH: B0B73D6AA822412CB97AADE816CAECF3
   A B C D E F G H J K L M N O P Q R S T
19 . . . . . . . . . . . . . . . . . . .
18 . . . . . . . . . . . . . . . . . . .
17 . . . . . . . . . . . . . . . O X . .
16 . . . O . . . . . O3. . . . . O X . .
15 . . . . . . . . . . . . . . . O . . .
14 . . . . . . . . . . . . . . . . O1X .
13 . . . . . . . . . . . . . . . O X X2.
12 . . . . . . . . . . . . . . O X . . .
11 . . . . . . . . . . . . . . O X . . .
10 . . . . . . . . . . . . O O X . . . .
 9 . . . . . . . . . . . . . X X . . . .
 8 . . . . . . . . . . . . . . . . . . .
 7 . . . . . . . . . . . . . . . . . . .
 6 . . O . . . . . . . . . . . . . . . .
 5 . . . O . . . . . . . . . . . . . . .
 4 . O O X . . . . . . . . X X X X X . .
 3 . O X X . X . . X . . O X O . O O . .
 2 . X . . . . . . . . . O X O . . . . .
 1 . . . . . . . . . . . . O . . . . . .

koSIMPLEscoreTERRITORYtaxSEKIsui0komi6.5
Root visits: 2003
New playouts: 2003
NN rows: 1359
NN batches: 681
NN avg batch size: 1.99559
PV: P13 O13 Q14 O14 P3 P2 Q2 R2 Q1 R1 S3 S2 T2 P1 S5 K3 K2 K4 D7 C8 D6 C5 M4 J4 H3
Tree:
: T  83.10c W  80.01c S   3.10c ( +7.4 L  +5.2) N    2003  --  P13 O13 Q14 O14 P3 P2 Q2
---Black(^)---
P13 : T  84.68c W  81.32c S   3.36c ( +7.6 L  +5.4) LCB   82.94c P 27.78% WF 966.9 PSV     955 N     955  --  P13 O13 Q14 O14 P3 P2 Q2 R2
P3  : T  85.38c W  82.09c S   3.29c ( +7.6 L  +5.3) LCB   83.53c P 20.15% WF 795.8 PSV     781 N     781  --  P3 P2 Q2 R2 Q1 R1 S3 S2
S3  : T  70.56c W  68.98c S   1.58c ( +5.9 L  +4.1) LCB   65.00c P 28.45% WF 115.5 PSV      60 N     130  --  S3 S2 S4 J4 H3 D13 T2 L5
C17 : T  70.03c W  68.68c S   1.35c ( +5.7 L  +3.6) LCB   63.03c P  6.70% WF  45.4 PSV      13 N      50  --  C17 D17 C16 C14 C15 D15 B14 C18
C8  : T  61.93c W  61.11c S   0.82c ( +5.2 L  +3.3) LCB   55.45c P  8.20% WF  21.0 PSV      11 N      24  --  C8 C10 D7 E6 F7
D7  : T  73.14c W  71.48c S   1.66c ( +6.0 L  +4.0) LCB   68.27c P  3.26% WF  41.0 PSV       8 N      44  --  D7 C8 D6 C5 S3 S2 P3
C14 : T  62.45c W  61.84c S   0.61c ( +5.0 L  +3.0) LCB   44.79c P  1.66% WF   6.4 PSV       2 N       7  --  C14 D14 D13 E14 B15 C17
S4  : T  50.30c W  50.57c S  -0.26c ( +4.2 L  +2.3) LCB  -99.29c P  0.55% WF   1.8 PSV       0 N       2  --  S4 S3
O1  : T  48.26c W  48.28c S  -0.02c ( +4.4 L  +2.6) LCB -301.74c P  0.69% WF   0.9 PSV       0 N       1  --  O1
J16 : T  59.91c W  59.64c S   0.26c ( +4.7 L  +2.9) LCB -290.09c P  0.37% WF   0.9 PSV       0 N       1  --  J16

2025-06-11 20:16:19+0900: ../../models/kata1-b28c512nbt-s8476434688-d4668249792.bin
2025-06-11 20:16:19+0900: NN rows: 1359
2025-06-11 20:16:19+0900: NN batches: 681
2025-06-11 20:16:19+0900: NN avg batch size: 1.99559
2025-06-11 20:16:19+0900: GPU -1 finishing, processed 1359 rows 681 batches
2025-06-11 20:16:19+0900: All cleaned up, quitting
