2025-06-11 22:43:47+0900: Running with following config:
analysisIgnorePreRootHistory = false
chosenMovePrune = 0
chosenMoveSubtract = 0
chosenMoveTemperature = 1.0
chosenMoveTemperatureEarly = 1.0
chosenMoveTemperatureOnlyBelowProb = 0.0
ignorePreRootHistory = false
logDir = analysis_logs
logSearchInfo = true
logToStderr = true
maxVisits = 2000
nnCacheSizePowerOfTwo = 17
nnMaxBatchSize = 8
nnMutexPoolSizePowerOfTwo = 14
nnRandomize = false
numAnalysisThreads = 1
numSearchThreads = 4
reportAnalysisWinratesAs = BLACK
rootNumSymmetriesToSample = 1
rules = japanese
subtreeValueBiasFactor = 0.0
useLcbForSelection = false
useNoisePruning = false
useUncertainty = false

2025-06-11 22:43:47+0900: Analysis Engine starting...
2025-06-11 22:43:47+0900: KataGo v1.15.3
2025-06-11 22:43:47+0900: nnRandSeed0 = 6168014623317492813
2025-06-11 22:43:47+0900: After dedups: nnModelFile0 = ../../models/kata1-b28c512nbt-s8476434688-d4668249792.bin useFP16 auto useNHWC auto
2025-06-11 22:43:47+0900: Initializing neural net buffer to be size 19 * 19 allowing smaller boards
2025-06-11 22:43:49+0900: Cuda backend thread 0: Found GPU NVIDIA RTX A5000 memory 25425608704 compute capability major 8 minor 6
2025-06-11 22:43:49+0900: Cuda backend thread 0: Model version 15 useFP16 = true useNHWC = true
2025-06-11 22:43:49+0900: Cuda backend thread 0: Model name: kata1-b28c512nbt-s8476434688-d4668249792
2025-06-11 22:43:51+0900: --------------
2025-06-11 22:43:51+0900: WARNING: Config had unused keys! You may have a typo, an option you specified is being unused from analysis.cfg
2025-06-11 22:43:51+0900: WARNING: Unused key 'analysisIgnorePreRootHistory' in analysis.cfg
2025-06-11 22:43:51+0900: WARNING: Unused key 'rules' in analysis.cfg
2025-06-11 22:43:51+0900: --------------
2025-06-11 22:43:51+0900: Loaded config analysis.cfg
2025-06-11 22:43:51+0900: Loaded model ../../models/kata1-b28c512nbt-s8476434688-d4668249792.bin
2025-06-11 22:43:51+0900: Analyzing up to 1 positions at a time in parallel
2025-06-11 22:43:51+0900: Started, ready to begin handling requests
2025-06-11 22:43:56+0900: MoveNum: 26 HASH: 16BC948ACCAC21D5CDCC2C99D547C5A2
   A B C D E F G H J K L M N O P Q R S T
19 . . . . . . . . . . . . . . . . . . .
18 . . . . . . . . . . . . . . . . . . .
17 . X O . . O . . . . . . . . . O X . .
16 . X X O . . . . . . . . . . . O X . .
15 . X O O . . . . . . . . . . . O . . .
14 . . X O1. . . . . . . . . . . . . X .
13 . . X2O3. . . . . . . . . . . . . . .
12 . . . . . . . . . . . . . . . . . . .
11 . . . . . . . . . . . . . . . . . . .
10 . . . . . . . . . . . . . . . . . . .
 9 . . . . . . . . . . . . . . . . . . .
 8 . . . . . . . . . . . . . . . . . . .
 7 . . . . . . . . . . . . . . . . . . .
 6 . . . . . . . . . . . . . . . . . . .
 5 . . . . . . . . . . . . . . . . . . .
 4 . . . X . . . . . . . . . . X X X . .
 3 . . . . . . . . . . . . . . . O O . .
 2 . . . . . . . . . . . . . O . . . . .
 1 . . . . . . . . . . . . . . . . . . .

koSIMPLEscoreTERRITORYtaxSEKIsui0komi6.5
Root visits: 2003
New playouts: 2003
NN rows: 1789
NN batches: 895
NN avg batch size: 1.99888
PV: M17 K17 N14 P12 K16 J17 O17 R13 R14 Q14 R12 S13 Q13 Q12
Tree:
: T  -2.55c W  -2.33c S  -0.22c ( -0.2 L  -0.2) N    2003  --  M17 K17 N14 P12 K16 J17 O17
---Black(^)---
M17 : T  -0.62c W  -0.53c S  -0.09c ( -0.1 L  -0.1) LCB   -2.12c P 21.22% WF 728.3 PSV     715 N     714  --  M17 K17 N14 P12 K16 J17 O17 R13
M16 : T  -2.37c W  -2.16c S  -0.21c ( -0.2 L  -0.2) LCB   -4.39c P 40.51% WF 580.4 PSV     414 N     581  --  M16 R18 S18 S15 R15 R14 Q14 R13
L16 : T  -3.52c W  -3.25c S  -0.27c ( -0.2 L  -0.3) LCB   -5.64c P 28.59% WF 287.4 PSV     200 N     291  --  L16 R18 S18 S15 R11 R15 Q18 P18
L17 : T  -4.96c W  -4.58c S  -0.38c ( -0.3 L  -0.3) LCB   -8.73c P  3.14% WF  97.0 PSV      15 N      99  --  L17 R18 S18 S15 R10 R15 Q18 P18
N17 : T  -4.14c W  -3.78c S  -0.36c ( -0.3 L  -0.2) LCB   -7.21c P  1.42% WF 120.1 PSV       8 N     122  --  N17 R18 S18 S15 R15 R14 Q14 R13
D12 : T  -5.97c W  -5.56c S  -0.42c ( -0.4 L  -0.3) LCB   -9.77c P  1.58% WF  47.8 PSV       6 N      49  --  D12 C12 B12 C11 D11 C10 D10 C9
D17 : T  -7.32c W  -6.76c S  -0.56c ( -0.5 L  -0.3) LCB  -11.05c P  0.89% WF  41.6 PSV       3 N      43  --  D17 C18 D18 E18 B18 L16 R13 D11
O3  : T  -7.69c W  -7.14c S  -0.55c ( -0.5 L  -0.4) LCB  -12.19c P  0.18% WF  36.7 PSV       0 N      38  --  O3 N2 M16 K16 R13 R18 S18
K16 : T  -4.79c W  -4.41c S  -0.38c ( -0.3 L  -0.3) LCB   -9.20c P  0.11% WF  26.6 PSV       0 N      27  --  K16 R18 S18 S15 Q18 R15
R13 : T  -7.12c W  -6.59c S  -0.53c ( -0.5 L  -0.3) LCB  -12.59c P  0.27% WF  16.6 PSV       0 N      17  --  R13 L16 N3 F3 S4 N2

2025-06-11 22:43:56+0900: ../../models/kata1-b28c512nbt-s8476434688-d4668249792.bin
2025-06-11 22:43:56+0900: NN rows: 1789
2025-06-11 22:43:56+0900: NN batches: 895
2025-06-11 22:43:56+0900: NN avg batch size: 1.99888
2025-06-11 22:43:56+0900: GPU -1 finishing, processed 1789 rows 895 batches
2025-06-11 22:43:56+0900: All cleaned up, quitting
