2025-06-06 21:05:42+0900: Running with following config:
analysisIgnorePreRootHistory = false
chosenMovePrune = 0
chosenMoveSubtract = 0
chosenMoveTemperature = 1.0
chosenMoveTemperatureEarly = 1.0
chosenMoveTemperatureOnlyBelowProb = 0.0
humanSLChosenMoveIgnorePass = true
humanSLChosenMovePiklLambda = 100000000
humanSLChosenMoveProp = 1.0
humanSLOppExploreProbWeightful = 0.0
humanSLOppExploreProbWeightless = 0.0
humanSLPlaExploreProbWeightful = 0.0
humanSLPlaExploreProbWeightless = 0.0
humanSLProfile = rank_5k
humanSLRootExploreProbWeightful = 0.0
humanSLRootExploreProbWeightless = 0.0
ignorePreRootHistory = false
logDir = analysis_logs
logSearchInfo = true
logToStderr = true
maxVisits = 1
nnCacheSizePowerOfTwo = 17
nnMaxBatchSize = 8
nnMutexPoolSizePowerOfTwo = 14
nnRandomize = false
numAnalysisThreads = 1
numSearchThreads = 4
reportAnalysisWinratesAs = BLACK
rootNumSymmetriesToSample = 1
rules = japanese
subtreeValueBiasFactor = 0.0
useLcbForSelection = false
useNoisePruning = false
useUncertainty = false

2025-06-06 21:05:42+0900: Analysis Engine starting...
2025-06-06 21:05:42+0900: KataGo v1.15.3
2025-06-06 21:05:42+0900: nnRandSeed0 = 12467871470441655696
2025-06-06 21:05:42+0900: After dedups: nnModelFile0 = ../../models/kata1-b28c512nbt-s8476434688-d4668249792.bin useFP16 auto useNHWC auto
2025-06-06 21:05:42+0900: Initializing neural net buffer to be size 19 * 19 allowing smaller boards
2025-06-06 21:05:44+0900: Cuda backend thread 0: Found GPU NVIDIA RTX A5000 memory 25425608704 compute capability major 8 minor 6
2025-06-06 21:05:44+0900: Cuda backend thread 0: Model version 15 useFP16 = true useNHWC = true
2025-06-06 21:05:44+0900: Cuda backend thread 0: Model name: kata1-b28c512nbt-s8476434688-d4668249792
2025-06-06 21:05:46+0900: nnRandSeed0 = 11019210406149096585
2025-06-06 21:05:46+0900: After dedups: nnModelFile0 = ../../models/b18c384nbt-humanv0.bin.gz useFP16 auto useNHWC auto
2025-06-06 21:05:46+0900: Initializing neural net buffer to be size 19 * 19 allowing smaller boards
2025-06-06 21:05:47+0900: Cuda backend thread 0: Found GPU NVIDIA RTX A5000 memory 25425608704 compute capability major 8 minor 6
2025-06-06 21:05:47+0900: Cuda backend thread 0: Model version 15 useFP16 = true useNHWC = true
2025-06-06 21:05:47+0900: Cuda backend thread 0: Model name: b18c384nbt-humanv0
2025-06-06 21:05:47+0900: --------------
2025-06-06 21:05:47+0900: WARNING: Config had unused keys! You may have a typo, an option you specified is being unused from human5k_pure.cfg
2025-06-06 21:05:47+0900: WARNING: Unused key 'analysisIgnorePreRootHistory' in human5k_pure.cfg
2025-06-06 21:05:47+0900: WARNING: Unused key 'rules' in human5k_pure.cfg
2025-06-06 21:05:47+0900: --------------
2025-06-06 21:05:47+0900: Loaded config human5k_pure.cfg
2025-06-06 21:05:47+0900: Loaded model ../../models/kata1-b28c512nbt-s8476434688-d4668249792.bin
2025-06-06 21:05:47+0900: Analyzing up to 1 positions at a time in parallel
2025-06-06 21:05:47+0900: Started, ready to begin handling requests
2025-06-06 21:05:48+0900: MoveNum: 2 HASH: EB5B48764F3CF87F19236A45508C4ACB
   A B C D E F G H J K L M N O P Q R S T
19 . . . . . . . . . . . . . . . . . . .
18 . . . . . . . . . . . . . . . . . . .
17 . . . . . . . . . . . . . . . . . . .
16 . . . . . . . . . . . . . . . O2. . .
15 . . . . . . . . . . . . . . . . . . .
14 . . . . . . . . . . . . . . . . . . .
13 . . . . . . . . . . . . . . . . . . .
12 . . . . . . . . . . . . . . . . . . .
11 . . . . . . . . . . . . . . . . . . .
10 . . . . . . . . . . . . . . . . . . .
 9 . . . . . . . . . . . . . . . . . . .
 8 . . . . . . . . . . . . . . . . . . .
 7 . . . . . . . . . . . . . . . . . . .
 6 . . . . . . . . . . . . . . . . . . .
 5 . . . . . . . . . . . . . . . . . . .
 4 . . . X1. . . . . . . . . . . . . . .
 3 . . . . . . . . . . . . . . . . . . .
 2 . . . . . . . . . . . . . . . . . . .
 1 . . . . . . . . . . . . . . . . . . .

koSIMPLEscoreTERRITORYtaxSEKIsui0komi6.5
Root visits: 53
New playouts: 53
NN rows: 53
NN batches: 28
NN avg batch size: 1.89286
PV: Q4 D16 C14 R3 R4 Q3 P4 O2 O17
Tree:
: T  -6.64c W  -6.52c S  -0.12c ( -0.5 L  -0.4) N      53  --  Q4 D16 C14 R3 R4 Q3 P4
---Black(^)---
Q4  : T  -5.16c W  -5.15c S  -0.01c ( -0.3 L  -0.3) LCB   -9.07c P 27.60% WF  15.1 PSV       9 N      15  --  Q4 D16 C14 R3 R4 Q3 P4 O2
R4  : T  -5.13c W  -4.99c S  -0.14c ( -0.5 L  -0.4) LCB  -11.28c P  3.12% WF  11.1 PSV       7 N      11  --  R4 D16 C6 P3 Q5 M3 C17 D17
Q3  : T  -7.53c W  -7.38c S  -0.15c ( -0.5 L  -0.4) LCB  -22.22c P  1.77% WF   7.0 PSV       4 N       7  --  Q3 D16 C17 C16 D17
R14 : T  -7.72c W  -7.65c S  -0.07c ( -0.4 L  -0.4) LCB  -16.69c P  5.73% WF   9.0 PSV       0 N       9  --  R14 Q4 D16 R15 Q14 O16 Q10 C3
R17 : T  -9.16c W  -8.90c S  -0.25c ( -0.6 L  -0.5) LCB  -20.37c P  8.02% WF   7.9 PSV       0 N       8  --  R17 R16 Q17 P16 O18
F3  : T  -7.54c W  -7.15c S  -0.39c ( -0.7 L  -0.5) LCB -156.47c P  1.55% WF   2.0 PSV       0 N       2  --  F3 D16

2025-06-06 21:05:48+0900: MoveNum: 3 HASH: D708DE31F95B10C3412836EB94D8B332
   A B C D E F G H J K L M N O P Q R S T
19 . . . . . . . . . . . . . . . . . . .
18 . . . . . . . . . . . . . . . . . . .
17 . . . . . . . . . . . . . . . . . . .
16 . . . . . . . . . . . . . . . O2. . .
15 . . . . . . . . . . . . . . . . . . .
14 . . . . . . . . . . . . . . . . . . .
13 . . . . . . . . . . . . . . . . . . .
12 . . . . . . . . . . . . . . . . . . .
11 . . . . . . . . . . . . . . . . . . .
10 . . . . . . . . . . . . . . . . . . .
 9 . . . . . . . . . . . . . . . . . . .
 8 . . . . . . . . . . . . . . . . . . .
 7 . . . . . . . . . . . . . . . . . . .
 6 . . . . . . . . . . . . . . . . . . .
 5 . . . . . . . . . . . . . . . . . . .
 4 . . . X1. . . . . . . . . . . . X3. .
 3 . . . . . . . . . . . . . . . . . . .
 2 . . . . . . . . . . . . . . . . . . .
 1 . . . . . . . . . . . . . . . . . . .

koSIMPLEscoreTERRITORYtaxSEKIsui0komi6.5
Root visits: 53
New playouts: 53
NN rows: 96
NN batches: 51
NN avg batch size: 1.88235
PV: D16 C6 P3 Q5 M3 C17 D17 C16
Tree:
: T  -5.51c W  -5.47c S  -0.04c ( -0.4 L  -0.3) N      53  --  D16 C6 P3 Q5 M3 C17 D17
---White(v)---
D16 : T  -6.26c W  -6.09c S  -0.18c ( -0.5 L  -0.4) LCB   -4.37c P 79.20% WF  30.1 PSV      20 N      30  --  D16 C6 P3 Q5 M3 C17 D17 C16
C16 : T  -4.39c W  -4.52c S   0.13c ( -0.2 L  -0.2) LCB    2.05c P  8.85% WF  10.9 PSV       9 N      11  --  C16 R17 Q17 R16 Q15 R14 C3
D17 : T  -4.62c W  -4.80c S   0.17c ( -0.2 L  -0.2) LCB    2.57c P  4.25% WF  11.0 PSV       4 N      11  --  D17 C15 C3 D3 C4

2025-06-06 21:05:48+0900: MoveNum: 4 HASH: 6B3275FA2CECDE7EFE556BED86B0CCCB
   A B C D E F G H J K L M N O P Q R S T
19 . . . . . . . . . . . . . . . . . . .
18 . . . . . . . . . . . . . . . . . . .
17 . . . . . . . . . . . . . . . . . . .
16 . . . O3. . . . . . . . . . . O1. . .
15 . . . . . . . . . . . . . . . . . . .
14 . . . . . . . . . . . . . . . . . . .
13 . . . . . . . . . . . . . . . . . . .
12 . . . . . . . . . . . . . . . . . . .
11 . . . . . . . . . . . . . . . . . . .
10 . . . . . . . . . . . . . . . . . . .
 9 . . . . . . . . . . . . . . . . . . .
 8 . . . . . . . . . . . . . . . . . . .
 7 . . . . . . . . . . . . . . . . . . .
 6 . . . . . . . . . . . . . . . . . . .
 5 . . . . . . . . . . . . . . . . . . .
 4 . . . X . . . . . . . . . . . . X2. .
 3 . . . . . . . . . . . . . . . . . . .
 2 . . . . . . . . . . . . . . . . . . .
 1 . . . . . . . . . . . . . . . . . . .

koSIMPLEscoreTERRITORYtaxSEKIsui0komi6.5
Root visits: 53
New playouts: 53
NN rows: 121
NN batches: 64
NN avg batch size: 1.89062
PV: L3
Tree:
: T  -6.51c W  -6.35c S  -0.16c ( -0.5 L  -0.4) N      53  --  L3
---Black(^)---
R14 : T  -7.94c W  -7.67c S  -0.26c ( -0.6 L  -0.5) LCB  -50.71c P  2.64% WF   4.0 PSV      17 N       4  --  R14 C3 D3 C4
C14 : T  -5.88c W  -5.75c S  -0.13c ( -0.5 L  -0.4) LCB -355.88c P  1.98% WF   1.0 PSV       9 N       1  --  C14
O4  : T  -4.87c W  -4.85c S  -0.02c ( -0.4 L  -0.3) LCB -354.87c P  1.77% WF   1.0 PSV       3 N       1  --  O4
P4  : T  -7.25c W  -7.06c S  -0.20c ( -0.5 L  -0.4) LCB  -50.11c P  2.43% WF   4.0 PSV       1 N       4  --  P4 C3 D3 C4
C6  : T  -5.64c W  -5.52c S  -0.12c ( -0.5 L  -0.4) LCB   -8.14c P 60.72% WF  28.1 PSV       0 N      28  --  C6 P3 Q5 M3 C17 D17 C16 D15
C17 : T  -7.52c W  -7.31c S  -0.22c ( -0.6 L  -0.4) LCB  -16.62c P  7.64% WF   9.0 PSV       0 N       9  --  C17 C16 D17 E16 F18 C3 D3 C4
R17 : T  -8.50c W  -8.30c S  -0.20c ( -0.6 L  -0.4) LCB  -36.85c P  5.70% WF   5.0 PSV       0 N       5  --  R17 R16 Q17 P16 O18

2025-06-06 21:05:49+0900: MoveNum: 5 HASH: F5D74DB49069A1C9E7FF1D25733F0A8C
   A B C D E F G H J K L M N O P Q R S T
19 . . . . . . . . . . . . . . . . . . .
18 . . . . . . . . . . . . . . . . . . .
17 . . . . . . . . . . . . . . . . . . .
16 . . . O2. . . . . . . . . . . O . . .
15 . . . . . . . . . . . . . . . . . . .
14 . . . . . . . . . . . . . . . . . . .
13 . . . . . . . . . . . . . . . . . . .
12 . . . . . . . . . . . . . . . . . . .
11 . . . . . . . . . . . . . . . . . . .
10 . . . . . . . . . . . . . . . . . . .
 9 . . . . . . . . . . . . . . . . . . .
 8 . . . . . . . . . . . . . . . . . . .
 7 . . . . . . . . . . . . . . . . . . .
 6 . . . . . . . . . . . . . . . . . . .
 5 . . . . . . . . . . . . . . . . . . .
 4 . . . X . . . . . . . . . . . . X1. .
 3 . . . . . . . . . . X3. . . . . . . .
 2 . . . . . . . . . . . . . . . . . . .
 1 . . . . . . . . . . . . . . . . . . .

koSIMPLEscoreTERRITORYtaxSEKIsui0komi6.5
Root visits: 53
New playouts: 53
NN rows: 174
NN batches: 91
NN avg batch size: 1.91209
PV: C6 F4 C3 C4
Tree:
: T  -9.38c W  -9.12c S  -0.26c ( -0.6 L  -0.5) N      53  --  C6 F4 C3 C4
---White(v)---
C6  : T -10.36c W -10.05c S  -0.31c ( -0.6 L  -0.5) LCB   -5.19c P 41.82% WF  13.1 PSV      18 N      13  --  C6 F4 C3 C4
P4  : T  -8.10c W  -7.94c S  -0.16c ( -0.5 L  -0.4) LCB   -2.46c P 20.99% WF  12.9 PSV       5 N      13  --  P4 R6 Q5 R5 Q3 R3 R2 O3
C3  : T -10.88c W -10.50c S  -0.38c ( -0.7 L  -0.5) LCB   -6.42c P 20.05% WF  13.1 PSV       1 N      13  --  C3 D3 C4 D5 C6 R17 Q17
Q4  : T -10.10c W  -9.72c S  -0.38c ( -0.7 L  -0.7) LCB    9.74c P  2.29% WF   6.0 PSV       1 N       6  --  Q4 Q3 R5 Q5 P4 R6
R14 : T  -6.70c W  -6.66c S  -0.03c ( -0.4 L  -0.3) LCB    7.89c P  2.34% WF   6.9 PSV       0 N       7  --  R14 C17 D17 C16 D15 B14 C3

2025-06-06 21:05:49+0900: MoveNum: 6 HASH: A3BA81A93BD5687F5DFDA58551345816
   A B C D E F G H J K L M N O P Q R S T
19 . . . . . . . . . . . . . . . . . . .
18 . . . . . . . . . . . . . . . . . . .
17 . . . . . . . . . . . . . . . . . . .
16 . . . O1. . . . . . . . . . . O . . .
15 . . . . . . . . . . . . . . . . . . .
14 . . . . . . . . . . . . . . . . . . .
13 . . . . . . . . . . . . . . . . . . .
12 . . . . . . . . . . . . . . . . . . .
11 . . . . . . . . . . . . . . . . . . .
10 . . . . . . . . . . . . . . . . . . .
 9 . . . . . . . . . . . . . . . . . . .
 8 . . . . . . . . . . . . . . . . . . .
 7 . . . . . . . . . . . . . . . . . . .
 6 . . O3. . . . . . . . . . . . . . . .
 5 . . . . . . . . . . . . . . . . . . .
 4 . . . X . . . . . . . . . . . . X . .
 3 . . . . . . . . . . X2. . . . . . . .
 2 . . . . . . . . . . . . . . . . . . .
 1 . . . . . . . . . . . . . . . . . . .

koSIMPLEscoreTERRITORYtaxSEKIsui0komi6.5
Root visits: 53
New playouts: 53
NN rows: 215
NN batches: 112
NN avg batch size: 1.91964
PV: F4 C3 C4 B4 D3 B2 C2 B3
Tree:
: T -11.05c W -10.77c S  -0.29c ( -0.7 L  -0.6) N      53  --  F4 C3 C4 B4 D3 B2 C2
---Black(^)---
F4  : T  -8.78c W  -8.63c S  -0.16c ( -0.6 L  -0.5) LCB  -13.15c P 19.68% WF  14.1 PSV      19 N      14  --  F4 C3 C4 B4 D3 B2 C2 B3
C5  : T -10.92c W -10.57c S  -0.35c ( -0.7 L  -0.6) LCB  -18.52c P 18.39% WF  10.0 PSV      10 N      10  --  C5 D6 F4 D10 R17 Q17
D6  : T  -6.60c W  -6.60c S  -0.01c ( -0.4 L  -0.3) LCB -356.60c P  2.90% WF   1.0 PSV       7 N       1  --  D6
R14 : T -12.06c W -11.71c S  -0.35c ( -0.7 L  -0.6) LCB  -39.78c P  4.98% WF   5.0 PSV       1 N       5  --  R14 C3 D3 C4
C17 : T -14.04c W -13.58c S  -0.46c ( -0.9 L  -0.6) LCB  -57.32c P  7.15% WF   4.0 PSV       0 N       4  --  C17 C16 D17 E16
P4  : T -13.46c W -13.00c S  -0.46c ( -0.9 L  -0.7) LCB  -33.36c P  8.53% WF   5.9 PSV       0 N       6  --  P4 C3 C4 D3
R17 : T -11.73c W -11.48c S  -0.25c ( -0.7 L  -0.5) LCB  -17.84c P 24.13% WF  12.0 PSV       0 N      12  --  R17 R16 Q17 P16 O18 C3 D3

