2025-06-07 00:38:57+0900: Running with following config:
analysisIgnorePreRootHistory = false
chosenMovePrune = 0
chosenMoveSubtract = 0
chosenMoveTemperature = 1.0
chosenMoveTemperatureEarly = 1.0
chosenMoveTemperatureOnlyBelowProb = 0.0
humanSLChosenMoveIgnorePass = true
humanSLChosenMovePiklLambda = 100000000
humanSLChosenMoveProp = 1.0
humanSLOppExploreProbWeightful = 0.0
humanSLOppExploreProbWeightless = 0.0
humanSLPlaExploreProbWeightful = 0.0
humanSLPlaExploreProbWeightless = 0.0
humanSLProfile = rank_5k
humanSLRootExploreProbWeightful = 0.0
humanSLRootExploreProbWeightless = 0.0
ignorePreRootHistory = false
logDir = analysis_logs
logSearchInfo = true
logToStderr = true
maxVisits = 1
nnCacheSizePowerOfTwo = 17
nnMaxBatchSize = 8
nnMutexPoolSizePowerOfTwo = 14
nnRandomize = false
numAnalysisThreads = 1
numSearchThreads = 4
reportAnalysisWinratesAs = BLACK
rootNumSymmetriesToSample = 1
rules = japanese
subtreeValueBiasFactor = 0.0
useLcbForSelection = false
useNoisePruning = false
useUncertainty = false

2025-06-07 00:38:57+0900: Analysis Engine starting...
2025-06-07 00:38:57+0900: KataGo v1.15.3
2025-06-07 00:38:57+0900: nnRandSeed0 = 13002136654726632193
2025-06-07 00:38:57+0900: After dedups: nnModelFile0 = ../../models/kata1-b28c512nbt-s8476434688-d4668249792.bin useFP16 auto useNHWC auto
2025-06-07 00:38:57+0900: Initializing neural net buffer to be size 19 * 19 allowing smaller boards
2025-06-07 00:38:59+0900: Cuda backend thread 0: Found GPU NVIDIA RTX A5000 memory 25425608704 compute capability major 8 minor 6
2025-06-07 00:38:59+0900: Cuda backend thread 0: Model version 15 useFP16 = true useNHWC = true
2025-06-07 00:38:59+0900: Cuda backend thread 0: Model name: kata1-b28c512nbt-s8476434688-d4668249792
2025-06-07 00:39:00+0900: nnRandSeed0 = 10678367503351016605
2025-06-07 00:39:00+0900: After dedups: nnModelFile0 = ../../models/b18c384nbt-humanv0.bin.gz useFP16 auto useNHWC auto
2025-06-07 00:39:00+0900: Initializing neural net buffer to be size 19 * 19 allowing smaller boards
2025-06-07 00:39:01+0900: Cuda backend thread 0: Found GPU NVIDIA RTX A5000 memory 25425608704 compute capability major 8 minor 6
2025-06-07 00:39:01+0900: Cuda backend thread 0: Model version 15 useFP16 = true useNHWC = true
2025-06-07 00:39:01+0900: Cuda backend thread 0: Model name: b18c384nbt-humanv0
2025-06-07 00:39:01+0900: --------------
2025-06-07 00:39:01+0900: WARNING: Config had unused keys! You may have a typo, an option you specified is being unused from human5k_pure.cfg
2025-06-07 00:39:01+0900: WARNING: Unused key 'analysisIgnorePreRootHistory' in human5k_pure.cfg
2025-06-07 00:39:01+0900: WARNING: Unused key 'rules' in human5k_pure.cfg
2025-06-07 00:39:01+0900: --------------
2025-06-07 00:39:01+0900: Loaded config human5k_pure.cfg
2025-06-07 00:39:01+0900: Loaded model ../../models/kata1-b28c512nbt-s8476434688-d4668249792.bin
2025-06-07 00:39:01+0900: Analyzing up to 1 positions at a time in parallel
2025-06-07 00:39:01+0900: Started, ready to begin handling requests
2025-06-07 00:39:02+0900: MoveNum: 6 HASH: B8667C1CD4B2D1209D0193FFCBC219F6
   A B C D E F G H J K L M N O P Q R S T
19 . . . . . . . . . . . . . . . . . . .
18 . . . . . . . . . . . . . . . . . . .
17 . . . O1. . . . . . . . . . . . . . .
16 . . . . . . . . . . . . . . . O . . .
15 . . O3. . . . . . . . . . . . . . . .
14 . . . . . . . . . . . . . . . . . . .
13 . . . . . . . . . . . . . . . . . . .
12 . . . . . . . . . . . . . . . . . . .
11 . . . . . . . . . . . . . . . . . . .
10 . . . . . . . . . . . . . . . . . . .
 9 . . . . . . . . . . . . . . . . . . .
 8 . . . . . . . . . . . . . . . . . . .
 7 . . . . . . . . . . . . . . . . . . .
 6 . . . . . . . . . . . . . . . . . . .
 5 . . . . . . . . . . . . . . . . . . .
 4 . . . X . . . . . . . . . . . . X . .
 3 . . . . . . . . . . X2. . . . . . . .
 2 . . . . . . . . . . . . . . . . . . .
 1 . . . . . . . . . . . . . . . . . . .

koSIMPLEscoreTERRITORYtaxSEKIsui0komi6.5
Root visits: 53
New playouts: 53
NN rows: 53
NN batches: 27
NN avg batch size: 1.96296
PV: R14 C6 O17 O16 N16
Tree:
: T  -5.54c W  -5.33c S  -0.21c ( -0.3 L  -0.3) N      53  --  R14 C6 O17 O16 N16
---Black(^)---
R14 : T  -5.52c W  -5.30c S  -0.23c ( -0.3 L  -0.3) LCB  -10.35c P 20.63% WF  14.0 PSV      14 N      14  --  R14 C6 O17 O16 N16
O17 : T  -8.41c W  -8.07c S  -0.34c ( -0.5 L  -0.3) LCB  -82.24c P  1.67% WF   3.0 PSV       6 N       3  --  O17 P17 O16
C6  : T  -4.46c W  -4.26c S  -0.20c ( -0.3 L  -0.3) LCB  -12.03c P  2.46% WF  11.0 PSV       1 N      11  --  C6 R14 P4 D7 D14
P4  : T  -7.31c W  -6.97c S  -0.34c ( -0.5 L  -0.4) LCB  -15.01c P 11.11% WF   9.9 PSV       1 N      10  --  P4 C6 R17 Q17 R16
R17 : T  -4.82c W  -4.71c S  -0.11c ( -0.2 L  -0.1) LCB   -8.79c P 52.78% WF  14.0 PSV       0 N      14  --  R17 Q17 R16 R14 S14 R13 S13 R12

2025-06-07 00:39:02+0900: ../../models/kata1-b28c512nbt-s8476434688-d4668249792.bin
2025-06-07 00:39:02+0900: NN rows: 53
2025-06-07 00:39:02+0900: NN batches: 27
2025-06-07 00:39:02+0900: NN avg batch size: 1.96296
2025-06-07 00:39:02+0900: ../../models/b18c384nbt-humanv0.bin.gz
2025-06-07 00:39:02+0900: NN rows: 4
2025-06-07 00:39:02+0900: NN batches: 2
2025-06-07 00:39:02+0900: NN avg batch size: 2
2025-06-07 00:39:02+0900: GPU -1 finishing, processed 53 rows 27 batches
2025-06-07 00:39:02+0900: GPU -1 finishing, processed 4 rows 2 batches
2025-06-07 00:39:02+0900: All cleaned up, quitting
