2025-06-11 20:19:40+0900: Running with following config:
analysisIgnorePreRootHistory = false
chosenMovePrune = 0
chosenMoveSubtract = 0
chosenMoveTemperature = 1.0
chosenMoveTemperatureEarly = 1.0
chosenMoveTemperatureOnlyBelowProb = 0.0
ignorePreRootHistory = false
logDir = analysis_logs
logSearchInfo = true
logToStderr = true
maxVisits = 2000
nnCacheSizePowerOfTwo = 17
nnMaxBatchSize = 8
nnMutexPoolSizePowerOfTwo = 14
nnRandomize = false
numAnalysisThreads = 1
numSearchThreads = 4
reportAnalysisWinratesAs = BLACK
rootNumSymmetriesToSample = 1
rules = japanese
subtreeValueBiasFactor = 0.0
useLcbForSelection = false
useNoisePruning = false
useUncertainty = false

2025-06-11 20:19:40+0900: Analysis Engine starting...
2025-06-11 20:19:40+0900: KataGo v1.15.3
2025-06-11 20:19:40+0900: nnRandSeed0 = 14556035908445687106
2025-06-11 20:19:40+0900: After dedups: nnModelFile0 = ../../models/kata1-b28c512nbt-s8476434688-d4668249792.bin useFP16 auto useNHWC auto
2025-06-11 20:19:40+0900: Initializing neural net buffer to be size 19 * 19 allowing smaller boards
2025-06-11 20:19:42+0900: Cuda backend thread 0: Found GPU NVIDIA RTX A5000 memory 25425608704 compute capability major 8 minor 6
2025-06-11 20:19:42+0900: Cuda backend thread 0: Model version 15 useFP16 = true useNHWC = true
2025-06-11 20:19:42+0900: Cuda backend thread 0: Model name: kata1-b28c512nbt-s8476434688-d4668249792
2025-06-11 20:19:44+0900: --------------
2025-06-11 20:19:44+0900: WARNING: Config had unused keys! You may have a typo, an option you specified is being unused from analysis.cfg
2025-06-11 20:19:44+0900: WARNING: Unused key 'analysisIgnorePreRootHistory' in analysis.cfg
2025-06-11 20:19:44+0900: WARNING: Unused key 'rules' in analysis.cfg
2025-06-11 20:19:44+0900: --------------
2025-06-11 20:19:44+0900: Loaded config analysis.cfg
2025-06-11 20:19:44+0900: Loaded model ../../models/kata1-b28c512nbt-s8476434688-d4668249792.bin
2025-06-11 20:19:44+0900: Analyzing up to 1 positions at a time in parallel
2025-06-11 20:19:44+0900: Started, ready to begin handling requests
2025-06-11 20:19:47+0900: MoveNum: 46 HASH: B0B73D6AA822412CB97AADE816CAECF3
   A B C D E F G H J K L M N O P Q R S T
19 . . . . . . . . . . . . . . . . . . .
18 . . . . . . . . . . . . . . . . . . .
17 . . . . . . . . . . . . . . . O X . .
16 . . . O . . . . . O3. . . . . O X . .
15 . . . . . . . . . . . . . . . O . . .
14 . . . . . . . . . . . . . . . . O1X .
13 . . . . . . . . . . . . . . . O X X2.
12 . . . . . . . . . . . . . . O X . . .
11 . . . . . . . . . . . . . . O X . . .
10 . . . . . . . . . . . . O O X . . . .
 9 . . . . . . . . . . . . . X X . . . .
 8 . . . . . . . . . . . . . . . . . . .
 7 . . . . . . . . . . . . . . . . . . .
 6 . . O . . . . . . . . . . . . . . . .
 5 . . . O . . . . . . . . . . . . . . .
 4 . O O X . . . . . . . . X X X X X . .
 3 . O X X . X . . X . . O X O . O O . .
 2 . X . . . . . . . . . O X O . . . . .
 1 . . . . . . . . . . . . O . . . . . .

koSIMPLEscoreTERRITORYtaxSEKIsui0komi6.5
Root visits: 1003
New playouts: 1003
NN rows: 761
NN batches: 381
NN avg batch size: 1.99738
PV: P13 O13 Q14 O14 P3 P2 Q2 R2 Q1 R1 S3 S2 T2 P1 S5 K3 K2 K4 O12 O11 N12 P14 Q13 L10 M4
Tree:
: T  79.82c W  77.10c S   2.73c ( +7.0 L  +4.9) N    1003  --  P13 O13 Q14 O14 P3 P2 Q2
---Black(^)---
P13 : T  82.06c W  78.96c S   3.10c ( +7.4 L  +5.1) LCB   79.31c P 27.78% WF 488.2 PSV     480 N     480  --  P13 O13 Q14 O14 P3 P2 Q2 R2
P3  : T  82.17c W  79.27c S   2.91c ( +7.2 L  +5.0) LCB   78.87c P 20.15% WF 329.2 PSV     324 N     324  --  P3 P2 Q2 R2 Q1 R1 S3 S2
S3  : T  70.90c W  69.31c S   1.59c ( +5.9 L  +4.1) LCB   64.80c P 28.45% WF  90.8 PSV      47 N      98  --  S3 S2 S4 J4 P3 P2 T2 H3
C17 : T  70.53c W  69.17c S   1.36c ( +5.7 L  +3.6) LCB   63.24c P  6.70% WF  31.1 PSV      10 N      33  --  C17 D17 C16 C14 C15 D15 B14 C18
C8  : T  61.51c W  60.75c S   0.76c ( +5.2 L  +3.2) LCB   53.80c P  8.20% WF  15.3 PSV       7 N      17  --  C8 C10 D7 E6 F7
D7  : T  72.59c W  71.03c S   1.56c ( +5.9 L  +3.9) LCB   67.22c P  3.26% WF  36.2 PSV       6 N      38  --  D7 C8 D6 C5 S3 S2
C14 : T  63.88c W  63.16c S   0.72c ( +5.1 L  +3.1) LCB   42.39c P  1.66% WF   5.6 PSV       1 N       6  --  C14 D14 D13 E14 B15 C17
O1  : T  48.27c W  48.29c S  -0.02c ( +4.4 L  +2.6) LCB -301.73c P  0.69% WF   0.9 PSV       0 N       1  --  O1
S4  : T  54.71c W  54.27c S   0.43c ( +4.8 L  +2.8) LCB -295.29c P  0.55% WF   0.9 PSV       0 N       1  --  S4
J16 : T  59.93c W  59.67c S   0.26c ( +4.7 L  +2.9) LCB -290.07c P  0.37% WF   0.9 PSV       0 N       1  --  J16

