2025-06-07 00:43:18+0900: Running with following config:
analysisIgnorePreRootHistory = false
chosenMovePrune = 0
chosenMoveSubtract = 0
chosenMoveTemperature = 1.0
chosenMoveTemperatureEarly = 1.0
chosenMoveTemperatureOnlyBelowProb = 0.0
humanSLChosenMoveIgnorePass = true
humanSLChosenMovePiklLambda = 100000000
humanSLChosenMoveProp = 1.0
humanSLOppExploreProbWeightful = 0.0
humanSLOppExploreProbWeightless = 0.0
humanSLPlaExploreProbWeightful = 0.0
humanSLPlaExploreProbWeightless = 0.0
humanSLProfile = rank_5k
humanSLRootExploreProbWeightful = 0.0
humanSLRootExploreProbWeightless = 0.0
ignorePreRootHistory = false
logDir = analysis_logs
logSearchInfo = true
logToStderr = true
maxVisits = 1
nnCacheSizePowerOfTwo = 17
nnMaxBatchSize = 8
nnMutexPoolSizePowerOfTwo = 14
nnRandomize = false
numAnalysisThreads = 1
numSearchThreads = 4
reportAnalysisWinratesAs = BLACK
rootNumSymmetriesToSample = 1
rules = japanese
subtreeValueBiasFactor = 0.0
useLcbForSelection = false
useNoisePruning = false
useUncertainty = false

2025-06-07 00:43:18+0900: Analysis Engine starting...
2025-06-07 00:43:18+0900: KataGo v1.15.3
2025-06-07 00:43:18+0900: nnRandSeed0 = 3583654546241928849
2025-06-07 00:43:18+0900: After dedups: nnModelFile0 = ../../models/kata1-b28c512nbt-s8476434688-d4668249792.bin useFP16 auto useNHWC auto
2025-06-07 00:43:18+0900: Initializing neural net buffer to be size 19 * 19 allowing smaller boards
2025-06-07 00:43:20+0900: Cuda backend thread 0: Found GPU NVIDIA RTX A5000 memory 25425608704 compute capability major 8 minor 6
2025-06-07 00:43:20+0900: Cuda backend thread 0: Model version 15 useFP16 = true useNHWC = true
2025-06-07 00:43:20+0900: Cuda backend thread 0: Model name: kata1-b28c512nbt-s8476434688-d4668249792
2025-06-07 00:43:21+0900: nnRandSeed0 = 281656325842055078
2025-06-07 00:43:21+0900: After dedups: nnModelFile0 = ../../models/b18c384nbt-humanv0.bin.gz useFP16 auto useNHWC auto
2025-06-07 00:43:21+0900: Initializing neural net buffer to be size 19 * 19 allowing smaller boards
2025-06-07 00:43:23+0900: Cuda backend thread 0: Found GPU NVIDIA RTX A5000 memory 25425608704 compute capability major 8 minor 6
2025-06-07 00:43:23+0900: Cuda backend thread 0: Model version 15 useFP16 = true useNHWC = true
2025-06-07 00:43:23+0900: Cuda backend thread 0: Model name: b18c384nbt-humanv0
2025-06-07 00:43:23+0900: --------------
2025-06-07 00:43:23+0900: WARNING: Config had unused keys! You may have a typo, an option you specified is being unused from human5k_pure.cfg
2025-06-07 00:43:23+0900: WARNING: Unused key 'analysisIgnorePreRootHistory' in human5k_pure.cfg
2025-06-07 00:43:23+0900: WARNING: Unused key 'rules' in human5k_pure.cfg
2025-06-07 00:43:23+0900: --------------
2025-06-07 00:43:23+0900: Loaded config human5k_pure.cfg
2025-06-07 00:43:23+0900: Loaded model ../../models/kata1-b28c512nbt-s8476434688-d4668249792.bin
2025-06-07 00:43:23+0900: Analyzing up to 1 positions at a time in parallel
2025-06-07 00:43:23+0900: Started, ready to begin handling requests
2025-06-07 00:43:23+0900: Warning: {"field":"includeMoves","id":"candidate_query","warning":"Unexpected or unused field, do you have a typo? (set warnUnusedFields=false in the config to disable this warning)"}
2025-06-07 00:43:24+0900: MoveNum: 2 HASH: EB5B48764F3CF87F19236A45508C4ACB
   A B C D E F G H J K L M N O P Q R S T
19 . . . . . . . . . . . . . . . . . . .
18 . . . . . . . . . . . . . . . . . . .
17 . . . . . . . . . . . . . . . . . . .
16 . . . . . . . . . . . . . . . O2. . .
15 . . . . . . . . . . . . . . . . . . .
14 . . . . . . . . . . . . . . . . . . .
13 . . . . . . . . . . . . . . . . . . .
12 . . . . . . . . . . . . . . . . . . .
11 . . . . . . . . . . . . . . . . . . .
10 . . . . . . . . . . . . . . . . . . .
 9 . . . . . . . . . . . . . . . . . . .
 8 . . . . . . . . . . . . . . . . . . .
 7 . . . . . . . . . . . . . . . . . . .
 6 . . . . . . . . . . . . . . . . . . .
 5 . . . . . . . . . . . . . . . . . . .
 4 . . . X1. . . . . . . . . . . . . . .
 3 . . . . . . . . . . . . . . . . . . .
 2 . . . . . . . . . . . . . . . . . . .
 1 . . . . . . . . . . . . . . . . . . .

koSIMPLEscoreTERRITORYtaxSEKIsui0komi6.5
Root visits: 53
New playouts: 53
NN rows: 53
NN batches: 28
NN avg batch size: 1.89286
PV: Q4 D16 C14 R3 R4 Q3 P4 O2
Tree:
: T  -6.48c W  -6.36c S  -0.11c ( -0.4 L  -0.4) N      53  --  Q4 D16 C14 R3 R4 Q3 P4
---Black(^)---
Q4  : T  -5.17c W  -5.15c S  -0.01c ( -0.4 L  -0.3) LCB   -9.55c P 27.60% WF  14.1 PSV       9 N      14  --  Q4 D16 C14 R3 R4 Q3 P4 O2
R4  : T  -5.28c W  -5.15c S  -0.13c ( -0.5 L  -0.4) LCB  -10.57c P  3.12% WF  12.1 PSV       6 N      12  --  R4 D16 C6 P3 Q5 M3 C17 D17
Q3  : T  -6.27c W  -6.11c S  -0.17c ( -0.5 L  -0.4) LCB  -80.14c P  1.77% WF   3.0 PSV       3 N       3  --  Q3 D16 C17
R14 : T  -7.40c W  -7.34c S  -0.06c ( -0.4 L  -0.4) LCB  -13.83c P  5.73% WF  11.0 PSV       0 N      11  --  R14 Q4 D16 R15 Q14 O16 Q10 C3
R17 : T  -8.30c W  -8.07c S  -0.23c ( -0.6 L  -0.5) LCB  -13.83c P  8.02% WF  11.9 PSV       0 N      12  --  R17 R16 Q17 P16 O18 D16 Q4

