2025-05-31 19:24:05+0900: Running with following config:
allowResignation = true
analysisIgnorePreRootHistory = false
chosenMovePrune = 0
chosenMoveSubtract = 0
chosenMoveTemperature = 0.70
chosenMoveTemperatureEarly = 0.85
chosenMoveTemperatureHalflife = 80
chosenMoveTemperatureOnlyBelowProb = 0.01
delayMoveMax = 10.0
delayMoveScale = 2.0
dynamicScoreUtilityFactor = 0.00
humanSLChosenMoveIgnorePass = true
humanSLChosenMovePiklLambda = 0.3
humanSLChosenMoveProp = 1.0
humanSLCpuctExploration = 0.50
humanSLCpuctPermanent = 0.2
humanSLOppExploreProbWeightful = 0.0
humanSLOppExploreProbWeightless = 0.0
humanSLPlaExploreProbWeightful = 0.0
humanSLPlaExploreProbWeightless = 0.0
humanSLProfile = preaz_1d
humanSLRootExploreProbWeightful = 0.0
humanSLRootExploreProbWeightless = 0.0
ignorePreRootHistory = false
includeOwnership = false
includePV = false
includePolicy = true
includeScoreMean = true
includeScoreStdev = true
includeUtility = true
lagBuffer = 1.0
logAllGTPCommunication = true
logDir = gtp_logs
logSearchInfo = true
logSearchInfoForChosenMove = false
logToStderr = false
maxVisits = 200
nnCacheSizePowerOfTwo = 17
nnMutexPoolSizePowerOfTwo = 14
numAnalysisThreads = 1
numSearchThreads = 1
reportIncludeHumanPolicy = true
resignConsecTurns = 20
resignMinMovesPerBoardArea = 0.4
resignMinScoreDifference = 40
resignThreshold = -0.99
rootNumSymmetriesToSample = 2
rules = japanese
staticScoreUtilityFactor = 0.30
subtreeValueBiasFactor = 0.0
useLcbForSelection = false
useNoisePruning = false
useUncertainty = false
winLossUtilityFactor = 1.0

2025-05-31 19:24:05+0900: Analysis Engine starting...
2025-05-31 19:24:05+0900: KataGo v1.15.3
2025-05-31 19:24:05+0900: nnRandSeed0 = 11184229986147370705
2025-05-31 19:24:05+0900: After dedups: nnModelFile0 = ../../models/kata1-b28c512nbt-s8476434688-d4668249792.bin useFP16 auto useNHWC auto
