2025-05-14 21:10:38+0900: Running with following config:
humanSLChosenMoveIgnorePass = true
humanSLChosenMovePiklLambda = 100000000
humanSLChosenMoveProp = 1.0
humanSLProfile = rank_3d
includeMovesOwnership = false
includeOwnership = false
includePV = false
includePolicy = true
includeScoreMean = false
includeScoreStdev = false
includeUtility = false
lagBuffer = 1.0
logAllGTPCommunication = false
logDir = logs_humansl
logSearchInfo = false
logToStderr = false
maxBoardSize = 19
maxVisits = 40
numAnalysisThreads = 1
numSearchThreads = 1
rules = japanese

2025-05-14 21:10:38+0900: Analysis Engine starting...
2025-05-14 21:10:38+0900: KataGo v1.15.3
2025-05-14 21:10:38+0900: nnRandSeed0 = 6504695249185692061
2025-05-14 21:10:38+0900: After dedups: nnModelFile0 = ../../models/kata1-b28c512nbt-s8476434688-d4668249792.bin useFP16 auto useNHWC auto
