2025-05-09 16:14:33+0900: Running with following config:
humanSLChosenMoveIgnorePass = true
humanSLChosenMovePiklLambda = 100000000
humanSLChosenMoveProp = 1.0
humanSLProfile = rank_3d
lagBuffer = 1.0
logAllGTPCommunication = true
logDir = logs_humansl
logSearchInfo = true
logToStderr = true
maxVisits = 40
numSearchThreads = 1
rules = japanese

2025-05-09 16:14:33+0900: GTP Engine starting...
2025-05-09 16:14:33+0900: KataGo v1.15.3
2025-05-09 16:14:33+0900: Using Japanese rules initially, unless GTP/GUI overrides this
2025-05-09 16:14:33+0900: Using 1 CPU thread(s) for search
2025-05-09 16:14:33+0900: nnRandSeed0 = 3305098537313173002
2025-05-09 16:14:33+0900: After dedups: nnModelFile0 = ../../models/kata1-b28c512nbt-s8476434688-d4668249792.bin useFP16 auto useNHWC auto
2025-05-09 16:14:33+0900: Initializing neural net buffer to be size 19 * 19 exactly
2025-05-09 16:14:35+0900: Cuda backend thread 0: Found GPU NVIDIA RTX A5000 memory 25425608704 compute capability major 8 minor 6
2025-05-09 16:14:35+0900: Cuda backend thread 0: Model version 15 useFP16 = true useNHWC = true
2025-05-09 16:14:35+0900: Cuda backend thread 0: Model name: kata1-b28c512nbt-s8476434688-d4668249792
2025-05-09 16:14:37+0900: Loaded neural net with nnXLen 19 nnYLen 19
2025-05-09 16:14:37+0900: nnRandSeed0 = 8009892880277513564
2025-05-09 16:14:37+0900: After dedups: nnModelFile0 = ../../models/b18c384nbt-humanv0.bin.gz useFP16 auto useNHWC auto
2025-05-09 16:14:37+0900: Initializing neural net buffer to be size 19 * 19 exactly
2025-05-09 16:14:38+0900: Cuda backend thread 0: Found GPU NVIDIA RTX A5000 memory 25425608704 compute capability major 8 minor 6
2025-05-09 16:14:38+0900: Cuda backend thread 0: Model version 15 useFP16 = true useNHWC = true
2025-05-09 16:14:38+0900: Cuda backend thread 0: Model name: b18c384nbt-humanv0
2025-05-09 16:14:38+0900: Loaded human SL net with nnXLen 19 nnYLen 19
2025-05-09 16:14:38+0900: Initializing board with boardXSize 19 boardYSize 19
2025-05-09 16:14:38+0900: Loaded config human5k_pure.cfg
2025-05-09 16:14:38+0900: Loaded model ../../models/kata1-b28c512nbt-s8476434688-d4668249792.bin
2025-05-09 16:14:38+0900: Loaded human SL model ../../models/b18c384nbt-humanv0.bin.gz
2025-05-09 16:14:38+0900: Model name: kata1-b28c512nbt-s8476434688-d4668249792
2025-05-09 16:14:38+0900: Human SL model name: b18c384nbt-humanv0
2025-05-09 16:14:38+0900: GTP ready, beginning main protocol loop
