2025-05-09 16:14:01+0900: Running with following config:
humanSLChosenMoveIgnorePass = true
humanSLChosenMovePiklLambda = 100000000
humanSLChosenMoveProp = 1.0
humanSLProfile = rank_3d
lagBuffer = 1.0
logAllGTPCommunication = true
logDir = logs_humansl
logSearchInfo = true
logToStderr = true
maxVisits = 40
numSearchThreads = 1
rules = japanese

2025-05-09 16:14:01+0900: GTP Engine starting...
2025-05-09 16:14:01+0900: KataGo v1.15.3
2025-05-09 16:14:01+0900: Using Japanese rules initially, unless GTP/GUI overrides this
2025-05-09 16:14:01+0900: Using 1 CPU thread(s) for search
2025-05-09 16:14:01+0900: nnRandSeed0 = 9471215421177198471
2025-05-09 16:14:01+0900: After dedups: nnModelFile0 = ../../models/kata1-b28c512nbt-s8476434688-d4668249792.bin useFP16 auto useNHWC auto
2025-05-09 16:14:01+0900: Initializing neural net buffer to be size 19 * 19 exactly
2025-05-09 16:14:03+0900: Cuda backend thread 0: Found GPU NVIDIA RTX A5000 memory 25425608704 compute capability major 8 minor 6
2025-05-09 16:14:03+0900: Cuda backend thread 0: Model version 15 useFP16 = true useNHWC = true
2025-05-09 16:14:03+0900: Cuda backend thread 0: Model name: kata1-b28c512nbt-s8476434688-d4668249792
2025-05-09 16:14:05+0900: Loaded neural net with nnXLen 19 nnYLen 19
2025-05-09 16:14:05+0900: nnRandSeed0 = 16123422886767202724
2025-05-09 16:14:05+0900: After dedups: nnModelFile0 = ../../models/b18c384nbt-humanv0.bin useFP16 auto useNHWC auto
2025-05-09 16:14:05+0900: Initializing neural net buffer to be size 19 * 19 exactly
