2025-05-14 21:11:03+0900: Running with following config:
humanSLChosenMoveIgnorePass = true
humanSLChosenMovePiklLambda = 100000000
humanSLChosenMoveProp = 1.0
humanSLProfile = rank_3d
includeMovesOwnership = false
includeOwnership = false
includePV = false
includePolicy = true
includeScoreMean = false
includeScoreStdev = false
includeUtility = false
lagBuffer = 1.0
logAllGTPCommunication = false
logDir = logs_humansl
logSearchInfo = false
logToStderr = false
maxBoardSize = 19
maxVisits = 40
nnMaxBatchSize = 1
numAnalysisThreads = 1
numSearchThreads = 1
rules = japanese

2025-05-14 21:11:03+0900: Analysis Engine starting...
2025-05-14 21:11:03+0900: KataGo v1.15.3
2025-05-14 21:11:03+0900: nnRandSeed0 = 9132703205501692383
2025-05-14 21:11:03+0900: After dedups: nnModelFile0 = ../../models/kata1-b28c512nbt-s8476434688-d4668249792.bin useFP16 auto useNHWC auto
2025-05-14 21:11:03+0900: Initializing neural net buffer to be size 19 * 19 allowing smaller boards
2025-05-14 21:11:05+0900: Cuda backend thread 0: Found GPU NVIDIA RTX A5000 memory 25425608704 compute capability major 8 minor 6
2025-05-14 21:11:05+0900: Cuda backend thread 0: Model version 15 useFP16 = true useNHWC = true
2025-05-14 21:11:05+0900: Cuda backend thread 0: Model name: kata1-b28c512nbt-s8476434688-d4668249792
2025-05-14 21:11:06+0900: nnRandSeed0 = 480383215793945223
2025-05-14 21:11:06+0900: After dedups: nnModelFile0 = ../../models/b18c384nbt-humanv0.bin.gz useFP16 auto useNHWC auto
2025-05-14 21:11:06+0900: Initializing neural net buffer to be size 19 * 19 allowing smaller boards
2025-05-14 21:11:08+0900: Cuda backend thread 0: Found GPU NVIDIA RTX A5000 memory 25425608704 compute capability major 8 minor 6
2025-05-14 21:11:08+0900: Cuda backend thread 0: Model version 15 useFP16 = true useNHWC = true
2025-05-14 21:11:08+0900: Cuda backend thread 0: Model name: b18c384nbt-humanv0
2025-05-14 21:11:08+0900: --------------
2025-05-14 21:11:08+0900: WARNING: Config had unused keys! You may have a typo, an option you specified is being unused from human5k_pure.cfg
2025-05-14 21:11:08+0900: WARNING: Unused key 'includeMovesOwnership' in human5k_pure.cfg
2025-05-14 21:11:08+0900: WARNING: Unused key 'includeOwnership' in human5k_pure.cfg
2025-05-14 21:11:08+0900: WARNING: Unused key 'includePV' in human5k_pure.cfg
2025-05-14 21:11:08+0900: WARNING: Unused key 'includePolicy' in human5k_pure.cfg
2025-05-14 21:11:08+0900: WARNING: Unused key 'includeScoreMean' in human5k_pure.cfg
2025-05-14 21:11:08+0900: WARNING: Unused key 'includeScoreStdev' in human5k_pure.cfg
2025-05-14 21:11:08+0900: WARNING: Unused key 'includeUtility' in human5k_pure.cfg
2025-05-14 21:11:08+0900: WARNING: Unused key 'logAllGTPCommunication' in human5k_pure.cfg
2025-05-14 21:11:08+0900: WARNING: Unused key 'maxBoardSize' in human5k_pure.cfg
2025-05-14 21:11:08+0900: WARNING: Unused key 'rules' in human5k_pure.cfg
2025-05-14 21:11:08+0900: --------------
2025-05-14 21:11:08+0900: Loaded config human5k_pure.cfg
2025-05-14 21:11:08+0900: Loaded model ../../models/kata1-b28c512nbt-s8476434688-d4668249792.bin
2025-05-14 21:11:08+0900: Analyzing up to 1 positions at a time in parallel
2025-05-14 21:11:08+0900: Started, ready to begin handling requests
2025-05-14 21:13:02+0900: Error: {"error":"[json.exception.parse_error.101] parse error at line 1, column 2: syntax error while parsing object key - unexpected end of input; expected string literal - could not parse input line as json request: {"}
2025-05-14 21:13:02+0900: Error: {"error":"[json.exception.parse_error.101] parse error at line 1, column 5: syntax error while parsing value - unexpected ':'; expected end of input - could not parse input line as json request: \"id\": \"humansl-test-001\","}
2025-05-14 21:13:02+0900: Error: {"error":"[json.exception.parse_error.101] parse error at line 1, column 9: syntax error while parsing value - unexpected ':'; expected end of input - could not parse input line as json request: \"action\": \"analyze\","}
2025-05-14 21:13:02+0900: Error: {"error":"[json.exception.parse_error.101] parse error at line 1, column 8: syntax error while parsing value - unexpected ':'; expected end of input - could not parse input line as json request: \"board\": ["}
2025-05-14 21:13:02+0900: Error: {"error":"[json.exception.parse_error.101] parse error at line 1, column 22: syntax error while parsing value - unexpected ','; expected end of input - could not parse input line as json request: \"...................\",\"...................\",\"...................\","}
2025-05-14 21:13:03+0900: Error: {"error":"[json.exception.parse_error.101] parse error at line 1, column 22: syntax error while parsing value - unexpected ','; expected end of input - could not parse input line as json request: \"...................\",\"...................\",\"...................\","}
2025-05-14 21:13:03+0900: Error: {"error":"[json.exception.parse_error.101] parse error at line 1, column 22: syntax error while parsing value - unexpected ','; expected end of input - could not parse input line as json request: \"...................\",\"...................\",\"...................\","}
2025-05-14 21:13:03+0900: Error: {"error":"[json.exception.parse_error.101] parse error at line 1, column 22: syntax error while parsing value - unexpected ','; expected end of input - could not parse input line as json request: \"...................\",\"...................\",\"...................\","}
2025-05-14 21:13:03+0900: Error: {"error":"[json.exception.parse_error.101] parse error at line 1, column 22: syntax error while parsing value - unexpected ','; expected end of input - could not parse input line as json request: \"...................\",\"...................\",\"...................\","}
2025-05-14 21:13:03+0900: Error: {"error":"[json.exception.parse_error.101] parse error at line 1, column 22: syntax error while parsing value - unexpected ','; expected end of input - could not parse input line as json request: \"...................\",\"...................\",\"...................\","}
2025-05-14 21:13:03+0900: Error: {"error":"Request line was valid json but was not an object, ignoring: \"...................\""}
2025-05-14 21:13:03+0900: Error: {"error":"[json.exception.parse_error.101] parse error at line 1, column 1: syntax error while parsing value - unexpected ']'; expected '[', '{', or a literal - could not parse input line as json request: ],"}
2025-05-14 21:13:03+0900: Error: {"error":"[json.exception.parse_error.101] parse error at line 1, column 7: syntax error while parsing value - unexpected ':'; expected end of input - could not parse input line as json request: \"turn\": \"B\","}
2025-05-14 21:13:03+0900: Error: {"error":"[json.exception.parse_error.101] parse error at line 1, column 8: syntax error while parsing value - unexpected ':'; expected end of input - could not parse input line as json request: \"moves\": [],"}
2025-05-14 21:13:03+0900: Error: {"error":"[json.exception.parse_error.101] parse error at line 1, column 8: syntax error while parsing value - unexpected ':'; expected end of input - could not parse input line as json request: \"rules\": \"japanese\""}
