2025-05-09 16:07:28+0900: Running with following config:
humanSLChosenMoveIgnorePass = true
humanSLChosenMovePiklLambda = 100000000
humanSLChosenMoveProp = 1.0
humanSLProfile = rank_3d
lagBuffer = 1.0
logAllGTPCommunication = true
logDir = logs_humansl
logSearchInfo = true
logToStderr = true
maxVisits = 40
numSearchThreads = 1
rules = japanese

2025-05-09 16:07:28+0900: GTP Engine starting...
2025-05-09 16:07:28+0900: KataGo v1.15.3
2025-05-09 16:07:28+0900: Using Japanese rules initially, unless GTP/GUI overrides this
2025-05-09 16:07:28+0900: Using 1 CPU thread(s) for search
2025-05-09 16:07:28+0900: nnRandSeed0 = 13134463802053927391
2025-05-09 16:07:28+0900: After dedups: nnModelFile0 = ../../model/kata1-b28c512nbt-s8476434688-d4668249792.bin useFP16 auto useNHWC auto
2025-05-09 16:07:28+0900: Initializing neural net buffer to be size 19 * 19 exactly
